[3.083s] Invoking command in '/home/user/seek_destroy_ws/build/rosbot_gazebo': PYTHONPATH=/home/user/seek_destroy_ws/build/rosbot_gazebo/prefix_override:/usr/lib/python3/dist-packages/colcon_core/task/python/colcon_distutils_commands:/home/user/seek_destroy_ws/install/rosbot_gazebo/lib/python3.10/site-packages:${PYTHONPATH} _=/usr/bin/env /usr/bin/python3 -W ignore:setup.py install is deprecated -W ignore:easy_install command is deprecated setup.py develop --editable --build-directory /home/user/seek_destroy_ws/build/rosbot_gazebo/build --no-deps symlink_data
[6.685s] running develop
[6.685s] running egg_info
[6.685s] creating rosbot_gazebo.egg-info
[6.686s] writing manifest file 'rosbot_gazebo.egg-info/SOURCES.txt'
[6.686s] writing manifest file 'rosbot_gazebo.egg-info/SOURCES.txt'
[6.686s] running build_ext
[6.686s] running symlink_data
[6.686s] creating /home/user/seek_destroy_ws/install/rosbot_gazebo/share/ament_index
[6.687s] creating /home/user/seek_destroy_ws/install/rosbot_gazebo/share/ament_index/resource_index
[6.687s] creating /home/user/seek_destroy_ws/install/rosbot_gazebo/share/ament_index/resource_index/packages
[6.687s] symbolically linking /home/user/seek_destroy_ws/build/rosbot_gazebo/resource/rosbot_gazebo -> /home/user/seek_destroy_ws/install/rosbot_gazebo/share/ament_index/resource_index/packages
[6.687s] symbolically linking /home/user/seek_destroy_ws/build/rosbot_gazebo/package.xml -> /home/user/seek_destroy_ws/install/rosbot_gazebo/share/rosbot_gazebo
[6.687s] creating /home/user/seek_destroy_ws/install/rosbot_gazebo/share/rosbot_gazebo/launch
[6.688s] symbolically linking /home/user/seek_destroy_ws/build/rosbot_gazebo/launch/simulation.launch.py -> /home/user/seek_destroy_ws/install/rosbot_gazebo/share/rosbot_gazebo/launch
[6.688s] symbolically linking /home/user/seek_destroy_ws/build/rosbot_gazebo/launch/spawn_robot.launch.py -> /home/user/seek_destroy_ws/install/rosbot_gazebo/share/rosbot_gazebo/launch
[6.688s] creating /home/user/seek_destroy_ws/install/rosbot_gazebo/share/rosbot_gazebo/config
[6.688s] symbolically linking /home/user/seek_destroy_ws/build/rosbot_gazebo/config/rosbot_bridge.yaml -> /home/user/seek_destroy_ws/install/rosbot_gazebo/share/rosbot_gazebo/config
[6.688s] symbolically linking /home/user/seek_destroy_ws/build/rosbot_gazebo/config/gz_bridge.yaml -> /home/user/seek_destroy_ws/install/rosbot_gazebo/share/rosbot_gazebo/config
[6.820s] Invoked command in '/home/user/seek_destroy_ws/build/rosbot_gazebo' returned '0': PYTHONPATH=/home/user/seek_destroy_ws/build/rosbot_gazebo/prefix_override:/usr/lib/python3/dist-packages/colcon_core/task/python/colcon_distutils_commands:/home/user/seek_destroy_ws/install/rosbot_gazebo/lib/python3.10/site-packages:${PYTHONPATH} _=/usr/bin/env /usr/bin/python3 -W ignore:setup.py install is deprecated -W ignore:easy_install command is deprecated setup.py develop --editable --build-directory /home/user/seek_destroy_ws/build/rosbot_gazebo/build --no-deps symlink_data
