[35m[1mConsolidate compiler generated dependencies of target rosbot_hardware_interfaces[0m
[100%] Built target rosbot_hardware_interfaces
-- Install configuration: ""
-- Execute custom install script
-- Up-to-date symlink: /home/user/seek_destroy_ws/install/rosbot_hardware_interfaces/share/rosbot_hardware_interfaces//rosbot_hardware_interfaces.xml
-- Up-to-date symlink: /home/user/seek_destroy_ws/install/rosbot_hardware_interfaces/include/rosbot_hardware_interfaces/rosbot_imu_sensor.hpp
-- Up-to-date symlink: /home/user/seek_destroy_ws/install/rosbot_hardware_interfaces/include/rosbot_hardware_interfaces/rosbot_system.hpp
-- Up-to-date symlink: /home/user/seek_destroy_ws/install/rosbot_hardware_interfaces/include/rosbot_hardware_interfaces/visibility_control.hpp
-- Up-to-date symlink: /home/user/seek_destroy_ws/install/rosbot_hardware_interfaces/lib/librosbot_hardware_interfaces.so
-- Up-to-date symlink: /home/user/seek_destroy_ws/install/rosbot_hardware_interfaces/share/rosbot_hardware_interfaces/environment/library_path.sh
-- Up-to-date symlink: /home/user/seek_destroy_ws/install/rosbot_hardware_interfaces/share/rosbot_hardware_interfaces/environment/library_path.dsv
-- Up-to-date symlink: /home/user/seek_destroy_ws/install/rosbot_hardware_interfaces/share/ament_index/resource_index/package_run_dependencies/rosbot_hardware_interfaces
-- Up-to-date symlink: /home/user/seek_destroy_ws/install/rosbot_hardware_interfaces/share/ament_index/resource_index/parent_prefix_path/rosbot_hardware_interfaces
-- Up-to-date symlink: /home/user/seek_destroy_ws/install/rosbot_hardware_interfaces/share/rosbot_hardware_interfaces/environment/ament_prefix_path.sh
-- Up-to-date symlink: /home/user/seek_destroy_ws/install/rosbot_hardware_interfaces/share/rosbot_hardware_interfaces/environment/ament_prefix_path.dsv
-- Up-to-date symlink: /home/user/seek_destroy_ws/install/rosbot_hardware_interfaces/share/rosbot_hardware_interfaces/environment/path.sh
-- Up-to-date symlink: /home/user/seek_destroy_ws/install/rosbot_hardware_interfaces/share/rosbot_hardware_interfaces/environment/path.dsv
-- Up-to-date symlink: /home/user/seek_destroy_ws/install/rosbot_hardware_interfaces/share/rosbot_hardware_interfaces/local_setup.bash
-- Up-to-date symlink: /home/user/seek_destroy_ws/install/rosbot_hardware_interfaces/share/rosbot_hardware_interfaces/local_setup.sh
-- Up-to-date symlink: /home/user/seek_destroy_ws/install/rosbot_hardware_interfaces/share/rosbot_hardware_interfaces/local_setup.zsh
-- Up-to-date symlink: /home/user/seek_destroy_ws/install/rosbot_hardware_interfaces/share/rosbot_hardware_interfaces/local_setup.dsv
-- Symlinking: /home/user/seek_destroy_ws/install/rosbot_hardware_interfaces/share/rosbot_hardware_interfaces/package.dsv
-- Up-to-date symlink: /home/user/seek_destroy_ws/install/rosbot_hardware_interfaces/share/ament_index/resource_index/packages/rosbot_hardware_interfaces
-- Up-to-date symlink: /home/user/seek_destroy_ws/install/rosbot_hardware_interfaces/share/ament_index/resource_index/hardware_interface__pluginlib__plugin/rosbot_hardware_interfaces
-- Up-to-date symlink: /home/user/seek_destroy_ws/install/rosbot_hardware_interfaces/share/rosbot_hardware_interfaces/cmake/ament_cmake_export_include_directories-extras.cmake
-- Up-to-date symlink: /home/user/seek_destroy_ws/install/rosbot_hardware_interfaces/share/rosbot_hardware_interfaces/cmake/ament_cmake_export_libraries-extras.cmake
-- Up-to-date symlink: /home/user/seek_destroy_ws/install/rosbot_hardware_interfaces/share/rosbot_hardware_interfaces/cmake/ament_cmake_export_dependencies-extras.cmake
-- Up-to-date symlink: /home/user/seek_destroy_ws/install/rosbot_hardware_interfaces/share/rosbot_hardware_interfaces/cmake/rosbot_hardware_interfacesConfig.cmake
-- Up-to-date symlink: /home/user/seek_destroy_ws/install/rosbot_hardware_interfaces/share/rosbot_hardware_interfaces/cmake/rosbot_hardware_interfacesConfig-version.cmake
-- Up-to-date symlink: /home/user/seek_destroy_ws/install/rosbot_hardware_interfaces/share/rosbot_hardware_interfaces/package.xml
