-- The C compiler identification is GNU 11.4.0
-- The CXX compiler identification is GNU 11.4.0
-- Detecting C compiler ABI info
-- Detecting C compiler ABI info - done
-- Check for working C compiler: /usr/bin/cc - skipped
-- Detecting C compile features
-- Detecting C compile features - done
-- Detecting CXX compiler ABI info
-- Detecting CXX compiler ABI info - done
-- Check for working CXX compiler: /usr/bin/c++ - skipped
-- Detecting CXX compile features
-- Detecting CXX compile features - done
-- Found ament_cmake: 1.3.12 (/opt/ros/humble/share/ament_cmake/cmake)
-- Found Python3: /usr/bin/python3 (found version "3.10.12") found components: Interpreter 
-- Override CMake install command with custom implementation using symlinks instead of copying resources
-- Found rclcpp: 16.0.16 (/opt/ros/humble/share/rclcpp/cmake)
-- Found rosidl_generator_c: 3.1.7 (/opt/ros/humble/share/rosidl_generator_c/cmake)
-- Found rosidl_adapter: 3.1.7 (/opt/ros/humble/share/rosidl_adapter/cmake)
-- Found rosidl_generator_cpp: 3.1.7 (/opt/ros/humble/share/rosidl_generator_cpp/cmake)
-- Using all available rosidl_typesupport_c: rosidl_typesupport_fastrtps_c;rosidl_typesupport_introspection_c
-- Using all available rosidl_typesupport_cpp: rosidl_typesupport_fastrtps_cpp;rosidl_typesupport_introspection_cpp
-- Found rmw_implementation_cmake: 6.1.2 (/opt/ros/humble/share/rmw_implementation_cmake/cmake)
-- Found rmw_fastrtps_cpp: 6.2.9 (/opt/ros/humble/share/rmw_fastrtps_cpp/cmake)
-- Found OpenSSL: /usr/lib/x86_64-linux-gnu/libcrypto.so (found version "3.0.2")  
-- Found FastRTPS: /opt/ros/humble/include  
-- Using RMW implementation 'rmw_fastrtps_cpp' as default
-- Looking for pthread.h
-- Looking for pthread.h - found
-- Performing Test CMAKE_HAVE_LIBC_PTHREAD
-- Performing Test CMAKE_HAVE_LIBC_PTHREAD - Success
-- Found Threads: TRUE  
-- Found geometry_msgs: 4.9.0 (/opt/ros/humble/share/geometry_msgs/cmake)
-- Found image_geometry: 3.2.1 (/opt/ros/humble/share/image_geometry/cmake)
-- Found map_msgs: 2.1.0 (/opt/ros/humble/share/map_msgs/cmake)
-- Found tf2_geometry_msgs: 0.25.17 (/opt/ros/humble/share/tf2_geometry_msgs/cmake)
-- Found eigen3_cmake_module: 0.1.1 (/opt/ros/humble/share/eigen3_cmake_module/cmake)
-- Found Eigen3: TRUE (found version "3.4.0") 
-- Ensuring Eigen3 include directory is part of orocos-kdl CMake target
-- Found Boost: /usr/lib/x86_64-linux-gnu/cmake/Boost-1.74.0/BoostConfig.cmake (found version "1.74.0") found components: thread 
-- Found OpenCV: /usr (found version "4.5.4") 
-- Found ament_lint_auto: 0.12.14 (/opt/ros/humble/share/ament_lint_auto/cmake)
-- Found ament_cmake_gtest: 1.3.12 (/opt/ros/humble/share/ament_cmake_gtest/cmake)
--2026-03-31 11:27:51--  https://raw.githubusercontent.com/hrnr/m-explore-extra/master/map_merge/hector_maps/map00.pgm
Resolving raw.githubusercontent.com (raw.githubusercontent.com)... 185.199.109.133, 185.199.110.133, 185.199.111.133, ...
Connecting to raw.githubusercontent.com (raw.githubusercontent.com)|185.199.109.133|:443... connected.
HTTP request sent, awaiting response... 200 OK
Length: 4194362 (4.0M) [application/octet-stream]
Saving to: '/home/user/seek_destroy_ws/build/multirobot_map_merge/map00.pgm'

     0K .......... .......... .......... .......... ..........  1% 35.2M 0s
    50K .......... .......... .......... .......... ..........  2% 70.1M 0s
   100K .......... .......... .......... .......... ..........  3% 96.5M 0s
   150K .......... .......... .......... .......... ..........  4% 37.1M 0s
   200K .......... .......... .......... .......... ..........  6% 44.3M 0s
   250K .......... .......... .......... .......... ..........  7% 42.1M 0s
   300K .......... .......... .......... .......... ..........  8%  185M 0s
   350K .......... .......... .......... .......... ..........  9% 39.3M 0s
   400K .......... .......... .......... .......... .......... 10% 51.7M 0s
   450K .......... .......... .......... .......... .......... 12% 68.1M 0s
   500K .......... .......... .......... .......... .......... 13% 47.9M 0s
   550K .......... .......... .......... .......... .......... 14%  169M 0s
   600K .......... .......... .......... .......... .......... 15%  113M 0s
   650K .......... .......... .......... .......... .......... 17% 40.2M 0s
   700K .......... .......... .......... .......... .......... 18% 31.2M 0s
   750K .......... .......... .......... .......... .......... 19% 37.3M 0s
   800K .......... .......... .......... .......... .......... 20% 38.7M 0s
   850K .......... .......... .......... .......... .......... 21% 44.1M 0s
   900K .......... .......... .......... .......... .......... 23% 9.39M 0s
   950K .......... .......... .......... .......... .......... 24%  141M 0s
  1000K .......... .......... .......... .......... .......... 25%  201M 0s
  1050K .......... .......... .......... .......... .......... 26%  146M 0s
  1100K .......... .......... .......... .......... .......... 28%  170M 0s
  1150K .......... .......... .......... .......... .......... 29% 98.1M 0s
  1200K .......... .......... .......... .......... .......... 30%  182M 0s
  1250K .......... .......... .......... .......... .......... 31%  113M 0s
  1300K .......... .......... .......... .......... .......... 32% 60.0M 0s
  1350K .......... .......... .......... .......... .......... 34% 19.4M 0s
  1400K .......... .......... .......... .......... .......... 35% 31.2M 0s
  1450K .......... .......... .......... .......... .......... 36% 33.2M 0s
  1500K .......... .......... .......... .......... .......... 37% 18.0M 0s
  1550K .......... .......... .......... .......... .......... 39% 41.3M 0s
  1600K .......... .......... .......... .......... .......... 40% 43.0M 0s
  1650K .......... .......... .......... .......... .......... 41% 45.0M 0s
  1700K .......... .......... .......... .......... .......... 42% 32.4M 0s
  1750K .......... .......... .......... .......... .......... 43% 45.8M 0s
  1800K .......... .......... .......... .......... .......... 45% 40.6M 0s
  1850K .......... .......... .......... .......... .......... 46% 35.7M 0s
  1900K .......... .......... .......... .......... .......... 47% 7.14M 0s
  1950K .......... .......... .......... .......... .......... 48% 39.8M 0s
  2000K .......... .......... .......... .......... .......... 50% 37.0M 0s
  2050K .......... .......... .......... .......... .......... 51% 7.16M 0s
  2100K .......... .......... .......... .......... .......... 52% 31.2M 0s
  2150K .......... .......... .......... .......... .......... 53% 46.1M 0s
  2200K .......... .......... .......... .......... .......... 54% 59.5M 0s
  2250K .......... .......... .......... .......... .......... 56% 41.6M 0s
  2300K .......... .......... .......... .......... .......... 57% 50.6M 0s
  2350K .......... .......... .......... .......... .......... 58% 42.3M 0s
  2400K .......... .......... .......... .......... .......... 59% 65.9M 0s
  2450K .......... .......... .......... .......... .......... 61%  174M 0s
  2500K .......... .......... .......... .......... .......... 62%  169M 0s
  2550K .......... .......... .......... .......... .......... 63%  197M 0s
  2600K .......... .......... .......... .......... .......... 64% 98.7M 0s
  2650K .......... .......... .......... .......... .......... 65% 68.2M 0s
  2700K .......... .......... .......... .......... .......... 67%  176M 0s
  2750K .......... .......... .......... .......... .......... 68% 33.2M 0s
  2800K .......... .......... .......... .......... .......... 69% 10.0M 0s
  2850K .......... .......... .......... .......... .......... 70% 52.3M 0s
  2900K .......... .......... .......... .......... .......... 72% 21.6M 0s
  2950K .......... .......... .......... .......... .......... 73% 47.3M 0s
  3000K .......... .......... .......... .......... .......... 74% 55.0M 0s
  3050K .......... .......... .......... .......... .......... 75%  105M 0s
  3100K .......... .......... .......... .......... .......... 76% 91.3M 0s
  3150K .......... .......... .......... .......... .......... 78%  185M 0s
  3200K .......... .......... .......... .......... .......... 79%  181M 0s
  3250K .......... .......... .......... .......... .......... 80%  219M 0s
  3300K .......... .......... .......... .......... .......... 81% 34.3M 0s
  3350K .......... .......... .......... .......... .......... 83%  126M 0s
  3400K .......... .......... .......... .......... .......... 84%  167M 0s
  3450K .......... .......... .......... .......... .......... 85%  191M 0s
  3500K .......... .......... .......... .......... .......... 86%  188M 0s
Checking MD5 sum of /home/user/seek_destroy_ws/build/multirobot_map_merge/map00.pgm
  3550K .......... .......... .......... .......... .......... 87%  161M 0s
  3600K .......... .......... .......... .......... .......... 89%  160M 0s
  3650K .......... .......... .......... .......... .......... 90%  249M 0s
  3700K .......... .......... .......... .......... .......... 91%  238M 0s
  3750K .......... .......... .......... .......... .......... 92%  253M 0s
  3800K .......... .......... .......... .......... .......... 93%  216M 0s
  3850K .......... .......... .......... .......... .......... 95%  251M 0s
  3900K .......... .......... .......... .......... .......... 96%  244M 0s
  3950K .......... .......... .......... .......... .......... 97%  180M 0s
  4000K .......... .......... .......... .......... .......... 98%  161M 0s
  4050K .......... .......... .......... .......... ......    100%  229M=0.09s

2026-03-31 11:27:51 (45.9 MB/s) - '/home/user/seek_destroy_ws/build/multirobot_map_merge/map00.pgm' saved [4194362/4194362]

/home/user/seek_destroy_ws/build/multirobot_map_merge/map00.pgm: OK
--2026-03-31 11:27:51--  https://raw.githubusercontent.com/hrnr/m-explore-extra/master/map_merge/hector_maps/map05.pgm
Resolving raw.githubusercontent.com (raw.githubusercontent.com)... 185.199.108.133, 185.199.111.133, 185.199.110.133, ...
Connecting to raw.githubusercontent.com (raw.githubusercontent.com)|185.199.108.133|:443... connected.
HTTP request sent, awaiting response... 200 OK
Length: 4194362 (4.0M) [application/octet-stream]
Saving to: '/home/user/seek_destroy_ws/build/multirobot_map_merge/map05.pgm'

     0K .......... .......... .......... .......... ..........  1% 47.8M 0s
    50K .......... .......... .......... .......... ..........  2%  159M 0s
   100K .......... .......... .......... .......... ..........  3% 38.9M 0s
   150K .......... .......... .......... .......... ..........  4%  127M 0s
   200K .......... .......... .......... .......... ..........  6%  135M 0s
   250K .......... .......... .......... .......... ..........  7%  130M 0s
   300K .......... .......... .......... .......... ..........  8%  163M 0s
   350K .......... .......... .......... .......... ..........  9% 55.9M 0s
   400K .......... .......... .......... .......... .......... 10% 36.9M 0s
   450K .......... .......... .......... .......... .......... 12% 26.7M 0s
   500K .......... .......... .......... .......... .......... 13%  160M 0s
   550K .......... .......... .......... .......... .......... 14%  145M 0s
   600K .......... .......... .......... .......... .......... 15%  144M 0s
   650K .......... .......... .......... .......... .......... 17%  185M 0s
   700K .......... .......... .......... .......... .......... 18%  130M 0s
   750K .......... .......... .......... .......... .......... 19%  216M 0s
   800K .......... .......... .......... .......... .......... 20%  222M 0s
   850K .......... .......... .......... .......... .......... 21%  190M 0s
   900K .......... .......... .......... .......... .......... 23%  198M 0s
   950K .......... .......... .......... .......... .......... 24%  225M 0s
  1000K .......... .......... .......... .......... .......... 25%  190M 0s
  1050K .......... .......... .......... .......... .......... 26%  183M 0s
  1100K .......... .......... .......... .......... .......... 28% 56.2M 0s
  1150K .......... .......... .......... .......... .......... 29% 35.8M 0s
  1200K .......... .......... .......... .......... .......... 30% 60.0M 0s
  1250K .......... .......... .......... .......... .......... 31% 82.9M 0s
  1300K .......... .......... .......... .......... .......... 32%  140M 0s
  1350K .......... .......... .......... .......... .......... 34% 82.8M 0s
  1400K .......... .......... .......... .......... .......... 35% 69.5M 0s
  1450K .......... .......... .......... .......... .......... 36%  141M 0s
  1500K .......... .......... .......... .......... .......... 37%  131M 0s
  1550K .......... .......... .......... .......... .......... 39%  199M 0s
  1600K .......... .......... .......... .......... .......... 40%  152M 0s
  1650K .......... .......... .......... .......... .......... 41%  176M 0s
  1700K .......... .......... .......... .......... .......... 42%  165M 0s
  1750K .......... .......... .......... .......... .......... 43%  233M 0s
  1800K .......... .......... .......... .......... .......... 45%  201M 0s
  1850K .......... .......... .......... .......... .......... 46%  198M 0s
  1900K .......... .......... .......... .......... .......... 47% 85.1M 0s
  1950K .......... .......... .......... .......... .......... 48% 71.6M 0s
  2000K .......... .......... .......... .......... .......... 50% 81.9M 0s
  2050K .......... .......... .......... .......... .......... 51% 54.2M 0s
  2100K .......... .......... .......... .......... .......... 52% 46.3M 0s
  2150K .......... .......... .......... .......... .......... 53% 43.3M 0s
  2200K .......... .......... .......... .......... .......... 54% 50.9M 0s
  2250K .......... .......... .......... .......... .......... 56% 51.2M 0s
  2300K .......... .......... .......... .......... .......... 57% 42.6M 0s
  2350K .......... .......... .......... .......... .......... 58% 31.9M 0s
  2400K .......... .......... .......... .......... .......... 59% 51.7M 0s
  2450K .......... .......... .......... .......... .......... 61% 52.1M 0s
  2500K .......... .......... .......... .......... .......... 62% 40.8M 0s
  2550K .......... .......... .......... .......... .......... 63% 49.2M 0s
  2600K .......... .......... .......... .......... .......... 64% 54.4M 0s
  2650K .......... .......... .......... .......... .......... 65% 54.0M 0s
  2700K .......... .......... .......... .......... .......... 67% 58.9M 0s
  2750K .......... .......... .......... .......... .......... 68% 25.4M 0s
  2800K .......... .......... .......... .......... .......... 69%  153M 0s
  2850K .......... .......... .......... .......... .......... 70%  198M 0s
  2900K .......... .......... .......... .......... .......... 72%  199M 0s
  2950K .......... .......... .......... .......... .......... 73%  188M 0s
  3000K .......... .......... .......... .......... .......... 74%  185M 0s
  3050K .......... .......... .......... .......... .......... 75%  199M 0s
  3100K .......... .......... .......... .......... .......... 76%  182M 0s
  3150K .......... .......... .......... .......... .......... 78%  186M 0s
  3200K .......... .......... .......... .......... .......... 79% 63.7M 0s
  3250K .......... .......... .......... .......... .......... 80% 39.4M 0s
  3300K .......... .......... .......... .......... .......... 81% 50.5M 0s
  3350K .......... .......... .......... .......... .......... 83% 55.1M 0s
  3400K .......... .......... .......... .......... .......... 84% 40.8M 0s
  3450K .......... .......... .......... .......... .......... 85% 58.4M 0s
  3500K .......... .......... .......... .......... .......... 86% 43.5M 0s
  3550K .......... .......... .......... .......... .......... 87% 31.8M 0s
  3600K .......... .......... .......... .......... .......... 89% 40.5M 0s
  3650K .......... .......... .......... .......... .......... 90% 28.2M 0s
  3700K .......... .......... .......... .......... .......... 91% 41.1M 0s
  3750K .......... .......... .......... .......... .......... 92% 48.8M 0s
  3800K .......... .......... .......... .......... .......... 93%  153M 0s
  3850K .......... .......... .......... .......... .......... 95%  189M 0s
  3900K .......... .......... .......... .......... .......... 96%  144M 0s
  3950K .......... .......... .......... .......... .......... 97%  210M 0s
  4000K .......... .......... .......... .......... .......... 98%  206M 0s
  4050K .......... .......... .......... .......... ......    100%  185M=0.05s

2026-03-31 11:27:52 (73.1 MB/s) - '/home/user/seek_destroy_ws/build/multirobot_map_merge/map05.pgm' saved [4194362/4194362]

Checking MD5 sum of /home/user/seek_destroy_ws/build/multirobot_map_merge/map05.pgm
/home/user/seek_destroy_ws/build/multirobot_map_merge/map05.pgm: OK
--2026-03-31 11:27:52--  https://raw.githubusercontent.com/hrnr/m-explore-extra/master/map_merge/gmapping_maps/2011-08-09-12-22-52.pgm
Resolving raw.githubusercontent.com (raw.githubusercontent.com)... 185.199.108.133, 185.199.111.133, 185.199.110.133, ...
Connecting to raw.githubusercontent.com (raw.githubusercontent.com)|185.199.108.133|:443... connected.
HTTP request sent, awaiting response... 200 OK
Length: 16000058 (15M) [application/octet-stream]
Saving to: '/home/user/seek_destroy_ws/build/multirobot_map_merge/2011-08-09-12-22-52.pgm'

     0K .......... .......... .......... .......... ..........  0% 50.2M 0s
    50K .......... .......... .......... .......... ..........  0% 57.6M 0s
   100K .......... .......... .......... .......... ..........  0% 14.5M 1s
   150K .......... .......... .......... .......... ..........  1% 8.42M 1s
   200K .......... .......... .......... .......... ..........  1% 12.8M 1s
   250K .......... .......... .......... .......... ..........  1% 17.5M 1s
   300K .......... .......... .......... .......... ..........  2%  100M 1s
   350K .......... .......... .......... .......... ..........  2% 17.8M 1s
   400K .......... .......... .......... .......... ..........  2% 43.1M 1s
   450K .......... .......... .......... .......... ..........  3% 33.8M 1s
   500K .......... .......... .......... .......... ..........  3% 26.3M 1s
   550K .......... .......... .......... .......... ..........  3% 36.3M 1s
   600K .......... .......... .......... .......... ..........  4% 59.2M 1s
   650K .......... .......... .......... .......... ..........  4% 87.6M 1s
   700K .......... .......... .......... .......... ..........  4% 32.2M 1s
   750K .......... .......... .......... .......... ..........  5% 87.5M 1s
   800K .......... .......... .......... .......... ..........  5%  104M 1s
   850K .......... .......... .......... .......... ..........  5% 61.2M 1s
   900K .......... .......... .......... .......... ..........  6% 69.6M 0s
   950K .......... .......... .......... .......... ..........  6%  207M 0s
  1000K .......... .......... .......... .......... ..........  6% 51.1M 0s
  1050K .......... .......... .......... .......... ..........  7%  111M 0s
  1100K .......... .......... .......... .......... ..........  7%  150M 0s
  1150K .......... .......... .......... .......... ..........  7%  203M 0s
  1200K .......... .......... .......... .......... ..........  7% 80.2M 0s
  1250K .......... .......... .......... .......... ..........  8%  139M 0s
  1300K .......... .......... .......... .......... ..........  8%  168M 0s
  1350K .......... .......... .......... .......... ..........  8%  111M 0s
  1400K .......... .......... .......... .......... ..........  9% 94.0M 0s
  1450K .......... .......... .......... .......... ..........  9% 51.6M 0s
  1500K .......... .......... .......... .......... ..........  9%  223M 0s
  1550K .......... .......... .......... .......... .......... 10%  168M 0s
  1600K .......... .......... .......... .......... .......... 10%  218M 0s
  1650K .......... .......... .......... .......... .......... 10%  123M 0s
  1700K .......... .......... .......... .......... .......... 11%  119M 0s
  1750K .......... .......... .......... .......... .......... 11%  136M 0s
  1800K .......... .......... .......... .......... .......... 11%  114M 0s
  1850K .......... .......... .......... .......... .......... 12%  198M 0s
  1900K .......... .......... .......... .......... .......... 12% 24.2M 0s
  1950K .......... .......... .......... .......... .......... 12%  104M 0s
  2000K .......... .......... .......... .......... .......... 13% 80.3M 0s
  2050K .......... .......... .......... .......... .......... 13% 76.1M 0s
  2100K .......... .......... .......... .......... .......... 13% 57.3M 0s
  2150K .......... .......... .......... .......... .......... 14% 36.2M 0s
  2200K .......... .......... .......... .......... .......... 14% 33.7M 0s
  2250K .......... .......... .......... .......... .......... 14%  148M 0s
  2300K .......... .......... .......... .......... .......... 15%  159M 0s
  2350K .......... .......... .......... .......... .......... 15% 95.0M 0s
  2400K .......... .......... .......... .......... .......... 15% 94.2M 0s
  2450K .......... .......... .......... .......... .......... 15% 14.1M 0s
  2500K .......... .......... .......... .......... .......... 16% 55.9M 0s
  2550K .......... .......... .......... .......... .......... 16% 44.7M 0s
  2600K .......... .......... .......... .......... .......... 16% 84.2M 0s
  2650K .......... .......... .......... .......... .......... 17% 69.6M 0s
  2700K .......... .......... .......... .......... .......... 17% 97.6M 0s
  2750K .......... .......... .......... .......... .......... 17%  164M 0s
  2800K .......... .......... .......... .......... .......... 18%  111M 0s
  2850K .......... .......... .......... .......... .......... 18%  119M 0s
  2900K .......... .......... .......... .......... .......... 18%  110M 0s
  2950K .......... .......... .......... .......... .......... 19%  178M 0s
  3000K .......... .......... .......... .......... .......... 19%  170M 0s
  3050K .......... .......... .......... .......... .......... 19% 93.0M 0s
  3100K .......... .......... .......... .......... .......... 20%  168M 0s
  3150K .......... .......... .......... .......... .......... 20% 91.1M 0s
  3200K .......... .......... .......... .......... .......... 20%  122M 0s
  3250K .......... .......... .......... .......... .......... 21% 17.6M 0s
  3300K .......... .......... .......... .......... .......... 21% 37.6M 0s
  3350K .......... .......... .......... .......... .......... 21% 33.3M 0s
  3400K .......... .......... .......... .......... .......... 22% 13.9M 0s
  3450K .......... .......... .......... .......... .......... 22% 45.2M 0s
  3500K .......... .......... .......... .......... .......... 22% 42.0M 0s
  3550K .......... .......... .......... .......... .......... 23% 41.3M 0s
  3600K .......... .......... .......... .......... .......... 23% 39.0M 0s
  3650K .......... .......... .......... .......... .......... 23% 39.8M 0s
  3700K .......... .......... .......... .......... .......... 23% 38.5M 0s
  3750K .......... .......... .......... .......... .......... 24% 38.8M 0s
  3800K .......... .......... .......... .......... .......... 24% 33.3M 0s
  3850K .......... .......... .......... .......... .......... 24% 9.22M 0s
  3900K .......... .......... .......... .......... .......... 25% 9.90M 0s
  3950K .......... .......... .......... .......... .......... 25% 34.0M 0s
  4000K .......... .......... .......... .......... .......... 25% 33.2M 0s
  4050K .......... .......... .......... .......... .......... 26% 58.6M 0s
  4100K .......... .......... .......... .......... .......... 26%  129M 0s
  4150K .......... .......... .......... .......... .......... 26% 31.8M 0s
  4200K .......... .......... .......... .......... .......... 27% 47.0M 0s
  4250K .......... .......... .......... .......... .......... 27% 60.5M 0s
  4300K .......... .......... .......... .......... .......... 27% 79.3M 0s
  4350K .......... .......... .......... .......... .......... 28% 73.4M 0s
  4400K .......... .......... .......... .......... .......... 28% 95.9M 0s
  4450K .......... .......... .......... .......... .......... 28%  193M 0s
  4500K .......... .......... .......... .......... .......... 29%  209M 0s
  4550K .......... .......... .......... .......... .......... 29%  199M 0s
  4600K .......... .......... .......... .......... .......... 29% 79.9M 0s
  4650K .......... .......... .......... .......... .......... 30% 10.7M 0s
  4700K .......... .......... .......... .......... .......... 30%  162M 0s
  4750K .......... .......... .......... .......... .......... 30%  161M 0s
  4800K .......... .......... .......... .......... .......... 31%  122M 0s
  4850K .......... .......... .......... .......... .......... 31%  196M 0s
  4900K .......... .......... .......... .......... .......... 31%  180M 0s
  4950K .......... .......... .......... .......... .......... 31%  156M 0s
  5000K .......... .......... .......... .......... .......... 32%  157M 0s
  5050K .......... .......... .......... .......... .......... 32%  151M 0s
  5100K .......... .......... .......... .......... .......... 32%  164M 0s
  5150K .......... .......... .......... .......... .......... 33%  151M 0s
  5200K .......... .......... .......... .......... .......... 33%  156M 0s
  5250K .......... .......... .......... .......... .......... 33%  104M 0s
  5300K .......... .......... .......... .......... .......... 34%  138M 0s
  5350K .......... .......... .......... .......... .......... 34% 96.4M 0s
  5400K .......... .......... .......... .......... .......... 34%  126M 0s
  5450K .......... .......... .......... .......... .......... 35%  222M 0s
  5500K .......... .......... .......... .......... .......... 35%  270M 0s
  5550K .......... .......... .......... .......... .......... 35%  260M 0s
  5600K .......... .......... .......... .......... .......... 36%  167M 0s
  5650K .......... .......... .......... .......... .......... 36%  157M 0s
  5700K .......... .......... .......... .......... .......... 36%  208M 0s
  5750K .......... .......... .......... .......... .......... 37%  243M 0s
  5800K .......... .......... .......... .......... .......... 37%  132M 0s
  5850K .......... .......... .......... .......... .......... 37% 72.5M 0s
  5900K .......... .......... .......... .......... .......... 38%  168M 0s
  5950K .......... .......... .......... .......... .......... 38%  159M 0s
  6000K .......... .......... .......... .......... .......... 38% 73.6M 0s
  6050K .......... .......... .......... .......... .......... 39%  157M 0s
  6100K .......... .......... .......... .......... .......... 39%  241M 0s
  6150K .......... .......... .......... .......... .......... 39%  197M 0s
  6200K .......... .......... .......... .......... .......... 39%  150M 0s
  6250K .......... .......... .......... .......... .......... 40%  187M 0s
  6300K .......... .......... .......... .......... .......... 40%  163M 0s
  6350K .......... .......... .......... .......... .......... 40%  254M 0s
  6400K .......... .......... .......... .......... .......... 41%  186M 0s
  6450K .......... .......... .......... .......... .......... 41%  228M 0s
  6500K .......... .......... .......... .......... .......... 41%  152M 0s
  6550K .......... .......... .......... .......... .......... 42%  228M 0s
  6600K .......... .......... .......... .......... .......... 42%  237M 0s
  6650K .......... .......... .......... .......... .......... 42%  153M 0s
  6700K .......... .......... .......... .......... .......... 43%  162M 0s
  6750K .......... .......... .......... .......... .......... 43%  269M 0s
  6800K .......... .......... .......... .......... .......... 43%  188M 0s
  6850K .......... .......... .......... .......... .......... 44%  167M 0s
  6900K .......... .......... .......... .......... .......... 44%  175M 0s
  6950K .......... .......... .......... .......... .......... 44%  236M 0s
  7000K .......... .......... .......... .......... .......... 45%  142M 0s
  7050K .......... .......... .......... .......... .......... 45%  200M 0s
  7100K .......... .......... .......... .......... .......... 45%  200M 0s
  7150K .......... .......... .......... .......... .......... 46%  220M 0s
  7200K .......... .......... .......... .......... .......... 46%  226M 0s
  7250K .......... .......... .......... .......... .......... 46%  256M 0s
  7300K .......... .......... .......... .......... .......... 47%  156M 0s
  7350K .......... .......... .......... .......... .......... 47%  176M 0s
  7400K .......... .......... .......... .......... .......... 47%  212M 0s
  7450K .......... .......... .......... .......... .......... 47%  194M 0s
  7500K .......... .......... .......... .......... .......... 48%  253M 0s
  7550K .......... .......... .......... .......... .......... 48%  233M 0s
  7600K .......... .......... .......... .......... .......... 48%  188M 0s
  7650K .......... .......... .......... .......... .......... 49%  215M 0s
  7700K .......... .......... .......... .......... .......... 49%  186M 0s
  7750K .......... .......... .......... .......... .......... 49%  199M 0s
  7800K .......... .......... .......... .......... .......... 50%  190M 0s
  7850K .......... .......... .......... .......... .......... 50%  224M 0s
  7900K .......... .......... .......... .......... .......... 50%  256M 0s
  7950K .......... .......... .......... .......... .......... 51%  232M 0s
  8000K .......... .......... .......... .......... .......... 51%  148M 0s
  8050K .......... .......... .......... .......... .......... 51% 96.8M 0s
  8100K .......... .......... .......... .......... .......... 52% 98.2M 0s
  8150K .......... .......... .......... .......... .......... 52% 68.0M 0s
  8200K .......... .......... .......... .......... .......... 52% 35.3M 0s
  8250K .......... .......... .......... .......... .......... 53% 42.2M 0s
  8300K .......... .......... .......... .......... .......... 53% 43.7M 0s
  8350K .......... .......... .......... .......... .......... 53% 3.48M 0s
  8400K .......... .......... .......... .......... .......... 54% 44.0M 0s
  8450K .......... .......... .......... .......... .......... 54% 33.0M 0s
  8500K .......... .......... .......... .......... .......... 54% 33.8M 0s
  8550K .......... .......... .......... .......... .......... 55% 11.2M 0s
  8600K .......... .......... .......... .......... .......... 55% 38.5M 0s
  8650K .......... .......... .......... .......... .......... 55%  168M 0s
  8700K .......... .......... .......... .......... .......... 55%  172M 0s
  8750K .......... .......... .......... .......... .......... 56%  191M 0s
  8800K .......... .......... .......... .......... .......... 56% 56.6M 0s
  8850K .......... .......... .......... .......... .......... 56%  165M 0s
  8900K .......... .......... .......... .......... .......... 57%  169M 0s
  8950K .......... .......... .......... .......... .......... 57%  145M 0s
  9000K .......... .......... .......... .......... .......... 57% 98.3M 0s
  9050K .......... .......... .......... .......... .......... 58%  118M 0s
  9100K .......... .......... .......... .......... .......... 58%  143M 0s
  9150K .......... .......... .......... .......... .......... 58%  162M 0s
  9200K .......... .......... .......... .......... .......... 59% 94.6M 0s
  9250K .......... .......... .......... .......... .......... 59%  135M 0s
  9300K .......... .......... .......... .......... .......... 59% 71.2M 0s
  9350K .......... .......... .......... .......... .......... 60%  158M 0s
  9400K .......... .......... .......... .......... .......... 60% 26.9M 0s
  9450K .......... .......... .......... .......... .......... 60%  138M 0s
  9500K .......... .......... .......... .......... .......... 61%  142M 0s
  9550K .......... .......... .......... .......... .......... 61%  191M 0s
  9600K .......... .......... .......... .......... .......... 61% 80.3M 0s
  9650K .......... .......... .......... .......... .......... 62%  173M 0s
  9700K .......... .......... .......... .......... .......... 62%  116M 0s
  9750K .......... .......... .......... .......... .......... 62%  190M 0s
  9800K .......... .......... .......... .......... .......... 63%  172M 0s
  9850K .......... .......... .......... .......... .......... 63%  148M 0s
  9900K .......... .......... .......... .......... .......... 63%  137M 0s
  9950K .......... .......... .......... .......... .......... 63%  127M 0s
 10000K .......... .......... .......... .......... .......... 64% 37.3M 0s
 10050K .......... .......... .......... .......... .......... 64%  153M 0s
 10100K .......... .......... .......... .......... .......... 64%  200M 0s
 10150K .......... .......... .......... .......... .......... 65% 96.9M 0s
 10200K .......... .......... .......... .......... .......... 65%  130M 0s
 10250K .......... .......... .......... .......... .......... 65%  170M 0s
 10300K .......... .......... .......... .......... .......... 66%  177M 0s
 10350K .......... .......... .......... .......... .......... 66%  149M 0s
 10400K .......... .......... .......... .......... .......... 66%  146M 0s
 10450K .......... .......... .......... .......... .......... 67%  172M 0s
 10500K .......... .......... .......... .......... .......... 67%  105M 0s
 10550K .......... .......... .......... .......... .......... 67%  155M 0s
 10600K .......... .......... .......... .......... .......... 68%  123M 0s
 10650K .......... .......... .......... .......... .......... 68%  183M 0s
 10700K .......... .......... .......... .......... .......... 68%  145M 0s
 10750K .......... .......... .......... .......... .......... 69%  151M 0s
 10800K .......... .......... .......... .......... .......... 69%  119M 0s
 10850K .......... .......... .......... .......... .......... 69%  155M 0s
 10900K .......... .......... .......... .......... .......... 70%  144M 0s
 10950K .......... .......... .......... .......... .......... 70%  165M 0s
 11000K .......... .......... .......... .......... .......... 70% 82.6M 0s
 11050K .......... .......... .......... .......... .......... 71%  146M 0s
 11100K .......... .......... .......... .......... .......... 71%  126M 0s
 11150K .......... .......... .......... .......... .......... 71%  162M 0s
 11200K .......... .......... .......... .......... .......... 71%  131M 0s
 11250K .......... .......... .......... .......... .......... 72%  187M 0s
 11300K .......... .......... .......... .......... .......... 72%  213M 0s
 11350K .......... .......... .......... .......... .......... 72%  189M 0s
 11400K .......... .......... .......... .......... .......... 73% 38.1M 0s
 11450K .......... .......... .......... .......... .......... 73% 51.7M 0s
 11500K .......... .......... .......... .......... .......... 73% 60.9M 0s
 11550K .......... .......... .......... .......... .......... 74% 50.4M 0s
 11600K .......... .......... .......... .......... .......... 74% 39.3M 0s
 11650K .......... .......... .......... .......... .......... 74% 56.7M 0s
 11700K .......... .......... .......... .......... .......... 75% 58.3M 0s
 11750K .......... .......... .......... .......... .......... 75% 53.1M 0s
 11800K .......... .......... .......... .......... .......... 75% 46.8M 0s
 11850K .......... .......... .......... .......... .......... 76% 58.4M 0s
 11900K .......... .......... .......... .......... .......... 76% 50.2M 0s
 11950K .......... .......... .......... .......... .......... 76% 54.7M 0s
 12000K .......... .......... .......... .......... .......... 77% 41.9M 0s
 12050K .......... .......... .......... .......... .......... 77% 53.8M 0s
 12100K .......... .......... .......... .......... .......... 77% 57.0M 0s
 12150K .......... .......... .......... .......... .......... 78% 43.1M 0s
 12200K .......... .......... .......... .......... .......... 78%  190M 0s
 12250K .......... .......... .......... .......... .......... 78%  180M 0s
 12300K .......... .......... .......... .......... .......... 79%  103M 0s
 12350K .......... .......... .......... .......... .......... 79%  135M 0s
 12400K .......... .......... .......... .......... .......... 79%  170M 0s
 12450K .......... .......... .......... .......... .......... 79%  154M 0s
 12500K .......... .......... .......... .......... .......... 80%  155M 0s
 12550K .......... .......... .......... .......... .......... 80%  140M 0s
 12600K .......... .......... .......... .......... .......... 80%  148M 0s
 12650K .......... .......... .......... .......... .......... 81%  139M 0s
 12700K .......... .......... .......... .......... .......... 81%  168M 0s
 12750K .......... .......... .......... .......... .......... 81%  151M 0s
 12800K .......... .......... .......... .......... .......... 82%  101M 0s
 12850K .......... .......... .......... .......... .......... 82%  163M 0s
 12900K .......... .......... .......... .......... .......... 82% 12.2M 0s
 12950K .......... .......... .......... .......... .......... 83% 73.1M 0s
 13000K .......... .......... .......... .......... .......... 83% 40.8M 0s
 13050K .......... .......... .......... .......... .......... 83% 51.8M 0s
 13100K .......... .......... .......... .......... .......... 84%  187M 0s
 13150K .......... .......... .......... .......... .......... 84%  248M 0s
 13200K .......... .......... .......... .......... .......... 84%  132M 0s
 13250K .......... .......... .......... .......... .......... 85%  149M 0s
 13300K .......... .......... .......... .......... .......... 85%  157M 0s
 13350K .......... .......... .......... .......... .......... 85%  141M 0s
 13400K .......... .......... .......... .......... .......... 86%  131M 0s
 13450K .......... .......... .......... .......... .......... 86% 31.1M 0s
 13500K .......... .......... .......... .......... .......... 86% 28.2M 0s
 13550K .......... .......... .......... .......... .......... 87% 46.1M 0s
 13600K .......... .......... .......... .......... .......... 87% 70.4M 0s
 13650K .......... .......... .......... .......... .......... 87% 44.7M 0s
 13700K .......... .......... .......... .......... .......... 87% 44.8M 0s
 13750K .......... .......... .......... .......... .......... 88% 9.60M 0s
 13800K .......... .......... .......... .......... .......... 88%  173M 0s
 13850K .......... .......... .......... .......... .......... 88%  178M 0s
 13900K .......... .......... .......... .......... .......... 89%  216M 0s
 13950K .......... .......... .......... .......... .......... 89%  190M 0s
 14000K .......... .......... .......... .......... .......... 89%  155M 0s
 14050K .......... .......... .......... .......... .......... 90%  210M 0s
 14100K .......... .......... .......... .......... .......... 90%  213M 0s
 14150K .......... .......... .......... .......... .......... 90%  215M 0s
 14200K .......... .......... .......... .......... .......... 91%  131M 0s
 14250K .......... .......... .......... .......... .......... 91%  218M 0s
 14300K .......... .......... .......... .......... .......... 91%  202M 0s
 14350K .......... .......... .......... .......... .......... 92%  172M 0s
 14400K .......... .......... .......... .......... .......... 92%  157M 0s
 14450K .......... .......... .......... .......... .......... 92%  194M 0s
 14500K .......... .......... .......... .......... .......... 93%  227M 0s
 14550K .......... .......... .......... .......... .......... 93%  213M 0s
 14600K .......... .......... .......... .......... .......... 93%  164M 0s
 14650K .......... .......... .......... .......... .......... 94%  200M 0s
 14700K .......... .......... .......... .......... .......... 94%  268M 0s
 14750K .......... .......... .......... .......... .......... 94%  239M 0s
 14800K .......... .......... .......... .......... .......... 95%  142M 0s
 14850K .......... .......... .......... .......... .......... 95%  194M 0s
 14900K .......... .......... .......... .......... .......... 95%  107M 0s
 14950K .......... .......... .......... .......... .......... 95%  181M 0s
 15000K .......... .......... .......... .......... .......... 96%  195M 0s
 15050K .......... .......... .......... .......... .......... 96% 92.3M 0s
 15100K .......... .......... .......... .......... .......... 96% 93.8M 0s
 15150K .......... .......... .......... .......... .......... 97%  215M 0s
 15200K .......... .......... .......... .......... .......... 97%  183M 0s
 15250K .......... .......... .......... .......... .......... 97%  190M 0s
 15300K .......... .......... .......... .......... .......... 98%  106M 0s
 15350K .......... .......... .......... .......... .......... 98%  118M 0s
 15400K .......... .......... .......... .......... .......... 98%  134M 0s
 15450K .......... .......... .......... .......... .......... 99% 32.3M 0s
 15500K .......... .......... .......... .......... .......... 99%  178M 0s
 15550K .......... .......... .......... .......... .......... 99%  123M 0s
 15600K .......... .......... .....                           100%  126M=0.2s

2026-03-31 11:27:53 (66.7 MB/s) - '/home/user/seek_destroy_ws/build/multirobot_map_merge/2011-08-09-12-22-52.pgm' saved [16000058/16000058]

Checking MD5 sum of /home/user/seek_destroy_ws/build/multirobot_map_merge/2011-08-09-12-22-52.pgm
/home/user/seek_destroy_ws/build/multirobot_map_merge/2011-08-09-12-22-52.pgm: OK
--2026-03-31 11:27:53--  https://raw.githubusercontent.com/hrnr/m-explore-extra/master/map_merge/gmapping_maps/2012-01-28-11-12-01.pgm
Resolving raw.githubusercontent.com (raw.githubusercontent.com)... 185.199.108.133, 185.199.111.133, 185.199.110.133, ...
Connecting to raw.githubusercontent.com (raw.githubusercontent.com)|185.199.108.133|:443... connected.
HTTP request sent, awaiting response... 200 OK
Length: 16000058 (15M) [application/octet-stream]
Saving to: '/home/user/seek_destroy_ws/build/multirobot_map_merge/2012-01-28-11-12-01.pgm'

     0K .......... .......... .......... .......... ..........  0% 18.3M 1s
    50K .......... .......... .......... .......... ..........  0% 20.2M 1s
   100K .......... .......... .......... .......... ..........  0% 85.0M 1s
   150K .......... .......... .......... .......... ..........  1%  149M 0s
   200K .......... .......... .......... .......... ..........  1% 91.8M 0s
   250K .......... .......... .......... .......... ..........  1%  214M 0s
   300K .......... .......... .......... .......... ..........  2%  163M 0s
   350K .......... .......... .......... .......... ..........  2% 16.7M 0s
   400K .......... .......... .......... .......... ..........  2% 99.9M 0s
   450K .......... .......... .......... .......... ..........  3%  213M 0s
   500K .......... .......... .......... .......... ..........  3% 99.0M 0s
   550K .......... .......... .......... .......... ..........  3% 69.4M 0s
   600K .......... .......... .......... .......... ..........  4% 37.9M 0s
   650K .......... .......... .......... .......... ..........  4% 13.4M 0s
   700K .......... .......... .......... .......... ..........  4% 19.9M 0s
   750K .......... .......... .......... .......... ..........  5% 93.9M 0s
   800K .......... .......... .......... .......... ..........  5%  115M 0s
   850K .......... .......... .......... .......... ..........  5%  135M 0s
   900K .......... .......... .......... .......... ..........  6% 89.8M 0s
   950K .......... .......... .......... .......... ..........  6% 80.5M 0s
  1000K .......... .......... .......... .......... ..........  6% 72.3M 0s
  1050K .......... .......... .......... .......... ..........  7%  162M 0s
  1100K .......... .......... .......... .......... ..........  7%  127M 0s
  1150K .......... .......... .......... .......... ..........  7%  120M 0s
  1200K .......... .......... .......... .......... ..........  7%  171M 0s
  1250K .......... .......... .......... .......... ..........  8%  132M 0s
  1300K .......... .......... .......... .......... ..........  8% 99.6M 0s
  1350K .......... .......... .......... .......... ..........  8%  195M 0s
  1400K .......... .......... .......... .......... ..........  9% 93.7M 0s
  1450K .......... .......... .......... .......... ..........  9% 37.3M 0s
  1500K .......... .......... .......... .......... ..........  9% 50.5M 0s
  1550K .......... .......... .......... .......... .......... 10% 53.5M 0s
  1600K .......... .......... .......... .......... .......... 10%  102M 0s
  1650K .......... .......... .......... .......... .......... 10% 74.8M 0s
  1700K .......... .......... .......... .......... .......... 11% 44.2M 0s
  1750K .......... .......... .......... .......... .......... 11% 27.2M 0s
  1800K .......... .......... .......... .......... .......... 11% 23.1M 0s
  1850K .......... .......... .......... .......... .......... 12% 31.9M 0s
  1900K .......... .......... .......... .......... .......... 12% 77.5M 0s
  1950K .......... .......... .......... .......... .......... 12% 81.1M 0s
  2000K .......... .......... .......... .......... .......... 13% 81.5M 0s
  2050K .......... .......... .......... .......... .......... 13%  235M 0s
  2100K .......... .......... .......... .......... .......... 13% 97.8M 0s
  2150K .......... .......... .......... .......... .......... 14% 89.6M 0s
  2200K .......... .......... .......... .......... .......... 14%  177M 0s
  2250K .......... .......... .......... .......... .......... 14% 79.5M 0s
  2300K .......... .......... .......... .......... .......... 15%  135M 0s
  2350K .......... .......... .......... .......... .......... 15%  199M 0s
  2400K .......... .......... .......... .......... .......... 15%  144M 0s
  2450K .......... .......... .......... .......... .......... 15%  163M 0s
  2500K .......... .......... .......... .......... .......... 16%  163M 0s
  2550K .......... .......... .......... .......... .......... 16%  157M 0s
  2600K .......... .......... .......... .......... .......... 16%  141M 0s
  2650K .......... .......... .......... .......... .......... 17% 86.4M 0s
  2700K .......... .......... .......... .......... .......... 17% 53.6M 0s
  2750K .......... .......... .......... .......... .......... 17%  148M 0s
  2800K .......... .......... .......... .......... .......... 18%  102M 0s
  2850K .......... .......... .......... .......... .......... 18% 33.6M 0s
  2900K .......... .......... .......... .......... .......... 18% 41.0M 0s
  2950K .......... .......... .......... .......... .......... 19% 38.4M 0s
  3000K .......... .......... .......... .......... .......... 19% 48.0M 0s
  3050K .......... .......... .......... .......... .......... 19% 51.0M 0s
  3100K .......... .......... .......... .......... .......... 20% 34.5M 0s
  3150K .......... .......... .......... .......... .......... 20% 68.7M 0s
  3200K .......... .......... .......... .......... .......... 20% 59.2M 0s
  3250K .......... .......... .......... .......... .......... 21% 43.8M 0s
  3300K .......... .......... .......... .......... .......... 21% 46.1M 0s
  3350K .......... .......... .......... .......... .......... 21% 27.6M 0s
  3400K .......... .......... .......... .......... .......... 22% 64.5M 0s
  3450K .......... .......... .......... .......... .......... 22% 88.3M 0s
  3500K .......... .......... .......... .......... .......... 22%  103M 0s
  3550K .......... .......... .......... .......... .......... 23% 74.5M 0s
  3600K .......... .......... .......... .......... .......... 23% 81.7M 0s
  3650K .......... .......... .......... .......... .......... 23%  118M 0s
  3700K .......... .......... .......... .......... .......... 23%  106M 0s
  3750K .......... .......... .......... .......... .......... 24%  160M 0s
  3800K .......... .......... .......... .......... .......... 24%  170M 0s
  3850K .......... .......... .......... .......... .......... 24%  181M 0s
  3900K .......... .......... .......... .......... .......... 25%  215M 0s
  3950K .......... .......... .......... .......... .......... 25%  150M 0s
  4000K .......... .......... .......... .......... .......... 25% 50.4M 0s
  4050K .......... .......... .......... .......... .......... 26% 66.4M 0s
  4100K .......... .......... .......... .......... .......... 26% 60.6M 0s
  4150K .......... .......... .......... .......... .......... 26% 47.8M 0s
  4200K .......... .......... .......... .......... .......... 27% 45.8M 0s
  4250K .......... .......... .......... .......... .......... 27% 22.7M 0s
  4300K .......... .......... .......... .......... .......... 27% 24.7M 0s
  4350K .......... .......... .......... .......... .......... 28% 28.9M 0s
  4400K .......... .......... .......... .......... .......... 28% 57.5M 0s
  4450K .......... .......... .......... .......... .......... 28% 53.6M 0s
  4500K .......... .......... .......... .......... .......... 29% 96.5M 0s
  4550K .......... .......... .......... .......... .......... 29%  138M 0s
  4600K .......... .......... .......... .......... .......... 29%  131M 0s
  4650K .......... .......... .......... .......... .......... 30%  231M 0s
  4700K .......... .......... .......... .......... .......... 30%  199M 0s
  4750K .......... .......... .......... .......... .......... 30%  233M 0s
  4800K .......... .......... .......... .......... .......... 31%  157M 0s
  4850K .......... .......... .......... .......... .......... 31%  207M 0s
  4900K .......... .......... .......... .......... .......... 31% 39.8M 0s
  4950K .......... .......... .......... .......... .......... 31% 31.3M 0s
  5000K .......... .......... .......... .......... .......... 32%  187M 0s
  5050K .......... .......... .......... .......... .......... 32%  180M 0s
  5100K .......... .......... .......... .......... .......... 32%  207M 0s
  5150K .......... .......... .......... .......... .......... 33%  173M 0s
  5200K .......... .......... .......... .......... .......... 33%  139M 0s
  5250K .......... .......... .......... .......... .......... 33% 34.3M 0s
  5300K .......... .......... .......... .......... .......... 34%  212M 0s
  5350K .......... .......... .......... .......... .......... 34%  115M 0s
  5400K .......... .......... .......... .......... .......... 34%  181M 0s
  5450K .......... .......... .......... .......... .......... 35%  148M 0s
  5500K .......... .......... .......... .......... .......... 35%  105M 0s
  5550K .......... .......... .......... .......... .......... 35% 58.8M 0s
  5600K .......... .......... .......... .......... .......... 36%  172M 0s
  5650K .......... .......... .......... .......... .......... 36%  201M 0s
  5700K .......... .......... .......... .......... .......... 36%  167M 0s
  5750K .......... .......... .......... .......... .......... 37%  209M 0s
  5800K .......... .......... .......... .......... .......... 37%  186M 0s
  5850K .......... .......... .......... .......... .......... 37%  161M 0s
  5900K .......... .......... .......... .......... .......... 38%  173M 0s
  5950K .......... .......... .......... .......... .......... 38%  266M 0s
  6000K .......... .......... .......... .......... .......... 38%  200M 0s
  6050K .......... .......... .......... .......... .......... 39%  214M 0s
  6100K .......... .......... .......... .......... .......... 39%  163M 0s
  6150K .......... .......... .......... .......... .......... 39%  144M 0s
  6200K .......... .......... .......... .......... .......... 39%  196M 0s
  6250K .......... .......... .......... .......... .......... 40%  125M 0s
  6300K .......... .......... .......... .......... .......... 40%  154M 0s
  6350K .......... .......... .......... .......... .......... 40%  168M 0s
  6400K .......... .......... .......... .......... .......... 41%  126M 0s
  6450K .......... .......... .......... .......... .......... 41%  150M 0s
  6500K .......... .......... .......... .......... .......... 41%  176M 0s
  6550K .......... .......... .......... .......... .......... 42%  142M 0s
  6600K .......... .......... .......... .......... .......... 42%  145M 0s
  6650K .......... .......... .......... .......... .......... 42%  228M 0s
  6700K .......... .......... .......... .......... .......... 43%  263M 0s
  6750K .......... .......... .......... .......... .......... 43%  174M 0s
  6800K .......... .......... .......... .......... .......... 43%  131M 0s
  6850K .......... .......... .......... .......... .......... 44% 82.9M 0s
  6900K .......... .......... .......... .......... .......... 44% 38.8M 0s
  6950K .......... .......... .......... .......... .......... 44% 80.5M 0s
  7000K .......... .......... .......... .......... .......... 45% 39.2M 0s
  7050K .......... .......... .......... .......... .......... 45% 14.1M 0s
  7100K .......... .......... .......... .......... .......... 45%  168M 0s
  7150K .......... .......... .......... .......... .......... 46% 28.6M 0s
  7200K .......... .......... .......... .......... .......... 46%  106M 0s
  7250K .......... .......... .......... .......... .......... 46%  129M 0s
  7300K .......... .......... .......... .......... .......... 47%  128M 0s
  7350K .......... .......... .......... .......... .......... 47%  113M 0s
  7400K .......... .......... .......... .......... .......... 47%  189M 0s
  7450K .......... .......... .......... .......... .......... 47%  221M 0s
  7500K .......... .......... .......... .......... .......... 48%  163M 0s
  7550K .......... .......... .......... .......... .......... 48%  179M 0s
  7600K .......... .......... .......... .......... .......... 48%  124M 0s
  7650K .......... .......... .......... .......... .......... 49% 92.6M 0s
  7700K .......... .......... .......... .......... .......... 49%  116M 0s
  7750K .......... .......... .......... .......... .......... 49% 87.8M 0s
  7800K .......... .......... .......... .......... .......... 50%  138M 0s
  7850K .......... .......... .......... .......... .......... 50%  187M 0s
  7900K .......... .......... .......... .......... .......... 50%  141M 0s
  7950K .......... .......... .......... .......... .......... 51%  152M 0s
  8000K .......... .......... .......... .......... .......... 51%  174M 0s
  8050K .......... .......... .......... .......... .......... 51% 56.4M 0s
  8100K .......... .......... .......... .......... .......... 52%  163M 0s
  8150K .......... .......... .......... .......... .......... 52%  164M 0s
  8200K .......... .......... .......... .......... .......... 52% 91.5M 0s
  8250K .......... .......... .......... .......... .......... 53%  134M 0s
  8300K .......... .......... .......... .......... .......... 53% 85.5M 0s
  8350K .......... .......... .......... .......... .......... 53% 96.9M 0s
  8400K .......... .......... .......... .......... .......... 54%  121M 0s
  8450K .......... .......... .......... .......... .......... 54%  143M 0s
  8500K .......... .......... .......... .......... .......... 54%  144M 0s
  8550K .......... .......... .......... .......... .......... 55%  107M 0s
  8600K .......... .......... .......... .......... .......... 55% 92.5M 0s
  8650K .......... .......... .......... .......... .......... 55%  102M 0s
  8700K .......... .......... .......... .......... .......... 55% 93.5M 0s
  8750K .......... .......... .......... .......... .......... 56%  202M 0s
  8800K .......... .......... .......... .......... .......... 56%  150M 0s
  8850K .......... .......... .......... .......... .......... 56%  143M 0s
  8900K .......... .......... .......... .......... .......... 57%  223M 0s
  8950K .......... .......... .......... .......... .......... 57%  188M 0s
  9000K .......... .......... .......... .......... .......... 57%  170M 0s
  9050K .......... .......... .......... .......... .......... 58%  180M 0s
  9100K .......... .......... .......... .......... .......... 58%  264M 0s
  9150K .......... .......... .......... .......... .......... 58%  203M 0s
  9200K .......... .......... .......... .......... .......... 59%  161M 0s
  9250K .......... .......... .......... .......... .......... 59%  218M 0s
  9300K .......... .......... .......... .......... .......... 59%  192M 0s
  9350K .......... .......... .......... .......... .......... 60%  232M 0s
  9400K .......... .......... .......... .......... .......... 60%  146M 0s
  9450K .......... .......... .......... .......... .......... 60%  158M 0s
  9500K .......... .......... .......... .......... .......... 61%  114M 0s
  9550K .......... .......... .......... .......... .......... 61% 92.4M 0s
  9600K .......... .......... .......... .......... .......... 61%  106M 0s
  9650K .......... .......... .......... .......... .......... 62% 94.3M 0s
  9700K .......... .......... .......... .......... .......... 62%  148M 0s
  9750K .......... .......... .......... .......... .......... 62%  223M 0s
  9800K .......... .......... .......... .......... .......... 63%  198M 0s
  9850K .......... .......... .......... .......... .......... 63%  153M 0s
  9900K .......... .......... .......... .......... .......... 63%  164M 0s
  9950K .......... .......... .......... .......... .......... 63%  212M 0s
 10000K .......... .......... .......... .......... .......... 64%  178M 0s
 10050K .......... .......... .......... .......... .......... 64%  182M 0s
 10100K .......... .......... .......... .......... .......... 64%  120M 0s
 10150K .......... .......... .......... .......... .......... 65%  208M 0s
 10200K .......... .......... .......... .......... .......... 65%  173M 0s
 10250K .......... .......... .......... .......... .......... 65%  188M 0s
 10300K .......... .......... .......... .......... .......... 66%  207M 0s
 10350K .......... .......... .......... .......... .......... 66%  187M 0s
 10400K .......... .......... .......... .......... .......... 66%  162M 0s
 10450K .......... .......... .......... .......... .......... 67%  182M 0s
 10500K .......... .......... .......... .......... .......... 67%  211M 0s
 10550K .......... .......... .......... .......... .......... 67%  188M 0s
 10600K .......... .......... .......... .......... .......... 68%  132M 0s
 10650K .......... .......... .......... .......... .......... 68%  161M 0s
 10700K .......... .......... .......... .......... .......... 68%  221M 0s
 10750K .......... .......... .......... .......... .......... 69%  206M 0s
 10800K .......... .......... .......... .......... .......... 69%  143M 0s
 10850K .......... .......... .......... .......... .......... 69%  182M 0s
 10900K .......... .......... .......... .......... .......... 70%  228M 0s
 10950K .......... .......... .......... .......... .......... 70%  156M 0s
 11000K .......... .......... .......... .......... .......... 70%  181M 0s
 11050K .......... .......... .......... .......... .......... 71%  144M 0s
 11100K .......... .......... .......... .......... .......... 71%  207M 0s
 11150K .......... .......... .......... .......... .......... 71%  202M 0s
 11200K .......... .......... .......... .......... .......... 71%  146M 0s
 11250K .......... .......... .......... .......... .......... 72%  201M 0s
 11300K .......... .......... .......... .......... .......... 72%  177M 0s
 11350K .......... .......... .......... .......... .......... 72%  183M 0s
 11400K .......... .......... .......... .......... .......... 73%  166M 0s
 11450K .......... .......... .......... .......... .......... 73%  115M 0s
 11500K .......... .......... .......... .......... .......... 73%  131M 0s
 11550K .......... .......... .......... .......... .......... 74%  103M 0s
 11600K .......... .......... .......... .......... .......... 74% 85.5M 0s
 11650K .......... .......... .......... .......... .......... 74% 44.8M 0s
 11700K .......... .......... .......... .......... .......... 75% 68.9M 0s
 11750K .......... .......... .......... .......... .......... 75%  184M 0s
 11800K .......... .......... .......... .......... .......... 75% 27.7M 0s
 11850K .......... .......... .......... .......... .......... 76%  112M 0s
 11900K .......... .......... .......... .......... .......... 76%  129M 0s
 11950K .......... .......... .......... .......... .......... 76%  107M 0s
 12000K .......... .......... .......... .......... .......... 77%  121M 0s
 12050K .......... .......... .......... .......... .......... 77%  149M 0s
 12100K .......... .......... .......... .......... .......... 77%  112M 0s
 12150K .......... .......... .......... .......... .......... 78%  170M 0s
 12200K .......... .......... .......... .......... .......... 78%  112M 0s
 12250K .......... .......... .......... .......... .......... 78% 84.2M 0s
 12300K .......... .......... .......... .......... .......... 79% 75.8M 0s
 12350K .......... .......... .......... .......... .......... 79%  110M 0s
 12400K .......... .......... .......... .......... .......... 79% 51.1M 0s
 12450K .......... .......... .......... .......... .......... 79%  164M 0s
 12500K .......... .......... .......... .......... .......... 80%  237M 0s
 12550K .......... .......... .......... .......... .......... 80%  238M 0s
 12600K .......... .......... .......... .......... .......... 80%  188M 0s
 12650K .......... .......... .......... .......... .......... 81%  236M 0s
 12700K .......... .......... .......... .......... .......... 81%  187M 0s
 12750K .......... .......... .......... .......... .......... 81%  273M 0s
 12800K .......... .......... .......... .......... .......... 82%  223M 0s
 12850K .......... .......... .......... .......... .......... 82%  176M 0s
 12900K .......... .......... .......... .......... .......... 82%  223M 0s
 12950K .......... .......... .......... .......... .......... 83%  230M 0s
 13000K .......... .......... .......... .......... .......... 83%  182M 0s
 13050K .......... .......... .......... .......... .......... 83%  238M 0s
 13100K .......... .......... .......... .......... .......... 84%  256M 0s
 13150K .......... .......... .......... .......... .......... 84%  226M 0s
 13200K .......... .......... .......... .......... .......... 84%  100M 0s
 13250K .......... .......... .......... .......... .......... 85%  178M 0s
 13300K .......... .......... .......... .......... .......... 85%  195M 0s
 13350K .......... .......... .......... .......... .......... 85%  291M 0s
 13400K .......... .......... .......... .......... .......... 86%  295M 0s
 13450K .......... .......... .......... .......... .......... 86%  216M 0s
 13500K .......... .......... .......... .......... .......... 86%  279M 0s
 13550K .......... .......... .......... .......... .......... 87%  168M 0s
 13600K .......... .......... .......... .......... .......... 87%  198M 0s
 13650K .......... .......... .......... .......... .......... 87%  203M 0s
 13700K .......... .......... .......... .......... .......... 87%  175M 0s
 13750K .......... .......... .......... .......... .......... 88%  167M 0s
 13800K .......... .......... .......... .......... .......... 88%  158M 0s
 13850K .......... .......... .......... .......... .......... 88% 87.6M 0s
 13900K .......... .......... .......... .......... .......... 89% 47.0M 0s
 13950K .......... .......... .......... .......... .......... 89%  110M 0s
 14000K .......... .......... .......... .......... .......... 89%  177M 0s
 14050K .......... .......... .......... .......... .......... 90%  134M 0s
 14100K .......... .......... .......... .......... .......... 90%  215M 0s
 14150K .......... .......... .......... .......... .......... 90%  174M 0s
 14200K .......... .......... .......... .......... .......... 91%  182M 0s
 14250K .......... .......... .......... .......... .......... 91%  186M 0s
 14300K .......... .......... .......... .......... .......... 91%  193M 0s
 14350K .......... .......... .......... .......... .......... 92% 63.6M 0s
 14400K .......... .......... .......... .......... .......... 92% 91.4M 0s
 14450K .......... .......... .......... .......... .......... 92%  196M 0s
 14500K .......... .......... .......... .......... .......... 93%  113M 0s
 14550K .......... .......... .......... .......... .......... 93%  210M 0s
 14600K .......... .......... .......... .......... .......... 93% 92.3M 0s
 14650K .......... .......... .......... .......... .......... 94%  179M 0s
 14700K .......... .......... .......... .......... .......... 94%  172M 0s
 14750K .......... .......... .......... .......... .......... 94%  151M 0s
 14800K .......... .......... .......... .......... .......... 95%  152M 0s
 14850K .......... .......... .......... .......... .......... 95%  203M 0s
 14900K .......... .......... .......... .......... .......... 95%  190M 0s
 14950K .......... .......... .......... .......... .......... 95%  190M 0s
 15000K .......... .......... .......... .......... .......... 96%  203M 0s
 15050K .......... .......... .......... .......... .......... 96%  244M 0s
 15100K .......... .......... .......... .......... .......... 96%  289M 0s
 15150K .......... .......... .......... .......... .......... 97%  192M 0s
 15200K .......... .......... .......... .......... .......... 97%  141M 0s
 15250K .......... .......... .......... .......... .......... 97%  263M 0s
 15300K .......... .......... .......... .......... .......... 98%  278M 0s
 15350K .......... .......... .......... .......... .......... 98%  223M 0s
 15400K .......... .......... .......... .......... .......... 98%  192M 0s
 15450K .......... .......... .......... .......... .......... 99%  278M 0s
 15500K .......... .......... .......... .......... .......... 99%  272M 0s
 15550K .......... .......... .......... .......... .......... 99%  238M 0s
 15600K .......... .......... .....                           100%  205M=0.2s

2026-03-31 11:27:54 (95.4 MB/s) - '/home/user/seek_destroy_ws/build/multirobot_map_merge/2012-01-28-11-12-01.pgm' saved [16000058/16000058]

Checking MD5 sum of /home/user/seek_destroy_ws/build/multirobot_map_merge/2012-01-28-11-12-01.pgm
/home/user/seek_destroy_ws/build/multirobot_map_merge/2012-01-28-11-12-01.pgm: OK
-- Found gtest sources under '/opt/ros/humble/src/gtest_vendor': C++ tests using 'Google Test' will be built
-- Added test 'cppcheck' to perform static code analysis on C / C++ code
-- Configured cppcheck include dirs: /home/user/seek_destroy_ws/src/m-explore-ros2/map_merge/include;$<BUILD_INTERFACE:/home/user/seek_destroy_ws/src/m-explore-ros2/map_merge/include>
-- Configured cppcheck exclude dirs and/or files: 
-- Added test 'flake8' to check Python code syntax and style conventions
-- Added test 'lint_cmake' to check CMake code style
-- Added test 'pep257' to check Python code against some of the docstring style conventions in PEP 257
-- Added test 'uncrustify' to check C / C++ code style
-- Configured uncrustify additional arguments: 
-- Added test 'xmllint' to check XML markup files
-- Configuring done
-- Generating done
-- Build files have been written to: /home/user/seek_destroy_ws/build/multirobot_map_merge
[  8%] [32mBuilding CXX object CMakeFiles/combine_grids.dir/src/combine_grids/grid_compositor.cpp.o[0m
[ 16%] [32mBuilding CXX object CMakeFiles/combine_grids.dir/src/combine_grids/merging_pipeline.cpp.o[0m
[ 25%] [32mBuilding CXX object CMakeFiles/combine_grids.dir/src/combine_grids/grid_warper.cpp.o[0m
[ 33%] [32m[1mLinking CXX static library libcombine_grids.a[0m
[ 33%] Built target combine_grids
[ 41%] [32mBuilding CXX object gtest/CMakeFiles/gtest.dir/src/gtest-all.cc.o[0m
[ 50%] [32m[1mLinking CXX static library libgtest.a[0m
[ 50%] Built target gtest
[ 58%] [32mBuilding CXX object CMakeFiles/map_merge.dir/src/map_merge.cpp.o[0m
[ 66%] [32m[1mLinking CXX executable map_merge[0m
[ 66%] Built target map_merge
[ 75%] [32mBuilding CXX object gtest/CMakeFiles/gtest_main.dir/src/gtest_main.cc.o[0m
[ 83%] [32m[1mLinking CXX static library libgtest_main.a[0m
[ 83%] Built target gtest_main
[ 91%] [32mBuilding CXX object CMakeFiles/test_merging_pipeline.dir/test/test_merging_pipeline.cpp.o[0m
[100%] [32m[1mLinking CXX executable test_merging_pipeline[0m
[100%] Built target test_merging_pipeline
-- Install configuration: ""
-- Execute custom install script
-- Symlinking: /home/user/seek_destroy_ws/install/multirobot_map_merge/include/map_merge//map_merge.h
-- Symlinking: /home/user/seek_destroy_ws/install/multirobot_map_merge/include/map_merge//ros1_names.hpp
-- Symlinking: /home/user/seek_destroy_ws/install/multirobot_map_merge/share/multirobot_map_merge/launch/from_map_server.launch.py
-- Symlinking: /home/user/seek_destroy_ws/install/multirobot_map_merge/share/multirobot_map_merge/launch/map_merge.launch.py
-- Symlinking: /home/user/seek_destroy_ws/install/multirobot_map_merge/share/multirobot_map_merge/launch/map_merge.rviz
-- Symlinking: /home/user/seek_destroy_ws/install/multirobot_map_merge/share/multirobot_map_merge/launch/tb3_simulation/bringup_launch.py
-- Symlinking: /home/user/seek_destroy_ws/install/multirobot_map_merge/share/multirobot_map_merge/launch/tb3_simulation/config/nav2_multirobot_params_1.yaml
-- Symlinking: /home/user/seek_destroy_ws/install/multirobot_map_merge/share/multirobot_map_merge/launch/tb3_simulation/config/nav2_multirobot_params_2.yaml
-- Symlinking: /home/user/seek_destroy_ws/install/multirobot_map_merge/share/multirobot_map_merge/launch/tb3_simulation/multi_tb3_simulation_launch.py
-- Symlinking: /home/user/seek_destroy_ws/install/multirobot_map_merge/share/multirobot_map_merge/launch/tb3_simulation/slam_toolbox.py
-- Symlinking: /home/user/seek_destroy_ws/install/multirobot_map_merge/share/multirobot_map_merge/launch/tb3_simulation/tb3_simulation_launch.py
-- Symlinking: /home/user/seek_destroy_ws/install/multirobot_map_merge/share/multirobot_map_merge/launch/tb3_simulation/worlds/world_only.model
-- Symlinking: /home/user/seek_destroy_ws/install/multirobot_map_merge/share/multirobot_map_merge/config/params.yaml
-- Symlinking: /home/user/seek_destroy_ws/install/multirobot_map_merge/lib/multirobot_map_merge/map_merge
-- Symlinking: /home/user/seek_destroy_ws/install/multirobot_map_merge/share/multirobot_map_merge/environment/library_path.sh
-- Symlinking: /home/user/seek_destroy_ws/install/multirobot_map_merge/share/multirobot_map_merge/environment/library_path.dsv
-- Symlinking: /home/user/seek_destroy_ws/install/multirobot_map_merge/share/ament_index/resource_index/package_run_dependencies/multirobot_map_merge
-- Symlinking: /home/user/seek_destroy_ws/install/multirobot_map_merge/share/ament_index/resource_index/parent_prefix_path/multirobot_map_merge
-- Symlinking: /home/user/seek_destroy_ws/install/multirobot_map_merge/share/multirobot_map_merge/environment/ament_prefix_path.sh
-- Symlinking: /home/user/seek_destroy_ws/install/multirobot_map_merge/share/multirobot_map_merge/environment/ament_prefix_path.dsv
-- Symlinking: /home/user/seek_destroy_ws/install/multirobot_map_merge/share/multirobot_map_merge/environment/path.sh
-- Symlinking: /home/user/seek_destroy_ws/install/multirobot_map_merge/share/multirobot_map_merge/environment/path.dsv
-- Symlinking: /home/user/seek_destroy_ws/install/multirobot_map_merge/share/multirobot_map_merge/local_setup.bash
-- Symlinking: /home/user/seek_destroy_ws/install/multirobot_map_merge/share/multirobot_map_merge/local_setup.sh
-- Symlinking: /home/user/seek_destroy_ws/install/multirobot_map_merge/share/multirobot_map_merge/local_setup.zsh
-- Symlinking: /home/user/seek_destroy_ws/install/multirobot_map_merge/share/multirobot_map_merge/local_setup.dsv
-- Symlinking: /home/user/seek_destroy_ws/install/multirobot_map_merge/share/multirobot_map_merge/package.dsv
-- Symlinking: /home/user/seek_destroy_ws/install/multirobot_map_merge/share/ament_index/resource_index/packages/multirobot_map_merge
-- Symlinking: /home/user/seek_destroy_ws/install/multirobot_map_merge/share/multirobot_map_merge/cmake/ament_cmake_export_include_directories-extras.cmake
-- Symlinking: /home/user/seek_destroy_ws/install/multirobot_map_merge/share/multirobot_map_merge/cmake/ament_cmake_export_libraries-extras.cmake
-- Symlinking: /home/user/seek_destroy_ws/install/multirobot_map_merge/share/multirobot_map_merge/cmake/multirobot_map_mergeConfig.cmake
-- Symlinking: /home/user/seek_destroy_ws/install/multirobot_map_merge/share/multirobot_map_merge/cmake/multirobot_map_mergeConfig-version.cmake
-- Symlinking: /home/user/seek_destroy_ws/install/multirobot_map_merge/share/multirobot_map_merge/package.xml
-- Installing: /home/user/seek_destroy_ws/install/multirobot_map_merge/lib/libcombine_grids.a
