[1.106s] Invoking command in '/home/user/seek_destroy_ws/build/multirobot_map_merge': CMAKE_PREFIX_PATH=${CMAKE_PREFIX_PATH}:/home/user/seek_destroy_ws/install/rosbot_controller:/home/user/seek_destroy_ws/install/rosbot_utils:/home/user/seek_destroy_ws/install/rosbot_gazebo:/home/user/seek_destroy_ws/install/rosbot_bringup:/home/user/seek_destroy_ws/install/autonomous_exploration:/opt/ros/humble _=/usr/bin/env /usr/bin/cmake /home/user/seek_destroy_ws/src/m-explore-ros2/map_merge -DAMENT_CMAKE_SYMLINK_INSTALL=1 -DCMAKE_INSTALL_PREFIX=/home/user/seek_destroy_ws/install/multirobot_map_merge
[1.248s] -- The C compiler identification is GNU 11.4.0
[1.378s] -- The CXX compiler identification is GNU 11.4.0
[1.389s] -- Detecting C compiler ABI info
[1.648s] -- Detecting C compiler ABI info - done
[1.665s] -- Check for working C compiler: /usr/bin/cc - skipped
[1.665s] -- Detecting C compile features
[1.666s] -- Detecting C compile features - done
[1.673s] -- Detecting CXX compiler ABI info
[1.881s] -- Detecting CXX compiler ABI info - done
[1.916s] -- Check for working CXX compiler: /usr/bin/c++ - skipped
[1.917s] -- Detecting CXX compile features
[1.917s] -- Detecting CXX compile features - done
[1.930s] -- Found ament_cmake: 1.3.12 (/opt/ros/humble/share/ament_cmake/cmake)
[5.630s] -- Found Python3: /usr/bin/python3 (found version "3.10.12") found components: Interpreter 
[6.142s] -- Override CMake install command with custom implementation using symlinks instead of copying resources
[6.674s] -- Found rclcpp: 16.0.16 (/opt/ros/humble/share/rclcpp/cmake)
[7.227s] -- Found rosidl_generator_c: 3.1.7 (/opt/ros/humble/share/rosidl_generator_c/cmake)
[7.259s] -- Found rosidl_adapter: 3.1.7 (/opt/ros/humble/share/rosidl_adapter/cmake)
[7.377s] -- Found rosidl_generator_cpp: 3.1.7 (/opt/ros/humble/share/rosidl_generator_cpp/cmake)
[7.514s] -- Using all available rosidl_typesupport_c: rosidl_typesupport_fastrtps_c;rosidl_typesupport_introspection_c
[7.620s] -- Using all available rosidl_typesupport_cpp: rosidl_typesupport_fastrtps_cpp;rosidl_typesupport_introspection_cpp
[7.992s] -- Found rmw_implementation_cmake: 6.1.2 (/opt/ros/humble/share/rmw_implementation_cmake/cmake)
[8.031s] -- Found rmw_fastrtps_cpp: 6.2.9 (/opt/ros/humble/share/rmw_fastrtps_cpp/cmake)
[8.660s] -- Found OpenSSL: /usr/lib/x86_64-linux-gnu/libcrypto.so (found version "3.0.2")  
[8.842s] -- Found FastRTPS: /opt/ros/humble/include  
[8.970s] -- Using RMW implementation 'rmw_fastrtps_cpp' as default
[9.034s] -- Looking for pthread.h
[9.257s] -- Looking for pthread.h - found
[9.257s] -- Performing Test CMAKE_HAVE_LIBC_PTHREAD
[9.529s] -- Performing Test CMAKE_HAVE_LIBC_PTHREAD - Success
[9.531s] -- Found Threads: TRUE  
[9.805s] -- Found geometry_msgs: 4.9.0 (/opt/ros/humble/share/geometry_msgs/cmake)
[9.889s] -- Found image_geometry: 3.2.1 (/opt/ros/humble/share/image_geometry/cmake)
[10.272s] -- Found map_msgs: 2.1.0 (/opt/ros/humble/share/map_msgs/cmake)
[10.564s] -- Found tf2_geometry_msgs: 0.25.17 (/opt/ros/humble/share/tf2_geometry_msgs/cmake)
[10.752s] -- Found eigen3_cmake_module: 0.1.1 (/opt/ros/humble/share/eigen3_cmake_module/cmake)
[10.755s] -- Found Eigen3: TRUE (found version "3.4.0") 
[10.755s] -- Ensuring Eigen3 include directory is part of orocos-kdl CMake target
[11.705s] -- Found Boost: /usr/lib/x86_64-linux-gnu/cmake/Boost-1.74.0/BoostConfig.cmake (found version "1.74.0") found components: thread 
[11.813s] -- Found OpenCV: /usr (found version "4.5.4") 
[11.848s] -- Found ament_lint_auto: 0.12.14 (/opt/ros/humble/share/ament_lint_auto/cmake)
[12.042s] -- Found ament_cmake_gtest: 1.3.12 (/opt/ros/humble/share/ament_cmake_gtest/cmake)
[12.159s] --2026-03-31 11:27:51--  https://raw.githubusercontent.com/hrnr/m-explore-extra/master/map_merge/hector_maps/map00.pgm
[12.170s] Resolving raw.githubusercontent.com (raw.githubusercontent.com)... 185.199.109.133, 185.199.110.133, 185.199.111.133, ...
[12.172s] Connecting to raw.githubusercontent.com (raw.githubusercontent.com)|185.199.109.133|:443... connected.
[12.528s] HTTP request sent, awaiting response... 200 OK
[12.528s] Length: 4194362 (4.0M) [application/octet-stream]
[12.528s] Saving to: '/home/user/seek_destroy_ws/build/multirobot_map_merge/map00.pgm'
[12.528s] 
[12.529s]      0K .......... .......... .......... .......... ..........  1% 35.2M 0s
[12.530s]     50K .......... .......... .......... .......... ..........  2% 70.1M 0s
[12.530s]    100K .......... .......... .......... .......... ..........  3% 96.5M 0s
[12.531s]    150K .......... .......... .......... .......... ..........  4% 37.1M 0s
[12.532s]    200K .......... .......... .......... .......... ..........  6% 44.3M 0s
[12.534s]    250K .......... .......... .......... .......... ..........  7% 42.1M 0s
[12.535s]    300K .......... .......... .......... .......... ..........  8%  185M 0s
[12.535s]    350K .......... .......... .......... .......... ..........  9% 39.3M 0s
[12.536s]    400K .......... .......... .......... .......... .......... 10% 51.7M 0s
[12.537s]    450K .......... .......... .......... .......... .......... 12% 68.1M 0s
[12.538s]    500K .......... .......... .......... .......... .......... 13% 47.9M 0s
[12.539s]    550K .......... .......... .......... .......... .......... 14%  169M 0s
[12.539s]    600K .......... .......... .......... .......... .......... 15%  113M 0s
[12.540s]    650K .......... .......... .......... .......... .......... 17% 40.2M 0s
[12.541s]    700K .......... .......... .......... .......... .......... 18% 31.2M 0s
[12.543s]    750K .......... .......... .......... .......... .......... 19% 37.3M 0s
[12.544s]    800K .......... .......... .......... .......... .......... 20% 38.7M 0s
[12.545s]    850K .......... .......... .......... .......... .......... 21% 44.1M 0s
[12.554s]    900K .......... .......... .......... .......... .......... 23% 9.39M 0s
[12.556s]    950K .......... .......... .......... .......... .......... 24%  141M 0s
[12.556s]   1000K .......... .......... .......... .......... .......... 25%  201M 0s
[12.556s]   1050K .......... .......... .......... .......... .......... 26%  146M 0s
[12.556s]   1100K .......... .......... .......... .......... .......... 28%  170M 0s
[12.557s]   1150K .......... .......... .......... .......... .......... 29% 98.1M 0s
[12.557s]   1200K .......... .......... .......... .......... .......... 30%  182M 0s
[12.557s]   1250K .......... .......... .......... .......... .......... 31%  113M 0s
[12.558s]   1300K .......... .......... .......... .......... .......... 32% 60.0M 0s
[12.558s]   1350K .......... .......... .......... .......... .......... 34% 19.4M 0s
[12.559s]   1400K .......... .......... .......... .......... .......... 35% 31.2M 0s
[12.559s]   1450K .......... .......... .......... .......... .......... 36% 33.2M 0s
[12.562s]   1500K .......... .......... .......... .......... .......... 37% 18.0M 0s
[12.563s]   1550K .......... .......... .......... .......... .......... 39% 41.3M 0s
[12.564s]   1600K .......... .......... .......... .......... .......... 40% 43.0M 0s
[12.566s]   1650K .......... .......... .......... .......... .......... 41% 45.0M 0s
[12.567s]   1700K .......... .......... .......... .......... .......... 42% 32.4M 0s
[12.568s]   1750K .......... .......... .......... .......... .......... 43% 45.8M 0s
[12.569s]   1800K .......... .......... .......... .......... .......... 45% 40.6M 0s
[12.570s]   1850K .......... .......... .......... .......... .......... 46% 35.7M 0s
[12.577s]   1900K .......... .......... .......... .......... .......... 47% 7.14M 0s
[12.578s]   1950K .......... .......... .......... .......... .......... 48% 39.8M 0s
[12.580s]   2000K .......... .......... .......... .......... .......... 50% 37.0M 0s
[12.586s]   2050K .......... .......... .......... .......... .......... 51% 7.16M 0s
[12.588s]   2100K .......... .......... .......... .......... .......... 52% 31.2M 0s
[12.589s]   2150K .......... .......... .......... .......... .......... 53% 46.1M 0s
[12.590s]   2200K .......... .......... .......... .......... .......... 54% 59.5M 0s
[12.591s]   2250K .......... .......... .......... .......... .......... 56% 41.6M 0s
[12.592s]   2300K .......... .......... .......... .......... .......... 57% 50.6M 0s
[12.593s]   2350K .......... .......... .......... .......... .......... 58% 42.3M 0s
[12.596s]   2400K .......... .......... .......... .......... .......... 59% 65.9M 0s
[12.596s]   2450K .......... .......... .......... .......... .......... 61%  174M 0s
[12.597s]   2500K .......... .......... .......... .......... .......... 62%  169M 0s
[12.597s]   2550K .......... .......... .......... .......... .......... 63%  197M 0s
[12.597s]   2600K .......... .......... .......... .......... .......... 64% 98.7M 0s
[12.598s]   2650K .......... .......... .......... .......... .......... 65% 68.2M 0s
[12.598s]   2700K .......... .......... .......... .......... .......... 67%  176M 0s
[12.598s]   2750K .......... .......... .......... .......... .......... 68% 33.2M 0s
[12.602s]   2800K .......... .......... .......... .......... .......... 69% 10.0M 0s
[12.605s]   2850K .......... .......... .......... .......... .......... 70% 52.3M 0s
[12.606s]   2900K .......... .......... .......... .......... .......... 72% 21.6M 0s
[12.607s]   2950K .......... .......... .......... .......... .......... 73% 47.3M 0s
[12.607s]   3000K .......... .......... .......... .......... .......... 74% 55.0M 0s
[12.608s]   3050K .......... .......... .......... .......... .......... 75%  105M 0s
[12.608s]   3100K .......... .......... .......... .......... .......... 76% 91.3M 0s
[12.609s]   3150K .......... .......... .......... .......... .......... 78%  185M 0s
[12.609s]   3200K .......... .......... .......... .......... .......... 79%  181M 0s
[12.609s]   3250K .......... .......... .......... .......... .......... 80%  219M 0s
[12.611s]   3300K .......... .......... .......... .......... .......... 81% 34.3M 0s
[12.611s]   3350K .......... .......... .......... .......... .......... 83%  126M 0s
[12.612s]   3400K .......... .......... .......... .......... .......... 84%  167M 0s
[12.612s]   3450K .......... .......... .......... .......... .......... 85%  191M 0s
[12.612s]   3500K .......... .......... .......... .......... .......... 86%  188M 0s
[12.619s] Checking MD5 sum of /home/user/seek_destroy_ws/build/multirobot_map_merge/map00.pgm
[12.619s]   3550K .......... .......... .......... .......... .......... 87%  161M 0s
[12.619s]   3600K .......... .......... .......... .......... .......... 89%  160M 0s
[12.619s]   3650K .......... .......... .......... .......... .......... 90%  249M 0s
[12.619s]   3700K .......... .......... .......... .......... .......... 91%  238M 0s
[12.619s]   3750K .......... .......... .......... .......... .......... 92%  253M 0s
[12.620s]   3800K .......... .......... .......... .......... .......... 93%  216M 0s
[12.620s]   3850K .......... .......... .......... .......... .......... 95%  251M 0s
[12.620s]   3900K .......... .......... .......... .......... .......... 96%  244M 0s
[12.620s]   3950K .......... .......... .......... .......... .......... 97%  180M 0s
[12.620s]   4000K .......... .......... .......... .......... .......... 98%  161M 0s
[12.620s]   4050K .......... .......... .......... .......... ......    100%  229M=0.09s
[12.620s] 
[12.620s] 2026-03-31 11:27:51 (45.9 MB/s) - '/home/user/seek_destroy_ws/build/multirobot_map_merge/map00.pgm' saved [4194362/4194362]
[12.620s] 
[12.637s] /home/user/seek_destroy_ws/build/multirobot_map_merge/map00.pgm: OK
[12.649s] --2026-03-31 11:27:51--  https://raw.githubusercontent.com/hrnr/m-explore-extra/master/map_merge/hector_maps/map05.pgm
[12.656s] Resolving raw.githubusercontent.com (raw.githubusercontent.com)... 185.199.108.133, 185.199.111.133, 185.199.110.133, ...
[12.657s] Connecting to raw.githubusercontent.com (raw.githubusercontent.com)|185.199.108.133|:443... connected.
[13.106s] HTTP request sent, awaiting response... 200 OK
[13.107s] Length: 4194362 (4.0M) [application/octet-stream]
[13.107s] Saving to: '/home/user/seek_destroy_ws/build/multirobot_map_merge/map05.pgm'
[13.107s] 
[13.107s]      0K .......... .......... .......... .......... ..........  1% 47.8M 0s
[13.108s]     50K .......... .......... .......... .......... ..........  2%  159M 0s
[13.109s]    100K .......... .......... .......... .......... ..........  3% 38.9M 0s
[13.110s]    150K .......... .......... .......... .......... ..........  4%  127M 0s
[13.111s]    200K .......... .......... .......... .......... ..........  6%  135M 0s
[13.111s]    250K .......... .......... .......... .......... ..........  7%  130M 0s
[13.111s]    300K .......... .......... .......... .......... ..........  8%  163M 0s
[13.111s]    350K .......... .......... .......... .......... ..........  9% 55.9M 0s
[13.113s]    400K .......... .......... .......... .......... .......... 10% 36.9M 0s
[13.117s]    450K .......... .......... .......... .......... .......... 12% 26.7M 0s
[13.117s]    500K .......... .......... .......... .......... .......... 13%  160M 0s
[13.117s]    550K .......... .......... .......... .......... .......... 14%  145M 0s
[13.117s]    600K .......... .......... .......... .......... .......... 15%  144M 0s
[13.117s]    650K .......... .......... .......... .......... .......... 17%  185M 0s
[13.117s]    700K .......... .......... .......... .......... .......... 18%  130M 0s
[13.117s]    750K .......... .......... .......... .......... .......... 19%  216M 0s
[13.117s]    800K .......... .......... .......... .......... .......... 20%  222M 0s
[13.117s]    850K .......... .......... .......... .......... .......... 21%  190M 0s
[13.118s]    900K .......... .......... .......... .......... .......... 23%  198M 0s
[13.118s]    950K .......... .......... .......... .......... .......... 24%  225M 0s
[13.118s]   1000K .......... .......... .......... .......... .......... 25%  190M 0s
[13.119s]   1050K .......... .......... .......... .......... .......... 26%  183M 0s
[13.119s]   1100K .......... .......... .......... .......... .......... 28% 56.2M 0s
[13.128s]   1150K .......... .......... .......... .......... .......... 29% 35.8M 0s
[13.128s]   1200K .......... .......... .......... .......... .......... 30% 60.0M 0s
[13.129s]   1250K .......... .......... .......... .......... .......... 31% 82.9M 0s
[13.129s]   1300K .......... .......... .......... .......... .......... 32%  140M 0s
[13.129s]   1350K .......... .......... .......... .......... .......... 34% 82.8M 0s
[13.130s]   1400K .......... .......... .......... .......... .......... 35% 69.5M 0s
[13.130s]   1450K .......... .......... .......... .......... .......... 36%  141M 0s
[13.130s]   1500K .......... .......... .......... .......... .......... 37%  131M 0s
[13.131s]   1550K .......... .......... .......... .......... .......... 39%  199M 0s
[13.131s]   1600K .......... .......... .......... .......... .......... 40%  152M 0s
[13.131s]   1650K .......... .......... .......... .......... .......... 41%  176M 0s
[13.132s]   1700K .......... .......... .......... .......... .......... 42%  165M 0s
[13.132s]   1750K .......... .......... .......... .......... .......... 43%  233M 0s
[13.132s]   1800K .......... .......... .......... .......... .......... 45%  201M 0s
[13.133s]   1850K .......... .......... .......... .......... .......... 46%  198M 0s
[13.133s]   1900K .......... .......... .......... .......... .......... 47% 85.1M 0s
[13.134s]   1950K .......... .......... .......... .......... .......... 48% 71.6M 0s
[13.134s]   2000K .......... .......... .......... .......... .......... 50% 81.9M 0s
[13.134s]   2050K .......... .......... .......... .......... .......... 51% 54.2M 0s
[13.134s]   2100K .......... .......... .......... .......... .......... 52% 46.3M 0s
[13.134s]   2150K .......... .......... .......... .......... .......... 53% 43.3M 0s
[13.134s]   2200K .......... .......... .......... .......... .......... 54% 50.9M 0s
[13.135s]   2250K .......... .......... .......... .......... .......... 56% 51.2M 0s
[13.136s]   2300K .......... .......... .......... .......... .......... 57% 42.6M 0s
[13.137s]   2350K .......... .......... .......... .......... .......... 58% 31.9M 0s
[13.138s]   2400K .......... .......... .......... .......... .......... 59% 51.7M 0s
[13.138s]   2450K .......... .......... .......... .......... .......... 61% 52.1M 0s
[13.140s]   2500K .......... .......... .......... .......... .......... 62% 40.8M 0s
[13.141s]   2550K .......... .......... .......... .......... .......... 63% 49.2M 0s
[13.141s]   2600K .......... .......... .......... .......... .......... 64% 54.4M 0s
[13.141s]   2650K .......... .......... .......... .......... .......... 65% 54.0M 0s
[13.143s]   2700K .......... .......... .......... .......... .......... 67% 58.9M 0s
[13.144s]   2750K .......... .......... .......... .......... .......... 68% 25.4M 0s
[13.144s]   2800K .......... .......... .......... .......... .......... 69%  153M 0s
[13.145s]   2850K .......... .......... .......... .......... .......... 70%  198M 0s
[13.145s]   2900K .......... .......... .......... .......... .......... 72%  199M 0s
[13.145s]   2950K .......... .......... .......... .......... .......... 73%  188M 0s
[13.145s]   3000K .......... .......... .......... .......... .......... 74%  185M 0s
[13.146s]   3050K .......... .......... .......... .......... .......... 75%  199M 0s
[13.146s]   3100K .......... .......... .......... .......... .......... 76%  182M 0s
[13.147s]   3150K .......... .......... .......... .......... .......... 78%  186M 0s
[13.147s]   3200K .......... .......... .......... .......... .......... 79% 63.7M 0s
[13.148s]   3250K .......... .......... .......... .......... .......... 80% 39.4M 0s
[13.149s]   3300K .......... .......... .......... .......... .......... 81% 50.5M 0s
[13.150s]   3350K .......... .......... .......... .......... .......... 83% 55.1M 0s
[13.151s]   3400K .......... .......... .......... .......... .......... 84% 40.8M 0s
[13.154s]   3450K .......... .......... .......... .......... .......... 85% 58.4M 0s
[13.155s]   3500K .......... .......... .......... .......... .......... 86% 43.5M 0s
[13.157s]   3550K .......... .......... .......... .......... .......... 87% 31.8M 0s
[13.158s]   3600K .......... .......... .......... .......... .......... 89% 40.5M 0s
[13.158s]   3650K .......... .......... .......... .......... .......... 90% 28.2M 0s
[13.159s]   3700K .......... .......... .......... .......... .......... 91% 41.1M 0s
[13.159s]   3750K .......... .......... .......... .......... .......... 92% 48.8M 0s
[13.160s]   3800K .......... .......... .......... .......... .......... 93%  153M 0s
[13.160s]   3850K .......... .......... .......... .......... .......... 95%  189M 0s
[13.160s]   3900K .......... .......... .......... .......... .......... 96%  144M 0s
[13.161s]   3950K .......... .......... .......... .......... .......... 97%  210M 0s
[13.161s]   4000K .......... .......... .......... .......... .......... 98%  206M 0s
[13.161s]   4050K .......... .......... .......... .......... ......    100%  185M=0.05s
[13.161s] 
[13.161s] 2026-03-31 11:27:52 (73.1 MB/s) - '/home/user/seek_destroy_ws/build/multirobot_map_merge/map05.pgm' saved [4194362/4194362]
[13.161s] 
[13.162s] Checking MD5 sum of /home/user/seek_destroy_ws/build/multirobot_map_merge/map05.pgm
[13.174s] /home/user/seek_destroy_ws/build/multirobot_map_merge/map05.pgm: OK
[13.185s] --2026-03-31 11:27:52--  https://raw.githubusercontent.com/hrnr/m-explore-extra/master/map_merge/gmapping_maps/2011-08-09-12-22-52.pgm
[13.189s] Resolving raw.githubusercontent.com (raw.githubusercontent.com)... 185.199.108.133, 185.199.111.133, 185.199.110.133, ...
[13.190s] Connecting to raw.githubusercontent.com (raw.githubusercontent.com)|185.199.108.133|:443... connected.
[14.174s] HTTP request sent, awaiting response... 200 OK
[14.174s] Length: 16000058 (15M) [application/octet-stream]
[14.174s] Saving to: '/home/user/seek_destroy_ws/build/multirobot_map_merge/2011-08-09-12-22-52.pgm'
[14.174s] 
[14.175s]      0K .......... .......... .......... .......... ..........  0% 50.2M 0s
[14.175s]     50K .......... .......... .......... .......... ..........  0% 57.6M 0s
[14.179s]    100K .......... .......... .......... .......... ..........  0% 14.5M 1s
[14.186s]    150K .......... .......... .......... .......... ..........  1% 8.42M 1s
[14.188s]    200K .......... .......... .......... .......... ..........  1% 12.8M 1s
[14.191s]    250K .......... .......... .......... .......... ..........  1% 17.5M 1s
[14.194s]    300K .......... .......... .......... .......... ..........  2%  100M 1s
[14.194s]    350K .......... .......... .......... .......... ..........  2% 17.8M 1s
[14.195s]    400K .......... .......... .......... .......... ..........  2% 43.1M 1s
[14.197s]    450K .......... .......... .......... .......... ..........  3% 33.8M 1s
[14.199s]    500K .......... .......... .......... .......... ..........  3% 26.3M 1s
[14.200s]    550K .......... .......... .......... .......... ..........  3% 36.3M 1s
[14.201s]    600K .......... .......... .......... .......... ..........  4% 59.2M 1s
[14.201s]    650K .......... .......... .......... .......... ..........  4% 87.6M 1s
[14.203s]    700K .......... .......... .......... .......... ..........  4% 32.2M 1s
[14.204s]    750K .......... .......... .......... .......... ..........  5% 87.5M 1s
[14.204s]    800K .......... .......... .......... .......... ..........  5%  104M 1s
[14.205s]    850K .......... .......... .......... .......... ..........  5% 61.2M 1s
[14.206s]    900K .......... .......... .......... .......... ..........  6% 69.6M 0s
[14.206s]    950K .......... .......... .......... .......... ..........  6%  207M 0s
[14.207s]   1000K .......... .......... .......... .......... ..........  6% 51.1M 0s
[14.207s]   1050K .......... .......... .......... .......... ..........  7%  111M 0s
[14.208s]   1100K .......... .......... .......... .......... ..........  7%  150M 0s
[14.208s]   1150K .......... .......... .......... .......... ..........  7%  203M 0s
[14.208s]   1200K .......... .......... .......... .......... ..........  7% 80.2M 0s
[14.209s]   1250K .......... .......... .......... .......... ..........  8%  139M 0s
[14.209s]   1300K .......... .......... .......... .......... ..........  8%  168M 0s
[14.209s]   1350K .......... .......... .......... .......... ..........  8%  111M 0s
[14.210s]   1400K .......... .......... .......... .......... ..........  9% 94.0M 0s
[14.211s]   1450K .......... .......... .......... .......... ..........  9% 51.6M 0s
[14.211s]   1500K .......... .......... .......... .......... ..........  9%  223M 0s
[14.211s]   1550K .......... .......... .......... .......... .......... 10%  168M 0s
[14.212s]   1600K .......... .......... .......... .......... .......... 10%  218M 0s
[14.213s]   1650K .......... .......... .......... .......... .......... 10%  123M 0s
[14.213s]   1700K .......... .......... .......... .......... .......... 11%  119M 0s
[14.214s]   1750K .......... .......... .......... .......... .......... 11%  136M 0s
[14.214s]   1800K .......... .......... .......... .......... .......... 11%  114M 0s
[14.214s]   1850K .......... .......... .......... .......... .......... 12%  198M 0s
[14.216s]   1900K .......... .......... .......... .......... .......... 12% 24.2M 0s
[14.216s]   1950K .......... .......... .......... .......... .......... 12%  104M 0s
[14.217s]   2000K .......... .......... .......... .......... .......... 13% 80.3M 0s
[14.217s]   2050K .......... .......... .......... .......... .......... 13% 76.1M 0s
[14.219s]   2100K .......... .......... .......... .......... .......... 13% 57.3M 0s
[14.220s]   2150K .......... .......... .......... .......... .......... 14% 36.2M 0s
[14.223s]   2200K .......... .......... .......... .......... .......... 14% 33.7M 0s
[14.223s]   2250K .......... .......... .......... .......... .......... 14%  148M 0s
[14.223s]   2300K .......... .......... .......... .......... .......... 15%  159M 0s
[14.224s]   2350K .......... .......... .......... .......... .......... 15% 95.0M 0s
[14.224s]   2400K .......... .......... .......... .......... .......... 15% 94.2M 0s
[14.230s]   2450K .......... .......... .......... .......... .......... 15% 14.1M 0s
[14.230s]   2500K .......... .......... .......... .......... .......... 16% 55.9M 0s
[14.230s]   2550K .......... .......... .......... .......... .......... 16% 44.7M 0s
[14.230s]   2600K .......... .......... .......... .......... .......... 16% 84.2M 0s
[14.238s]   2650K .......... .......... .......... .......... .......... 17% 69.6M 0s
[14.238s]   2700K .......... .......... .......... .......... .......... 17% 97.6M 0s
[14.239s]   2750K .......... .......... .......... .......... .......... 17%  164M 0s
[14.239s]   2800K .......... .......... .......... .......... .......... 18%  111M 0s
[14.239s]   2850K .......... .......... .......... .......... .......... 18%  119M 0s
[14.240s]   2900K .......... .......... .......... .......... .......... 18%  110M 0s
[14.240s]   2950K .......... .......... .......... .......... .......... 19%  178M 0s
[14.240s]   3000K .......... .......... .......... .......... .......... 19%  170M 0s
[14.240s]   3050K .......... .......... .......... .......... .......... 19% 93.0M 0s
[14.240s]   3100K .......... .......... .......... .......... .......... 20%  168M 0s
[14.241s]   3150K .......... .......... .......... .......... .......... 20% 91.1M 0s
[14.241s]   3200K .......... .......... .......... .......... .......... 20%  122M 0s
[14.241s]   3250K .......... .......... .......... .......... .......... 21% 17.6M 0s
[14.241s]   3300K .......... .......... .......... .......... .......... 21% 37.6M 0s
[14.241s]   3350K .......... .......... .......... .......... .......... 21% 33.3M 0s
[14.243s]   3400K .......... .......... .......... .......... .......... 22% 13.9M 0s
[14.244s]   3450K .......... .......... .......... .......... .......... 22% 45.2M 0s
[14.245s]   3500K .......... .......... .......... .......... .......... 22% 42.0M 0s
[14.246s]   3550K .......... .......... .......... .......... .......... 23% 41.3M 0s
[14.248s]   3600K .......... .......... .......... .......... .......... 23% 39.0M 0s
[14.249s]   3650K .......... .......... .......... .......... .......... 23% 39.8M 0s
[14.250s]   3700K .......... .......... .......... .......... .......... 23% 38.5M 0s
[14.251s]   3750K .......... .......... .......... .......... .......... 24% 38.8M 0s
[14.253s]   3800K .......... .......... .......... .......... .......... 24% 33.3M 0s
[14.262s]   3850K .......... .......... .......... .......... .......... 24% 9.22M 0s
[14.263s]   3900K .......... .......... .......... .......... .......... 25% 9.90M 0s
[14.265s]   3950K .......... .......... .......... .......... .......... 25% 34.0M 0s
[14.266s]   4000K .......... .......... .......... .......... .......... 25% 33.2M 0s
[14.267s]   4050K .......... .......... .......... .......... .......... 26% 58.6M 0s
[14.267s]   4100K .......... .......... .......... .......... .......... 26%  129M 0s
[14.269s]   4150K .......... .......... .......... .......... .......... 26% 31.8M 0s
[14.270s]   4200K .......... .......... .......... .......... .......... 27% 47.0M 0s
[14.271s]   4250K .......... .......... .......... .......... .......... 27% 60.5M 0s
[14.271s]   4300K .......... .......... .......... .......... .......... 27% 79.3M 0s
[14.272s]   4350K .......... .......... .......... .......... .......... 28% 73.4M 0s
[14.272s]   4400K .......... .......... .......... .......... .......... 28% 95.9M 0s
[14.272s]   4450K .......... .......... .......... .......... .......... 28%  193M 0s
[14.273s]   4500K .......... .......... .......... .......... .......... 29%  209M 0s
[14.273s]   4550K .......... .......... .......... .......... .......... 29%  199M 0s
[14.274s]   4600K .......... .......... .......... .......... .......... 29% 79.9M 0s
[14.278s]   4650K .......... .......... .......... .......... .......... 30% 10.7M 0s
[14.278s]   4700K .......... .......... .......... .......... .......... 30%  162M 0s
[14.278s]   4750K .......... .......... .......... .......... .......... 30%  161M 0s
[14.279s]   4800K .......... .......... .......... .......... .......... 31%  122M 0s
[14.279s]   4850K .......... .......... .......... .......... .......... 31%  196M 0s
[14.280s]   4900K .......... .......... .......... .......... .......... 31%  180M 0s
[14.280s]   4950K .......... .......... .......... .......... .......... 31%  156M 0s
[14.280s]   5000K .......... .......... .......... .......... .......... 32%  157M 0s
[14.280s]   5050K .......... .......... .......... .......... .......... 32%  151M 0s
[14.281s]   5100K .......... .......... .......... .......... .......... 32%  164M 0s
[14.281s]   5150K .......... .......... .......... .......... .......... 33%  151M 0s
[14.281s]   5200K .......... .......... .......... .......... .......... 33%  156M 0s
[14.282s]   5250K .......... .......... .......... .......... .......... 33%  104M 0s
[14.282s]   5300K .......... .......... .......... .......... .......... 34%  138M 0s
[14.283s]   5350K .......... .......... .......... .......... .......... 34% 96.4M 0s
[14.286s]   5400K .......... .......... .......... .......... .......... 34%  126M 0s
[14.286s]   5450K .......... .......... .......... .......... .......... 35%  222M 0s
[14.286s]   5500K .......... .......... .......... .......... .......... 35%  270M 0s
[14.287s]   5550K .......... .......... .......... .......... .......... 35%  260M 0s
[14.287s]   5600K .......... .......... .......... .......... .......... 36%  167M 0s
[14.287s]   5650K .......... .......... .......... .......... .......... 36%  157M 0s
[14.287s]   5700K .......... .......... .......... .......... .......... 36%  208M 0s
[14.287s]   5750K .......... .......... .......... .......... .......... 37%  243M 0s
[14.287s]   5800K .......... .......... .......... .......... .......... 37%  132M 0s
[14.287s]   5850K .......... .......... .......... .......... .......... 37% 72.5M 0s
[14.288s]   5900K .......... .......... .......... .......... .......... 38%  168M 0s
[14.288s]   5950K .......... .......... .......... .......... .......... 38%  159M 0s
[14.288s]   6000K .......... .......... .......... .......... .......... 38% 73.6M 0s
[14.298s]   6050K .......... .......... .......... .......... .......... 39%  157M 0s
[14.298s]   6100K .......... .......... .......... .......... .......... 39%  241M 0s
[14.298s]   6150K .......... .......... .......... .......... .......... 39%  197M 0s
[14.299s]   6200K .......... .......... .......... .......... .......... 39%  150M 0s
[14.299s]   6250K .......... .......... .......... .......... .......... 40%  187M 0s
[14.299s]   6300K .......... .......... .......... .......... .......... 40%  163M 0s
[14.299s]   6350K .......... .......... .......... .......... .......... 40%  254M 0s
[14.299s]   6400K .......... .......... .......... .......... .......... 41%  186M 0s
[14.299s]   6450K .......... .......... .......... .......... .......... 41%  228M 0s
[14.299s]   6500K .......... .......... .......... .......... .......... 41%  152M 0s
[14.299s]   6550K .......... .......... .......... .......... .......... 42%  228M 0s
[14.299s]   6600K .......... .......... .......... .......... .......... 42%  237M 0s
[14.299s]   6650K .......... .......... .......... .......... .......... 42%  153M 0s
[14.300s]   6700K .......... .......... .......... .......... .......... 43%  162M 0s
[14.300s]   6750K .......... .......... .......... .......... .......... 43%  269M 0s
[14.300s]   6800K .......... .......... .......... .......... .......... 43%  188M 0s
[14.300s]   6850K .......... .......... .......... .......... .......... 44%  167M 0s
[14.300s]   6900K .......... .......... .......... .......... .......... 44%  175M 0s
[14.300s]   6950K .......... .......... .......... .......... .......... 44%  236M 0s
[14.301s]   7000K .......... .......... .......... .......... .......... 45%  142M 0s
[14.301s]   7050K .......... .......... .......... .......... .......... 45%  200M 0s
[14.301s]   7100K .......... .......... .......... .......... .......... 45%  200M 0s
[14.302s]   7150K .......... .......... .......... .......... .......... 46%  220M 0s
[14.302s]   7200K .......... .......... .......... .......... .......... 46%  226M 0s
[14.302s]   7250K .......... .......... .......... .......... .......... 46%  256M 0s
[14.303s]   7300K .......... .......... .......... .......... .......... 47%  156M 0s
[14.303s]   7350K .......... .......... .......... .......... .......... 47%  176M 0s
[14.303s]   7400K .......... .......... .......... .......... .......... 47%  212M 0s
[14.303s]   7450K .......... .......... .......... .......... .......... 47%  194M 0s
[14.303s]   7500K .......... .......... .......... .......... .......... 48%  253M 0s
[14.303s]   7550K .......... .......... .......... .......... .......... 48%  233M 0s
[14.303s]   7600K .......... .......... .......... .......... .......... 48%  188M 0s
[14.304s]   7650K .......... .......... .......... .......... .......... 49%  215M 0s
[14.304s]   7700K .......... .......... .......... .......... .......... 49%  186M 0s
[14.304s]   7750K .......... .......... .......... .......... .......... 49%  199M 0s
[14.304s]   7800K .......... .......... .......... .......... .......... 50%  190M 0s
[14.304s]   7850K .......... .......... .......... .......... .......... 50%  224M 0s
[14.304s]   7900K .......... .......... .......... .......... .......... 50%  256M 0s
[14.304s]   7950K .......... .......... .......... .......... .......... 51%  232M 0s
[14.304s]   8000K .......... .......... .......... .......... .......... 51%  148M 0s
[14.304s]   8050K .......... .......... .......... .......... .......... 51% 96.8M 0s
[14.304s]   8100K .......... .......... .......... .......... .......... 52% 98.2M 0s
[14.304s]   8150K .......... .......... .......... .......... .......... 52% 68.0M 0s
[14.305s]   8200K .......... .......... .......... .......... .......... 52% 35.3M 0s
[14.305s]   8250K .......... .......... .......... .......... .......... 53% 42.2M 0s
[14.305s]   8300K .......... .......... .......... .......... .......... 53% 43.7M 0s
[14.318s]   8350K .......... .......... .......... .......... .......... 53% 3.48M 0s
[14.318s]   8400K .......... .......... .......... .......... .......... 54% 44.0M 0s
[14.319s]   8450K .......... .......... .......... .......... .......... 54% 33.0M 0s
[14.321s]   8500K .......... .......... .......... .......... .......... 54% 33.8M 0s
[14.325s]   8550K .......... .......... .......... .......... .......... 55% 11.2M 0s
[14.326s]   8600K .......... .......... .......... .......... .......... 55% 38.5M 0s
[14.327s]   8650K .......... .......... .......... .......... .......... 55%  168M 0s
[14.327s]   8700K .......... .......... .......... .......... .......... 55%  172M 0s
[14.327s]   8750K .......... .......... .......... .......... .......... 56%  191M 0s
[14.328s]   8800K .......... .......... .......... .......... .......... 56% 56.6M 0s
[14.328s]   8850K .......... .......... .......... .......... .......... 56%  165M 0s
[14.329s]   8900K .......... .......... .......... .......... .......... 57%  169M 0s
[14.329s]   8950K .......... .......... .......... .......... .......... 57%  145M 0s
[14.329s]   9000K .......... .......... .......... .......... .......... 57% 98.3M 0s
[14.330s]   9050K .......... .......... .......... .......... .......... 58%  118M 0s
[14.330s]   9100K .......... .......... .......... .......... .......... 58%  143M 0s
[14.331s]   9150K .......... .......... .......... .......... .......... 58%  162M 0s
[14.331s]   9200K .......... .......... .......... .......... .......... 59% 94.6M 0s
[14.331s]   9250K .......... .......... .......... .......... .......... 59%  135M 0s
[14.332s]   9300K .......... .......... .......... .......... .......... 59% 71.2M 0s
[14.332s]   9350K .......... .......... .......... .......... .......... 60%  158M 0s
[14.334s]   9400K .......... .......... .......... .......... .......... 60% 26.9M 0s
[14.334s]   9450K .......... .......... .......... .......... .......... 60%  138M 0s
[14.336s]   9500K .......... .......... .......... .......... .......... 61%  142M 0s
[14.336s]   9550K .......... .......... .......... .......... .......... 61%  191M 0s
[14.337s]   9600K .......... .......... .......... .......... .......... 61% 80.3M 0s
[14.337s]   9650K .......... .......... .......... .......... .......... 62%  173M 0s
[14.337s]   9700K .......... .......... .......... .......... .......... 62%  116M 0s
[14.337s]   9750K .......... .......... .......... .......... .......... 62%  190M 0s
[14.338s]   9800K .......... .......... .......... .......... .......... 63%  172M 0s
[14.338s]   9850K .......... .......... .......... .......... .......... 63%  148M 0s
[14.339s]   9900K .......... .......... .......... .......... .......... 63%  137M 0s
[14.339s]   9950K .......... .......... .......... .......... .......... 63%  127M 0s
[14.339s]  10000K .......... .......... .......... .......... .......... 64% 37.3M 0s
[14.340s]  10050K .......... .......... .......... .......... .......... 64%  153M 0s
[14.340s]  10100K .......... .......... .......... .......... .......... 64%  200M 0s
[14.341s]  10150K .......... .......... .......... .......... .......... 65% 96.9M 0s
[14.341s]  10200K .......... .......... .......... .......... .......... 65%  130M 0s
[14.342s]  10250K .......... .......... .......... .......... .......... 65%  170M 0s
[14.343s]  10300K .......... .......... .......... .......... .......... 66%  177M 0s
[14.343s]  10350K .......... .......... .......... .......... .......... 66%  149M 0s
[14.343s]  10400K .......... .......... .......... .......... .......... 66%  146M 0s
[14.344s]  10450K .......... .......... .......... .......... .......... 67%  172M 0s
[14.344s]  10500K .......... .......... .......... .......... .......... 67%  105M 0s
[14.344s]  10550K .......... .......... .......... .......... .......... 67%  155M 0s
[14.344s]  10600K .......... .......... .......... .......... .......... 68%  123M 0s
[14.344s]  10650K .......... .......... .......... .......... .......... 68%  183M 0s
[14.345s]  10700K .......... .......... .......... .......... .......... 68%  145M 0s
[14.345s]  10750K .......... .......... .......... .......... .......... 69%  151M 0s
[14.345s]  10800K .......... .......... .......... .......... .......... 69%  119M 0s
[14.345s]  10850K .......... .......... .......... .......... .......... 69%  155M 0s
[14.346s]  10900K .......... .......... .......... .......... .......... 70%  144M 0s
[14.346s]  10950K .......... .......... .......... .......... .......... 70%  165M 0s
[14.346s]  11000K .......... .......... .......... .......... .......... 70% 82.6M 0s
[14.347s]  11050K .......... .......... .......... .......... .......... 71%  146M 0s
[14.347s]  11100K .......... .......... .......... .......... .......... 71%  126M 0s
[14.347s]  11150K .......... .......... .......... .......... .......... 71%  162M 0s
[14.348s]  11200K .......... .......... .......... .......... .......... 71%  131M 0s
[14.349s]  11250K .......... .......... .......... .......... .......... 72%  187M 0s
[14.349s]  11300K .......... .......... .......... .......... .......... 72%  213M 0s
[14.349s]  11350K .......... .......... .......... .......... .......... 72%  189M 0s
[14.350s]  11400K .......... .......... .......... .......... .......... 73% 38.1M 0s
[14.351s]  11450K .......... .......... .......... .......... .......... 73% 51.7M 0s
[14.361s]  11500K .......... .......... .......... .......... .......... 73% 60.9M 0s
[14.361s]  11550K .......... .......... .......... .......... .......... 74% 50.4M 0s
[14.361s]  11600K .......... .......... .......... .......... .......... 74% 39.3M 0s
[14.361s]  11650K .......... .......... .......... .......... .......... 74% 56.7M 0s
[14.362s]  11700K .......... .......... .......... .......... .......... 75% 58.3M 0s
[14.362s]  11750K .......... .......... .......... .......... .......... 75% 53.1M 0s
[14.362s]  11800K .......... .......... .......... .......... .......... 75% 46.8M 0s
[14.362s]  11850K .......... .......... .......... .......... .......... 76% 58.4M 0s
[14.363s]  11900K .......... .......... .......... .......... .......... 76% 50.2M 0s
[14.363s]  11950K .......... .......... .......... .......... .......... 76% 54.7M 0s
[14.363s]  12000K .......... .......... .......... .......... .......... 77% 41.9M 0s
[14.363s]  12050K .......... .......... .......... .......... .......... 77% 53.8M 0s
[14.363s]  12100K .......... .......... .......... .......... .......... 77% 57.0M 0s
[14.367s]  12150K .......... .......... .......... .......... .......... 78% 43.1M 0s
[14.370s]  12200K .......... .......... .......... .......... .......... 78%  190M 0s
[14.370s]  12250K .......... .......... .......... .......... .......... 78%  180M 0s
[14.370s]  12300K .......... .......... .......... .......... .......... 79%  103M 0s
[14.370s]  12350K .......... .......... .......... .......... .......... 79%  135M 0s
[14.370s]  12400K .......... .......... .......... .......... .......... 79%  170M 0s
[14.371s]  12450K .......... .......... .......... .......... .......... 79%  154M 0s
[14.371s]  12500K .......... .......... .......... .......... .......... 80%  155M 0s
[14.371s]  12550K .......... .......... .......... .......... .......... 80%  140M 0s
[14.371s]  12600K .......... .......... .......... .......... .......... 80%  148M 0s
[14.371s]  12650K .......... .......... .......... .......... .......... 81%  139M 0s
[14.371s]  12700K .......... .......... .......... .......... .......... 81%  168M 0s
[14.371s]  12750K .......... .......... .......... .......... .......... 81%  151M 0s
[14.371s]  12800K .......... .......... .......... .......... .......... 82%  101M 0s
[14.372s]  12850K .......... .......... .......... .......... .......... 82%  163M 0s
[14.373s]  12900K .......... .......... .......... .......... .......... 82% 12.2M 0s
[14.374s]  12950K .......... .......... .......... .......... .......... 83% 73.1M 0s
[14.375s]  13000K .......... .......... .......... .......... .......... 83% 40.8M 0s
[14.378s]  13050K .......... .......... .......... .......... .......... 83% 51.8M 0s
[14.379s]  13100K .......... .......... .......... .......... .......... 84%  187M 0s
[14.379s]  13150K .......... .......... .......... .......... .......... 84%  248M 0s
[14.380s]  13200K .......... .......... .......... .......... .......... 84%  132M 0s
[14.380s]  13250K .......... .......... .......... .......... .......... 85%  149M 0s
[14.380s]  13300K .......... .......... .......... .......... .......... 85%  157M 0s
[14.381s]  13350K .......... .......... .......... .......... .......... 85%  141M 0s
[14.381s]  13400K .......... .......... .......... .......... .......... 86%  131M 0s
[14.381s]  13450K .......... .......... .......... .......... .......... 86% 31.1M 0s
[14.383s]  13500K .......... .......... .......... .......... .......... 86% 28.2M 0s
[14.384s]  13550K .......... .......... .......... .......... .......... 87% 46.1M 0s
[14.384s]  13600K .......... .......... .......... .......... .......... 87% 70.4M 0s
[14.387s]  13650K .......... .......... .......... .......... .......... 87% 44.7M 0s
[14.387s]  13700K .......... .......... .......... .......... .......... 87% 44.8M 0s
[14.402s]  13750K .......... .......... .......... .......... .......... 88% 9.60M 0s
[14.403s]  13800K .......... .......... .......... .......... .......... 88%  173M 0s
[14.403s]  13850K .......... .......... .......... .......... .......... 88%  178M 0s
[14.403s]  13900K .......... .......... .......... .......... .......... 89%  216M 0s
[14.403s]  13950K .......... .......... .......... .......... .......... 89%  190M 0s
[14.403s]  14000K .......... .......... .......... .......... .......... 89%  155M 0s
[14.404s]  14050K .......... .......... .......... .......... .......... 90%  210M 0s
[14.404s]  14100K .......... .......... .......... .......... .......... 90%  213M 0s
[14.404s]  14150K .......... .......... .......... .......... .......... 90%  215M 0s
[14.404s]  14200K .......... .......... .......... .......... .......... 91%  131M 0s
[14.404s]  14250K .......... .......... .......... .......... .......... 91%  218M 0s
[14.404s]  14300K .......... .......... .......... .......... .......... 91%  202M 0s
[14.404s]  14350K .......... .......... .......... .......... .......... 92%  172M 0s
[14.404s]  14400K .......... .......... .......... .......... .......... 92%  157M 0s
[14.405s]  14450K .......... .......... .......... .......... .......... 92%  194M 0s
[14.405s]  14500K .......... .......... .......... .......... .......... 93%  227M 0s
[14.405s]  14550K .......... .......... .......... .......... .......... 93%  213M 0s
[14.405s]  14600K .......... .......... .......... .......... .......... 93%  164M 0s
[14.405s]  14650K .......... .......... .......... .......... .......... 94%  200M 0s
[14.405s]  14700K .......... .......... .......... .......... .......... 94%  268M 0s
[14.405s]  14750K .......... .......... .......... .......... .......... 94%  239M 0s
[14.405s]  14800K .......... .......... .......... .......... .......... 95%  142M 0s
[14.405s]  14850K .......... .......... .......... .......... .......... 95%  194M 0s
[14.405s]  14900K .......... .......... .......... .......... .......... 95%  107M 0s
[14.405s]  14950K .......... .......... .......... .......... .......... 95%  181M 0s
[14.405s]  15000K .......... .......... .......... .......... .......... 96%  195M 0s
[14.406s]  15050K .......... .......... .......... .......... .......... 96% 92.3M 0s
[14.406s]  15100K .......... .......... .......... .......... .......... 96% 93.8M 0s
[14.406s]  15150K .......... .......... .......... .......... .......... 97%  215M 0s
[14.406s]  15200K .......... .......... .......... .......... .......... 97%  183M 0s
[14.406s]  15250K .......... .......... .......... .......... .......... 97%  190M 0s
[14.406s]  15300K .......... .......... .......... .......... .......... 98%  106M 0s
[14.410s]  15350K .......... .......... .......... .......... .......... 98%  118M 0s
[14.410s]  15400K .......... .......... .......... .......... .......... 98%  134M 0s
[14.410s]  15450K .......... .......... .......... .......... .......... 99% 32.3M 0s
[14.410s]  15500K .......... .......... .......... .......... .......... 99%  178M 0s
[14.410s]  15550K .......... .......... .......... .......... .......... 99%  123M 0s
[14.410s]  15600K .......... .......... .....                           100%  126M=0.2s
[14.410s] 
[14.410s] 2026-03-31 11:27:53 (66.7 MB/s) - '/home/user/seek_destroy_ws/build/multirobot_map_merge/2011-08-09-12-22-52.pgm' saved [16000058/16000058]
[14.410s] 
[14.411s] Checking MD5 sum of /home/user/seek_destroy_ws/build/multirobot_map_merge/2011-08-09-12-22-52.pgm
[14.459s] /home/user/seek_destroy_ws/build/multirobot_map_merge/2011-08-09-12-22-52.pgm: OK
[14.467s] --2026-03-31 11:27:53--  https://raw.githubusercontent.com/hrnr/m-explore-extra/master/map_merge/gmapping_maps/2012-01-28-11-12-01.pgm
[14.472s] Resolving raw.githubusercontent.com (raw.githubusercontent.com)... 185.199.108.133, 185.199.111.133, 185.199.110.133, ...
[14.473s] Connecting to raw.githubusercontent.com (raw.githubusercontent.com)|185.199.108.133|:443... connected.
[15.007s] HTTP request sent, awaiting response... 200 OK
[15.007s] Length: 16000058 (15M) [application/octet-stream]
[15.007s] Saving to: '/home/user/seek_destroy_ws/build/multirobot_map_merge/2012-01-28-11-12-01.pgm'
[15.007s] 
[15.010s]      0K .......... .......... .......... .......... ..........  0% 18.3M 1s
[15.012s]     50K .......... .......... .......... .......... ..........  0% 20.2M 1s
[15.013s]    100K .......... .......... .......... .......... ..........  0% 85.0M 1s
[15.013s]    150K .......... .......... .......... .......... ..........  1%  149M 0s
[15.013s]    200K .......... .......... .......... .......... ..........  1% 91.8M 0s
[15.014s]    250K .......... .......... .......... .......... ..........  1%  214M 0s
[15.016s]    300K .......... .......... .......... .......... ..........  2%  163M 0s
[15.017s]    350K .......... .......... .......... .......... ..........  2% 16.7M 0s
[15.018s]    400K .......... .......... .......... .......... ..........  2% 99.9M 0s
[15.019s]    450K .......... .......... .......... .......... ..........  3%  213M 0s
[15.019s]    500K .......... .......... .......... .......... ..........  3% 99.0M 0s
[15.019s]    550K .......... .......... .......... .......... ..........  3% 69.4M 0s
[15.021s]    600K .......... .......... .......... .......... ..........  4% 37.9M 0s
[15.024s]    650K .......... .......... .......... .......... ..........  4% 13.4M 0s
[15.026s]    700K .......... .......... .......... .......... ..........  4% 19.9M 0s
[15.027s]    750K .......... .......... .......... .......... ..........  5% 93.9M 0s
[15.027s]    800K .......... .......... .......... .......... ..........  5%  115M 0s
[15.028s]    850K .......... .......... .......... .......... ..........  5%  135M 0s
[15.029s]    900K .......... .......... .......... .......... ..........  6% 89.8M 0s
[15.029s]    950K .......... .......... .......... .......... ..........  6% 80.5M 0s
[15.030s]   1000K .......... .......... .......... .......... ..........  6% 72.3M 0s
[15.030s]   1050K .......... .......... .......... .......... ..........  7%  162M 0s
[15.033s]   1100K .......... .......... .......... .......... ..........  7%  127M 0s
[15.033s]   1150K .......... .......... .......... .......... ..........  7%  120M 0s
[15.034s]   1200K .......... .......... .......... .......... ..........  7%  171M 0s
[15.035s]   1250K .......... .......... .......... .......... ..........  8%  132M 0s
[15.035s]   1300K .......... .......... .......... .......... ..........  8% 99.6M 0s
[15.035s]   1350K .......... .......... .......... .......... ..........  8%  195M 0s
[15.036s]   1400K .......... .......... .......... .......... ..........  9% 93.7M 0s
[15.036s]   1450K .......... .......... .......... .......... ..........  9% 37.3M 0s
[15.036s]   1500K .......... .......... .......... .......... ..........  9% 50.5M 0s
[15.036s]   1550K .......... .......... .......... .......... .......... 10% 53.5M 0s
[15.036s]   1600K .......... .......... .......... .......... .......... 10%  102M 0s
[15.037s]   1650K .......... .......... .......... .......... .......... 10% 74.8M 0s
[15.038s]   1700K .......... .......... .......... .......... .......... 11% 44.2M 0s
[15.040s]   1750K .......... .......... .......... .......... .......... 11% 27.2M 0s
[15.042s]   1800K .......... .......... .......... .......... .......... 11% 23.1M 0s
[15.043s]   1850K .......... .......... .......... .......... .......... 12% 31.9M 0s
[15.044s]   1900K .......... .......... .......... .......... .......... 12% 77.5M 0s
[15.045s]   1950K .......... .......... .......... .......... .......... 12% 81.1M 0s
[15.045s]   2000K .......... .......... .......... .......... .......... 13% 81.5M 0s
[15.046s]   2050K .......... .......... .......... .......... .......... 13%  235M 0s
[15.046s]   2100K .......... .......... .......... .......... .......... 13% 97.8M 0s
[15.047s]   2150K .......... .......... .......... .......... .......... 14% 89.6M 0s
[15.047s]   2200K .......... .......... .......... .......... .......... 14%  177M 0s
[15.047s]   2250K .......... .......... .......... .......... .......... 14% 79.5M 0s
[15.048s]   2300K .......... .......... .......... .......... .......... 15%  135M 0s
[15.048s]   2350K .......... .......... .......... .......... .......... 15%  199M 0s
[15.048s]   2400K .......... .......... .......... .......... .......... 15%  144M 0s
[15.049s]   2450K .......... .......... .......... .......... .......... 15%  163M 0s
[15.049s]   2500K .......... .......... .......... .......... .......... 16%  163M 0s
[15.049s]   2550K .......... .......... .......... .......... .......... 16%  157M 0s
[15.049s]   2600K .......... .......... .......... .......... .......... 16%  141M 0s
[15.050s]   2650K .......... .......... .......... .......... .......... 17% 86.4M 0s
[15.051s]   2700K .......... .......... .......... .......... .......... 17% 53.6M 0s
[15.051s]   2750K .......... .......... .......... .......... .......... 17%  148M 0s
[15.052s]   2800K .......... .......... .......... .......... .......... 18%  102M 0s
[15.053s]   2850K .......... .......... .......... .......... .......... 18% 33.6M 0s
[15.055s]   2900K .......... .......... .......... .......... .......... 18% 41.0M 0s
[15.056s]   2950K .......... .......... .......... .......... .......... 19% 38.4M 0s
[15.057s]   3000K .......... .......... .......... .......... .......... 19% 48.0M 0s
[15.058s]   3050K .......... .......... .......... .......... .......... 19% 51.0M 0s
[15.059s]   3100K .......... .......... .......... .......... .......... 20% 34.5M 0s
[15.060s]   3150K .......... .......... .......... .......... .......... 20% 68.7M 0s
[15.063s]   3200K .......... .......... .......... .......... .......... 20% 59.2M 0s
[15.063s]   3250K .......... .......... .......... .......... .......... 21% 43.8M 0s
[15.063s]   3300K .......... .......... .......... .......... .......... 21% 46.1M 0s
[15.065s]   3350K .......... .......... .......... .......... .......... 21% 27.6M 0s
[15.065s]   3400K .......... .......... .......... .......... .......... 22% 64.5M 0s
[15.066s]   3450K .......... .......... .......... .......... .......... 22% 88.3M 0s
[15.066s]   3500K .......... .......... .......... .......... .......... 22%  103M 0s
[15.067s]   3550K .......... .......... .......... .......... .......... 23% 74.5M 0s
[15.067s]   3600K .......... .......... .......... .......... .......... 23% 81.7M 0s
[15.068s]   3650K .......... .......... .......... .......... .......... 23%  118M 0s
[15.068s]   3700K .......... .......... .......... .......... .......... 23%  106M 0s
[15.069s]   3750K .......... .......... .......... .......... .......... 24%  160M 0s
[15.069s]   3800K .......... .......... .......... .......... .......... 24%  170M 0s
[15.070s]   3850K .......... .......... .......... .......... .......... 24%  181M 0s
[15.070s]   3900K .......... .......... .......... .......... .......... 25%  215M 0s
[15.070s]   3950K .......... .......... .......... .......... .......... 25%  150M 0s
[15.071s]   4000K .......... .......... .......... .......... .......... 25% 50.4M 0s
[15.072s]   4050K .......... .......... .......... .......... .......... 26% 66.4M 0s
[15.073s]   4100K .......... .......... .......... .......... .......... 26% 60.6M 0s
[15.074s]   4150K .......... .......... .......... .......... .......... 26% 47.8M 0s
[15.074s]   4200K .......... .......... .......... .......... .......... 27% 45.8M 0s
[15.077s]   4250K .......... .......... .......... .......... .......... 27% 22.7M 0s
[15.079s]   4300K .......... .......... .......... .......... .......... 27% 24.7M 0s
[15.080s]   4350K .......... .......... .......... .......... .......... 28% 28.9M 0s
[15.081s]   4400K .......... .......... .......... .......... .......... 28% 57.5M 0s
[15.084s]   4450K .......... .......... .......... .......... .......... 28% 53.6M 0s
[15.084s]   4500K .......... .......... .......... .......... .......... 29% 96.5M 0s
[15.084s]   4550K .......... .......... .......... .......... .......... 29%  138M 0s
[15.084s]   4600K .......... .......... .......... .......... .......... 29%  131M 0s
[15.084s]   4650K .......... .......... .......... .......... .......... 30%  231M 0s
[15.084s]   4700K .......... .......... .......... .......... .......... 30%  199M 0s
[15.085s]   4750K .......... .......... .......... .......... .......... 30%  233M 0s
[15.085s]   4800K .......... .......... .......... .......... .......... 31%  157M 0s
[15.085s]   4850K .......... .......... .......... .......... .......... 31%  207M 0s
[15.086s]   4900K .......... .......... .......... .......... .......... 31% 39.8M 0s
[15.087s]   4950K .......... .......... .......... .......... .......... 31% 31.3M 0s
[15.088s]   5000K .......... .......... .......... .......... .......... 32%  187M 0s
[15.088s]   5050K .......... .......... .......... .......... .......... 32%  180M 0s
[15.088s]   5100K .......... .......... .......... .......... .......... 32%  207M 0s
[15.089s]   5150K .......... .......... .......... .......... .......... 33%  173M 0s
[15.090s]   5200K .......... .......... .......... .......... .......... 33%  139M 0s
[15.090s]   5250K .......... .......... .......... .......... .......... 33% 34.3M 0s
[15.090s]   5300K .......... .......... .......... .......... .......... 34%  212M 0s
[15.091s]   5350K .......... .......... .......... .......... .......... 34%  115M 0s
[15.091s]   5400K .......... .......... .......... .......... .......... 34%  181M 0s
[15.091s]   5450K .......... .......... .......... .......... .......... 35%  148M 0s
[15.092s]   5500K .......... .......... .......... .......... .......... 35%  105M 0s
[15.101s]   5550K .......... .......... .......... .......... .......... 35% 58.8M 0s
[15.102s]   5600K .......... .......... .......... .......... .......... 36%  172M 0s
[15.102s]   5650K .......... .......... .......... .......... .......... 36%  201M 0s
[15.102s]   5700K .......... .......... .......... .......... .......... 36%  167M 0s
[15.102s]   5750K .......... .......... .......... .......... .......... 37%  209M 0s
[15.102s]   5800K .......... .......... .......... .......... .......... 37%  186M 0s
[15.102s]   5850K .......... .......... .......... .......... .......... 37%  161M 0s
[15.102s]   5900K .......... .......... .......... .......... .......... 38%  173M 0s
[15.103s]   5950K .......... .......... .......... .......... .......... 38%  266M 0s
[15.103s]   6000K .......... .......... .......... .......... .......... 38%  200M 0s
[15.103s]   6050K .......... .......... .......... .......... .......... 39%  214M 0s
[15.103s]   6100K .......... .......... .......... .......... .......... 39%  163M 0s
[15.103s]   6150K .......... .......... .......... .......... .......... 39%  144M 0s
[15.103s]   6200K .......... .......... .......... .......... .......... 39%  196M 0s
[15.104s]   6250K .......... .......... .......... .......... .......... 40%  125M 0s
[15.104s]   6300K .......... .......... .......... .......... .......... 40%  154M 0s
[15.104s]   6350K .......... .......... .......... .......... .......... 40%  168M 0s
[15.104s]   6400K .......... .......... .......... .......... .......... 41%  126M 0s
[15.105s]   6450K .......... .......... .......... .......... .......... 41%  150M 0s
[15.105s]   6500K .......... .......... .......... .......... .......... 41%  176M 0s
[15.105s]   6550K .......... .......... .......... .......... .......... 42%  142M 0s
[15.105s]   6600K .......... .......... .......... .......... .......... 42%  145M 0s
[15.105s]   6650K .......... .......... .......... .......... .......... 42%  228M 0s
[15.105s]   6700K .......... .......... .......... .......... .......... 43%  263M 0s
[15.105s]   6750K .......... .......... .......... .......... .......... 43%  174M 0s
[15.105s]   6800K .......... .......... .......... .......... .......... 43%  131M 0s
[15.105s]   6850K .......... .......... .......... .......... .......... 44% 82.9M 0s
[15.106s]   6900K .......... .......... .......... .......... .......... 44% 38.8M 0s
[15.106s]   6950K .......... .......... .......... .......... .......... 44% 80.5M 0s
[15.106s]   7000K .......... .......... .......... .......... .......... 45% 39.2M 0s
[15.107s]   7050K .......... .......... .......... .......... .......... 45% 14.1M 0s
[15.107s]   7100K .......... .......... .......... .......... .......... 45%  168M 0s
[15.115s]   7150K .......... .......... .......... .......... .......... 46% 28.6M 0s
[15.115s]   7200K .......... .......... .......... .......... .......... 46%  106M 0s
[15.115s]   7250K .......... .......... .......... .......... .......... 46%  129M 0s
[15.116s]   7300K .......... .......... .......... .......... .......... 47%  128M 0s
[15.116s]   7350K .......... .......... .......... .......... .......... 47%  113M 0s
[15.116s]   7400K .......... .......... .......... .......... .......... 47%  189M 0s
[15.116s]   7450K .......... .......... .......... .......... .......... 47%  221M 0s
[15.116s]   7500K .......... .......... .......... .......... .......... 48%  163M 0s
[15.116s]   7550K .......... .......... .......... .......... .......... 48%  179M 0s
[15.116s]   7600K .......... .......... .......... .......... .......... 48%  124M 0s
[15.116s]   7650K .......... .......... .......... .......... .......... 49% 92.6M 0s
[15.116s]   7700K .......... .......... .......... .......... .......... 49%  116M 0s
[15.116s]   7750K .......... .......... .......... .......... .......... 49% 87.8M 0s
[15.117s]   7800K .......... .......... .......... .......... .......... 50%  138M 0s
[15.117s]   7850K .......... .......... .......... .......... .......... 50%  187M 0s
[15.117s]   7900K .......... .......... .......... .......... .......... 50%  141M 0s
[15.117s]   7950K .......... .......... .......... .......... .......... 51%  152M 0s
[15.117s]   8000K .......... .......... .......... .......... .......... 51%  174M 0s
[15.117s]   8050K .......... .......... .......... .......... .......... 51% 56.4M 0s
[15.117s]   8100K .......... .......... .......... .......... .......... 52%  163M 0s
[15.118s]   8150K .......... .......... .......... .......... .......... 52%  164M 0s
[15.118s]   8200K .......... .......... .......... .......... .......... 52% 91.5M 0s
[15.118s]   8250K .......... .......... .......... .......... .......... 53%  134M 0s
[15.118s]   8300K .......... .......... .......... .......... .......... 53% 85.5M 0s
[15.118s]   8350K .......... .......... .......... .......... .......... 53% 96.9M 0s
[15.119s]   8400K .......... .......... .......... .......... .......... 54%  121M 0s
[15.119s]   8450K .......... .......... .......... .......... .......... 54%  143M 0s
[15.120s]   8500K .......... .......... .......... .......... .......... 54%  144M 0s
[15.120s]   8550K .......... .......... .......... .......... .......... 55%  107M 0s
[15.121s]   8600K .......... .......... .......... .......... .......... 55% 92.5M 0s
[15.121s]   8650K .......... .......... .......... .......... .......... 55%  102M 0s
[15.122s]   8700K .......... .......... .......... .......... .......... 55% 93.5M 0s
[15.122s]   8750K .......... .......... .......... .......... .......... 56%  202M 0s
[15.122s]   8800K .......... .......... .......... .......... .......... 56%  150M 0s
[15.122s]   8850K .......... .......... .......... .......... .......... 56%  143M 0s
[15.123s]   8900K .......... .......... .......... .......... .......... 57%  223M 0s
[15.123s]   8950K .......... .......... .......... .......... .......... 57%  188M 0s
[15.123s]   9000K .......... .......... .......... .......... .......... 57%  170M 0s
[15.123s]   9050K .......... .......... .......... .......... .......... 58%  180M 0s
[15.129s]   9100K .......... .......... .......... .......... .......... 58%  264M 0s
[15.129s]   9150K .......... .......... .......... .......... .......... 58%  203M 0s
[15.129s]   9200K .......... .......... .......... .......... .......... 59%  161M 0s
[15.130s]   9250K .......... .......... .......... .......... .......... 59%  218M 0s
[15.130s]   9300K .......... .......... .......... .......... .......... 59%  192M 0s
[15.131s]   9350K .......... .......... .......... .......... .......... 60%  232M 0s
[15.131s]   9400K .......... .......... .......... .......... .......... 60%  146M 0s
[15.131s]   9450K .......... .......... .......... .......... .......... 60%  158M 0s
[15.131s]   9500K .......... .......... .......... .......... .......... 61%  114M 0s
[15.132s]   9550K .......... .......... .......... .......... .......... 61% 92.4M 0s
[15.132s]   9600K .......... .......... .......... .......... .......... 61%  106M 0s
[15.132s]   9650K .......... .......... .......... .......... .......... 62% 94.3M 0s
[15.132s]   9700K .......... .......... .......... .......... .......... 62%  148M 0s
[15.132s]   9750K .......... .......... .......... .......... .......... 62%  223M 0s
[15.132s]   9800K .......... .......... .......... .......... .......... 63%  198M 0s
[15.133s]   9850K .......... .......... .......... .......... .......... 63%  153M 0s
[15.133s]   9900K .......... .......... .......... .......... .......... 63%  164M 0s
[15.133s]   9950K .......... .......... .......... .......... .......... 63%  212M 0s
[15.133s]  10000K .......... .......... .......... .......... .......... 64%  178M 0s
[15.133s]  10050K .......... .......... .......... .......... .......... 64%  182M 0s
[15.134s]  10100K .......... .......... .......... .......... .......... 64%  120M 0s
[15.134s]  10150K .......... .......... .......... .......... .......... 65%  208M 0s
[15.134s]  10200K .......... .......... .......... .......... .......... 65%  173M 0s
[15.135s]  10250K .......... .......... .......... .......... .......... 65%  188M 0s
[15.135s]  10300K .......... .......... .......... .......... .......... 66%  207M 0s
[15.135s]  10350K .......... .......... .......... .......... .......... 66%  187M 0s
[15.135s]  10400K .......... .......... .......... .......... .......... 66%  162M 0s
[15.135s]  10450K .......... .......... .......... .......... .......... 67%  182M 0s
[15.136s]  10500K .......... .......... .......... .......... .......... 67%  211M 0s
[15.137s]  10550K .......... .......... .......... .......... .......... 67%  188M 0s
[15.137s]  10600K .......... .......... .......... .......... .......... 68%  132M 0s
[15.137s]  10650K .......... .......... .......... .......... .......... 68%  161M 0s
[15.137s]  10700K .......... .......... .......... .......... .......... 68%  221M 0s
[15.137s]  10750K .......... .......... .......... .......... .......... 69%  206M 0s
[15.137s]  10800K .......... .......... .......... .......... .......... 69%  143M 0s
[15.138s]  10850K .......... .......... .......... .......... .......... 69%  182M 0s
[15.138s]  10900K .......... .......... .......... .......... .......... 70%  228M 0s
[15.139s]  10950K .......... .......... .......... .......... .......... 70%  156M 0s
[15.139s]  11000K .......... .......... .......... .......... .......... 70%  181M 0s
[15.139s]  11050K .......... .......... .......... .......... .......... 71%  144M 0s
[15.139s]  11100K .......... .......... .......... .......... .......... 71%  207M 0s
[15.140s]  11150K .......... .......... .......... .......... .......... 71%  202M 0s
[15.140s]  11200K .......... .......... .......... .......... .......... 71%  146M 0s
[15.140s]  11250K .......... .......... .......... .......... .......... 72%  201M 0s
[15.140s]  11300K .......... .......... .......... .......... .......... 72%  177M 0s
[15.141s]  11350K .......... .......... .......... .......... .......... 72%  183M 0s
[15.141s]  11400K .......... .......... .......... .......... .......... 73%  166M 0s
[15.141s]  11450K .......... .......... .......... .......... .......... 73%  115M 0s
[15.142s]  11500K .......... .......... .......... .......... .......... 73%  131M 0s
[15.142s]  11550K .......... .......... .......... .......... .......... 74%  103M 0s
[15.142s]  11600K .......... .......... .......... .......... .......... 74% 85.5M 0s
[15.142s]  11650K .......... .......... .......... .......... .......... 74% 44.8M 0s
[15.142s]  11700K .......... .......... .......... .......... .......... 75% 68.9M 0s
[15.142s]  11750K .......... .......... .......... .......... .......... 75%  184M 0s
[15.143s]  11800K .......... .......... .......... .......... .......... 75% 27.7M 0s
[15.144s]  11850K .......... .......... .......... .......... .......... 76%  112M 0s
[15.144s]  11900K .......... .......... .......... .......... .......... 76%  129M 0s
[15.144s]  11950K .......... .......... .......... .......... .......... 76%  107M 0s
[15.144s]  12000K .......... .......... .......... .......... .......... 77%  121M 0s
[15.145s]  12050K .......... .......... .......... .......... .......... 77%  149M 0s
[15.145s]  12100K .......... .......... .......... .......... .......... 77%  112M 0s
[15.146s]  12150K .......... .......... .......... .......... .......... 78%  170M 0s
[15.146s]  12200K .......... .......... .......... .......... .......... 78%  112M 0s
[15.147s]  12250K .......... .......... .......... .......... .......... 78% 84.2M 0s
[15.148s]  12300K .......... .......... .......... .......... .......... 79% 75.8M 0s
[15.148s]  12350K .......... .......... .......... .......... .......... 79%  110M 0s
[15.154s]  12400K .......... .......... .......... .......... .......... 79% 51.1M 0s
[15.154s]  12450K .......... .......... .......... .......... .......... 79%  164M 0s
[15.155s]  12500K .......... .......... .......... .......... .......... 80%  237M 0s
[15.155s]  12550K .......... .......... .......... .......... .......... 80%  238M 0s
[15.156s]  12600K .......... .......... .......... .......... .......... 80%  188M 0s
[15.156s]  12650K .......... .......... .......... .......... .......... 81%  236M 0s
[15.157s]  12700K .......... .......... .......... .......... .......... 81%  187M 0s
[15.157s]  12750K .......... .......... .......... .......... .......... 81%  273M 0s
[15.158s]  12800K .......... .......... .......... .......... .......... 82%  223M 0s
[15.159s]  12850K .......... .......... .......... .......... .......... 82%  176M 0s
[15.159s]  12900K .......... .......... .......... .......... .......... 82%  223M 0s
[15.159s]  12950K .......... .......... .......... .......... .......... 83%  230M 0s
[15.160s]  13000K .......... .......... .......... .......... .......... 83%  182M 0s
[15.160s]  13050K .......... .......... .......... .......... .......... 83%  238M 0s
[15.160s]  13100K .......... .......... .......... .......... .......... 84%  256M 0s
[15.160s]  13150K .......... .......... .......... .......... .......... 84%  226M 0s
[15.160s]  13200K .......... .......... .......... .......... .......... 84%  100M 0s
[15.160s]  13250K .......... .......... .......... .......... .......... 85%  178M 0s
[15.160s]  13300K .......... .......... .......... .......... .......... 85%  195M 0s
[15.163s]  13350K .......... .......... .......... .......... .......... 85%  291M 0s
[15.163s]  13400K .......... .......... .......... .......... .......... 86%  295M 0s
[15.163s]  13450K .......... .......... .......... .......... .......... 86%  216M 0s
[15.163s]  13500K .......... .......... .......... .......... .......... 86%  279M 0s
[15.163s]  13550K .......... .......... .......... .......... .......... 87%  168M 0s
[15.163s]  13600K .......... .......... .......... .......... .......... 87%  198M 0s
[15.164s]  13650K .......... .......... .......... .......... .......... 87%  203M 0s
[15.164s]  13700K .......... .......... .......... .......... .......... 87%  175M 0s
[15.164s]  13750K .......... .......... .......... .......... .......... 88%  167M 0s
[15.164s]  13800K .......... .......... .......... .......... .......... 88%  158M 0s
[15.164s]  13850K .......... .......... .......... .......... .......... 88% 87.6M 0s
[15.164s]  13900K .......... .......... .......... .......... .......... 89% 47.0M 0s
[15.164s]  13950K .......... .......... .......... .......... .......... 89%  110M 0s
[15.164s]  14000K .......... .......... .......... .......... .......... 89%  177M 0s
[15.164s]  14050K .......... .......... .......... .......... .......... 90%  134M 0s
[15.164s]  14100K .......... .......... .......... .......... .......... 90%  215M 0s
[15.164s]  14150K .......... .......... .......... .......... .......... 90%  174M 0s
[15.164s]  14200K .......... .......... .......... .......... .......... 91%  182M 0s
[15.164s]  14250K .......... .......... .......... .......... .......... 91%  186M 0s
[15.165s]  14300K .......... .......... .......... .......... .......... 91%  193M 0s
[15.165s]  14350K .......... .......... .......... .......... .......... 92% 63.6M 0s
[15.165s]  14400K .......... .......... .......... .......... .......... 92% 91.4M 0s
[15.165s]  14450K .......... .......... .......... .......... .......... 92%  196M 0s
[15.165s]  14500K .......... .......... .......... .......... .......... 93%  113M 0s
[15.165s]  14550K .......... .......... .......... .......... .......... 93%  210M 0s
[15.170s]  14600K .......... .......... .......... .......... .......... 93% 92.3M 0s
[15.170s]  14650K .......... .......... .......... .......... .......... 94%  179M 0s
[15.170s]  14700K .......... .......... .......... .......... .......... 94%  172M 0s
[15.170s]  14750K .......... .......... .......... .......... .......... 94%  151M 0s
[15.170s]  14800K .......... .......... .......... .......... .......... 95%  152M 0s
[15.170s]  14850K .......... .......... .......... .......... .......... 95%  203M 0s
[15.170s]  14900K .......... .......... .......... .......... .......... 95%  190M 0s
[15.170s]  14950K .......... .......... .......... .......... .......... 95%  190M 0s
[15.171s]  15000K .......... .......... .......... .......... .......... 96%  203M 0s
[15.171s]  15050K .......... .......... .......... .......... .......... 96%  244M 0s
[15.171s]  15100K .......... .......... .......... .......... .......... 96%  289M 0s
[15.171s]  15150K .......... .......... .......... .......... .......... 97%  192M 0s
[15.171s]  15200K .......... .......... .......... .......... .......... 97%  141M 0s
[15.171s]  15250K .......... .......... .......... .......... .......... 97%  263M 0s
[15.171s]  15300K .......... .......... .......... .......... .......... 98%  278M 0s
[15.171s]  15350K .......... .......... .......... .......... .......... 98%  223M 0s
[15.171s]  15400K .......... .......... .......... .......... .......... 98%  192M 0s
[15.171s]  15450K .......... .......... .......... .......... .......... 99%  278M 0s
[15.172s]  15500K .......... .......... .......... .......... .......... 99%  272M 0s
[15.172s]  15550K .......... .......... .......... .......... .......... 99%  238M 0s
[15.172s]  15600K .......... .......... .....                           100%  205M=0.2s
[15.172s] 
[15.172s] 2026-03-31 11:27:54 (95.4 MB/s) - '/home/user/seek_destroy_ws/build/multirobot_map_merge/2012-01-28-11-12-01.pgm' saved [16000058/16000058]
[15.172s] 
[15.173s] Checking MD5 sum of /home/user/seek_destroy_ws/build/multirobot_map_merge/2012-01-28-11-12-01.pgm
[15.202s] /home/user/seek_destroy_ws/build/multirobot_map_merge/2012-01-28-11-12-01.pgm: OK
[15.285s] -- Found gtest sources under '/opt/ros/humble/src/gtest_vendor': C++ tests using 'Google Test' will be built
[15.396s] -- Added test 'cppcheck' to perform static code analysis on C / C++ code
[15.397s] -- Configured cppcheck include dirs: /home/user/seek_destroy_ws/src/m-explore-ros2/map_merge/include;$<BUILD_INTERFACE:/home/user/seek_destroy_ws/src/m-explore-ros2/map_merge/include>
[15.397s] -- Configured cppcheck exclude dirs and/or files: 
[15.399s] -- Added test 'flake8' to check Python code syntax and style conventions
[15.402s] -- Added test 'lint_cmake' to check CMake code style
[15.404s] -- Added test 'pep257' to check Python code against some of the docstring style conventions in PEP 257
[15.409s] -- Added test 'uncrustify' to check C / C++ code style
[15.409s] -- Configured uncrustify additional arguments: 
[15.411s] -- Added test 'xmllint' to check XML markup files
[15.418s] -- Configuring done
[15.606s] -- Generating done
[15.622s] -- Build files have been written to: /home/user/seek_destroy_ws/build/multirobot_map_merge
[15.654s] Invoked command in '/home/user/seek_destroy_ws/build/multirobot_map_merge' returned '0': CMAKE_PREFIX_PATH=${CMAKE_PREFIX_PATH}:/home/user/seek_destroy_ws/install/rosbot_controller:/home/user/seek_destroy_ws/install/rosbot_utils:/home/user/seek_destroy_ws/install/rosbot_gazebo:/home/user/seek_destroy_ws/install/rosbot_bringup:/home/user/seek_destroy_ws/install/autonomous_exploration:/opt/ros/humble _=/usr/bin/env /usr/bin/cmake /home/user/seek_destroy_ws/src/m-explore-ros2/map_merge -DAMENT_CMAKE_SYMLINK_INSTALL=1 -DCMAKE_INSTALL_PREFIX=/home/user/seek_destroy_ws/install/multirobot_map_merge
[15.657s] Invoking command in '/home/user/seek_destroy_ws/build/multirobot_map_merge': CMAKE_PREFIX_PATH=${CMAKE_PREFIX_PATH}:/home/user/seek_destroy_ws/install/rosbot_controller:/home/user/seek_destroy_ws/install/rosbot_utils:/home/user/seek_destroy_ws/install/rosbot_gazebo:/home/user/seek_destroy_ws/install/rosbot_bringup:/home/user/seek_destroy_ws/install/autonomous_exploration:/opt/ros/humble _=/usr/bin/env /usr/bin/cmake --build /home/user/seek_destroy_ws/build/multirobot_map_merge -- -j8 -l8
[15.770s] [  8%] [32mBuilding CXX object CMakeFiles/combine_grids.dir/src/combine_grids/grid_compositor.cpp.o[0m
[18.676s] [ 16%] [32mBuilding CXX object CMakeFiles/combine_grids.dir/src/combine_grids/merging_pipeline.cpp.o[0m
[25.636s] [ 25%] [32mBuilding CXX object CMakeFiles/combine_grids.dir/src/combine_grids/grid_warper.cpp.o[0m
[27.346s] [ 33%] [32m[1mLinking CXX static library libcombine_grids.a[0m
[38.645s] [ 33%] Built target combine_grids
[38.694s] [ 41%] [32mBuilding CXX object gtest/CMakeFiles/gtest.dir/src/gtest-all.cc.o[0m
[43.734s] [ 50%] [32m[1mLinking CXX static library libgtest.a[0m
[43.876s] [ 50%] Built target gtest
[43.910s] [ 58%] [32mBuilding CXX object CMakeFiles/map_merge.dir/src/map_merge.cpp.o[0m
[70.675s] [ 66%] [32m[1mLinking CXX executable map_merge[0m
[72.537s] [ 66%] Built target map_merge
[72.575s] [ 75%] [32mBuilding CXX object gtest/CMakeFiles/gtest_main.dir/src/gtest_main.cc.o[0m
[73.976s] [ 83%] [32m[1mLinking CXX static library libgtest_main.a[0m
[74.071s] [ 83%] Built target gtest_main
[74.106s] [ 91%] [32mBuilding CXX object CMakeFiles/test_merging_pipeline.dir/test/test_merging_pipeline.cpp.o[0m
[81.752s] [100%] [32m[1mLinking CXX executable test_merging_pipeline[0m
[82.711s] [100%] Built target test_merging_pipeline
[82.729s] Invoked command in '/home/user/seek_destroy_ws/build/multirobot_map_merge' returned '0': CMAKE_PREFIX_PATH=${CMAKE_PREFIX_PATH}:/home/user/seek_destroy_ws/install/rosbot_controller:/home/user/seek_destroy_ws/install/rosbot_utils:/home/user/seek_destroy_ws/install/rosbot_gazebo:/home/user/seek_destroy_ws/install/rosbot_bringup:/home/user/seek_destroy_ws/install/autonomous_exploration:/opt/ros/humble _=/usr/bin/env /usr/bin/cmake --build /home/user/seek_destroy_ws/build/multirobot_map_merge -- -j8 -l8
[82.729s] Invoking command in '/home/user/seek_destroy_ws/build/multirobot_map_merge': CMAKE_PREFIX_PATH=${CMAKE_PREFIX_PATH}:/home/user/seek_destroy_ws/install/rosbot_controller:/home/user/seek_destroy_ws/install/rosbot_utils:/home/user/seek_destroy_ws/install/rosbot_gazebo:/home/user/seek_destroy_ws/install/rosbot_bringup:/home/user/seek_destroy_ws/install/autonomous_exploration:/opt/ros/humble _=/usr/bin/env /usr/bin/cmake --install /home/user/seek_destroy_ws/build/multirobot_map_merge
[82.738s] -- Install configuration: ""
[82.740s] -- Execute custom install script
[82.740s] -- Symlinking: /home/user/seek_destroy_ws/install/multirobot_map_merge/include/map_merge//map_merge.h
[82.751s] -- Symlinking: /home/user/seek_destroy_ws/install/multirobot_map_merge/include/map_merge//ros1_names.hpp
[82.770s] -- Symlinking: /home/user/seek_destroy_ws/install/multirobot_map_merge/share/multirobot_map_merge/launch/from_map_server.launch.py
[82.796s] -- Symlinking: /home/user/seek_destroy_ws/install/multirobot_map_merge/share/multirobot_map_merge/launch/map_merge.launch.py
[82.809s] -- Symlinking: /home/user/seek_destroy_ws/install/multirobot_map_merge/share/multirobot_map_merge/launch/map_merge.rviz
[82.830s] -- Symlinking: /home/user/seek_destroy_ws/install/multirobot_map_merge/share/multirobot_map_merge/launch/tb3_simulation/bringup_launch.py
[82.844s] -- Symlinking: /home/user/seek_destroy_ws/install/multirobot_map_merge/share/multirobot_map_merge/launch/tb3_simulation/config/nav2_multirobot_params_1.yaml
[82.866s] -- Symlinking: /home/user/seek_destroy_ws/install/multirobot_map_merge/share/multirobot_map_merge/launch/tb3_simulation/config/nav2_multirobot_params_2.yaml
[82.883s] -- Symlinking: /home/user/seek_destroy_ws/install/multirobot_map_merge/share/multirobot_map_merge/launch/tb3_simulation/multi_tb3_simulation_launch.py
[82.900s] -- Symlinking: /home/user/seek_destroy_ws/install/multirobot_map_merge/share/multirobot_map_merge/launch/tb3_simulation/slam_toolbox.py
[82.908s] -- Symlinking: /home/user/seek_destroy_ws/install/multirobot_map_merge/share/multirobot_map_merge/launch/tb3_simulation/tb3_simulation_launch.py
[82.923s] -- Symlinking: /home/user/seek_destroy_ws/install/multirobot_map_merge/share/multirobot_map_merge/launch/tb3_simulation/worlds/world_only.model
[82.938s] -- Symlinking: /home/user/seek_destroy_ws/install/multirobot_map_merge/share/multirobot_map_merge/config/params.yaml
[82.960s] -- Symlinking: /home/user/seek_destroy_ws/install/multirobot_map_merge/lib/multirobot_map_merge/map_merge
[82.974s] -- Symlinking: /home/user/seek_destroy_ws/install/multirobot_map_merge/share/multirobot_map_merge/environment/library_path.sh
[82.990s] -- Symlinking: /home/user/seek_destroy_ws/install/multirobot_map_merge/share/multirobot_map_merge/environment/library_path.dsv
[83.018s] -- Symlinking: /home/user/seek_destroy_ws/install/multirobot_map_merge/share/ament_index/resource_index/package_run_dependencies/multirobot_map_merge
[83.036s] -- Symlinking: /home/user/seek_destroy_ws/install/multirobot_map_merge/share/ament_index/resource_index/parent_prefix_path/multirobot_map_merge
[83.049s] -- Symlinking: /home/user/seek_destroy_ws/install/multirobot_map_merge/share/multirobot_map_merge/environment/ament_prefix_path.sh
[83.066s] -- Symlinking: /home/user/seek_destroy_ws/install/multirobot_map_merge/share/multirobot_map_merge/environment/ament_prefix_path.dsv
[83.079s] -- Symlinking: /home/user/seek_destroy_ws/install/multirobot_map_merge/share/multirobot_map_merge/environment/path.sh
[83.097s] -- Symlinking: /home/user/seek_destroy_ws/install/multirobot_map_merge/share/multirobot_map_merge/environment/path.dsv
[83.122s] -- Symlinking: /home/user/seek_destroy_ws/install/multirobot_map_merge/share/multirobot_map_merge/local_setup.bash
[83.142s] -- Symlinking: /home/user/seek_destroy_ws/install/multirobot_map_merge/share/multirobot_map_merge/local_setup.sh
[83.147s] -- Symlinking: /home/user/seek_destroy_ws/install/multirobot_map_merge/share/multirobot_map_merge/local_setup.zsh
[83.158s] -- Symlinking: /home/user/seek_destroy_ws/install/multirobot_map_merge/share/multirobot_map_merge/local_setup.dsv
[83.169s] -- Symlinking: /home/user/seek_destroy_ws/install/multirobot_map_merge/share/multirobot_map_merge/package.dsv
[83.182s] -- Symlinking: /home/user/seek_destroy_ws/install/multirobot_map_merge/share/ament_index/resource_index/packages/multirobot_map_merge
[83.210s] -- Symlinking: /home/user/seek_destroy_ws/install/multirobot_map_merge/share/multirobot_map_merge/cmake/ament_cmake_export_include_directories-extras.cmake
[83.217s] -- Symlinking: /home/user/seek_destroy_ws/install/multirobot_map_merge/share/multirobot_map_merge/cmake/ament_cmake_export_libraries-extras.cmake
[83.239s] -- Symlinking: /home/user/seek_destroy_ws/install/multirobot_map_merge/share/multirobot_map_merge/cmake/multirobot_map_mergeConfig.cmake
[83.251s] -- Symlinking: /home/user/seek_destroy_ws/install/multirobot_map_merge/share/multirobot_map_merge/cmake/multirobot_map_mergeConfig-version.cmake
[83.269s] -- Symlinking: /home/user/seek_destroy_ws/install/multirobot_map_merge/share/multirobot_map_merge/package.xml
[83.288s] -- Installing: /home/user/seek_destroy_ws/install/multirobot_map_merge/lib/libcombine_grids.a
[83.294s] Invoked command in '/home/user/seek_destroy_ws/build/multirobot_map_merge' returned '0': CMAKE_PREFIX_PATH=${CMAKE_PREFIX_PATH}:/home/user/seek_destroy_ws/install/rosbot_controller:/home/user/seek_destroy_ws/install/rosbot_utils:/home/user/seek_destroy_ws/install/rosbot_gazebo:/home/user/seek_destroy_ws/install/rosbot_bringup:/home/user/seek_destroy_ws/install/autonomous_exploration:/opt/ros/humble _=/usr/bin/env /usr/bin/cmake --install /home/user/seek_destroy_ws/build/multirobot_map_merge
