-- Install configuration: ""
-- Execute custom install script
-- Up-to-date symlink: /home/user/seek_destroy_ws/install/husarion_components_description/share/husarion_components_description/meshes/devs/dev01.dae
-- Up-to-date symlink: /home/user/seek_destroy_ws/install/husarion_components_description/share/husarion_components_description/meshes/devs/dev02.dae
-- Up-to-date symlink: /home/user/seek_destroy_ws/install/husarion_components_description/share/husarion_components_description/meshes/devs/dev03.dae
-- Up-to-date symlink: /home/user/seek_destroy_ws/install/husarion_components_description/share/husarion_components_description/meshes/devs/dev04h.dae
-- Up-to-date symlink: /home/user/seek_destroy_ws/install/husarion_components_description/share/husarion_components_description/meshes/devs/dev04l.dae
-- Up-to-date symlink: /home/user/seek_destroy_ws/install/husarion_components_description/share/husarion_components_description/meshes/devs/dev05.dae
-- Up-to-date symlink: /home/user/seek_destroy_ws/install/husarion_components_description/share/husarion_components_description/meshes/devs/dev06.dae
-- Up-to-date symlink: /home/user/seek_destroy_ws/install/husarion_components_description/share/husarion_components_description/meshes/devs/dev07.dae
-- Up-to-date symlink: /home/user/seek_destroy_ws/install/husarion_components_description/share/husarion_components_description/meshes/devs/dev07t.dae
-- Up-to-date symlink: /home/user/seek_destroy_ws/install/husarion_components_description/share/husarion_components_description/meshes/devs/dev09.dae
-- Up-to-date symlink: /home/user/seek_destroy_ws/install/husarion_components_description/share/husarion_components_description/meshes/ouster_os01.dae
-- Up-to-date symlink: /home/user/seek_destroy_ws/install/husarion_components_description/share/husarion_components_description/meshes/teltonika_003R-00253.dae
-- Up-to-date symlink: /home/user/seek_destroy_ws/install/husarion_components_description/share/husarion_components_description/meshes/teltonika_003R-00253_collision.stl
-- Up-to-date symlink: /home/user/seek_destroy_ws/install/husarion_components_description/share/husarion_components_description/meshes/v_slot_profile.dae
-- Up-to-date symlink: /home/user/seek_destroy_ws/install/husarion_components_description/share/husarion_components_description/meshes/wibotic_frame.dae
-- Up-to-date symlink: /home/user/seek_destroy_ws/install/husarion_components_description/share/husarion_components_description/meshes/wibotic_receiver.dae
-- Up-to-date symlink: /home/user/seek_destroy_ws/install/husarion_components_description/share/husarion_components_description/meshes/wibotic_transmitter.dae
-- Up-to-date symlink: /home/user/seek_destroy_ws/install/husarion_components_description/share/husarion_components_description/urdf/components.urdf.xacro
-- Up-to-date symlink: /home/user/seek_destroy_ws/install/husarion_components_description/share/husarion_components_description/urdf/dev.urdf.xacro
-- Up-to-date symlink: /home/user/seek_destroy_ws/install/husarion_components_description/share/husarion_components_description/urdf/gz_sensor.urdf.xacro
-- Up-to-date symlink: /home/user/seek_destroy_ws/install/husarion_components_description/share/husarion_components_description/urdf/intel_realsense_d435.urdf.xacro
-- Up-to-date symlink: /home/user/seek_destroy_ws/install/husarion_components_description/share/husarion_components_description/urdf/kinova.urdf.xacro
-- Up-to-date symlink: /home/user/seek_destroy_ws/install/husarion_components_description/share/husarion_components_description/urdf/luxonis_depthai.urdf.xacro
-- Up-to-date symlink: /home/user/seek_destroy_ws/install/husarion_components_description/share/husarion_components_description/urdf/orbbec_astra.urdf.xacro
-- Up-to-date symlink: /home/user/seek_destroy_ws/install/husarion_components_description/share/husarion_components_description/urdf/ouster.urdf.xacro
-- Up-to-date symlink: /home/user/seek_destroy_ws/install/husarion_components_description/share/husarion_components_description/urdf/rack.urdf.xacro
-- Up-to-date symlink: /home/user/seek_destroy_ws/install/husarion_components_description/share/husarion_components_description/urdf/robotiq.urdf.xacro
-- Up-to-date symlink: /home/user/seek_destroy_ws/install/husarion_components_description/share/husarion_components_description/urdf/slamtec_rplidar.urdf.xacro
-- Up-to-date symlink: /home/user/seek_destroy_ws/install/husarion_components_description/share/husarion_components_description/urdf/stereolabs_zed.urdf.xacro
-- Up-to-date symlink: /home/user/seek_destroy_ws/install/husarion_components_description/share/husarion_components_description/urdf/teltonika_003R-00253.urdf.xacro
-- Up-to-date symlink: /home/user/seek_destroy_ws/install/husarion_components_description/share/husarion_components_description/urdf/ur.urdf.xacro
-- Up-to-date symlink: /home/user/seek_destroy_ws/install/husarion_components_description/share/husarion_components_description/urdf/velodyne_puck.urdf.xacro
-- Up-to-date symlink: /home/user/seek_destroy_ws/install/husarion_components_description/share/husarion_components_description/urdf/wibotic_receiver.urdf.xacro
-- Up-to-date symlink: /home/user/seek_destroy_ws/install/husarion_components_description/share/husarion_components_description/urdf/wibotic_station.urdf.xacro
-- Up-to-date symlink: /home/user/seek_destroy_ws/install/husarion_components_description/share/husarion_components_description/launch/gz_components.launch.py
-- Up-to-date symlink: /home/user/seek_destroy_ws/install/husarion_components_description/share/husarion_components_description/launch/gz_intel_realsense_d435.launch.py
-- Up-to-date symlink: /home/user/seek_destroy_ws/install/husarion_components_description/share/husarion_components_description/launch/gz_kinova_6dof.launch.py
-- Up-to-date symlink: /home/user/seek_destroy_ws/install/husarion_components_description/share/husarion_components_description/launch/gz_kinova_7dof.launch.py
-- Up-to-date symlink: /home/user/seek_destroy_ws/install/husarion_components_description/share/husarion_components_description/launch/gz_luxonis_depthai.launch.py
-- Up-to-date symlink: /home/user/seek_destroy_ws/install/husarion_components_description/share/husarion_components_description/launch/gz_orbbec_astra.launch.py
-- Up-to-date symlink: /home/user/seek_destroy_ws/install/husarion_components_description/share/husarion_components_description/launch/gz_ouster_os.launch.py
-- Up-to-date symlink: /home/user/seek_destroy_ws/install/husarion_components_description/share/husarion_components_description/launch/gz_robotiq.launch.py
-- Up-to-date symlink: /home/user/seek_destroy_ws/install/husarion_components_description/share/husarion_components_description/launch/gz_slamtec_rplidar.launch.py
-- Up-to-date symlink: /home/user/seek_destroy_ws/install/husarion_components_description/share/husarion_components_description/launch/gz_stereolabs_zed.launch.py
-- Up-to-date symlink: /home/user/seek_destroy_ws/install/husarion_components_description/share/husarion_components_description/launch/gz_teltonika.launch.py
-- Up-to-date symlink: /home/user/seek_destroy_ws/install/husarion_components_description/share/husarion_components_description/launch/gz_ur.launch.py
-- Up-to-date symlink: /home/user/seek_destroy_ws/install/husarion_components_description/share/husarion_components_description/launch/gz_velodyne.launch.py
-- Up-to-date symlink: /home/user/seek_destroy_ws/install/husarion_components_description/share/husarion_components_description/launch/gz_wibotic_station.launch.py
-- Up-to-date symlink: /home/user/seek_destroy_ws/install/husarion_components_description/share/husarion_components_description/config/gz_intel_realsense_d435_remappings.yaml
-- Up-to-date symlink: /home/user/seek_destroy_ws/install/husarion_components_description/share/husarion_components_description/config/gz_kinova_remappings.yaml
-- Up-to-date symlink: /home/user/seek_destroy_ws/install/husarion_components_description/share/husarion_components_description/config/gz_luxonis_depthai_remappings.yaml
-- Up-to-date symlink: /home/user/seek_destroy_ws/install/husarion_components_description/share/husarion_components_description/config/gz_orbbec_astra_remappings.yaml
-- Up-to-date symlink: /home/user/seek_destroy_ws/install/husarion_components_description/share/husarion_components_description/config/gz_ouster_os_remappings.yaml
-- Up-to-date symlink: /home/user/seek_destroy_ws/install/husarion_components_description/share/husarion_components_description/config/gz_slamtec_rplidar_remappings.yaml
-- Up-to-date symlink: /home/user/seek_destroy_ws/install/husarion_components_description/share/husarion_components_description/config/gz_stereolabs_zed_remappings.yaml
-- Up-to-date symlink: /home/user/seek_destroy_ws/install/husarion_components_description/share/husarion_components_description/config/gz_teltonika_remappings.yaml
-- Up-to-date symlink: /home/user/seek_destroy_ws/install/husarion_components_description/share/husarion_components_description/config/gz_velodyne_remappings.yaml
-- Up-to-date symlink: /home/user/seek_destroy_ws/install/husarion_components_description/share/husarion_components_description/config/kinova_6dof_controllers.yaml
-- Up-to-date symlink: /home/user/seek_destroy_ws/install/husarion_components_description/share/husarion_components_description/config/kinova_7dof_controllers.yaml
-- Up-to-date symlink: /home/user/seek_destroy_ws/install/husarion_components_description/share/husarion_components_description/config/robotiq_controllers.yaml
-- Up-to-date symlink: /home/user/seek_destroy_ws/install/husarion_components_description/share/husarion_components_description/config/ur_controllers.yaml
-- Up-to-date symlink: /home/user/seek_destroy_ws/install/husarion_components_description/share/husarion_components_description/test/component.urdf.xacro
-- Up-to-date symlink: /home/user/seek_destroy_ws/install/husarion_components_description/share/husarion_components_description/test/test_components_xacro.py
-- Up-to-date symlink: /home/user/seek_destroy_ws/install/husarion_components_description/share/husarion_components_description/environment/husarion_components_description.sh
-- Up-to-date symlink: /home/user/seek_destroy_ws/install/husarion_components_description/share/ament_index/resource_index/package_run_dependencies/husarion_components_description
-- Up-to-date symlink: /home/user/seek_destroy_ws/install/husarion_components_description/share/ament_index/resource_index/parent_prefix_path/husarion_components_description
-- Up-to-date symlink: /home/user/seek_destroy_ws/install/husarion_components_description/share/husarion_components_description/environment/ament_prefix_path.sh
-- Up-to-date symlink: /home/user/seek_destroy_ws/install/husarion_components_description/share/husarion_components_description/environment/ament_prefix_path.dsv
-- Up-to-date symlink: /home/user/seek_destroy_ws/install/husarion_components_description/share/husarion_components_description/environment/path.sh
-- Up-to-date symlink: /home/user/seek_destroy_ws/install/husarion_components_description/share/husarion_components_description/environment/path.dsv
-- Up-to-date symlink: /home/user/seek_destroy_ws/install/husarion_components_description/share/husarion_components_description/local_setup.bash
-- Up-to-date symlink: /home/user/seek_destroy_ws/install/husarion_components_description/share/husarion_components_description/local_setup.sh
-- Up-to-date symlink: /home/user/seek_destroy_ws/install/husarion_components_description/share/husarion_components_description/local_setup.zsh
-- Up-to-date symlink: /home/user/seek_destroy_ws/install/husarion_components_description/share/husarion_components_description/local_setup.dsv
-- Symlinking: /home/user/seek_destroy_ws/install/husarion_components_description/share/husarion_components_description/package.dsv
-- Up-to-date symlink: /home/user/seek_destroy_ws/install/husarion_components_description/share/ament_index/resource_index/packages/husarion_components_description
-- Up-to-date symlink: /home/user/seek_destroy_ws/install/husarion_components_description/share/husarion_components_description/cmake/husarion_components_descriptionConfig.cmake
-- Up-to-date symlink: /home/user/seek_destroy_ws/install/husarion_components_description/share/husarion_components_description/cmake/husarion_components_descriptionConfig-version.cmake
-- Up-to-date symlink: /home/user/seek_destroy_ws/install/husarion_components_description/share/husarion_components_description/package.xml
