[  3%] Built target explore_lite_msgs__cpp
[  3%] Built target ament_cmake_python_symlink_explore_lite_msgs
[35m[1mConsolidate compiler generated dependencies of target explore_lite_msgs__rosidl_typesupport_cpp[0m
[ 12%] Built target explore_lite_msgs__rosidl_typesupport_cpp
running egg_info
writing manifest file 'explore_lite_msgs.egg-info/SOURCES.txt'
[ 12%] Built target ament_cmake_python_build_explore_lite_msgs_egg
[35m[1mConsolidate compiler generated dependencies of target explore_lite_msgs__rosidl_typesupport_introspection_cpp[0m
[ 22%] Built target explore_lite_msgs__rosidl_typesupport_introspection_cpp
[35m[1mConsolidate compiler generated dependencies of target explore_lite_msgs__rosidl_typesupport_fastrtps_cpp[0m
[ 32%] Built target explore_lite_msgs__rosidl_typesupport_fastrtps_cpp
[35m[1mConsolidate compiler generated dependencies of target explore_lite_msgs__rosidl_generator_c[0m
[ 41%] Built target explore_lite_msgs__rosidl_generator_c
[35m[1mConsolidate compiler generated dependencies of target explore_lite_msgs__rosidl_typesupport_fastrtps_c[0m
[ 51%] Built target explore_lite_msgs__rosidl_typesupport_fastrtps_c
[35m[1mConsolidate compiler generated dependencies of target explore_lite_msgs__rosidl_typesupport_c[0m
[ 61%] Built target explore_lite_msgs__rosidl_typesupport_c
[35m[1mConsolidate compiler generated dependencies of target explore_lite_msgs__rosidl_typesupport_introspection_c[0m
[ 70%] Built target explore_lite_msgs__rosidl_typesupport_introspection_c
[ 70%] Built target explore_lite_msgs
[ 74%] Built target explore_lite_msgs__py
[35m[1mConsolidate compiler generated dependencies of target explore_lite_msgs__rosidl_generator_py[0m
[ 80%] Built target explore_lite_msgs__rosidl_generator_py
[35m[1mConsolidate compiler generated dependencies of target explore_lite_msgs__rosidl_typesupport_fastrtps_c__pyext[0m
[ 87%] Built target explore_lite_msgs__rosidl_typesupport_fastrtps_c__pyext
[35m[1mConsolidate compiler generated dependencies of target explore_lite_msgs__rosidl_typesupport_c__pyext[0m
[ 93%] Built target explore_lite_msgs__rosidl_typesupport_c__pyext
[35m[1mConsolidate compiler generated dependencies of target explore_lite_msgs__rosidl_typesupport_introspection_c__pyext[0m
[100%] Built target explore_lite_msgs__rosidl_typesupport_introspection_c__pyext
-- Install configuration: ""
-- Execute custom install script
-- Up-to-date symlink: /home/user/seek_destroy_ws/install/explore_lite_msgs/share/ament_index/resource_index/rosidl_interfaces/explore_lite_msgs
-- Up-to-date symlink: /home/user/seek_destroy_ws/install/explore_lite_msgs/include/explore_lite_msgs/explore_lite_msgs/msg/detail/explore_status__functions.h
-- Up-to-date symlink: /home/user/seek_destroy_ws/install/explore_lite_msgs/include/explore_lite_msgs/explore_lite_msgs/msg/detail/explore_status__struct.h
-- Up-to-date symlink: /home/user/seek_destroy_ws/install/explore_lite_msgs/include/explore_lite_msgs/explore_lite_msgs/msg/detail/explore_status__type_support.h
-- Up-to-date symlink: /home/user/seek_destroy_ws/install/explore_lite_msgs/include/explore_lite_msgs/explore_lite_msgs/msg/explore_status.h
-- Up-to-date symlink: /home/user/seek_destroy_ws/install/explore_lite_msgs/include/explore_lite_msgs/explore_lite_msgs/msg/rosidl_generator_c__visibility_control.h
-- Up-to-date symlink: /home/user/seek_destroy_ws/install/explore_lite_msgs/share/explore_lite_msgs/environment/library_path.sh
-- Up-to-date symlink: /home/user/seek_destroy_ws/install/explore_lite_msgs/share/explore_lite_msgs/environment/library_path.dsv
-- Up-to-date symlink: /home/user/seek_destroy_ws/install/explore_lite_msgs/include/explore_lite_msgs/explore_lite_msgs/msg/detail/explore_status__rosidl_typesupport_fastrtps_c.h
-- Up-to-date symlink: /home/user/seek_destroy_ws/install/explore_lite_msgs/include/explore_lite_msgs/explore_lite_msgs/msg/rosidl_typesupport_fastrtps_c__visibility_control.h
-- Up-to-date symlink: /home/user/seek_destroy_ws/install/explore_lite_msgs/include/explore_lite_msgs/explore_lite_msgs/msg/detail/explore_status__rosidl_typesupport_introspection_c.h
-- Up-to-date symlink: /home/user/seek_destroy_ws/install/explore_lite_msgs/include/explore_lite_msgs/explore_lite_msgs/msg/rosidl_typesupport_introspection_c__visibility_control.h
-- Up-to-date symlink: /home/user/seek_destroy_ws/install/explore_lite_msgs/include/explore_lite_msgs/explore_lite_msgs/msg/detail/explore_status__builder.hpp
-- Up-to-date symlink: /home/user/seek_destroy_ws/install/explore_lite_msgs/include/explore_lite_msgs/explore_lite_msgs/msg/detail/explore_status__struct.hpp
-- Up-to-date symlink: /home/user/seek_destroy_ws/install/explore_lite_msgs/include/explore_lite_msgs/explore_lite_msgs/msg/detail/explore_status__traits.hpp
-- Up-to-date symlink: /home/user/seek_destroy_ws/install/explore_lite_msgs/include/explore_lite_msgs/explore_lite_msgs/msg/detail/explore_status__type_support.hpp
-- Up-to-date symlink: /home/user/seek_destroy_ws/install/explore_lite_msgs/include/explore_lite_msgs/explore_lite_msgs/msg/explore_status.hpp
-- Up-to-date symlink: /home/user/seek_destroy_ws/install/explore_lite_msgs/include/explore_lite_msgs/explore_lite_msgs/msg/rosidl_generator_cpp__visibility_control.hpp
-- Up-to-date symlink: /home/user/seek_destroy_ws/install/explore_lite_msgs/include/explore_lite_msgs/explore_lite_msgs/msg/detail/explore_status__rosidl_typesupport_fastrtps_cpp.hpp
-- Up-to-date symlink: /home/user/seek_destroy_ws/install/explore_lite_msgs/include/explore_lite_msgs/explore_lite_msgs/msg/rosidl_typesupport_fastrtps_cpp__visibility_control.h
-- Up-to-date symlink: /home/user/seek_destroy_ws/install/explore_lite_msgs/include/explore_lite_msgs/explore_lite_msgs/msg/detail/explore_status__rosidl_typesupport_introspection_cpp.hpp
-- Up-to-date symlink: /home/user/seek_destroy_ws/install/explore_lite_msgs/share/explore_lite_msgs/environment/pythonpath.sh
-- Up-to-date symlink: /home/user/seek_destroy_ws/install/explore_lite_msgs/share/explore_lite_msgs/environment/pythonpath.dsv
-- Up-to-date symlink: /home/user/seek_destroy_ws/install/explore_lite_msgs/local/lib/python3.10/dist-packages/explore_lite_msgs-1.0.0-py3.10.egg-info/PKG-INFO
-- Up-to-date symlink: /home/user/seek_destroy_ws/install/explore_lite_msgs/local/lib/python3.10/dist-packages/explore_lite_msgs-1.0.0-py3.10.egg-info/SOURCES.txt
-- Up-to-date symlink: /home/user/seek_destroy_ws/install/explore_lite_msgs/local/lib/python3.10/dist-packages/explore_lite_msgs-1.0.0-py3.10.egg-info/dependency_links.txt
-- Up-to-date symlink: /home/user/seek_destroy_ws/install/explore_lite_msgs/local/lib/python3.10/dist-packages/explore_lite_msgs-1.0.0-py3.10.egg-info/top_level.txt
-- Up-to-date symlink: /home/user/seek_destroy_ws/install/explore_lite_msgs/local/lib/python3.10/dist-packages/explore_lite_msgs/__init__.py
-- Up-to-date symlink: /home/user/seek_destroy_ws/install/explore_lite_msgs/local/lib/python3.10/dist-packages/explore_lite_msgs/_explore_lite_msgs_s.ep.rosidl_typesupport_c.c
-- Up-to-date symlink: /home/user/seek_destroy_ws/install/explore_lite_msgs/local/lib/python3.10/dist-packages/explore_lite_msgs/_explore_lite_msgs_s.ep.rosidl_typesupport_fastrtps_c.c
-- Up-to-date symlink: /home/user/seek_destroy_ws/install/explore_lite_msgs/local/lib/python3.10/dist-packages/explore_lite_msgs/_explore_lite_msgs_s.ep.rosidl_typesupport_introspection_c.c
-- Up-to-date symlink: /home/user/seek_destroy_ws/install/explore_lite_msgs/local/lib/python3.10/dist-packages/explore_lite_msgs/explore_lite_msgs_s__rosidl_typesupport_c.cpython-310-x86_64-linux-gnu.so
-- Up-to-date symlink: /home/user/seek_destroy_ws/install/explore_lite_msgs/local/lib/python3.10/dist-packages/explore_lite_msgs/explore_lite_msgs_s__rosidl_typesupport_fastrtps_c.cpython-310-x86_64-linux-gnu.so
-- Up-to-date symlink: /home/user/seek_destroy_ws/install/explore_lite_msgs/local/lib/python3.10/dist-packages/explore_lite_msgs/explore_lite_msgs_s__rosidl_typesupport_introspection_c.cpython-310-x86_64-linux-gnu.so
-- Up-to-date symlink: /home/user/seek_destroy_ws/install/explore_lite_msgs/local/lib/python3.10/dist-packages/explore_lite_msgs/libexplore_lite_msgs__rosidl_generator_py.so
-- Up-to-date symlink: /home/user/seek_destroy_ws/install/explore_lite_msgs/local/lib/python3.10/dist-packages/explore_lite_msgs/msg/__init__.py
-- Up-to-date symlink: /home/user/seek_destroy_ws/install/explore_lite_msgs/local/lib/python3.10/dist-packages/explore_lite_msgs/msg/_explore_status.py
-- Up-to-date symlink: /home/user/seek_destroy_ws/install/explore_lite_msgs/local/lib/python3.10/dist-packages/explore_lite_msgs/msg/_explore_status_s.c
-- Up-to-date symlink: /home/user/seek_destroy_ws/install/explore_lite_msgs/local/lib/python3.10/dist-packages/explore_lite_msgs/explore_lite_msgs_s__rosidl_typesupport_fastrtps_c.cpython-310-x86_64-linux-gnu.so
-- Up-to-date symlink: /home/user/seek_destroy_ws/install/explore_lite_msgs/local/lib/python3.10/dist-packages/explore_lite_msgs/explore_lite_msgs_s__rosidl_typesupport_introspection_c.cpython-310-x86_64-linux-gnu.so
-- Up-to-date symlink: /home/user/seek_destroy_ws/install/explore_lite_msgs/local/lib/python3.10/dist-packages/explore_lite_msgs/explore_lite_msgs_s__rosidl_typesupport_c.cpython-310-x86_64-linux-gnu.so
-- Up-to-date symlink: /home/user/seek_destroy_ws/install/explore_lite_msgs/share/explore_lite_msgs/msg/ExploreStatus.idl
-- Up-to-date symlink: /home/user/seek_destroy_ws/install/explore_lite_msgs/share/explore_lite_msgs/msg/ExploreStatus.msg
-- Up-to-date symlink: /home/user/seek_destroy_ws/install/explore_lite_msgs/share/ament_index/resource_index/package_run_dependencies/explore_lite_msgs
-- Up-to-date symlink: /home/user/seek_destroy_ws/install/explore_lite_msgs/share/ament_index/resource_index/parent_prefix_path/explore_lite_msgs
-- Up-to-date symlink: /home/user/seek_destroy_ws/install/explore_lite_msgs/share/explore_lite_msgs/environment/ament_prefix_path.sh
-- Up-to-date symlink: /home/user/seek_destroy_ws/install/explore_lite_msgs/share/explore_lite_msgs/environment/ament_prefix_path.dsv
-- Up-to-date symlink: /home/user/seek_destroy_ws/install/explore_lite_msgs/share/explore_lite_msgs/environment/path.sh
-- Up-to-date symlink: /home/user/seek_destroy_ws/install/explore_lite_msgs/share/explore_lite_msgs/environment/path.dsv
-- Up-to-date symlink: /home/user/seek_destroy_ws/install/explore_lite_msgs/share/explore_lite_msgs/local_setup.bash
-- Up-to-date symlink: /home/user/seek_destroy_ws/install/explore_lite_msgs/share/explore_lite_msgs/local_setup.sh
-- Up-to-date symlink: /home/user/seek_destroy_ws/install/explore_lite_msgs/share/explore_lite_msgs/local_setup.zsh
-- Up-to-date symlink: /home/user/seek_destroy_ws/install/explore_lite_msgs/share/explore_lite_msgs/local_setup.dsv
-- Symlinking: /home/user/seek_destroy_ws/install/explore_lite_msgs/share/explore_lite_msgs/package.dsv
-- Up-to-date symlink: /home/user/seek_destroy_ws/install/explore_lite_msgs/share/ament_index/resource_index/packages/explore_lite_msgs
-- Up-to-date symlink: /home/user/seek_destroy_ws/install/explore_lite_msgs/share/explore_lite_msgs/cmake/rosidl_cmake-extras.cmake
-- Up-to-date symlink: /home/user/seek_destroy_ws/install/explore_lite_msgs/share/explore_lite_msgs/cmake/ament_cmake_export_include_directories-extras.cmake
-- Up-to-date symlink: /home/user/seek_destroy_ws/install/explore_lite_msgs/share/explore_lite_msgs/cmake/ament_cmake_export_libraries-extras.cmake
-- Up-to-date symlink: /home/user/seek_destroy_ws/install/explore_lite_msgs/share/explore_lite_msgs/cmake/ament_cmake_export_targets-extras.cmake
-- Up-to-date symlink: /home/user/seek_destroy_ws/install/explore_lite_msgs/share/explore_lite_msgs/cmake/rosidl_cmake_export_typesupport_targets-extras.cmake
-- Up-to-date symlink: /home/user/seek_destroy_ws/install/explore_lite_msgs/share/explore_lite_msgs/cmake/ament_cmake_export_dependencies-extras.cmake
-- Up-to-date symlink: /home/user/seek_destroy_ws/install/explore_lite_msgs/share/explore_lite_msgs/cmake/rosidl_cmake_export_typesupport_libraries-extras.cmake
-- Up-to-date symlink: /home/user/seek_destroy_ws/install/explore_lite_msgs/share/explore_lite_msgs/cmake/explore_lite_msgsConfig.cmake
-- Up-to-date symlink: /home/user/seek_destroy_ws/install/explore_lite_msgs/share/explore_lite_msgs/cmake/explore_lite_msgsConfig-version.cmake
-- Up-to-date symlink: /home/user/seek_destroy_ws/install/explore_lite_msgs/share/explore_lite_msgs/package.xml
-- Up-to-date: /home/user/seek_destroy_ws/install/explore_lite_msgs/lib/libexplore_lite_msgs__rosidl_generator_c.so
-- Up-to-date: /home/user/seek_destroy_ws/install/explore_lite_msgs/lib/libexplore_lite_msgs__rosidl_typesupport_fastrtps_c.so
-- Up-to-date: /home/user/seek_destroy_ws/install/explore_lite_msgs/lib/libexplore_lite_msgs__rosidl_typesupport_introspection_c.so
-- Up-to-date: /home/user/seek_destroy_ws/install/explore_lite_msgs/lib/libexplore_lite_msgs__rosidl_typesupport_c.so
-- Up-to-date: /home/user/seek_destroy_ws/install/explore_lite_msgs/lib/libexplore_lite_msgs__rosidl_typesupport_fastrtps_cpp.so
-- Up-to-date: /home/user/seek_destroy_ws/install/explore_lite_msgs/lib/libexplore_lite_msgs__rosidl_typesupport_introspection_cpp.so
-- Up-to-date: /home/user/seek_destroy_ws/install/explore_lite_msgs/lib/libexplore_lite_msgs__rosidl_typesupport_cpp.so
Listing '/home/user/seek_destroy_ws/install/explore_lite_msgs/local/lib/python3.10/dist-packages/explore_lite_msgs'...
Listing '/home/user/seek_destroy_ws/install/explore_lite_msgs/local/lib/python3.10/dist-packages/explore_lite_msgs/msg'...
-- Up-to-date: /home/user/seek_destroy_ws/install/explore_lite_msgs/lib/libexplore_lite_msgs__rosidl_generator_py.so
-- Up-to-date: /home/user/seek_destroy_ws/install/explore_lite_msgs/share/explore_lite_msgs/cmake/export_explore_lite_msgs__rosidl_generator_cExport.cmake
-- Up-to-date: /home/user/seek_destroy_ws/install/explore_lite_msgs/share/explore_lite_msgs/cmake/export_explore_lite_msgs__rosidl_generator_cExport-noconfig.cmake
-- Up-to-date: /home/user/seek_destroy_ws/install/explore_lite_msgs/share/explore_lite_msgs/cmake/export_explore_lite_msgs__rosidl_typesupport_fastrtps_cExport.cmake
-- Up-to-date: /home/user/seek_destroy_ws/install/explore_lite_msgs/share/explore_lite_msgs/cmake/export_explore_lite_msgs__rosidl_typesupport_fastrtps_cExport-noconfig.cmake
-- Up-to-date: /home/user/seek_destroy_ws/install/explore_lite_msgs/share/explore_lite_msgs/cmake/explore_lite_msgs__rosidl_typesupport_introspection_cExport.cmake
-- Up-to-date: /home/user/seek_destroy_ws/install/explore_lite_msgs/share/explore_lite_msgs/cmake/explore_lite_msgs__rosidl_typesupport_introspection_cExport-noconfig.cmake
-- Up-to-date: /home/user/seek_destroy_ws/install/explore_lite_msgs/share/explore_lite_msgs/cmake/explore_lite_msgs__rosidl_typesupport_cExport.cmake
-- Up-to-date: /home/user/seek_destroy_ws/install/explore_lite_msgs/share/explore_lite_msgs/cmake/explore_lite_msgs__rosidl_typesupport_cExport-noconfig.cmake
-- Up-to-date: /home/user/seek_destroy_ws/install/explore_lite_msgs/share/explore_lite_msgs/cmake/export_explore_lite_msgs__rosidl_generator_cppExport.cmake
-- Up-to-date: /home/user/seek_destroy_ws/install/explore_lite_msgs/share/explore_lite_msgs/cmake/export_explore_lite_msgs__rosidl_typesupport_fastrtps_cppExport.cmake
-- Up-to-date: /home/user/seek_destroy_ws/install/explore_lite_msgs/share/explore_lite_msgs/cmake/export_explore_lite_msgs__rosidl_typesupport_fastrtps_cppExport-noconfig.cmake
-- Up-to-date: /home/user/seek_destroy_ws/install/explore_lite_msgs/share/explore_lite_msgs/cmake/explore_lite_msgs__rosidl_typesupport_introspection_cppExport.cmake
-- Up-to-date: /home/user/seek_destroy_ws/install/explore_lite_msgs/share/explore_lite_msgs/cmake/explore_lite_msgs__rosidl_typesupport_introspection_cppExport-noconfig.cmake
-- Up-to-date: /home/user/seek_destroy_ws/install/explore_lite_msgs/share/explore_lite_msgs/cmake/explore_lite_msgs__rosidl_typesupport_cppExport.cmake
-- Up-to-date: /home/user/seek_destroy_ws/install/explore_lite_msgs/share/explore_lite_msgs/cmake/explore_lite_msgs__rosidl_typesupport_cppExport-noconfig.cmake
-- Up-to-date: /home/user/seek_destroy_ws/install/explore_lite_msgs/share/explore_lite_msgs/cmake/export_explore_lite_msgs__rosidl_generator_pyExport.cmake
-- Up-to-date: /home/user/seek_destroy_ws/install/explore_lite_msgs/share/explore_lite_msgs/cmake/export_explore_lite_msgs__rosidl_generator_pyExport-noconfig.cmake
