[0.014s] Invoking command in '/home/user/seek_destroy_ws/build/explore_lite_msgs': CMAKE_PREFIX_PATH=${CMAKE_PREFIX_PATH}:/home/user/seek_destroy_ws/install/rosbot_controller:/home/user/seek_destroy_ws/install/rosbot_utils:/home/user/seek_destroy_ws/install/rosbot_gazebo:/home/user/seek_destroy_ws/install/rosbot_bringup:/home/user/seek_destroy_ws/install/autonomous_exploration:/opt/ros/humble _=/usr/bin/env /usr/bin/cmake --build /home/user/seek_destroy_ws/build/explore_lite_msgs -- -j8 -l8
[0.109s] [  3%] Built target explore_lite_msgs__cpp
[0.138s] [  3%] Built target ament_cmake_python_symlink_explore_lite_msgs
[0.152s] [35m[1mConsolidate compiler generated dependencies of target explore_lite_msgs__rosidl_typesupport_cpp[0m
[0.211s] [ 12%] Built target explore_lite_msgs__rosidl_typesupport_cpp
[0.540s] running egg_info
[0.546s] writing manifest file 'explore_lite_msgs.egg-info/SOURCES.txt'
[0.575s] [ 12%] Built target ament_cmake_python_build_explore_lite_msgs_egg
[0.591s] [35m[1mConsolidate compiler generated dependencies of target explore_lite_msgs__rosidl_typesupport_introspection_cpp[0m
[0.609s] [ 22%] Built target explore_lite_msgs__rosidl_typesupport_introspection_cpp
[0.625s] [35m[1mConsolidate compiler generated dependencies of target explore_lite_msgs__rosidl_typesupport_fastrtps_cpp[0m
[0.644s] [ 32%] Built target explore_lite_msgs__rosidl_typesupport_fastrtps_cpp
[0.662s] [35m[1mConsolidate compiler generated dependencies of target explore_lite_msgs__rosidl_generator_c[0m
[0.678s] [ 41%] Built target explore_lite_msgs__rosidl_generator_c
[0.693s] [35m[1mConsolidate compiler generated dependencies of target explore_lite_msgs__rosidl_typesupport_fastrtps_c[0m
[0.708s] [ 51%] Built target explore_lite_msgs__rosidl_typesupport_fastrtps_c
[0.725s] [35m[1mConsolidate compiler generated dependencies of target explore_lite_msgs__rosidl_typesupport_c[0m
[0.737s] [ 61%] Built target explore_lite_msgs__rosidl_typesupport_c
[0.753s] [35m[1mConsolidate compiler generated dependencies of target explore_lite_msgs__rosidl_typesupport_introspection_c[0m
[0.769s] [ 70%] Built target explore_lite_msgs__rosidl_typesupport_introspection_c
[0.792s] [ 70%] Built target explore_lite_msgs
[0.821s] [ 74%] Built target explore_lite_msgs__py
[0.839s] [35m[1mConsolidate compiler generated dependencies of target explore_lite_msgs__rosidl_generator_py[0m
[0.869s] [ 80%] Built target explore_lite_msgs__rosidl_generator_py
[0.887s] [35m[1mConsolidate compiler generated dependencies of target explore_lite_msgs__rosidl_typesupport_fastrtps_c__pyext[0m
[0.903s] [ 87%] Built target explore_lite_msgs__rosidl_typesupport_fastrtps_c__pyext
[0.919s] [35m[1mConsolidate compiler generated dependencies of target explore_lite_msgs__rosidl_typesupport_c__pyext[0m
[0.934s] [ 93%] Built target explore_lite_msgs__rosidl_typesupport_c__pyext
[0.952s] [35m[1mConsolidate compiler generated dependencies of target explore_lite_msgs__rosidl_typesupport_introspection_c__pyext[0m
[0.970s] [100%] Built target explore_lite_msgs__rosidl_typesupport_introspection_c__pyext
[0.984s] Invoked command in '/home/user/seek_destroy_ws/build/explore_lite_msgs' returned '0': CMAKE_PREFIX_PATH=${CMAKE_PREFIX_PATH}:/home/user/seek_destroy_ws/install/rosbot_controller:/home/user/seek_destroy_ws/install/rosbot_utils:/home/user/seek_destroy_ws/install/rosbot_gazebo:/home/user/seek_destroy_ws/install/rosbot_bringup:/home/user/seek_destroy_ws/install/autonomous_exploration:/opt/ros/humble _=/usr/bin/env /usr/bin/cmake --build /home/user/seek_destroy_ws/build/explore_lite_msgs -- -j8 -l8
[0.987s] Invoking command in '/home/user/seek_destroy_ws/build/explore_lite_msgs': CMAKE_PREFIX_PATH=${CMAKE_PREFIX_PATH}:/home/user/seek_destroy_ws/install/rosbot_controller:/home/user/seek_destroy_ws/install/rosbot_utils:/home/user/seek_destroy_ws/install/rosbot_gazebo:/home/user/seek_destroy_ws/install/rosbot_bringup:/home/user/seek_destroy_ws/install/autonomous_exploration:/opt/ros/humble _=/usr/bin/env /usr/bin/cmake --install /home/user/seek_destroy_ws/build/explore_lite_msgs
[0.997s] -- Install configuration: ""
[0.999s] -- Execute custom install script
[0.999s] -- Up-to-date symlink: /home/user/seek_destroy_ws/install/explore_lite_msgs/share/ament_index/resource_index/rosidl_interfaces/explore_lite_msgs
[1.000s] -- Up-to-date symlink: /home/user/seek_destroy_ws/install/explore_lite_msgs/include/explore_lite_msgs/explore_lite_msgs/msg/detail/explore_status__functions.h
[1.000s] -- Up-to-date symlink: /home/user/seek_destroy_ws/install/explore_lite_msgs/include/explore_lite_msgs/explore_lite_msgs/msg/detail/explore_status__struct.h
[1.000s] -- Up-to-date symlink: /home/user/seek_destroy_ws/install/explore_lite_msgs/include/explore_lite_msgs/explore_lite_msgs/msg/detail/explore_status__type_support.h
[1.000s] -- Up-to-date symlink: /home/user/seek_destroy_ws/install/explore_lite_msgs/include/explore_lite_msgs/explore_lite_msgs/msg/explore_status.h
[1.000s] -- Up-to-date symlink: /home/user/seek_destroy_ws/install/explore_lite_msgs/include/explore_lite_msgs/explore_lite_msgs/msg/rosidl_generator_c__visibility_control.h
[1.000s] -- Up-to-date symlink: /home/user/seek_destroy_ws/install/explore_lite_msgs/share/explore_lite_msgs/environment/library_path.sh
[1.001s] -- Up-to-date symlink: /home/user/seek_destroy_ws/install/explore_lite_msgs/share/explore_lite_msgs/environment/library_path.dsv
[1.001s] -- Up-to-date symlink: /home/user/seek_destroy_ws/install/explore_lite_msgs/include/explore_lite_msgs/explore_lite_msgs/msg/detail/explore_status__rosidl_typesupport_fastrtps_c.h
[1.002s] -- Up-to-date symlink: /home/user/seek_destroy_ws/install/explore_lite_msgs/include/explore_lite_msgs/explore_lite_msgs/msg/rosidl_typesupport_fastrtps_c__visibility_control.h
[1.002s] -- Up-to-date symlink: /home/user/seek_destroy_ws/install/explore_lite_msgs/include/explore_lite_msgs/explore_lite_msgs/msg/detail/explore_status__rosidl_typesupport_introspection_c.h
[1.002s] -- Up-to-date symlink: /home/user/seek_destroy_ws/install/explore_lite_msgs/include/explore_lite_msgs/explore_lite_msgs/msg/rosidl_typesupport_introspection_c__visibility_control.h
[1.002s] -- Up-to-date symlink: /home/user/seek_destroy_ws/install/explore_lite_msgs/include/explore_lite_msgs/explore_lite_msgs/msg/detail/explore_status__builder.hpp
[1.002s] -- Up-to-date symlink: /home/user/seek_destroy_ws/install/explore_lite_msgs/include/explore_lite_msgs/explore_lite_msgs/msg/detail/explore_status__struct.hpp
[1.003s] -- Up-to-date symlink: /home/user/seek_destroy_ws/install/explore_lite_msgs/include/explore_lite_msgs/explore_lite_msgs/msg/detail/explore_status__traits.hpp
[1.003s] -- Up-to-date symlink: /home/user/seek_destroy_ws/install/explore_lite_msgs/include/explore_lite_msgs/explore_lite_msgs/msg/detail/explore_status__type_support.hpp
[1.003s] -- Up-to-date symlink: /home/user/seek_destroy_ws/install/explore_lite_msgs/include/explore_lite_msgs/explore_lite_msgs/msg/explore_status.hpp
[1.003s] -- Up-to-date symlink: /home/user/seek_destroy_ws/install/explore_lite_msgs/include/explore_lite_msgs/explore_lite_msgs/msg/rosidl_generator_cpp__visibility_control.hpp
[1.009s] -- Up-to-date symlink: /home/user/seek_destroy_ws/install/explore_lite_msgs/include/explore_lite_msgs/explore_lite_msgs/msg/detail/explore_status__rosidl_typesupport_fastrtps_cpp.hpp
[1.009s] -- Up-to-date symlink: /home/user/seek_destroy_ws/install/explore_lite_msgs/include/explore_lite_msgs/explore_lite_msgs/msg/rosidl_typesupport_fastrtps_cpp__visibility_control.h
[1.010s] -- Up-to-date symlink: /home/user/seek_destroy_ws/install/explore_lite_msgs/include/explore_lite_msgs/explore_lite_msgs/msg/detail/explore_status__rosidl_typesupport_introspection_cpp.hpp
[1.010s] -- Up-to-date symlink: /home/user/seek_destroy_ws/install/explore_lite_msgs/share/explore_lite_msgs/environment/pythonpath.sh
[1.010s] -- Up-to-date symlink: /home/user/seek_destroy_ws/install/explore_lite_msgs/share/explore_lite_msgs/environment/pythonpath.dsv
[1.010s] -- Up-to-date symlink: /home/user/seek_destroy_ws/install/explore_lite_msgs/local/lib/python3.10/dist-packages/explore_lite_msgs-1.0.0-py3.10.egg-info/PKG-INFO
[1.010s] -- Up-to-date symlink: /home/user/seek_destroy_ws/install/explore_lite_msgs/local/lib/python3.10/dist-packages/explore_lite_msgs-1.0.0-py3.10.egg-info/SOURCES.txt
[1.010s] -- Up-to-date symlink: /home/user/seek_destroy_ws/install/explore_lite_msgs/local/lib/python3.10/dist-packages/explore_lite_msgs-1.0.0-py3.10.egg-info/dependency_links.txt
[1.010s] -- Up-to-date symlink: /home/user/seek_destroy_ws/install/explore_lite_msgs/local/lib/python3.10/dist-packages/explore_lite_msgs-1.0.0-py3.10.egg-info/top_level.txt
[1.011s] -- Up-to-date symlink: /home/user/seek_destroy_ws/install/explore_lite_msgs/local/lib/python3.10/dist-packages/explore_lite_msgs/__init__.py
[1.011s] -- Up-to-date symlink: /home/user/seek_destroy_ws/install/explore_lite_msgs/local/lib/python3.10/dist-packages/explore_lite_msgs/_explore_lite_msgs_s.ep.rosidl_typesupport_c.c
[1.011s] -- Up-to-date symlink: /home/user/seek_destroy_ws/install/explore_lite_msgs/local/lib/python3.10/dist-packages/explore_lite_msgs/_explore_lite_msgs_s.ep.rosidl_typesupport_fastrtps_c.c
[1.011s] -- Up-to-date symlink: /home/user/seek_destroy_ws/install/explore_lite_msgs/local/lib/python3.10/dist-packages/explore_lite_msgs/_explore_lite_msgs_s.ep.rosidl_typesupport_introspection_c.c
[1.011s] -- Up-to-date symlink: /home/user/seek_destroy_ws/install/explore_lite_msgs/local/lib/python3.10/dist-packages/explore_lite_msgs/explore_lite_msgs_s__rosidl_typesupport_c.cpython-310-x86_64-linux-gnu.so
[1.011s] -- Up-to-date symlink: /home/user/seek_destroy_ws/install/explore_lite_msgs/local/lib/python3.10/dist-packages/explore_lite_msgs/explore_lite_msgs_s__rosidl_typesupport_fastrtps_c.cpython-310-x86_64-linux-gnu.so
[1.012s] -- Up-to-date symlink: /home/user/seek_destroy_ws/install/explore_lite_msgs/local/lib/python3.10/dist-packages/explore_lite_msgs/explore_lite_msgs_s__rosidl_typesupport_introspection_c.cpython-310-x86_64-linux-gnu.so
[1.012s] -- Up-to-date symlink: /home/user/seek_destroy_ws/install/explore_lite_msgs/local/lib/python3.10/dist-packages/explore_lite_msgs/libexplore_lite_msgs__rosidl_generator_py.so
[1.012s] -- Up-to-date symlink: /home/user/seek_destroy_ws/install/explore_lite_msgs/local/lib/python3.10/dist-packages/explore_lite_msgs/msg/__init__.py
[1.012s] -- Up-to-date symlink: /home/user/seek_destroy_ws/install/explore_lite_msgs/local/lib/python3.10/dist-packages/explore_lite_msgs/msg/_explore_status.py
[1.012s] -- Up-to-date symlink: /home/user/seek_destroy_ws/install/explore_lite_msgs/local/lib/python3.10/dist-packages/explore_lite_msgs/msg/_explore_status_s.c
[1.013s] -- Up-to-date symlink: /home/user/seek_destroy_ws/install/explore_lite_msgs/local/lib/python3.10/dist-packages/explore_lite_msgs/explore_lite_msgs_s__rosidl_typesupport_fastrtps_c.cpython-310-x86_64-linux-gnu.so
[1.013s] -- Up-to-date symlink: /home/user/seek_destroy_ws/install/explore_lite_msgs/local/lib/python3.10/dist-packages/explore_lite_msgs/explore_lite_msgs_s__rosidl_typesupport_introspection_c.cpython-310-x86_64-linux-gnu.so
[1.013s] -- Up-to-date symlink: /home/user/seek_destroy_ws/install/explore_lite_msgs/local/lib/python3.10/dist-packages/explore_lite_msgs/explore_lite_msgs_s__rosidl_typesupport_c.cpython-310-x86_64-linux-gnu.so
[1.013s] -- Up-to-date symlink: /home/user/seek_destroy_ws/install/explore_lite_msgs/share/explore_lite_msgs/msg/ExploreStatus.idl
[1.013s] -- Up-to-date symlink: /home/user/seek_destroy_ws/install/explore_lite_msgs/share/explore_lite_msgs/msg/ExploreStatus.msg
[1.013s] -- Up-to-date symlink: /home/user/seek_destroy_ws/install/explore_lite_msgs/share/ament_index/resource_index/package_run_dependencies/explore_lite_msgs
[1.013s] -- Up-to-date symlink: /home/user/seek_destroy_ws/install/explore_lite_msgs/share/ament_index/resource_index/parent_prefix_path/explore_lite_msgs
[1.013s] -- Up-to-date symlink: /home/user/seek_destroy_ws/install/explore_lite_msgs/share/explore_lite_msgs/environment/ament_prefix_path.sh
[1.014s] -- Up-to-date symlink: /home/user/seek_destroy_ws/install/explore_lite_msgs/share/explore_lite_msgs/environment/ament_prefix_path.dsv
[1.014s] -- Up-to-date symlink: /home/user/seek_destroy_ws/install/explore_lite_msgs/share/explore_lite_msgs/environment/path.sh
[1.014s] -- Up-to-date symlink: /home/user/seek_destroy_ws/install/explore_lite_msgs/share/explore_lite_msgs/environment/path.dsv
[1.014s] -- Up-to-date symlink: /home/user/seek_destroy_ws/install/explore_lite_msgs/share/explore_lite_msgs/local_setup.bash
[1.014s] -- Up-to-date symlink: /home/user/seek_destroy_ws/install/explore_lite_msgs/share/explore_lite_msgs/local_setup.sh
[1.014s] -- Up-to-date symlink: /home/user/seek_destroy_ws/install/explore_lite_msgs/share/explore_lite_msgs/local_setup.zsh
[1.014s] -- Up-to-date symlink: /home/user/seek_destroy_ws/install/explore_lite_msgs/share/explore_lite_msgs/local_setup.dsv
[1.015s] -- Symlinking: /home/user/seek_destroy_ws/install/explore_lite_msgs/share/explore_lite_msgs/package.dsv
[1.024s] -- Up-to-date symlink: /home/user/seek_destroy_ws/install/explore_lite_msgs/share/ament_index/resource_index/packages/explore_lite_msgs
[1.025s] -- Up-to-date symlink: /home/user/seek_destroy_ws/install/explore_lite_msgs/share/explore_lite_msgs/cmake/rosidl_cmake-extras.cmake
[1.025s] -- Up-to-date symlink: /home/user/seek_destroy_ws/install/explore_lite_msgs/share/explore_lite_msgs/cmake/ament_cmake_export_include_directories-extras.cmake
[1.025s] -- Up-to-date symlink: /home/user/seek_destroy_ws/install/explore_lite_msgs/share/explore_lite_msgs/cmake/ament_cmake_export_libraries-extras.cmake
[1.025s] -- Up-to-date symlink: /home/user/seek_destroy_ws/install/explore_lite_msgs/share/explore_lite_msgs/cmake/ament_cmake_export_targets-extras.cmake
[1.026s] -- Up-to-date symlink: /home/user/seek_destroy_ws/install/explore_lite_msgs/share/explore_lite_msgs/cmake/rosidl_cmake_export_typesupport_targets-extras.cmake
[1.026s] -- Up-to-date symlink: /home/user/seek_destroy_ws/install/explore_lite_msgs/share/explore_lite_msgs/cmake/ament_cmake_export_dependencies-extras.cmake
[1.026s] -- Up-to-date symlink: /home/user/seek_destroy_ws/install/explore_lite_msgs/share/explore_lite_msgs/cmake/rosidl_cmake_export_typesupport_libraries-extras.cmake
[1.026s] -- Up-to-date symlink: /home/user/seek_destroy_ws/install/explore_lite_msgs/share/explore_lite_msgs/cmake/explore_lite_msgsConfig.cmake
[1.027s] -- Up-to-date symlink: /home/user/seek_destroy_ws/install/explore_lite_msgs/share/explore_lite_msgs/cmake/explore_lite_msgsConfig-version.cmake
[1.027s] -- Up-to-date symlink: /home/user/seek_destroy_ws/install/explore_lite_msgs/share/explore_lite_msgs/package.xml
[1.029s] -- Up-to-date: /home/user/seek_destroy_ws/install/explore_lite_msgs/lib/libexplore_lite_msgs__rosidl_generator_c.so
[1.031s] -- Up-to-date: /home/user/seek_destroy_ws/install/explore_lite_msgs/lib/libexplore_lite_msgs__rosidl_typesupport_fastrtps_c.so
[1.032s] -- Up-to-date: /home/user/seek_destroy_ws/install/explore_lite_msgs/lib/libexplore_lite_msgs__rosidl_typesupport_introspection_c.so
[1.035s] -- Up-to-date: /home/user/seek_destroy_ws/install/explore_lite_msgs/lib/libexplore_lite_msgs__rosidl_typesupport_c.so
[1.038s] -- Up-to-date: /home/user/seek_destroy_ws/install/explore_lite_msgs/lib/libexplore_lite_msgs__rosidl_typesupport_fastrtps_cpp.so
[1.038s] -- Up-to-date: /home/user/seek_destroy_ws/install/explore_lite_msgs/lib/libexplore_lite_msgs__rosidl_typesupport_introspection_cpp.so
[1.040s] -- Up-to-date: /home/user/seek_destroy_ws/install/explore_lite_msgs/lib/libexplore_lite_msgs__rosidl_typesupport_cpp.so
[1.103s] Listing '/home/user/seek_destroy_ws/install/explore_lite_msgs/local/lib/python3.10/dist-packages/explore_lite_msgs'...
[1.103s] Listing '/home/user/seek_destroy_ws/install/explore_lite_msgs/local/lib/python3.10/dist-packages/explore_lite_msgs/msg'...
[1.107s] -- Up-to-date: /home/user/seek_destroy_ws/install/explore_lite_msgs/lib/libexplore_lite_msgs__rosidl_generator_py.so
[1.108s] -- Up-to-date: /home/user/seek_destroy_ws/install/explore_lite_msgs/share/explore_lite_msgs/cmake/export_explore_lite_msgs__rosidl_generator_cExport.cmake
[1.108s] -- Up-to-date: /home/user/seek_destroy_ws/install/explore_lite_msgs/share/explore_lite_msgs/cmake/export_explore_lite_msgs__rosidl_generator_cExport-noconfig.cmake
[1.110s] -- Up-to-date: /home/user/seek_destroy_ws/install/explore_lite_msgs/share/explore_lite_msgs/cmake/export_explore_lite_msgs__rosidl_typesupport_fastrtps_cExport.cmake
[1.110s] -- Up-to-date: /home/user/seek_destroy_ws/install/explore_lite_msgs/share/explore_lite_msgs/cmake/export_explore_lite_msgs__rosidl_typesupport_fastrtps_cExport-noconfig.cmake
[1.111s] -- Up-to-date: /home/user/seek_destroy_ws/install/explore_lite_msgs/share/explore_lite_msgs/cmake/explore_lite_msgs__rosidl_typesupport_introspection_cExport.cmake
[1.111s] -- Up-to-date: /home/user/seek_destroy_ws/install/explore_lite_msgs/share/explore_lite_msgs/cmake/explore_lite_msgs__rosidl_typesupport_introspection_cExport-noconfig.cmake
[1.113s] -- Up-to-date: /home/user/seek_destroy_ws/install/explore_lite_msgs/share/explore_lite_msgs/cmake/explore_lite_msgs__rosidl_typesupport_cExport.cmake
[1.113s] -- Up-to-date: /home/user/seek_destroy_ws/install/explore_lite_msgs/share/explore_lite_msgs/cmake/explore_lite_msgs__rosidl_typesupport_cExport-noconfig.cmake
[1.114s] -- Up-to-date: /home/user/seek_destroy_ws/install/explore_lite_msgs/share/explore_lite_msgs/cmake/export_explore_lite_msgs__rosidl_generator_cppExport.cmake
[1.115s] -- Up-to-date: /home/user/seek_destroy_ws/install/explore_lite_msgs/share/explore_lite_msgs/cmake/export_explore_lite_msgs__rosidl_typesupport_fastrtps_cppExport.cmake
[1.116s] -- Up-to-date: /home/user/seek_destroy_ws/install/explore_lite_msgs/share/explore_lite_msgs/cmake/export_explore_lite_msgs__rosidl_typesupport_fastrtps_cppExport-noconfig.cmake
[1.118s] -- Up-to-date: /home/user/seek_destroy_ws/install/explore_lite_msgs/share/explore_lite_msgs/cmake/explore_lite_msgs__rosidl_typesupport_introspection_cppExport.cmake
[1.118s] -- Up-to-date: /home/user/seek_destroy_ws/install/explore_lite_msgs/share/explore_lite_msgs/cmake/explore_lite_msgs__rosidl_typesupport_introspection_cppExport-noconfig.cmake
[1.119s] -- Up-to-date: /home/user/seek_destroy_ws/install/explore_lite_msgs/share/explore_lite_msgs/cmake/explore_lite_msgs__rosidl_typesupport_cppExport.cmake
[1.119s] -- Up-to-date: /home/user/seek_destroy_ws/install/explore_lite_msgs/share/explore_lite_msgs/cmake/explore_lite_msgs__rosidl_typesupport_cppExport-noconfig.cmake
[1.120s] -- Up-to-date: /home/user/seek_destroy_ws/install/explore_lite_msgs/share/explore_lite_msgs/cmake/export_explore_lite_msgs__rosidl_generator_pyExport.cmake
[1.121s] -- Up-to-date: /home/user/seek_destroy_ws/install/explore_lite_msgs/share/explore_lite_msgs/cmake/export_explore_lite_msgs__rosidl_generator_pyExport-noconfig.cmake
[1.125s] Invoked command in '/home/user/seek_destroy_ws/build/explore_lite_msgs' returned '0': CMAKE_PREFIX_PATH=${CMAKE_PREFIX_PATH}:/home/user/seek_destroy_ws/install/rosbot_controller:/home/user/seek_destroy_ws/install/rosbot_utils:/home/user/seek_destroy_ws/install/rosbot_gazebo:/home/user/seek_destroy_ws/install/rosbot_bringup:/home/user/seek_destroy_ws/install/autonomous_exploration:/opt/ros/humble _=/usr/bin/env /usr/bin/cmake --install /home/user/seek_destroy_ws/build/explore_lite_msgs
