[35m[1mConsolidate compiler generated dependencies of target combine_grids[0m
[ 33%] Built target combine_grids
[35m[1mConsolidate compiler generated dependencies of target gtest[0m
[ 50%] Built target gtest
[ 58%] [32mBuilding CXX object CMakeFiles/map_merge.dir/src/map_merge.cpp.o[0m
[ 66%] [32m[1mLinking CXX executable map_merge[0m
[ 66%] Built target map_merge
[35m[1mConsolidate compiler generated dependencies of target gtest_main[0m
[ 83%] Built target gtest_main
[ 91%] [32mBuilding CXX object CMakeFiles/test_merging_pipeline.dir/test/test_merging_pipeline.cpp.o[0m
[100%] [32m[1mLinking CXX executable test_merging_pipeline[0m
[100%] Built target test_merging_pipeline
-- Install configuration: ""
-- Execute custom install script
-- Symlinking: /home/user/seek_destroy_ws/install/multirobot_map_merge/include/map_merge//map_merge.h
-- Symlinking: /home/user/seek_destroy_ws/install/multirobot_map_merge/include/map_merge//ros1_names.hpp
-- Symlinking: /home/user/seek_destroy_ws/install/multirobot_map_merge/share/multirobot_map_merge/launch/from_map_server.launch.py
-- Symlinking: /home/user/seek_destroy_ws/install/multirobot_map_merge/share/multirobot_map_merge/launch/map_merge.launch.py
-- Symlinking: /home/user/seek_destroy_ws/install/multirobot_map_merge/share/multirobot_map_merge/launch/map_merge.rviz
-- Symlinking: /home/user/seek_destroy_ws/install/multirobot_map_merge/share/multirobot_map_merge/launch/tb3_simulation/bringup_launch.py
-- Symlinking: /home/user/seek_destroy_ws/install/multirobot_map_merge/share/multirobot_map_merge/launch/tb3_simulation/config/nav2_multirobot_params_1.yaml
-- Symlinking: /home/user/seek_destroy_ws/install/multirobot_map_merge/share/multirobot_map_merge/launch/tb3_simulation/config/nav2_multirobot_params_2.yaml
-- Symlinking: /home/user/seek_destroy_ws/install/multirobot_map_merge/share/multirobot_map_merge/launch/tb3_simulation/multi_tb3_simulation_launch.py
-- Symlinking: /home/user/seek_destroy_ws/install/multirobot_map_merge/share/multirobot_map_merge/launch/tb3_simulation/slam_toolbox.py
-- Symlinking: /home/user/seek_destroy_ws/install/multirobot_map_merge/share/multirobot_map_merge/launch/tb3_simulation/tb3_simulation_launch.py
-- Symlinking: /home/user/seek_destroy_ws/install/multirobot_map_merge/share/multirobot_map_merge/launch/tb3_simulation/worlds/world_only.model
-- Symlinking: /home/user/seek_destroy_ws/install/multirobot_map_merge/share/multirobot_map_merge/config/params.yaml
-- Symlinking: /home/user/seek_destroy_ws/install/multirobot_map_merge/lib/multirobot_map_merge/map_merge
-- Symlinking: /home/user/seek_destroy_ws/install/multirobot_map_merge/share/multirobot_map_merge/environment/library_path.sh
-- Symlinking: /home/user/seek_destroy_ws/install/multirobot_map_merge/share/multirobot_map_merge/environment/library_path.dsv
-- Symlinking: /home/user/seek_destroy_ws/install/multirobot_map_merge/share/ament_index/resource_index/package_run_dependencies/multirobot_map_merge
-- Symlinking: /home/user/seek_destroy_ws/install/multirobot_map_merge/share/ament_index/resource_index/parent_prefix_path/multirobot_map_merge
-- Symlinking: /home/user/seek_destroy_ws/install/multirobot_map_merge/share/multirobot_map_merge/environment/ament_prefix_path.sh
-- Symlinking: /home/user/seek_destroy_ws/install/multirobot_map_merge/share/multirobot_map_merge/environment/ament_prefix_path.dsv
-- Symlinking: /home/user/seek_destroy_ws/install/multirobot_map_merge/share/multirobot_map_merge/environment/path.sh
-- Symlinking: /home/user/seek_destroy_ws/install/multirobot_map_merge/share/multirobot_map_merge/environment/path.dsv
-- Symlinking: /home/user/seek_destroy_ws/install/multirobot_map_merge/share/multirobot_map_merge/local_setup.bash
-- Symlinking: /home/user/seek_destroy_ws/install/multirobot_map_merge/share/multirobot_map_merge/local_setup.sh
-- Symlinking: /home/user/seek_destroy_ws/install/multirobot_map_merge/share/multirobot_map_merge/local_setup.zsh
-- Symlinking: /home/user/seek_destroy_ws/install/multirobot_map_merge/share/multirobot_map_merge/local_setup.dsv
-- Symlinking: /home/user/seek_destroy_ws/install/multirobot_map_merge/share/multirobot_map_merge/package.dsv
-- Symlinking: /home/user/seek_destroy_ws/install/multirobot_map_merge/share/ament_index/resource_index/packages/multirobot_map_merge
-- Symlinking: /home/user/seek_destroy_ws/install/multirobot_map_merge/share/multirobot_map_merge/cmake/ament_cmake_export_include_directories-extras.cmake
-- Symlinking: /home/user/seek_destroy_ws/install/multirobot_map_merge/share/multirobot_map_merge/cmake/ament_cmake_export_libraries-extras.cmake
-- Symlinking: /home/user/seek_destroy_ws/install/multirobot_map_merge/share/multirobot_map_merge/cmake/multirobot_map_mergeConfig.cmake
-- Symlinking: /home/user/seek_destroy_ws/install/multirobot_map_merge/share/multirobot_map_merge/cmake/multirobot_map_mergeConfig-version.cmake
-- Symlinking: /home/user/seek_destroy_ws/install/multirobot_map_merge/share/multirobot_map_merge/package.xml
-- Installing: /home/user/seek_destroy_ws/install/multirobot_map_merge/lib/libcombine_grids.a
