[0.202s] Invoking command in '/home/user/seek_destroy_ws/build/explore_lite': CMAKE_PREFIX_PATH=/home/user/seek_destroy_ws/install/explore_lite_msgs:/home/user/seek_destroy_ws/install/rosbot_localization:/home/user/seek_destroy_ws/install/rosbot_joy:/home/user/seek_destroy_ws/install/rosbot_hardware_interfaces:/home/user/seek_destroy_ws/install/rosbot_description:/home/user/seek_destroy_ws/install/rosbot:/home/user/seek_destroy_ws/install/multirobot_map_merge:/home/user/seek_destroy_ws/install/husarion_gz_worlds:/home/user/seek_destroy_ws/install/husarion_components_description:/home/user/seek_destroy_ws/install/explore_lite:/home/user/seek_destroy_ws/install/rosbot_controller:/home/user/seek_destroy_ws/install/rosbot_utils:/home/user/seek_destroy_ws/install/rosbot_gazebo:/home/user/seek_destroy_ws/install/rosbot_bringup:/home/user/seek_destroy_ws/install/autonomous_exploration:/opt/ros/humble LD_LIBRARY_PATH=/home/user/seek_destroy_ws/install/explore_lite_msgs/lib:/home/user/seek_destroy_ws/install/rosbot_hardware_interfaces/lib:/home/user/seek_destroy_ws/install/multirobot_map_merge/lib:/usr/local/cuda-10.2/lib64:/home/user/.catkin_ws_python3/src/TensorRT-7.0.0.11/lib:/opt/ros/humble/opt/rviz_ogre_vendor/lib:/opt/ros/humble/lib/x86_64-linux-gnu:/opt/ros/humble/lib:/usr/local/cuda-10.2/lib64:/home/user/.catkin_ws_python3/src/TensorRT-7.0.0.11/lib:/usr/lib/x86_64-linux-gnu/gazebo-11/plugins:/usr/lib/x86_64-linux-gnu/gazebo-11/plugins:/usr/lib/x86_64-linux-gnu/gazebo-11/plugins _=/usr/bin/env /usr/bin/cmake /home/user/seek_destroy_ws/src/m-explore-ros2/explore -DAMENT_CMAKE_SYMLINK_INSTALL=1 -DCMAKE_INSTALL_PREFIX=/home/user/seek_destroy_ws/install/explore_lite
[0.525s] -- The C compiler identification is GNU 11.4.0
[0.910s] -- The CXX compiler identification is GNU 11.4.0
[0.925s] -- Detecting C compiler ABI info
[1.395s] -- Detecting C compiler ABI info - done
[1.415s] -- Check for working C compiler: /usr/bin/cc - skipped
[1.416s] -- Detecting C compile features
[1.416s] -- Detecting C compile features - done
[1.431s] -- Detecting CXX compiler ABI info
[2.008s] -- Detecting CXX compiler ABI info - done
[2.094s] -- Check for working CXX compiler: /usr/bin/c++ - skipped
[2.094s] -- Detecting CXX compile features
[2.095s] -- Detecting CXX compile features - done
[2.097s] -- BuilD for ROS2: humble
[2.106s] -- Found ament_cmake: 1.3.12 (/opt/ros/humble/share/ament_cmake/cmake)
[5.224s] -- Found Python3: /usr/bin/python3 (found version "3.10.12") found components: Interpreter 
[5.599s] -- Override CMake install command with custom implementation using symlinks instead of copying resources
[5.928s] -- Found rclcpp: 16.0.16 (/opt/ros/humble/share/rclcpp/cmake)
[6.324s] -- Found rosidl_generator_c: 3.1.7 (/opt/ros/humble/share/rosidl_generator_c/cmake)
[6.427s] -- Found rosidl_adapter: 3.1.7 (/opt/ros/humble/share/rosidl_adapter/cmake)
[6.510s] -- Found rosidl_generator_cpp: 3.1.7 (/opt/ros/humble/share/rosidl_generator_cpp/cmake)
[6.599s] -- Using all available rosidl_typesupport_c: rosidl_typesupport_fastrtps_c;rosidl_typesupport_introspection_c
[6.698s] -- Using all available rosidl_typesupport_cpp: rosidl_typesupport_fastrtps_cpp;rosidl_typesupport_introspection_cpp
[7.105s] -- Found rmw_implementation_cmake: 6.1.2 (/opt/ros/humble/share/rmw_implementation_cmake/cmake)
[7.122s] -- Found rmw_fastrtps_cpp: 6.2.9 (/opt/ros/humble/share/rmw_fastrtps_cpp/cmake)
[7.723s] -- Found OpenSSL: /usr/lib/x86_64-linux-gnu/libcrypto.so (found version "3.0.2")  
[7.930s] -- Found FastRTPS: /opt/ros/humble/include  
[8.201s] -- Using RMW implementation 'rmw_fastrtps_cpp' as default
[8.291s] -- Looking for pthread.h
[8.534s] -- Looking for pthread.h - found
[8.534s] -- Performing Test CMAKE_HAVE_LIBC_PTHREAD
[9.045s] -- Performing Test CMAKE_HAVE_LIBC_PTHREAD - Success
[9.091s] -- Found Threads: TRUE  
[9.318s] -- Found sensor_msgs: 4.9.0 (/opt/ros/humble/share/sensor_msgs/cmake)
[9.509s] -- Found tf2_ros: 0.25.17 (/opt/ros/humble/share/tf2_ros/cmake)
[10.247s] -- Found tf2_geometry_msgs: 0.25.17 (/opt/ros/humble/share/tf2_geometry_msgs/cmake)
[10.401s] -- Found eigen3_cmake_module: 0.1.1 (/opt/ros/humble/share/eigen3_cmake_module/cmake)
[10.403s] -- Found Eigen3: TRUE (found version "3.4.0") 
[10.403s] -- Ensuring Eigen3 include directory is part of orocos-kdl CMake target
[10.446s] -- Found nav2_msgs: 1.1.20 (/opt/ros/humble/share/nav2_msgs/cmake)
[10.739s] -- Found map_msgs: 2.1.0 (/opt/ros/humble/share/map_msgs/cmake)
[10.918s] -- Found visualization_msgs: 4.9.0 (/opt/ros/humble/share/visualization_msgs/cmake)
[11.154s] -- Found nav2_costmap_2d: 1.1.20 (/opt/ros/humble/share/nav2_costmap_2d/cmake)
[12.317s] -- Found explore_lite_msgs: 1.0.0 (/home/user/seek_destroy_ws/install/explore_lite_msgs/share/explore_lite_msgs/cmake)
[12.401s] -- Found ament_lint_auto: 0.12.14 (/opt/ros/humble/share/ament_lint_auto/cmake)
[12.840s] -- Found ament_cmake_gtest: 1.3.12 (/opt/ros/humble/share/ament_cmake_gtest/cmake)
[12.898s] -- Found gtest sources under '/opt/ros/humble/src/gtest_vendor': C++ tests using 'Google Test' will be built
[12.918s] -- Added test 'cppcheck' to perform static code analysis on C / C++ code
[12.918s] -- Configured cppcheck include dirs: /home/user/seek_destroy_ws/src/m-explore-ros2/explore/include;$<BUILD_INTERFACE:/home/user/seek_destroy_ws/src/m-explore-ros2/explore/include>
[12.918s] -- Configured cppcheck exclude dirs and/or files: 
[12.920s] -- Added test 'flake8' to check Python code syntax and style conventions
[12.921s] -- Added test 'lint_cmake' to check CMake code style
[12.924s] -- Added test 'pep257' to check Python code against some of the docstring style conventions in PEP 257
[12.926s] -- Added test 'uncrustify' to check C / C++ code style
[12.926s] -- Configured uncrustify additional arguments: 
[12.927s] -- Added test 'xmllint' to check XML markup files
[12.995s] -- Configuring done
[13.444s] -- Generating done
[13.475s] -- Build files have been written to: /home/user/seek_destroy_ws/build/explore_lite
[13.568s] Invoked command in '/home/user/seek_destroy_ws/build/explore_lite' returned '0': CMAKE_PREFIX_PATH=/home/user/seek_destroy_ws/install/explore_lite_msgs:/home/user/seek_destroy_ws/install/rosbot_localization:/home/user/seek_destroy_ws/install/rosbot_joy:/home/user/seek_destroy_ws/install/rosbot_hardware_interfaces:/home/user/seek_destroy_ws/install/rosbot_description:/home/user/seek_destroy_ws/install/rosbot:/home/user/seek_destroy_ws/install/multirobot_map_merge:/home/user/seek_destroy_ws/install/husarion_gz_worlds:/home/user/seek_destroy_ws/install/husarion_components_description:/home/user/seek_destroy_ws/install/explore_lite:/home/user/seek_destroy_ws/install/rosbot_controller:/home/user/seek_destroy_ws/install/rosbot_utils:/home/user/seek_destroy_ws/install/rosbot_gazebo:/home/user/seek_destroy_ws/install/rosbot_bringup:/home/user/seek_destroy_ws/install/autonomous_exploration:/opt/ros/humble LD_LIBRARY_PATH=/home/user/seek_destroy_ws/install/explore_lite_msgs/lib:/home/user/seek_destroy_ws/install/rosbot_hardware_interfaces/lib:/home/user/seek_destroy_ws/install/multirobot_map_merge/lib:/usr/local/cuda-10.2/lib64:/home/user/.catkin_ws_python3/src/TensorRT-7.0.0.11/lib:/opt/ros/humble/opt/rviz_ogre_vendor/lib:/opt/ros/humble/lib/x86_64-linux-gnu:/opt/ros/humble/lib:/usr/local/cuda-10.2/lib64:/home/user/.catkin_ws_python3/src/TensorRT-7.0.0.11/lib:/usr/lib/x86_64-linux-gnu/gazebo-11/plugins:/usr/lib/x86_64-linux-gnu/gazebo-11/plugins:/usr/lib/x86_64-linux-gnu/gazebo-11/plugins _=/usr/bin/env /usr/bin/cmake /home/user/seek_destroy_ws/src/m-explore-ros2/explore -DAMENT_CMAKE_SYMLINK_INSTALL=1 -DCMAKE_INSTALL_PREFIX=/home/user/seek_destroy_ws/install/explore_lite
[13.568s] Invoking command in '/home/user/seek_destroy_ws/build/explore_lite': CMAKE_PREFIX_PATH=/home/user/seek_destroy_ws/install/explore_lite_msgs:/home/user/seek_destroy_ws/install/rosbot_localization:/home/user/seek_destroy_ws/install/rosbot_joy:/home/user/seek_destroy_ws/install/rosbot_hardware_interfaces:/home/user/seek_destroy_ws/install/rosbot_description:/home/user/seek_destroy_ws/install/rosbot:/home/user/seek_destroy_ws/install/multirobot_map_merge:/home/user/seek_destroy_ws/install/husarion_gz_worlds:/home/user/seek_destroy_ws/install/husarion_components_description:/home/user/seek_destroy_ws/install/explore_lite:/home/user/seek_destroy_ws/install/rosbot_controller:/home/user/seek_destroy_ws/install/rosbot_utils:/home/user/seek_destroy_ws/install/rosbot_gazebo:/home/user/seek_destroy_ws/install/rosbot_bringup:/home/user/seek_destroy_ws/install/autonomous_exploration:/opt/ros/humble LD_LIBRARY_PATH=/home/user/seek_destroy_ws/install/explore_lite_msgs/lib:/home/user/seek_destroy_ws/install/rosbot_hardware_interfaces/lib:/home/user/seek_destroy_ws/install/multirobot_map_merge/lib:/usr/local/cuda-10.2/lib64:/home/user/.catkin_ws_python3/src/TensorRT-7.0.0.11/lib:/opt/ros/humble/opt/rviz_ogre_vendor/lib:/opt/ros/humble/lib/x86_64-linux-gnu:/opt/ros/humble/lib:/usr/local/cuda-10.2/lib64:/home/user/.catkin_ws_python3/src/TensorRT-7.0.0.11/lib:/usr/lib/x86_64-linux-gnu/gazebo-11/plugins:/usr/lib/x86_64-linux-gnu/gazebo-11/plugins:/usr/lib/x86_64-linux-gnu/gazebo-11/plugins _=/usr/bin/env /usr/bin/cmake --build /home/user/seek_destroy_ws/build/explore_lite -- -j8 -l8
[13.843s] [ 10%] [32mBuilding CXX object gtest/CMakeFiles/gtest_main.dir/src/gtest_main.cc.o[0m
[13.917s] [ 20%] [32mBuilding CXX object CMakeFiles/explore.dir/src/costmap_client.cpp.o[0m
[13.926s] [ 30%] [32mBuilding CXX object CMakeFiles/explore.dir/src/explore.cpp.o[0m
[13.935s] [ 40%] [32mBuilding CXX object gtest/CMakeFiles/gtest.dir/src/gtest-all.cc.o[0m
[13.942s] [ 50%] [32mBuilding CXX object CMakeFiles/explore.dir/src/frontier_search.cpp.o[0m
[18.518s] [ 60%] [32m[1mLinking CXX static library libgtest_main.a[0m
[19.022s] [ 60%] Built target gtest_main
[1057.702s] gmake[2]: *** [CMakeFiles/explore.dir/build.make:76: CMakeFiles/explore.dir/src/costmap_client.cpp.o] Interrupt
[1057.707s] gmake[2]: *** [CMakeFiles/explore.dir/build.make:90: CMakeFiles/explore.dir/src/explore.cpp.o] Interrupt
[1057.707s] gmake[2]: *** [CMakeFiles/explore.dir/build.make:104: CMakeFiles/explore.dir/src/frontier_search.cpp.o] Interrupt
[1057.707s] gmake[1]: *** [CMakeFiles/Makefile2:157: CMakeFiles/explore.dir/all] Interrupt
[1057.707s] gmake[2]: *** [gtest/CMakeFiles/gtest.dir/build.make:76: gtest/CMakeFiles/gtest.dir/src/gtest-all.cc.o] Interrupt
[1057.707s] gmake[1]: *** [CMakeFiles/Makefile2:210: gtest/CMakeFiles/gtest.dir/all] Interrupt
[1057.707s] gmake: *** [Makefile:146: all] Interrupt
[1057.721s] Invoked command in '/home/user/seek_destroy_ws/build/explore_lite' returned '-2': CMAKE_PREFIX_PATH=/home/user/seek_destroy_ws/install/explore_lite_msgs:/home/user/seek_destroy_ws/install/rosbot_localization:/home/user/seek_destroy_ws/install/rosbot_joy:/home/user/seek_destroy_ws/install/rosbot_hardware_interfaces:/home/user/seek_destroy_ws/install/rosbot_description:/home/user/seek_destroy_ws/install/rosbot:/home/user/seek_destroy_ws/install/multirobot_map_merge:/home/user/seek_destroy_ws/install/husarion_gz_worlds:/home/user/seek_destroy_ws/install/husarion_components_description:/home/user/seek_destroy_ws/install/explore_lite:/home/user/seek_destroy_ws/install/rosbot_controller:/home/user/seek_destroy_ws/install/rosbot_utils:/home/user/seek_destroy_ws/install/rosbot_gazebo:/home/user/seek_destroy_ws/install/rosbot_bringup:/home/user/seek_destroy_ws/install/autonomous_exploration:/opt/ros/humble LD_LIBRARY_PATH=/home/user/seek_destroy_ws/install/explore_lite_msgs/lib:/home/user/seek_destroy_ws/install/rosbot_hardware_interfaces/lib:/home/user/seek_destroy_ws/install/multirobot_map_merge/lib:/usr/local/cuda-10.2/lib64:/home/user/.catkin_ws_python3/src/TensorRT-7.0.0.11/lib:/opt/ros/humble/opt/rviz_ogre_vendor/lib:/opt/ros/humble/lib/x86_64-linux-gnu:/opt/ros/humble/lib:/usr/local/cuda-10.2/lib64:/home/user/.catkin_ws_python3/src/TensorRT-7.0.0.11/lib:/usr/lib/x86_64-linux-gnu/gazebo-11/plugins:/usr/lib/x86_64-linux-gnu/gazebo-11/plugins:/usr/lib/x86_64-linux-gnu/gazebo-11/plugins _=/usr/bin/env /usr/bin/cmake --build /home/user/seek_destroy_ws/build/explore_lite -- -j8 -l8
