[1.103s] Invoking command in '/home/user/seek_destroy_ws/build/rosbot': CMAKE_PREFIX_PATH=${CMAKE_PREFIX_PATH}:/home/user/seek_destroy_ws/install/rosbot_controller:/home/user/seek_destroy_ws/install/rosbot_utils:/home/user/seek_destroy_ws/install/rosbot_gazebo:/home/user/seek_destroy_ws/install/rosbot_bringup:/home/user/seek_destroy_ws/install/autonomous_exploration:/opt/ros/humble _=/usr/bin/env /usr/bin/cmake --build /home/user/seek_destroy_ws/build/rosbot -- -j8 -l8
[2.129s] Invoked command in '/home/user/seek_destroy_ws/build/rosbot' returned '0': CMAKE_PREFIX_PATH=${CMAKE_PREFIX_PATH}:/home/user/seek_destroy_ws/install/rosbot_controller:/home/user/seek_destroy_ws/install/rosbot_utils:/home/user/seek_destroy_ws/install/rosbot_gazebo:/home/user/seek_destroy_ws/install/rosbot_bringup:/home/user/seek_destroy_ws/install/autonomous_exploration:/opt/ros/humble _=/usr/bin/env /usr/bin/cmake --build /home/user/seek_destroy_ws/build/rosbot -- -j8 -l8
[2.142s] Invoking command in '/home/user/seek_destroy_ws/build/rosbot': CMAKE_PREFIX_PATH=${CMAKE_PREFIX_PATH}:/home/user/seek_destroy_ws/install/rosbot_controller:/home/user/seek_destroy_ws/install/rosbot_utils:/home/user/seek_destroy_ws/install/rosbot_gazebo:/home/user/seek_destroy_ws/install/rosbot_bringup:/home/user/seek_destroy_ws/install/autonomous_exploration:/opt/ros/humble _=/usr/bin/env /usr/bin/cmake --install /home/user/seek_destroy_ws/build/rosbot
[2.244s] -- Install configuration: ""
[2.244s] -- Execute custom install script
[2.244s] -- Up-to-date symlink: /home/user/seek_destroy_ws/install/rosbot/share/ament_index/resource_index/package_run_dependencies/rosbot
[2.244s] -- Up-to-date symlink: /home/user/seek_destroy_ws/install/rosbot/share/ament_index/resource_index/parent_prefix_path/rosbot
[2.244s] -- Up-to-date symlink: /home/user/seek_destroy_ws/install/rosbot/share/rosbot/environment/ament_prefix_path.sh
[2.244s] -- Up-to-date symlink: /home/user/seek_destroy_ws/install/rosbot/share/rosbot/environment/ament_prefix_path.dsv
[2.244s] -- Up-to-date symlink: /home/user/seek_destroy_ws/install/rosbot/share/rosbot/environment/path.sh
[2.245s] -- Up-to-date symlink: /home/user/seek_destroy_ws/install/rosbot/share/rosbot/environment/path.dsv
[2.245s] -- Up-to-date symlink: /home/user/seek_destroy_ws/install/rosbot/share/rosbot/local_setup.bash
[2.245s] -- Up-to-date symlink: /home/user/seek_destroy_ws/install/rosbot/share/rosbot/local_setup.sh
[2.245s] -- Up-to-date symlink: /home/user/seek_destroy_ws/install/rosbot/share/rosbot/local_setup.zsh
[2.245s] -- Up-to-date symlink: /home/user/seek_destroy_ws/install/rosbot/share/rosbot/local_setup.dsv
[2.245s] -- Symlinking: /home/user/seek_destroy_ws/install/rosbot/share/rosbot/package.dsv
[2.321s] -- Up-to-date symlink: /home/user/seek_destroy_ws/install/rosbot/share/ament_index/resource_index/packages/rosbot
[2.322s] -- Up-to-date symlink: /home/user/seek_destroy_ws/install/rosbot/share/rosbot/cmake/rosbotConfig.cmake
[2.325s] -- Up-to-date symlink: /home/user/seek_destroy_ws/install/rosbot/share/rosbot/cmake/rosbotConfig-version.cmake
[2.326s] -- Up-to-date symlink: /home/user/seek_destroy_ws/install/rosbot/share/rosbot/package.xml
[2.526s] Invoked command in '/home/user/seek_destroy_ws/build/rosbot' returned '0': CMAKE_PREFIX_PATH=${CMAKE_PREFIX_PATH}:/home/user/seek_destroy_ws/install/rosbot_controller:/home/user/seek_destroy_ws/install/rosbot_utils:/home/user/seek_destroy_ws/install/rosbot_gazebo:/home/user/seek_destroy_ws/install/rosbot_bringup:/home/user/seek_destroy_ws/install/autonomous_exploration:/opt/ros/humble _=/usr/bin/env /usr/bin/cmake --install /home/user/seek_destroy_ws/build/rosbot
