[0.066s] Invoking command in '/home/user/seek_destroy_ws/build/husarion_components_description': CMAKE_PREFIX_PATH=${CMAKE_PREFIX_PATH}:/home/user/seek_destroy_ws/install/rosbot_controller:/home/user/seek_destroy_ws/install/rosbot_utils:/home/user/seek_destroy_ws/install/rosbot_gazebo:/home/user/seek_destroy_ws/install/rosbot_bringup:/home/user/seek_destroy_ws/install/autonomous_exploration:/opt/ros/humble _=/usr/bin/env /usr/bin/cmake /home/user/seek_destroy_ws/src/husarion_components_description -DAMENT_CMAKE_SYMLINK_INSTALL=1 -DCMAKE_INSTALL_PREFIX=/home/user/seek_destroy_ws/install/husarion_components_description
[0.924s] -- The C compiler identification is GNU 11.4.0
[0.924s] -- The CXX compiler identification is GNU 11.4.0
[0.924s] -- Detecting C compiler ABI info
[0.924s] -- Detecting C compiler ABI info - done
[0.924s] -- Check for working C compiler: /usr/bin/cc - skipped
[0.925s] -- Detecting C compile features
[0.925s] -- Detecting C compile features - done
[0.925s] -- Detecting CXX compiler ABI info
[1.026s] -- Detecting CXX compiler ABI info - done
[1.101s] -- Check for working CXX compiler: /usr/bin/c++ - skipped
[1.101s] -- Detecting CXX compile features
[1.102s] -- Detecting CXX compile features - done
[1.203s] -- Found ament_cmake: 1.3.12 (/opt/ros/humble/share/ament_cmake/cmake)
[5.410s] -- Found Python3: /usr/bin/python3 (found version "3.10.12") found components: Interpreter 
[5.891s] -- Override CMake install command with custom implementation using symlinks instead of copying resources
[6.591s] -- Found ament_cmake_pytest: 1.3.12 (/opt/ros/humble/share/ament_cmake_pytest/cmake)
[14.416s] -- Configuring done
[14.420s] -- Generating done
[14.425s] -- Build files have been written to: /home/user/seek_destroy_ws/build/husarion_components_description
[14.498s] Invoked command in '/home/user/seek_destroy_ws/build/husarion_components_description' returned '0': CMAKE_PREFIX_PATH=${CMAKE_PREFIX_PATH}:/home/user/seek_destroy_ws/install/rosbot_controller:/home/user/seek_destroy_ws/install/rosbot_utils:/home/user/seek_destroy_ws/install/rosbot_gazebo:/home/user/seek_destroy_ws/install/rosbot_bringup:/home/user/seek_destroy_ws/install/autonomous_exploration:/opt/ros/humble _=/usr/bin/env /usr/bin/cmake /home/user/seek_destroy_ws/src/husarion_components_description -DAMENT_CMAKE_SYMLINK_INSTALL=1 -DCMAKE_INSTALL_PREFIX=/home/user/seek_destroy_ws/install/husarion_components_description
[14.499s] Invoking command in '/home/user/seek_destroy_ws/build/husarion_components_description': CMAKE_PREFIX_PATH=${CMAKE_PREFIX_PATH}:/home/user/seek_destroy_ws/install/rosbot_controller:/home/user/seek_destroy_ws/install/rosbot_utils:/home/user/seek_destroy_ws/install/rosbot_gazebo:/home/user/seek_destroy_ws/install/rosbot_bringup:/home/user/seek_destroy_ws/install/autonomous_exploration:/opt/ros/humble _=/usr/bin/env /usr/bin/cmake --build /home/user/seek_destroy_ws/build/husarion_components_description -- -j8 -l8
[14.999s] Invoked command in '/home/user/seek_destroy_ws/build/husarion_components_description' returned '0': CMAKE_PREFIX_PATH=${CMAKE_PREFIX_PATH}:/home/user/seek_destroy_ws/install/rosbot_controller:/home/user/seek_destroy_ws/install/rosbot_utils:/home/user/seek_destroy_ws/install/rosbot_gazebo:/home/user/seek_destroy_ws/install/rosbot_bringup:/home/user/seek_destroy_ws/install/autonomous_exploration:/opt/ros/humble _=/usr/bin/env /usr/bin/cmake --build /home/user/seek_destroy_ws/build/husarion_components_description -- -j8 -l8
[15.000s] Invoking command in '/home/user/seek_destroy_ws/build/husarion_components_description': CMAKE_PREFIX_PATH=${CMAKE_PREFIX_PATH}:/home/user/seek_destroy_ws/install/rosbot_controller:/home/user/seek_destroy_ws/install/rosbot_utils:/home/user/seek_destroy_ws/install/rosbot_gazebo:/home/user/seek_destroy_ws/install/rosbot_bringup:/home/user/seek_destroy_ws/install/autonomous_exploration:/opt/ros/humble _=/usr/bin/env /usr/bin/cmake --install /home/user/seek_destroy_ws/build/husarion_components_description
[15.101s] -- Install configuration: ""
[15.101s] -- Execute custom install script
[15.102s] -- Symlinking: /home/user/seek_destroy_ws/install/husarion_components_description/share/husarion_components_description/meshes/devs/dev01.dae
[15.215s] -- Symlinking: /home/user/seek_destroy_ws/install/husarion_components_description/share/husarion_components_description/meshes/devs/dev02.dae
[15.302s] -- Symlinking: /home/user/seek_destroy_ws/install/husarion_components_description/share/husarion_components_description/meshes/devs/dev03.dae
[15.319s] -- Symlinking: /home/user/seek_destroy_ws/install/husarion_components_description/share/husarion_components_description/meshes/devs/dev04h.dae
[15.432s] -- Symlinking: /home/user/seek_destroy_ws/install/husarion_components_description/share/husarion_components_description/meshes/devs/dev04l.dae
[15.526s] -- Symlinking: /home/user/seek_destroy_ws/install/husarion_components_description/share/husarion_components_description/meshes/devs/dev05.dae
[15.615s] -- Symlinking: /home/user/seek_destroy_ws/install/husarion_components_description/share/husarion_components_description/meshes/devs/dev06.dae
[15.721s] -- Symlinking: /home/user/seek_destroy_ws/install/husarion_components_description/share/husarion_components_description/meshes/devs/dev07.dae
[15.826s] -- Symlinking: /home/user/seek_destroy_ws/install/husarion_components_description/share/husarion_components_description/meshes/devs/dev07t.dae
[15.827s] -- Symlinking: /home/user/seek_destroy_ws/install/husarion_components_description/share/husarion_components_description/meshes/devs/dev09.dae
[15.994s] -- Symlinking: /home/user/seek_destroy_ws/install/husarion_components_description/share/husarion_components_description/meshes/ouster_os01.dae
[16.013s] -- Symlinking: /home/user/seek_destroy_ws/install/husarion_components_description/share/husarion_components_description/meshes/teltonika_003R-00253.dae
[16.094s] -- Symlinking: /home/user/seek_destroy_ws/install/husarion_components_description/share/husarion_components_description/meshes/teltonika_003R-00253_collision.stl
[16.107s] -- Symlinking: /home/user/seek_destroy_ws/install/husarion_components_description/share/husarion_components_description/meshes/v_slot_profile.dae
[16.117s] -- Symlinking: /home/user/seek_destroy_ws/install/husarion_components_description/share/husarion_components_description/meshes/wibotic_frame.dae
[16.201s] -- Symlinking: /home/user/seek_destroy_ws/install/husarion_components_description/share/husarion_components_description/meshes/wibotic_receiver.dae
[16.215s] -- Symlinking: /home/user/seek_destroy_ws/install/husarion_components_description/share/husarion_components_description/meshes/wibotic_transmitter.dae
[16.298s] -- Symlinking: /home/user/seek_destroy_ws/install/husarion_components_description/share/husarion_components_description/urdf/components.urdf.xacro
[16.389s] -- Symlinking: /home/user/seek_destroy_ws/install/husarion_components_description/share/husarion_components_description/urdf/dev.urdf.xacro
[16.416s] -- Symlinking: /home/user/seek_destroy_ws/install/husarion_components_description/share/husarion_components_description/urdf/gz_sensor.urdf.xacro
[16.516s] -- Symlinking: /home/user/seek_destroy_ws/install/husarion_components_description/share/husarion_components_description/urdf/intel_realsense_d435.urdf.xacro
[16.606s] -- Symlinking: /home/user/seek_destroy_ws/install/husarion_components_description/share/husarion_components_description/urdf/kinova.urdf.xacro
[16.707s] -- Symlinking: /home/user/seek_destroy_ws/install/husarion_components_description/share/husarion_components_description/urdf/luxonis_depthai.urdf.xacro
[16.801s] -- Symlinking: /home/user/seek_destroy_ws/install/husarion_components_description/share/husarion_components_description/urdf/orbbec_astra.urdf.xacro
[16.815s] -- Symlinking: /home/user/seek_destroy_ws/install/husarion_components_description/share/husarion_components_description/urdf/ouster.urdf.xacro
[16.890s] -- Symlinking: /home/user/seek_destroy_ws/install/husarion_components_description/share/husarion_components_description/urdf/rack.urdf.xacro
[16.990s] -- Symlinking: /home/user/seek_destroy_ws/install/husarion_components_description/share/husarion_components_description/urdf/robotiq.urdf.xacro
[17.019s] -- Symlinking: /home/user/seek_destroy_ws/install/husarion_components_description/share/husarion_components_description/urdf/slamtec_rplidar.urdf.xacro
[17.112s] -- Symlinking: /home/user/seek_destroy_ws/install/husarion_components_description/share/husarion_components_description/urdf/stereolabs_zed.urdf.xacro
[17.220s] -- Symlinking: /home/user/seek_destroy_ws/install/husarion_components_description/share/husarion_components_description/urdf/teltonika_003R-00253.urdf.xacro
[17.393s] -- Symlinking: /home/user/seek_destroy_ws/install/husarion_components_description/share/husarion_components_description/urdf/ur.urdf.xacro
[17.421s] -- Symlinking: /home/user/seek_destroy_ws/install/husarion_components_description/share/husarion_components_description/urdf/velodyne_puck.urdf.xacro
[17.507s] -- Symlinking: /home/user/seek_destroy_ws/install/husarion_components_description/share/husarion_components_description/urdf/wibotic_receiver.urdf.xacro
[17.691s] -- Symlinking: /home/user/seek_destroy_ws/install/husarion_components_description/share/husarion_components_description/urdf/wibotic_station.urdf.xacro
[17.709s] -- Symlinking: /home/user/seek_destroy_ws/install/husarion_components_description/share/husarion_components_description/launch/gz_components.launch.py
[17.808s] -- Symlinking: /home/user/seek_destroy_ws/install/husarion_components_description/share/husarion_components_description/launch/gz_intel_realsense_d435.launch.py
[17.906s] -- Symlinking: /home/user/seek_destroy_ws/install/husarion_components_description/share/husarion_components_description/launch/gz_kinova_6dof.launch.py
[17.990s] -- Symlinking: /home/user/seek_destroy_ws/install/husarion_components_description/share/husarion_components_description/launch/gz_kinova_7dof.launch.py
[18.010s] -- Symlinking: /home/user/seek_destroy_ws/install/husarion_components_description/share/husarion_components_description/launch/gz_luxonis_depthai.launch.py
[18.020s] -- Symlinking: /home/user/seek_destroy_ws/install/husarion_components_description/share/husarion_components_description/launch/gz_orbbec_astra.launch.py
[18.116s] -- Symlinking: /home/user/seek_destroy_ws/install/husarion_components_description/share/husarion_components_description/launch/gz_ouster_os.launch.py
[18.201s] -- Symlinking: /home/user/seek_destroy_ws/install/husarion_components_description/share/husarion_components_description/launch/gz_robotiq.launch.py
[18.217s] -- Symlinking: /home/user/seek_destroy_ws/install/husarion_components_description/share/husarion_components_description/launch/gz_slamtec_rplidar.launch.py
[18.291s] -- Symlinking: /home/user/seek_destroy_ws/install/husarion_components_description/share/husarion_components_description/launch/gz_stereolabs_zed.launch.py
[18.316s] -- Symlinking: /home/user/seek_destroy_ws/install/husarion_components_description/share/husarion_components_description/launch/gz_teltonika.launch.py
[18.427s] -- Symlinking: /home/user/seek_destroy_ws/install/husarion_components_description/share/husarion_components_description/launch/gz_ur.launch.py
[18.511s] -- Symlinking: /home/user/seek_destroy_ws/install/husarion_components_description/share/husarion_components_description/launch/gz_velodyne.launch.py
[18.628s] -- Symlinking: /home/user/seek_destroy_ws/install/husarion_components_description/share/husarion_components_description/launch/gz_wibotic_station.launch.py
[18.699s] -- Symlinking: /home/user/seek_destroy_ws/install/husarion_components_description/share/husarion_components_description/config/gz_intel_realsense_d435_remappings.yaml
[18.715s] -- Symlinking: /home/user/seek_destroy_ws/install/husarion_components_description/share/husarion_components_description/config/gz_kinova_remappings.yaml
[18.808s] -- Symlinking: /home/user/seek_destroy_ws/install/husarion_components_description/share/husarion_components_description/config/gz_luxonis_depthai_remappings.yaml
[18.889s] -- Symlinking: /home/user/seek_destroy_ws/install/husarion_components_description/share/husarion_components_description/config/gz_orbbec_astra_remappings.yaml
[18.908s] -- Symlinking: /home/user/seek_destroy_ws/install/husarion_components_description/share/husarion_components_description/config/gz_ouster_os_remappings.yaml
[18.929s] -- Symlinking: /home/user/seek_destroy_ws/install/husarion_components_description/share/husarion_components_description/config/gz_slamtec_rplidar_remappings.yaml
[18.989s] -- Symlinking: /home/user/seek_destroy_ws/install/husarion_components_description/share/husarion_components_description/config/gz_stereolabs_zed_remappings.yaml
[19.014s] -- Symlinking: /home/user/seek_destroy_ws/install/husarion_components_description/share/husarion_components_description/config/gz_teltonika_remappings.yaml
[19.090s] -- Symlinking: /home/user/seek_destroy_ws/install/husarion_components_description/share/husarion_components_description/config/gz_velodyne_remappings.yaml
[19.115s] -- Symlinking: /home/user/seek_destroy_ws/install/husarion_components_description/share/husarion_components_description/config/kinova_6dof_controllers.yaml
[19.190s] -- Symlinking: /home/user/seek_destroy_ws/install/husarion_components_description/share/husarion_components_description/config/kinova_7dof_controllers.yaml
[19.209s] -- Symlinking: /home/user/seek_destroy_ws/install/husarion_components_description/share/husarion_components_description/config/robotiq_controllers.yaml
[19.293s] -- Symlinking: /home/user/seek_destroy_ws/install/husarion_components_description/share/husarion_components_description/config/ur_controllers.yaml
[19.339s] -- Symlinking: /home/user/seek_destroy_ws/install/husarion_components_description/share/husarion_components_description/test/component.urdf.xacro
[19.424s] -- Symlinking: /home/user/seek_destroy_ws/install/husarion_components_description/share/husarion_components_description/test/test_components_xacro.py
[19.498s] -- Symlinking: /home/user/seek_destroy_ws/install/husarion_components_description/share/husarion_components_description/environment/husarion_components_description.sh
[19.520s] -- Symlinking: /home/user/seek_destroy_ws/install/husarion_components_description/share/ament_index/resource_index/package_run_dependencies/husarion_components_description
[19.598s] -- Symlinking: /home/user/seek_destroy_ws/install/husarion_components_description/share/ament_index/resource_index/parent_prefix_path/husarion_components_description
[19.613s] -- Symlinking: /home/user/seek_destroy_ws/install/husarion_components_description/share/husarion_components_description/environment/ament_prefix_path.sh
[19.696s] -- Symlinking: /home/user/seek_destroy_ws/install/husarion_components_description/share/husarion_components_description/environment/ament_prefix_path.dsv
[19.720s] -- Symlinking: /home/user/seek_destroy_ws/install/husarion_components_description/share/husarion_components_description/environment/path.sh
[19.808s] -- Symlinking: /home/user/seek_destroy_ws/install/husarion_components_description/share/husarion_components_description/environment/path.dsv
[19.827s] -- Symlinking: /home/user/seek_destroy_ws/install/husarion_components_description/share/husarion_components_description/local_setup.bash
[19.894s] -- Symlinking: /home/user/seek_destroy_ws/install/husarion_components_description/share/husarion_components_description/local_setup.sh
[19.911s] -- Symlinking: /home/user/seek_destroy_ws/install/husarion_components_description/share/husarion_components_description/local_setup.zsh
[20.004s] -- Symlinking: /home/user/seek_destroy_ws/install/husarion_components_description/share/husarion_components_description/local_setup.dsv
[20.020s] -- Symlinking: /home/user/seek_destroy_ws/install/husarion_components_description/share/husarion_components_description/package.dsv
[20.099s] -- Symlinking: /home/user/seek_destroy_ws/install/husarion_components_description/share/ament_index/resource_index/packages/husarion_components_description
[20.118s] -- Symlinking: /home/user/seek_destroy_ws/install/husarion_components_description/share/husarion_components_description/cmake/husarion_components_descriptionConfig.cmake
[20.204s] -- Symlinking: /home/user/seek_destroy_ws/install/husarion_components_description/share/husarion_components_description/cmake/husarion_components_descriptionConfig-version.cmake
[20.219s] -- Symlinking: /home/user/seek_destroy_ws/install/husarion_components_description/share/husarion_components_description/package.xml
[20.290s] Invoked command in '/home/user/seek_destroy_ws/build/husarion_components_description' returned '0': CMAKE_PREFIX_PATH=${CMAKE_PREFIX_PATH}:/home/user/seek_destroy_ws/install/rosbot_controller:/home/user/seek_destroy_ws/install/rosbot_utils:/home/user/seek_destroy_ws/install/rosbot_gazebo:/home/user/seek_destroy_ws/install/rosbot_bringup:/home/user/seek_destroy_ws/install/autonomous_exploration:/opt/ros/humble _=/usr/bin/env /usr/bin/cmake --install /home/user/seek_destroy_ws/build/husarion_components_description
