[0.097s] Invoking command in '/home/user/seek_destroy_ws/build/rosbot_localization': CMAKE_PREFIX_PATH=${CMAKE_PREFIX_PATH}:/home/user/seek_destroy_ws/install/rosbot_controller:/home/user/seek_destroy_ws/install/rosbot_utils:/home/user/seek_destroy_ws/install/rosbot_gazebo:/home/user/seek_destroy_ws/install/rosbot_bringup:/home/user/seek_destroy_ws/install/autonomous_exploration:/opt/ros/humble _=/usr/bin/env /usr/bin/cmake /home/user/seek_destroy_ws/src/rosbot_ros/rosbot_localization -DAMENT_CMAKE_SYMLINK_INSTALL=1 -DCMAKE_INSTALL_PREFIX=/home/user/seek_destroy_ws/install/rosbot_localization
[3.971s] -- The C compiler identification is GNU 11.4.0
[3.972s] -- The CXX compiler identification is GNU 11.4.0
[3.972s] -- Detecting C compiler ABI info
[3.972s] -- Detecting C compiler ABI info - done
[3.972s] -- Check for working C compiler: /usr/bin/cc - skipped
[3.972s] -- Detecting C compile features
[3.972s] -- Detecting C compile features - done
[3.972s] -- Detecting CXX compiler ABI info
[3.972s] -- Detecting CXX compiler ABI info - done
[3.972s] -- Check for working CXX compiler: /usr/bin/c++ - skipped
[3.972s] -- Detecting CXX compile features
[3.972s] -- Detecting CXX compile features - done
[3.972s] -- Found ament_cmake: 1.3.12 (/opt/ros/humble/share/ament_cmake/cmake)
[6.186s] -- Found Python3: /usr/bin/python3 (found version "3.10.12") found components: Interpreter 
[6.678s] -- Override CMake install command with custom implementation using symlinks instead of copying resources
[7.491s] -- Configuring done
[7.499s] -- Generating done
[7.572s] -- Build files have been written to: /home/user/seek_destroy_ws/build/rosbot_localization
[7.581s] Invoked command in '/home/user/seek_destroy_ws/build/rosbot_localization' returned '0': CMAKE_PREFIX_PATH=${CMAKE_PREFIX_PATH}:/home/user/seek_destroy_ws/install/rosbot_controller:/home/user/seek_destroy_ws/install/rosbot_utils:/home/user/seek_destroy_ws/install/rosbot_gazebo:/home/user/seek_destroy_ws/install/rosbot_bringup:/home/user/seek_destroy_ws/install/autonomous_exploration:/opt/ros/humble _=/usr/bin/env /usr/bin/cmake /home/user/seek_destroy_ws/src/rosbot_ros/rosbot_localization -DAMENT_CMAKE_SYMLINK_INSTALL=1 -DCMAKE_INSTALL_PREFIX=/home/user/seek_destroy_ws/install/rosbot_localization
[7.599s] Invoking command in '/home/user/seek_destroy_ws/build/rosbot_localization': CMAKE_PREFIX_PATH=${CMAKE_PREFIX_PATH}:/home/user/seek_destroy_ws/install/rosbot_controller:/home/user/seek_destroy_ws/install/rosbot_utils:/home/user/seek_destroy_ws/install/rosbot_gazebo:/home/user/seek_destroy_ws/install/rosbot_bringup:/home/user/seek_destroy_ws/install/autonomous_exploration:/opt/ros/humble _=/usr/bin/env /usr/bin/cmake --build /home/user/seek_destroy_ws/build/rosbot_localization -- -j8 -l8
[8.087s] Invoked command in '/home/user/seek_destroy_ws/build/rosbot_localization' returned '0': CMAKE_PREFIX_PATH=${CMAKE_PREFIX_PATH}:/home/user/seek_destroy_ws/install/rosbot_controller:/home/user/seek_destroy_ws/install/rosbot_utils:/home/user/seek_destroy_ws/install/rosbot_gazebo:/home/user/seek_destroy_ws/install/rosbot_bringup:/home/user/seek_destroy_ws/install/autonomous_exploration:/opt/ros/humble _=/usr/bin/env /usr/bin/cmake --build /home/user/seek_destroy_ws/build/rosbot_localization -- -j8 -l8
[8.088s] Invoking command in '/home/user/seek_destroy_ws/build/rosbot_localization': CMAKE_PREFIX_PATH=${CMAKE_PREFIX_PATH}:/home/user/seek_destroy_ws/install/rosbot_controller:/home/user/seek_destroy_ws/install/rosbot_utils:/home/user/seek_destroy_ws/install/rosbot_gazebo:/home/user/seek_destroy_ws/install/rosbot_bringup:/home/user/seek_destroy_ws/install/autonomous_exploration:/opt/ros/humble _=/usr/bin/env /usr/bin/cmake --install /home/user/seek_destroy_ws/build/rosbot_localization
[8.098s] -- Install configuration: ""
[8.099s] -- Execute custom install script
[8.100s] -- Symlinking: /home/user/seek_destroy_ws/install/rosbot_localization/share/rosbot_localization/config/ekf.yaml
[8.192s] -- Symlinking: /home/user/seek_destroy_ws/install/rosbot_localization/share/rosbot_localization/launch/ekf.launch.py
[8.273s] -- Symlinking: /home/user/seek_destroy_ws/install/rosbot_localization/share/ament_index/resource_index/package_run_dependencies/rosbot_localization
[8.287s] -- Symlinking: /home/user/seek_destroy_ws/install/rosbot_localization/share/ament_index/resource_index/parent_prefix_path/rosbot_localization
[8.385s] -- Symlinking: /home/user/seek_destroy_ws/install/rosbot_localization/share/rosbot_localization/environment/ament_prefix_path.sh
[8.401s] -- Symlinking: /home/user/seek_destroy_ws/install/rosbot_localization/share/rosbot_localization/environment/ament_prefix_path.dsv
[8.572s] -- Symlinking: /home/user/seek_destroy_ws/install/rosbot_localization/share/rosbot_localization/environment/path.sh
[8.587s] -- Symlinking: /home/user/seek_destroy_ws/install/rosbot_localization/share/rosbot_localization/environment/path.dsv
[8.686s] -- Symlinking: /home/user/seek_destroy_ws/install/rosbot_localization/share/rosbot_localization/local_setup.bash
[8.772s] -- Symlinking: /home/user/seek_destroy_ws/install/rosbot_localization/share/rosbot_localization/local_setup.sh
[8.811s] -- Symlinking: /home/user/seek_destroy_ws/install/rosbot_localization/share/rosbot_localization/local_setup.zsh
[8.897s] -- Symlinking: /home/user/seek_destroy_ws/install/rosbot_localization/share/rosbot_localization/local_setup.dsv
[8.978s] -- Symlinking: /home/user/seek_destroy_ws/install/rosbot_localization/share/rosbot_localization/package.dsv
[9.076s] -- Symlinking: /home/user/seek_destroy_ws/install/rosbot_localization/share/ament_index/resource_index/packages/rosbot_localization
[9.098s] -- Symlinking: /home/user/seek_destroy_ws/install/rosbot_localization/share/rosbot_localization/cmake/rosbot_localizationConfig.cmake
[9.209s] -- Symlinking: /home/user/seek_destroy_ws/install/rosbot_localization/share/rosbot_localization/cmake/rosbot_localizationConfig-version.cmake
[9.289s] -- Symlinking: /home/user/seek_destroy_ws/install/rosbot_localization/share/rosbot_localization/package.xml
[9.389s] Invoked command in '/home/user/seek_destroy_ws/build/rosbot_localization' returned '0': CMAKE_PREFIX_PATH=${CMAKE_PREFIX_PATH}:/home/user/seek_destroy_ws/install/rosbot_controller:/home/user/seek_destroy_ws/install/rosbot_utils:/home/user/seek_destroy_ws/install/rosbot_gazebo:/home/user/seek_destroy_ws/install/rosbot_bringup:/home/user/seek_destroy_ws/install/autonomous_exploration:/opt/ros/humble _=/usr/bin/env /usr/bin/cmake --install /home/user/seek_destroy_ws/build/rosbot_localization
