[0.195s] Invoking command in '/home/user/seek_destroy_ws/build/rosbot_description': CMAKE_PREFIX_PATH=/home/user/seek_destroy_ws/install/husarion_components_description:/home/user/seek_destroy_ws/install/rosbot_localization:/home/user/seek_destroy_ws/install/rosbot_joy:/home/user/seek_destroy_ws/install/rosbot_hardware_interfaces:/home/user/seek_destroy_ws/install/rosbot_description:/home/user/seek_destroy_ws/install/rosbot:/home/user/seek_destroy_ws/install/husarion_gz_worlds:/home/user/seek_destroy_ws/install/rosbot_controller:/home/user/seek_destroy_ws/install/rosbot_utils:/home/user/seek_destroy_ws/install/rosbot_gazebo:/home/user/seek_destroy_ws/install/rosbot_bringup:/opt/ros/humble _=/usr/bin/env /usr/bin/cmake /home/user/seek_destroy_ws/src/rosbot_ros/rosbot_description -DAMENT_CMAKE_SYMLINK_INSTALL=1 -DCMAKE_INSTALL_PREFIX=/home/user/seek_destroy_ws/install/rosbot_description
[1.097s] -- The C compiler identification is GNU 11.4.0
[1.891s] -- The CXX compiler identification is GNU 11.4.0
[1.906s] -- Detecting C compiler ABI info
[2.799s] -- Detecting C compiler ABI info - done
[2.985s] -- Check for working C compiler: /usr/bin/cc - skipped
[2.985s] -- Detecting C compile features
[2.986s] -- Detecting C compile features - done
[2.990s] -- Detecting CXX compiler ABI info
[4.007s] -- Detecting CXX compiler ABI info - done
[4.099s] -- Check for working CXX compiler: /usr/bin/c++ - skipped
[4.100s] -- Detecting CXX compile features
[4.101s] -- Detecting CXX compile features - done
[4.284s] -- Found ament_cmake: 1.3.14 (/opt/ros/humble/share/ament_cmake/cmake)
[9.598s] -- Found Python3: /usr/bin/python3 (found version "3.10.12") found components: Interpreter 
[10.302s] -- Override CMake install command with custom implementation using symlinks instead of copying resources
[11.895s] -- Found ament_cmake_pytest: 1.3.14 (/opt/ros/humble/share/ament_cmake_pytest/cmake)
[30.608s] -- Configuring done
[30.686s] -- Generating done
[30.697s] -- Build files have been written to: /home/user/seek_destroy_ws/build/rosbot_description
[30.883s] Invoked command in '/home/user/seek_destroy_ws/build/rosbot_description' returned '0': CMAKE_PREFIX_PATH=/home/user/seek_destroy_ws/install/husarion_components_description:/home/user/seek_destroy_ws/install/rosbot_localization:/home/user/seek_destroy_ws/install/rosbot_joy:/home/user/seek_destroy_ws/install/rosbot_hardware_interfaces:/home/user/seek_destroy_ws/install/rosbot_description:/home/user/seek_destroy_ws/install/rosbot:/home/user/seek_destroy_ws/install/husarion_gz_worlds:/home/user/seek_destroy_ws/install/rosbot_controller:/home/user/seek_destroy_ws/install/rosbot_utils:/home/user/seek_destroy_ws/install/rosbot_gazebo:/home/user/seek_destroy_ws/install/rosbot_bringup:/opt/ros/humble _=/usr/bin/env /usr/bin/cmake /home/user/seek_destroy_ws/src/rosbot_ros/rosbot_description -DAMENT_CMAKE_SYMLINK_INSTALL=1 -DCMAKE_INSTALL_PREFIX=/home/user/seek_destroy_ws/install/rosbot_description
[30.883s] Invoking command in '/home/user/seek_destroy_ws/build/rosbot_description': CMAKE_PREFIX_PATH=/home/user/seek_destroy_ws/install/husarion_components_description:/home/user/seek_destroy_ws/install/rosbot_localization:/home/user/seek_destroy_ws/install/rosbot_joy:/home/user/seek_destroy_ws/install/rosbot_hardware_interfaces:/home/user/seek_destroy_ws/install/rosbot_description:/home/user/seek_destroy_ws/install/rosbot:/home/user/seek_destroy_ws/install/husarion_gz_worlds:/home/user/seek_destroy_ws/install/rosbot_controller:/home/user/seek_destroy_ws/install/rosbot_utils:/home/user/seek_destroy_ws/install/rosbot_gazebo:/home/user/seek_destroy_ws/install/rosbot_bringup:/opt/ros/humble _=/usr/bin/env /usr/bin/cmake --build /home/user/seek_destroy_ws/build/rosbot_description -- -j8 -l8
[31.506s] Invoked command in '/home/user/seek_destroy_ws/build/rosbot_description' returned '0': CMAKE_PREFIX_PATH=/home/user/seek_destroy_ws/install/husarion_components_description:/home/user/seek_destroy_ws/install/rosbot_localization:/home/user/seek_destroy_ws/install/rosbot_joy:/home/user/seek_destroy_ws/install/rosbot_hardware_interfaces:/home/user/seek_destroy_ws/install/rosbot_description:/home/user/seek_destroy_ws/install/rosbot:/home/user/seek_destroy_ws/install/husarion_gz_worlds:/home/user/seek_destroy_ws/install/rosbot_controller:/home/user/seek_destroy_ws/install/rosbot_utils:/home/user/seek_destroy_ws/install/rosbot_gazebo:/home/user/seek_destroy_ws/install/rosbot_bringup:/opt/ros/humble _=/usr/bin/env /usr/bin/cmake --build /home/user/seek_destroy_ws/build/rosbot_description -- -j8 -l8
[31.599s] Invoking command in '/home/user/seek_destroy_ws/build/rosbot_description': CMAKE_PREFIX_PATH=/home/user/seek_destroy_ws/install/husarion_components_description:/home/user/seek_destroy_ws/install/rosbot_localization:/home/user/seek_destroy_ws/install/rosbot_joy:/home/user/seek_destroy_ws/install/rosbot_hardware_interfaces:/home/user/seek_destroy_ws/install/rosbot_description:/home/user/seek_destroy_ws/install/rosbot:/home/user/seek_destroy_ws/install/husarion_gz_worlds:/home/user/seek_destroy_ws/install/rosbot_controller:/home/user/seek_destroy_ws/install/rosbot_utils:/home/user/seek_destroy_ws/install/rosbot_gazebo:/home/user/seek_destroy_ws/install/rosbot_bringup:/opt/ros/humble _=/usr/bin/env /usr/bin/cmake --install /home/user/seek_destroy_ws/build/rosbot_description
[31.882s] -- Install configuration: ""
[31.988s] -- Execute custom install script
[31.989s] -- Symlinking: /home/user/seek_destroy_ws/install/rosbot_description/share/rosbot_description/config/rosbot/basic.yaml
[32.001s] -- Symlinking: /home/user/seek_destroy_ws/install/rosbot_description/share/rosbot_description/config/rosbot/custom.yaml
[32.097s] -- Symlinking: /home/user/seek_destroy_ws/install/rosbot_description/share/rosbot_description/config/rosbot_xl/autonomy.yaml
[32.204s] -- Symlinking: /home/user/seek_destroy_ws/install/rosbot_description/share/rosbot_description/config/rosbot_xl/basic.yaml
[32.400s] -- Symlinking: /home/user/seek_destroy_ws/install/rosbot_description/share/rosbot_description/config/rosbot_xl/custom.yaml
[32.684s] -- Symlinking: /home/user/seek_destroy_ws/install/rosbot_description/share/rosbot_description/config/rosbot_xl/manipulation.yaml
[32.904s] -- Symlinking: /home/user/seek_destroy_ws/install/rosbot_description/share/rosbot_description/config/rosbot_xl/manipulation_pro.yaml
[32.992s] -- Symlinking: /home/user/seek_destroy_ws/install/rosbot_description/share/rosbot_description/config/rosbot_xl/telepresence.yaml
[33.092s] -- Symlinking: /home/user/seek_destroy_ws/install/rosbot_description/share/rosbot_description/launch/load_urdf.launch.py
[33.201s] -- Symlinking: /home/user/seek_destroy_ws/install/rosbot_description/share/rosbot_description/launch/rviz.launch.py
[33.301s] -- Symlinking: /home/user/seek_destroy_ws/install/rosbot_description/share/rosbot_description/meshes/rosbot/body.stl
[33.514s] -- Symlinking: /home/user/seek_destroy_ws/install/rosbot_description/share/rosbot_description/meshes/rosbot/cover.stl
[33.592s] -- Symlinking: /home/user/seek_destroy_ws/install/rosbot_description/share/rosbot_description/meshes/rosbot/mecanum_a.dae
[33.802s] -- Symlinking: /home/user/seek_destroy_ws/install/rosbot_description/share/rosbot_description/meshes/rosbot/mecanum_b.dae
[33.887s] -- Symlinking: /home/user/seek_destroy_ws/install/rosbot_description/share/rosbot_description/meshes/rosbot/wheel_a.dae
[33.987s] -- Symlinking: /home/user/seek_destroy_ws/install/rosbot_description/share/rosbot_description/meshes/rosbot/wheel_b.dae
[34.003s] -- Symlinking: /home/user/seek_destroy_ws/install/rosbot_description/share/rosbot_description/meshes/rosbot_xl/body.dae
[34.095s] -- Symlinking: /home/user/seek_destroy_ws/install/rosbot_description/share/rosbot_description/meshes/rosbot_xl/body_colision.stl
[34.199s] -- Symlinking: /home/user/seek_destroy_ws/install/rosbot_description/share/rosbot_description/meshes/rosbot_xl/components/antenna.dae
[34.399s] -- Symlinking: /home/user/seek_destroy_ws/install/rosbot_description/share/rosbot_description/meshes/rosbot_xl/components/antenna_connector.dae
[34.589s] -- Symlinking: /home/user/seek_destroy_ws/install/rosbot_description/share/rosbot_description/meshes/rosbot_xl/components/camera_mount_bot.dae
[34.783s] -- Symlinking: /home/user/seek_destroy_ws/install/rosbot_description/share/rosbot_description/meshes/rosbot_xl/components/camera_mount_mid.dae
[34.798s] -- Symlinking: /home/user/seek_destroy_ws/install/rosbot_description/share/rosbot_description/meshes/rosbot_xl/components/camera_mount_top.dae
[35.083s] -- Symlinking: /home/user/seek_destroy_ws/install/rosbot_description/share/rosbot_description/meshes/rosbot_xl/mecanum_a.dae
[35.187s] -- Symlinking: /home/user/seek_destroy_ws/install/rosbot_description/share/rosbot_description/meshes/rosbot_xl/mecanum_b.dae
[35.395s] -- Symlinking: /home/user/seek_destroy_ws/install/rosbot_description/share/rosbot_description/meshes/rosbot_xl/wheel_a.dae
[35.483s] -- Symlinking: /home/user/seek_destroy_ws/install/rosbot_description/share/rosbot_description/meshes/rosbot_xl/wheel_b.dae
[35.598s] -- Symlinking: /home/user/seek_destroy_ws/install/rosbot_description/share/rosbot_description/rviz/rosbot.rviz
[35.899s] -- Symlinking: /home/user/seek_destroy_ws/install/rosbot_description/share/rosbot_description/urdf/common/gazebo.urdf.xacro
[35.996s] -- Symlinking: /home/user/seek_destroy_ws/install/rosbot_description/share/rosbot_description/urdf/common/ros2_control.urdf.xacro
[36.014s] -- Symlinking: /home/user/seek_destroy_ws/install/rosbot_description/share/rosbot_description/urdf/common/webots.urdf.xacro
[36.097s] -- Symlinking: /home/user/seek_destroy_ws/install/rosbot_description/share/rosbot_description/urdf/rosbot.urdf.xacro
[36.206s] -- Symlinking: /home/user/seek_destroy_ws/install/rosbot_description/share/rosbot_description/urdf/rosbot/body.urdf.xacro
[36.287s] -- Symlinking: /home/user/seek_destroy_ws/install/rosbot_description/share/rosbot_description/urdf/rosbot/components/vl53lox.urdf.xacro
[36.299s] -- Symlinking: /home/user/seek_destroy_ws/install/rosbot_description/share/rosbot_description/urdf/rosbot/rosbot_macro.urdf.xacro
[36.390s] -- Symlinking: /home/user/seek_destroy_ws/install/rosbot_description/share/rosbot_description/urdf/rosbot/wheel.urdf.xacro
[36.499s] -- Symlinking: /home/user/seek_destroy_ws/install/rosbot_description/share/rosbot_description/urdf/rosbot_xl.urdf.xacro
[36.787s] -- Symlinking: /home/user/seek_destroy_ws/install/rosbot_description/share/rosbot_description/urdf/rosbot_xl/body.urdf.xacro
[36.883s] -- Symlinking: /home/user/seek_destroy_ws/install/rosbot_description/share/rosbot_description/urdf/rosbot_xl/components/antenna.urdf.xacro
[36.905s] -- Symlinking: /home/user/seek_destroy_ws/install/rosbot_description/share/rosbot_description/urdf/rosbot_xl/components/camera_mount.urdf.xacro
[36.998s] -- Symlinking: /home/user/seek_destroy_ws/install/rosbot_description/share/rosbot_description/urdf/rosbot_xl/rosbot_xl_macro.urdf.xacro
[37.083s] -- Symlinking: /home/user/seek_destroy_ws/install/rosbot_description/share/rosbot_description/urdf/rosbot_xl/wheel.urdf.xacro
[37.099s] -- Symlinking: /home/user/seek_destroy_ws/install/rosbot_description/share/rosbot_description/environment/setup_envs.sh
[37.287s] -- Symlinking: /home/user/seek_destroy_ws/install/rosbot_description/share/ament_index/resource_index/package_run_dependencies/rosbot_description
[37.383s] -- Symlinking: /home/user/seek_destroy_ws/install/rosbot_description/share/ament_index/resource_index/parent_prefix_path/rosbot_description
[37.583s] -- Symlinking: /home/user/seek_destroy_ws/install/rosbot_description/share/rosbot_description/environment/ament_prefix_path.sh
[37.803s] -- Symlinking: /home/user/seek_destroy_ws/install/rosbot_description/share/rosbot_description/environment/ament_prefix_path.dsv
[37.983s] -- Symlinking: /home/user/seek_destroy_ws/install/rosbot_description/share/rosbot_description/environment/path.sh
[38.083s] -- Symlinking: /home/user/seek_destroy_ws/install/rosbot_description/share/rosbot_description/environment/path.dsv
[38.199s] -- Symlinking: /home/user/seek_destroy_ws/install/rosbot_description/share/rosbot_description/local_setup.bash
[38.489s] -- Symlinking: /home/user/seek_destroy_ws/install/rosbot_description/share/rosbot_description/local_setup.sh
[38.513s] -- Symlinking: /home/user/seek_destroy_ws/install/rosbot_description/share/rosbot_description/local_setup.zsh
[38.712s] -- Symlinking: /home/user/seek_destroy_ws/install/rosbot_description/share/rosbot_description/local_setup.dsv
[38.802s] -- Symlinking: /home/user/seek_destroy_ws/install/rosbot_description/share/rosbot_description/package.dsv
[39.001s] -- Symlinking: /home/user/seek_destroy_ws/install/rosbot_description/share/ament_index/resource_index/packages/rosbot_description
[39.202s] -- Symlinking: /home/user/seek_destroy_ws/install/rosbot_description/share/rosbot_description/cmake/rosbot_descriptionConfig.cmake
[39.288s] -- Symlinking: /home/user/seek_destroy_ws/install/rosbot_description/share/rosbot_description/cmake/rosbot_descriptionConfig-version.cmake
[39.399s] -- Symlinking: /home/user/seek_destroy_ws/install/rosbot_description/share/rosbot_description/package.xml
[39.488s] Invoked command in '/home/user/seek_destroy_ws/build/rosbot_description' returned '0': CMAKE_PREFIX_PATH=/home/user/seek_destroy_ws/install/husarion_components_description:/home/user/seek_destroy_ws/install/rosbot_localization:/home/user/seek_destroy_ws/install/rosbot_joy:/home/user/seek_destroy_ws/install/rosbot_hardware_interfaces:/home/user/seek_destroy_ws/install/rosbot_description:/home/user/seek_destroy_ws/install/rosbot:/home/user/seek_destroy_ws/install/husarion_gz_worlds:/home/user/seek_destroy_ws/install/rosbot_controller:/home/user/seek_destroy_ws/install/rosbot_utils:/home/user/seek_destroy_ws/install/rosbot_gazebo:/home/user/seek_destroy_ws/install/rosbot_bringup:/opt/ros/humble _=/usr/bin/env /usr/bin/cmake --install /home/user/seek_destroy_ws/build/rosbot_description
