[4.684s] Invoking command in '/home/user/seek_destroy_ws/build/rosbot_joy': CMAKE_PREFIX_PATH=${CMAKE_PREFIX_PATH}:/home/user/seek_destroy_ws/install/rosbot_controller:/home/user/seek_destroy_ws/install/rosbot_utils:/home/user/seek_destroy_ws/install/rosbot_gazebo:/home/user/seek_destroy_ws/install/rosbot_bringup:/opt/ros/humble _=/usr/bin/env /usr/bin/cmake --build /home/user/seek_destroy_ws/build/rosbot_joy -- -j8 -l8
[5.175s] Invoked command in '/home/user/seek_destroy_ws/build/rosbot_joy' returned '0': CMAKE_PREFIX_PATH=${CMAKE_PREFIX_PATH}:/home/user/seek_destroy_ws/install/rosbot_controller:/home/user/seek_destroy_ws/install/rosbot_utils:/home/user/seek_destroy_ws/install/rosbot_gazebo:/home/user/seek_destroy_ws/install/rosbot_bringup:/opt/ros/humble _=/usr/bin/env /usr/bin/cmake --build /home/user/seek_destroy_ws/build/rosbot_joy -- -j8 -l8
[5.177s] Invoking command in '/home/user/seek_destroy_ws/build/rosbot_joy': CMAKE_PREFIX_PATH=${CMAKE_PREFIX_PATH}:/home/user/seek_destroy_ws/install/rosbot_controller:/home/user/seek_destroy_ws/install/rosbot_utils:/home/user/seek_destroy_ws/install/rosbot_gazebo:/home/user/seek_destroy_ws/install/rosbot_bringup:/opt/ros/humble _=/usr/bin/env /usr/bin/cmake --install /home/user/seek_destroy_ws/build/rosbot_joy
[5.281s] -- Install configuration: ""
[5.332s] -- Execute custom install script
[5.332s] -- Up-to-date symlink: /home/user/seek_destroy_ws/install/rosbot_joy/share/rosbot_joy/config/joy.yaml
[5.332s] -- Up-to-date symlink: /home/user/seek_destroy_ws/install/rosbot_joy/share/rosbot_joy/launch/joy.launch.py
[5.332s] -- Up-to-date symlink: /home/user/seek_destroy_ws/install/rosbot_joy/share/ament_index/resource_index/package_run_dependencies/rosbot_joy
[5.332s] -- Up-to-date symlink: /home/user/seek_destroy_ws/install/rosbot_joy/share/ament_index/resource_index/parent_prefix_path/rosbot_joy
[5.333s] -- Up-to-date symlink: /home/user/seek_destroy_ws/install/rosbot_joy/share/rosbot_joy/environment/ament_prefix_path.sh
[5.333s] -- Up-to-date symlink: /home/user/seek_destroy_ws/install/rosbot_joy/share/rosbot_joy/environment/ament_prefix_path.dsv
[5.333s] -- Up-to-date symlink: /home/user/seek_destroy_ws/install/rosbot_joy/share/rosbot_joy/environment/path.sh
[5.333s] -- Up-to-date symlink: /home/user/seek_destroy_ws/install/rosbot_joy/share/rosbot_joy/environment/path.dsv
[5.333s] -- Up-to-date symlink: /home/user/seek_destroy_ws/install/rosbot_joy/share/rosbot_joy/local_setup.bash
[5.334s] -- Up-to-date symlink: /home/user/seek_destroy_ws/install/rosbot_joy/share/rosbot_joy/local_setup.sh
[5.334s] -- Up-to-date symlink: /home/user/seek_destroy_ws/install/rosbot_joy/share/rosbot_joy/local_setup.zsh
[5.334s] -- Up-to-date symlink: /home/user/seek_destroy_ws/install/rosbot_joy/share/rosbot_joy/local_setup.dsv
[5.334s] -- Symlinking: /home/user/seek_destroy_ws/install/rosbot_joy/share/rosbot_joy/package.dsv
[5.436s] -- Up-to-date symlink: /home/user/seek_destroy_ws/install/rosbot_joy/share/ament_index/resource_index/packages/rosbot_joy
[5.436s] -- Up-to-date symlink: /home/user/seek_destroy_ws/install/rosbot_joy/share/rosbot_joy/cmake/rosbot_joyConfig.cmake
[5.436s] -- Up-to-date symlink: /home/user/seek_destroy_ws/install/rosbot_joy/share/rosbot_joy/cmake/rosbot_joyConfig-version.cmake
[5.436s] -- Up-to-date symlink: /home/user/seek_destroy_ws/install/rosbot_joy/share/rosbot_joy/package.xml
[5.548s] Invoked command in '/home/user/seek_destroy_ws/build/rosbot_joy' returned '0': CMAKE_PREFIX_PATH=${CMAKE_PREFIX_PATH}:/home/user/seek_destroy_ws/install/rosbot_controller:/home/user/seek_destroy_ws/install/rosbot_utils:/home/user/seek_destroy_ws/install/rosbot_gazebo:/home/user/seek_destroy_ws/install/rosbot_bringup:/opt/ros/humble _=/usr/bin/env /usr/bin/cmake --install /home/user/seek_destroy_ws/build/rosbot_joy
