[0.025s] Invoking command in '/home/user/seek_destroy_ws/build/explore_lite': AMENT_PREFIX_PATH=/home/user/seek_destroy_ws/install/explore_lite_msgs:${AMENT_PREFIX_PATH} CMAKE_PREFIX_PATH=/home/user/seek_destroy_ws/install/explore_lite_msgs:/home/user/seek_destroy_ws/install/rosbot_localization:/home/user/seek_destroy_ws/install/rosbot_joy:/home/user/seek_destroy_ws/install/rosbot_hardware_interfaces:/home/user/seek_destroy_ws/install/rosbot_description:/home/user/seek_destroy_ws/install/rosbot:/home/user/seek_destroy_ws/install/husarion_gz_worlds:/home/user/seek_destroy_ws/install/husarion_components_description:/home/user/seek_destroy_ws/install/rosbot_controller:/home/user/seek_destroy_ws/install/rosbot_utils:/home/user/seek_destroy_ws/install/rosbot_gazebo:/home/user/seek_destroy_ws/install/rosbot_bringup:/home/user/seek_destroy_ws/install/autonomous_exploration:/opt/ros/humble LD_LIBRARY_PATH=/home/user/seek_destroy_ws/install/explore_lite_msgs/lib:/home/user/seek_destroy_ws/install/rosbot_hardware_interfaces/lib:/usr/local/cuda-10.2/lib64:/home/user/.catkin_ws_python3/src/TensorRT-7.0.0.11/lib:/opt/ros/humble/opt/rviz_ogre_vendor/lib:/opt/ros/humble/lib/x86_64-linux-gnu:/opt/ros/humble/lib:/usr/local/cuda-10.2/lib64:/home/user/.catkin_ws_python3/src/TensorRT-7.0.0.11/lib:/usr/lib/x86_64-linux-gnu/gazebo-11/plugins:/usr/lib/x86_64-linux-gnu/gazebo-11/plugins:/usr/lib/x86_64-linux-gnu/gazebo-11/plugins PYTHONPATH=/home/user/seek_destroy_ws/install/explore_lite_msgs/local/lib/python3.10/dist-packages:${PYTHONPATH} _=/usr/bin/env /usr/bin/cmake /home/user/seek_destroy_ws/src/m-explore-ros2/explore -DAMENT_CMAKE_SYMLINK_INSTALL=1 -DCMAKE_INSTALL_PREFIX=/home/user/seek_destroy_ws/install/explore_lite
[0.133s] -- The C compiler identification is GNU 11.4.0
[0.246s] -- The CXX compiler identification is GNU 11.4.0
[0.269s] -- Detecting C compiler ABI info
[0.454s] -- Detecting C compiler ABI info - done
[0.473s] -- Check for working C compiler: /usr/bin/cc - skipped
[0.473s] -- Detecting C compile features
[0.473s] -- Detecting C compile features - done
[0.475s] -- Detecting CXX compiler ABI info
[0.656s] -- Detecting CXX compiler ABI info - done
[0.672s] -- Check for working CXX compiler: /usr/bin/c++ - skipped
[0.673s] -- Detecting CXX compile features
[0.674s] -- Detecting CXX compile features - done
[0.675s] -- BuilD for ROS2: humble
[0.686s] -- Found ament_cmake: 1.3.12 (/opt/ros/humble/share/ament_cmake/cmake)
[1.920s] -- Found Python3: /usr/bin/python3 (found version "3.10.12") found components: Interpreter 
[2.045s] -- Override CMake install command with custom implementation using symlinks instead of copying resources
[2.183s] -- Found rclcpp: 16.0.16 (/opt/ros/humble/share/rclcpp/cmake)
[2.342s] -- Found rosidl_generator_c: 3.1.7 (/opt/ros/humble/share/rosidl_generator_c/cmake)
[2.369s] -- Found rosidl_adapter: 3.1.7 (/opt/ros/humble/share/rosidl_adapter/cmake)
[2.398s] -- Found rosidl_generator_cpp: 3.1.7 (/opt/ros/humble/share/rosidl_generator_cpp/cmake)
[2.433s] -- Using all available rosidl_typesupport_c: rosidl_typesupport_fastrtps_c;rosidl_typesupport_introspection_c
[2.488s] -- Using all available rosidl_typesupport_cpp: rosidl_typesupport_fastrtps_cpp;rosidl_typesupport_introspection_cpp
[2.615s] -- Found rmw_implementation_cmake: 6.1.2 (/opt/ros/humble/share/rmw_implementation_cmake/cmake)
[2.625s] -- Found rmw_fastrtps_cpp: 6.2.9 (/opt/ros/humble/share/rmw_fastrtps_cpp/cmake)
[2.836s] -- Found OpenSSL: /usr/lib/x86_64-linux-gnu/libcrypto.so (found version "3.0.2")  
[2.910s] -- Found FastRTPS: /opt/ros/humble/include  
[3.018s] -- Using RMW implementation 'rmw_fastrtps_cpp' as default
[3.054s] -- Looking for pthread.h
[3.245s] -- Looking for pthread.h - found
[3.246s] -- Performing Test CMAKE_HAVE_LIBC_PTHREAD
[3.420s] -- Performing Test CMAKE_HAVE_LIBC_PTHREAD - Success
[3.420s] -- Found Threads: TRUE  
[3.534s] -- Found sensor_msgs: 4.9.0 (/opt/ros/humble/share/sensor_msgs/cmake)
[3.607s] -- Found tf2_ros: 0.25.17 (/opt/ros/humble/share/tf2_ros/cmake)
[3.897s] -- Found tf2_geometry_msgs: 0.25.17 (/opt/ros/humble/share/tf2_geometry_msgs/cmake)
[3.939s] -- Found eigen3_cmake_module: 0.1.1 (/opt/ros/humble/share/eigen3_cmake_module/cmake)
[3.942s] -- Found Eigen3: TRUE (found version "3.4.0") 
[3.942s] -- Ensuring Eigen3 include directory is part of orocos-kdl CMake target
[3.954s] -- Found nav2_msgs: 1.1.20 (/opt/ros/humble/share/nav2_msgs/cmake)
[4.066s] -- Found map_msgs: 2.1.0 (/opt/ros/humble/share/map_msgs/cmake)
[4.113s] -- Found visualization_msgs: 4.9.0 (/opt/ros/humble/share/visualization_msgs/cmake)
[4.245s] -- Found nav2_costmap_2d: 1.1.20 (/opt/ros/humble/share/nav2_costmap_2d/cmake)
[4.827s] -- Found explore_lite_msgs: 1.0.0 (/home/user/seek_destroy_ws/install/explore_lite_msgs/share/explore_lite_msgs/cmake)
[4.852s] -- Found ament_lint_auto: 0.12.14 (/opt/ros/humble/share/ament_lint_auto/cmake)
[5.070s] -- Found ament_cmake_gtest: 1.3.12 (/opt/ros/humble/share/ament_cmake_gtest/cmake)
[5.080s] -- Found gtest sources under '/opt/ros/humble/src/gtest_vendor': C++ tests using 'Google Test' will be built
[5.099s] -- Added test 'cppcheck' to perform static code analysis on C / C++ code
[5.099s] -- Configured cppcheck include dirs: /home/user/seek_destroy_ws/src/m-explore-ros2/explore/include;$<BUILD_INTERFACE:/home/user/seek_destroy_ws/src/m-explore-ros2/explore/include>
[5.100s] -- Configured cppcheck exclude dirs and/or files: 
[5.101s] -- Added test 'flake8' to check Python code syntax and style conventions
[5.102s] -- Added test 'lint_cmake' to check CMake code style
[5.104s] -- Added test 'pep257' to check Python code against some of the docstring style conventions in PEP 257
[5.107s] -- Added test 'uncrustify' to check C / C++ code style
[5.107s] -- Configured uncrustify additional arguments: 
[5.108s] -- Added test 'xmllint' to check XML markup files
[5.115s] -- Configuring done
[5.319s] -- Generating done
[5.330s] -- Build files have been written to: /home/user/seek_destroy_ws/build/explore_lite
[5.370s] Invoked command in '/home/user/seek_destroy_ws/build/explore_lite' returned '0': AMENT_PREFIX_PATH=/home/user/seek_destroy_ws/install/explore_lite_msgs:${AMENT_PREFIX_PATH} CMAKE_PREFIX_PATH=/home/user/seek_destroy_ws/install/explore_lite_msgs:/home/user/seek_destroy_ws/install/rosbot_localization:/home/user/seek_destroy_ws/install/rosbot_joy:/home/user/seek_destroy_ws/install/rosbot_hardware_interfaces:/home/user/seek_destroy_ws/install/rosbot_description:/home/user/seek_destroy_ws/install/rosbot:/home/user/seek_destroy_ws/install/husarion_gz_worlds:/home/user/seek_destroy_ws/install/husarion_components_description:/home/user/seek_destroy_ws/install/rosbot_controller:/home/user/seek_destroy_ws/install/rosbot_utils:/home/user/seek_destroy_ws/install/rosbot_gazebo:/home/user/seek_destroy_ws/install/rosbot_bringup:/home/user/seek_destroy_ws/install/autonomous_exploration:/opt/ros/humble LD_LIBRARY_PATH=/home/user/seek_destroy_ws/install/explore_lite_msgs/lib:/home/user/seek_destroy_ws/install/rosbot_hardware_interfaces/lib:/usr/local/cuda-10.2/lib64:/home/user/.catkin_ws_python3/src/TensorRT-7.0.0.11/lib:/opt/ros/humble/opt/rviz_ogre_vendor/lib:/opt/ros/humble/lib/x86_64-linux-gnu:/opt/ros/humble/lib:/usr/local/cuda-10.2/lib64:/home/user/.catkin_ws_python3/src/TensorRT-7.0.0.11/lib:/usr/lib/x86_64-linux-gnu/gazebo-11/plugins:/usr/lib/x86_64-linux-gnu/gazebo-11/plugins:/usr/lib/x86_64-linux-gnu/gazebo-11/plugins PYTHONPATH=/home/user/seek_destroy_ws/install/explore_lite_msgs/local/lib/python3.10/dist-packages:${PYTHONPATH} _=/usr/bin/env /usr/bin/cmake /home/user/seek_destroy_ws/src/m-explore-ros2/explore -DAMENT_CMAKE_SYMLINK_INSTALL=1 -DCMAKE_INSTALL_PREFIX=/home/user/seek_destroy_ws/install/explore_lite
[5.371s] Invoking command in '/home/user/seek_destroy_ws/build/explore_lite': AMENT_PREFIX_PATH=/home/user/seek_destroy_ws/install/explore_lite_msgs:${AMENT_PREFIX_PATH} CMAKE_PREFIX_PATH=/home/user/seek_destroy_ws/install/explore_lite_msgs:/home/user/seek_destroy_ws/install/rosbot_localization:/home/user/seek_destroy_ws/install/rosbot_joy:/home/user/seek_destroy_ws/install/rosbot_hardware_interfaces:/home/user/seek_destroy_ws/install/rosbot_description:/home/user/seek_destroy_ws/install/rosbot:/home/user/seek_destroy_ws/install/husarion_gz_worlds:/home/user/seek_destroy_ws/install/husarion_components_description:/home/user/seek_destroy_ws/install/rosbot_controller:/home/user/seek_destroy_ws/install/rosbot_utils:/home/user/seek_destroy_ws/install/rosbot_gazebo:/home/user/seek_destroy_ws/install/rosbot_bringup:/home/user/seek_destroy_ws/install/autonomous_exploration:/opt/ros/humble LD_LIBRARY_PATH=/home/user/seek_destroy_ws/install/explore_lite_msgs/lib:/home/user/seek_destroy_ws/install/rosbot_hardware_interfaces/lib:/usr/local/cuda-10.2/lib64:/home/user/.catkin_ws_python3/src/TensorRT-7.0.0.11/lib:/opt/ros/humble/opt/rviz_ogre_vendor/lib:/opt/ros/humble/lib/x86_64-linux-gnu:/opt/ros/humble/lib:/usr/local/cuda-10.2/lib64:/home/user/.catkin_ws_python3/src/TensorRT-7.0.0.11/lib:/usr/lib/x86_64-linux-gnu/gazebo-11/plugins:/usr/lib/x86_64-linux-gnu/gazebo-11/plugins:/usr/lib/x86_64-linux-gnu/gazebo-11/plugins PYTHONPATH=/home/user/seek_destroy_ws/install/explore_lite_msgs/local/lib/python3.10/dist-packages:${PYTHONPATH} _=/usr/bin/env /usr/bin/cmake --build /home/user/seek_destroy_ws/build/explore_lite -- -j8 -l8
[5.485s] [ 10%] [32mBuilding CXX object CMakeFiles/explore.dir/src/costmap_client.cpp.o[0m
[25.962s] [ 20%] [32mBuilding CXX object CMakeFiles/explore.dir/src/frontier_search.cpp.o[0m
[33.497s] [ 30%] [32mBuilding CXX object CMakeFiles/explore.dir/src/explore.cpp.o[0m
[53.480s] [ 40%] [32m[1mLinking CXX executable explore[0m
[55.398s] [ 40%] Built target explore
[55.423s] [ 50%] [32mBuilding CXX object gtest/CMakeFiles/gtest.dir/src/gtest-all.cc.o[0m
[59.703s] [ 60%] [32m[1mLinking CXX static library libgtest.a[0m
[59.846s] [ 60%] Built target gtest
[59.882s] [ 70%] [32mBuilding CXX object gtest/CMakeFiles/gtest_main.dir/src/gtest_main.cc.o[0m
[60.806s] [ 80%] [32m[1mLinking CXX static library libgtest_main.a[0m
[60.893s] [ 80%] Built target gtest_main
[60.925s] [ 90%] [32mBuilding CXX object CMakeFiles/test_explore.dir/test/test_explore.cpp.o[0m
[61.970s] [100%] [32m[1mLinking CXX executable test_explore[0m
[62.241s] [100%] Built target test_explore
[62.269s] Invoked command in '/home/user/seek_destroy_ws/build/explore_lite' returned '0': AMENT_PREFIX_PATH=/home/user/seek_destroy_ws/install/explore_lite_msgs:${AMENT_PREFIX_PATH} CMAKE_PREFIX_PATH=/home/user/seek_destroy_ws/install/explore_lite_msgs:/home/user/seek_destroy_ws/install/rosbot_localization:/home/user/seek_destroy_ws/install/rosbot_joy:/home/user/seek_destroy_ws/install/rosbot_hardware_interfaces:/home/user/seek_destroy_ws/install/rosbot_description:/home/user/seek_destroy_ws/install/rosbot:/home/user/seek_destroy_ws/install/husarion_gz_worlds:/home/user/seek_destroy_ws/install/husarion_components_description:/home/user/seek_destroy_ws/install/rosbot_controller:/home/user/seek_destroy_ws/install/rosbot_utils:/home/user/seek_destroy_ws/install/rosbot_gazebo:/home/user/seek_destroy_ws/install/rosbot_bringup:/home/user/seek_destroy_ws/install/autonomous_exploration:/opt/ros/humble LD_LIBRARY_PATH=/home/user/seek_destroy_ws/install/explore_lite_msgs/lib:/home/user/seek_destroy_ws/install/rosbot_hardware_interfaces/lib:/usr/local/cuda-10.2/lib64:/home/user/.catkin_ws_python3/src/TensorRT-7.0.0.11/lib:/opt/ros/humble/opt/rviz_ogre_vendor/lib:/opt/ros/humble/lib/x86_64-linux-gnu:/opt/ros/humble/lib:/usr/local/cuda-10.2/lib64:/home/user/.catkin_ws_python3/src/TensorRT-7.0.0.11/lib:/usr/lib/x86_64-linux-gnu/gazebo-11/plugins:/usr/lib/x86_64-linux-gnu/gazebo-11/plugins:/usr/lib/x86_64-linux-gnu/gazebo-11/plugins PYTHONPATH=/home/user/seek_destroy_ws/install/explore_lite_msgs/local/lib/python3.10/dist-packages:${PYTHONPATH} _=/usr/bin/env /usr/bin/cmake --build /home/user/seek_destroy_ws/build/explore_lite -- -j8 -l8
[62.270s] Invoking command in '/home/user/seek_destroy_ws/build/explore_lite': AMENT_PREFIX_PATH=/home/user/seek_destroy_ws/install/explore_lite_msgs:${AMENT_PREFIX_PATH} CMAKE_PREFIX_PATH=/home/user/seek_destroy_ws/install/explore_lite_msgs:/home/user/seek_destroy_ws/install/rosbot_localization:/home/user/seek_destroy_ws/install/rosbot_joy:/home/user/seek_destroy_ws/install/rosbot_hardware_interfaces:/home/user/seek_destroy_ws/install/rosbot_description:/home/user/seek_destroy_ws/install/rosbot:/home/user/seek_destroy_ws/install/husarion_gz_worlds:/home/user/seek_destroy_ws/install/husarion_components_description:/home/user/seek_destroy_ws/install/rosbot_controller:/home/user/seek_destroy_ws/install/rosbot_utils:/home/user/seek_destroy_ws/install/rosbot_gazebo:/home/user/seek_destroy_ws/install/rosbot_bringup:/home/user/seek_destroy_ws/install/autonomous_exploration:/opt/ros/humble LD_LIBRARY_PATH=/home/user/seek_destroy_ws/install/explore_lite_msgs/lib:/home/user/seek_destroy_ws/install/rosbot_hardware_interfaces/lib:/usr/local/cuda-10.2/lib64:/home/user/.catkin_ws_python3/src/TensorRT-7.0.0.11/lib:/opt/ros/humble/opt/rviz_ogre_vendor/lib:/opt/ros/humble/lib/x86_64-linux-gnu:/opt/ros/humble/lib:/usr/local/cuda-10.2/lib64:/home/user/.catkin_ws_python3/src/TensorRT-7.0.0.11/lib:/usr/lib/x86_64-linux-gnu/gazebo-11/plugins:/usr/lib/x86_64-linux-gnu/gazebo-11/plugins:/usr/lib/x86_64-linux-gnu/gazebo-11/plugins PYTHONPATH=/home/user/seek_destroy_ws/install/explore_lite_msgs/local/lib/python3.10/dist-packages:${PYTHONPATH} _=/usr/bin/env /usr/bin/cmake --install /home/user/seek_destroy_ws/build/explore_lite
[62.287s] -- Install configuration: ""
[62.288s] -- Execute custom install script
[62.288s] -- Symlinking: /home/user/seek_destroy_ws/install/explore_lite/include/explore//costmap_client.h
[62.300s] -- Symlinking: /home/user/seek_destroy_ws/install/explore_lite/include/explore//costmap_tools.h
[62.312s] -- Symlinking: /home/user/seek_destroy_ws/install/explore_lite/include/explore//explore.h
[62.330s] -- Symlinking: /home/user/seek_destroy_ws/install/explore_lite/include/explore//frontier_search.h
[62.357s] -- Symlinking: /home/user/seek_destroy_ws/install/explore_lite/share/explore_lite/config/params.yaml
[62.365s] -- Symlinking: /home/user/seek_destroy_ws/install/explore_lite/share/explore_lite/config/params_costmap.yaml
[62.377s] -- Symlinking: /home/user/seek_destroy_ws/install/explore_lite/share/explore_lite/launch/explore.launch.py
[62.398s] -- Symlinking: /home/user/seek_destroy_ws/install/explore_lite/lib/explore_lite/explore
[62.414s] -- Symlinking: /home/user/seek_destroy_ws/install/explore_lite/share/ament_index/resource_index/package_run_dependencies/explore_lite
[62.428s] -- Symlinking: /home/user/seek_destroy_ws/install/explore_lite/share/ament_index/resource_index/parent_prefix_path/explore_lite
[62.439s] -- Symlinking: /home/user/seek_destroy_ws/install/explore_lite/share/explore_lite/environment/ament_prefix_path.sh
[62.456s] -- Symlinking: /home/user/seek_destroy_ws/install/explore_lite/share/explore_lite/environment/ament_prefix_path.dsv
[62.467s] -- Symlinking: /home/user/seek_destroy_ws/install/explore_lite/share/explore_lite/environment/path.sh
[62.481s] -- Symlinking: /home/user/seek_destroy_ws/install/explore_lite/share/explore_lite/environment/path.dsv
[62.504s] -- Symlinking: /home/user/seek_destroy_ws/install/explore_lite/share/explore_lite/local_setup.bash
[62.517s] -- Symlinking: /home/user/seek_destroy_ws/install/explore_lite/share/explore_lite/local_setup.sh
[62.524s] -- Symlinking: /home/user/seek_destroy_ws/install/explore_lite/share/explore_lite/local_setup.zsh
[62.535s] -- Symlinking: /home/user/seek_destroy_ws/install/explore_lite/share/explore_lite/local_setup.dsv
[62.546s] -- Symlinking: /home/user/seek_destroy_ws/install/explore_lite/share/explore_lite/package.dsv
[62.559s] -- Symlinking: /home/user/seek_destroy_ws/install/explore_lite/share/ament_index/resource_index/packages/explore_lite
[62.569s] -- Symlinking: /home/user/seek_destroy_ws/install/explore_lite/share/explore_lite/cmake/ament_cmake_export_dependencies-extras.cmake
[62.581s] -- Symlinking: /home/user/seek_destroy_ws/install/explore_lite/share/explore_lite/cmake/ament_cmake_export_include_directories-extras.cmake
[62.592s] -- Symlinking: /home/user/seek_destroy_ws/install/explore_lite/share/explore_lite/cmake/explore_liteConfig.cmake
[62.604s] -- Symlinking: /home/user/seek_destroy_ws/install/explore_lite/share/explore_lite/cmake/explore_liteConfig-version.cmake
[62.616s] -- Symlinking: /home/user/seek_destroy_ws/install/explore_lite/share/explore_lite/package.xml
[62.631s] Invoked command in '/home/user/seek_destroy_ws/build/explore_lite' returned '0': AMENT_PREFIX_PATH=/home/user/seek_destroy_ws/install/explore_lite_msgs:${AMENT_PREFIX_PATH} CMAKE_PREFIX_PATH=/home/user/seek_destroy_ws/install/explore_lite_msgs:/home/user/seek_destroy_ws/install/rosbot_localization:/home/user/seek_destroy_ws/install/rosbot_joy:/home/user/seek_destroy_ws/install/rosbot_hardware_interfaces:/home/user/seek_destroy_ws/install/rosbot_description:/home/user/seek_destroy_ws/install/rosbot:/home/user/seek_destroy_ws/install/husarion_gz_worlds:/home/user/seek_destroy_ws/install/husarion_components_description:/home/user/seek_destroy_ws/install/rosbot_controller:/home/user/seek_destroy_ws/install/rosbot_utils:/home/user/seek_destroy_ws/install/rosbot_gazebo:/home/user/seek_destroy_ws/install/rosbot_bringup:/home/user/seek_destroy_ws/install/autonomous_exploration:/opt/ros/humble LD_LIBRARY_PATH=/home/user/seek_destroy_ws/install/explore_lite_msgs/lib:/home/user/seek_destroy_ws/install/rosbot_hardware_interfaces/lib:/usr/local/cuda-10.2/lib64:/home/user/.catkin_ws_python3/src/TensorRT-7.0.0.11/lib:/opt/ros/humble/opt/rviz_ogre_vendor/lib:/opt/ros/humble/lib/x86_64-linux-gnu:/opt/ros/humble/lib:/usr/local/cuda-10.2/lib64:/home/user/.catkin_ws_python3/src/TensorRT-7.0.0.11/lib:/usr/lib/x86_64-linux-gnu/gazebo-11/plugins:/usr/lib/x86_64-linux-gnu/gazebo-11/plugins:/usr/lib/x86_64-linux-gnu/gazebo-11/plugins PYTHONPATH=/home/user/seek_destroy_ws/install/explore_lite_msgs/local/lib/python3.10/dist-packages:${PYTHONPATH} _=/usr/bin/env /usr/bin/cmake --install /home/user/seek_destroy_ws/build/explore_lite
