[0.877s] Invoking command in '/home/user/seek_destroy_ws/build/rosbot': CMAKE_PREFIX_PATH=${CMAKE_PREFIX_PATH}:/home/user/seek_destroy_ws/install/rosbot_controller:/home/user/seek_destroy_ws/install/rosbot_utils:/home/user/seek_destroy_ws/install/rosbot_gazebo:/home/user/seek_destroy_ws/install/rosbot_bringup:/home/user/seek_destroy_ws/install/autonomous_exploration:/opt/ros/humble _=/usr/bin/env /usr/bin/cmake /home/user/seek_destroy_ws/src/rosbot_ros/rosbot -DAMENT_CMAKE_SYMLINK_INSTALL=1 -DCMAKE_INSTALL_PREFIX=/home/user/seek_destroy_ws/install/rosbot
[1.068s] -- The C compiler identification is GNU 11.4.0
[1.258s] -- The CXX compiler identification is GNU 11.4.0
[1.269s] -- Detecting C compiler ABI info
[1.584s] -- Detecting C compiler ABI info - done
[1.650s] -- Check for working C compiler: /usr/bin/cc - skipped
[1.651s] -- Detecting C compile features
[1.651s] -- Detecting C compile features - done
[1.655s] -- Detecting CXX compiler ABI info
[2.048s] -- Detecting CXX compiler ABI info - done
[2.061s] -- Check for working CXX compiler: /usr/bin/c++ - skipped
[2.062s] -- Detecting CXX compile features
[2.063s] -- Detecting CXX compile features - done
[2.071s] -- Found ament_cmake: 1.3.12 (/opt/ros/humble/share/ament_cmake/cmake)
[6.374s] -- Found Python3: /usr/bin/python3 (found version "3.10.12") found components: Interpreter 
[6.669s] -- Override CMake install command with custom implementation using symlinks instead of copying resources
[7.747s] -- Configuring done
[7.752s] -- Generating done
[7.755s] -- Build files have been written to: /home/user/seek_destroy_ws/build/rosbot
[7.787s] Invoked command in '/home/user/seek_destroy_ws/build/rosbot' returned '0': CMAKE_PREFIX_PATH=${CMAKE_PREFIX_PATH}:/home/user/seek_destroy_ws/install/rosbot_controller:/home/user/seek_destroy_ws/install/rosbot_utils:/home/user/seek_destroy_ws/install/rosbot_gazebo:/home/user/seek_destroy_ws/install/rosbot_bringup:/home/user/seek_destroy_ws/install/autonomous_exploration:/opt/ros/humble _=/usr/bin/env /usr/bin/cmake /home/user/seek_destroy_ws/src/rosbot_ros/rosbot -DAMENT_CMAKE_SYMLINK_INSTALL=1 -DCMAKE_INSTALL_PREFIX=/home/user/seek_destroy_ws/install/rosbot
[7.787s] Invoking command in '/home/user/seek_destroy_ws/build/rosbot': CMAKE_PREFIX_PATH=${CMAKE_PREFIX_PATH}:/home/user/seek_destroy_ws/install/rosbot_controller:/home/user/seek_destroy_ws/install/rosbot_utils:/home/user/seek_destroy_ws/install/rosbot_gazebo:/home/user/seek_destroy_ws/install/rosbot_bringup:/home/user/seek_destroy_ws/install/autonomous_exploration:/opt/ros/humble _=/usr/bin/env /usr/bin/cmake --build /home/user/seek_destroy_ws/build/rosbot -- -j8 -l8
[8.851s] Invoked command in '/home/user/seek_destroy_ws/build/rosbot' returned '0': CMAKE_PREFIX_PATH=${CMAKE_PREFIX_PATH}:/home/user/seek_destroy_ws/install/rosbot_controller:/home/user/seek_destroy_ws/install/rosbot_utils:/home/user/seek_destroy_ws/install/rosbot_gazebo:/home/user/seek_destroy_ws/install/rosbot_bringup:/home/user/seek_destroy_ws/install/autonomous_exploration:/opt/ros/humble _=/usr/bin/env /usr/bin/cmake --build /home/user/seek_destroy_ws/build/rosbot -- -j8 -l8
[8.866s] Invoking command in '/home/user/seek_destroy_ws/build/rosbot': CMAKE_PREFIX_PATH=${CMAKE_PREFIX_PATH}:/home/user/seek_destroy_ws/install/rosbot_controller:/home/user/seek_destroy_ws/install/rosbot_utils:/home/user/seek_destroy_ws/install/rosbot_gazebo:/home/user/seek_destroy_ws/install/rosbot_bringup:/home/user/seek_destroy_ws/install/autonomous_exploration:/opt/ros/humble _=/usr/bin/env /usr/bin/cmake --install /home/user/seek_destroy_ws/build/rosbot
[8.963s] -- Install configuration: ""
[8.963s] -- Execute custom install script
[8.967s] -- Symlinking: /home/user/seek_destroy_ws/install/rosbot/share/ament_index/resource_index/package_run_dependencies/rosbot
[8.967s] -- Symlinking: /home/user/seek_destroy_ws/install/rosbot/share/ament_index/resource_index/parent_prefix_path/rosbot
[8.967s] -- Symlinking: /home/user/seek_destroy_ws/install/rosbot/share/rosbot/environment/ament_prefix_path.sh
[8.968s] -- Symlinking: /home/user/seek_destroy_ws/install/rosbot/share/rosbot/environment/ament_prefix_path.dsv
[8.972s] -- Symlinking: /home/user/seek_destroy_ws/install/rosbot/share/rosbot/environment/path.sh
[8.993s] -- Symlinking: /home/user/seek_destroy_ws/install/rosbot/share/rosbot/environment/path.dsv
[9.049s] -- Symlinking: /home/user/seek_destroy_ws/install/rosbot/share/rosbot/local_setup.bash
[9.068s] -- Symlinking: /home/user/seek_destroy_ws/install/rosbot/share/rosbot/local_setup.sh
[9.093s] -- Symlinking: /home/user/seek_destroy_ws/install/rosbot/share/rosbot/local_setup.zsh
[9.153s] -- Symlinking: /home/user/seek_destroy_ws/install/rosbot/share/rosbot/local_setup.dsv
[9.177s] -- Symlinking: /home/user/seek_destroy_ws/install/rosbot/share/rosbot/package.dsv
[9.193s] -- Symlinking: /home/user/seek_destroy_ws/install/rosbot/share/ament_index/resource_index/packages/rosbot
[9.244s] -- Symlinking: /home/user/seek_destroy_ws/install/rosbot/share/rosbot/cmake/rosbotConfig.cmake
[9.267s] -- Symlinking: /home/user/seek_destroy_ws/install/rosbot/share/rosbot/cmake/rosbotConfig-version.cmake
[9.278s] -- Symlinking: /home/user/seek_destroy_ws/install/rosbot/share/rosbot/package.xml
[9.355s] Invoked command in '/home/user/seek_destroy_ws/build/rosbot' returned '0': CMAKE_PREFIX_PATH=${CMAKE_PREFIX_PATH}:/home/user/seek_destroy_ws/install/rosbot_controller:/home/user/seek_destroy_ws/install/rosbot_utils:/home/user/seek_destroy_ws/install/rosbot_gazebo:/home/user/seek_destroy_ws/install/rosbot_bringup:/home/user/seek_destroy_ws/install/autonomous_exploration:/opt/ros/humble _=/usr/bin/env /usr/bin/cmake --install /home/user/seek_destroy_ws/build/rosbot
