[1.800s] Invoking command in '/home/user/seek_destroy_ws/build/husarion_gz_worlds': CMAKE_PREFIX_PATH=${CMAKE_PREFIX_PATH}:/home/user/seek_destroy_ws/install/rosbot_controller:/home/user/seek_destroy_ws/install/rosbot_utils:/home/user/seek_destroy_ws/install/rosbot_gazebo:/home/user/seek_destroy_ws/install/rosbot_bringup:/opt/ros/humble _=/usr/bin/env /usr/bin/cmake --build /home/user/seek_destroy_ws/build/husarion_gz_worlds -- -j8 -l8
[5.221s] Invoked command in '/home/user/seek_destroy_ws/build/husarion_gz_worlds' returned '0': CMAKE_PREFIX_PATH=${CMAKE_PREFIX_PATH}:/home/user/seek_destroy_ws/install/rosbot_controller:/home/user/seek_destroy_ws/install/rosbot_utils:/home/user/seek_destroy_ws/install/rosbot_gazebo:/home/user/seek_destroy_ws/install/rosbot_bringup:/opt/ros/humble _=/usr/bin/env /usr/bin/cmake --build /home/user/seek_destroy_ws/build/husarion_gz_worlds -- -j8 -l8
[5.227s] Invoking command in '/home/user/seek_destroy_ws/build/husarion_gz_worlds': CMAKE_PREFIX_PATH=${CMAKE_PREFIX_PATH}:/home/user/seek_destroy_ws/install/rosbot_controller:/home/user/seek_destroy_ws/install/rosbot_utils:/home/user/seek_destroy_ws/install/rosbot_gazebo:/home/user/seek_destroy_ws/install/rosbot_bringup:/opt/ros/humble _=/usr/bin/env /usr/bin/cmake --install /home/user/seek_destroy_ws/build/husarion_gz_worlds
[5.340s] -- Install configuration: ""
[5.341s] -- Execute custom install script
[5.344s] -- Up-to-date symlink: /home/user/seek_destroy_ws/install/husarion_gz_worlds/share/husarion_gz_worlds/config/teleop.config
[5.344s] -- Up-to-date symlink: /home/user/seek_destroy_ws/install/husarion_gz_worlds/share/husarion_gz_worlds/launch/gz_sim.launch.py
[5.414s] -- Up-to-date symlink: /home/user/seek_destroy_ws/install/husarion_gz_worlds/share/husarion_gz_worlds/models/ConferenceTable/meshes/conference_table.stl
[5.414s] -- Up-to-date symlink: /home/user/seek_destroy_ws/install/husarion_gz_worlds/share/husarion_gz_worlds/models/ConferenceTable/model.config
[5.414s] -- Up-to-date symlink: /home/user/seek_destroy_ws/install/husarion_gz_worlds/share/husarion_gz_worlds/models/ConferenceTable/model.sdf
[5.414s] -- Up-to-date symlink: /home/user/seek_destroy_ws/install/husarion_gz_worlds/share/husarion_gz_worlds/models/Door/meshes/door.stl
[5.414s] -- Up-to-date symlink: /home/user/seek_destroy_ws/install/husarion_gz_worlds/share/husarion_gz_worlds/models/Door/model.config
[5.414s] -- Up-to-date symlink: /home/user/seek_destroy_ws/install/husarion_gz_worlds/share/husarion_gz_worlds/models/Door/model.sdf
[5.414s] -- Up-to-date symlink: /home/user/seek_destroy_ws/install/husarion_gz_worlds/share/husarion_gz_worlds/models/HusarionLogo/meshes/husarion_logo.dae
[5.414s] -- Up-to-date symlink: /home/user/seek_destroy_ws/install/husarion_gz_worlds/share/husarion_gz_worlds/models/Kitchen/meshes/kitchen.stl
[5.414s] -- Up-to-date symlink: /home/user/seek_destroy_ws/install/husarion_gz_worlds/share/husarion_gz_worlds/models/Kitchen/model.config
[5.415s] -- Up-to-date symlink: /home/user/seek_destroy_ws/install/husarion_gz_worlds/share/husarion_gz_worlds/models/Kitchen/model.sdf
[5.415s] -- Up-to-date symlink: /home/user/seek_destroy_ws/install/husarion_gz_worlds/share/husarion_gz_worlds/models/Laptop/meshes/laptop.stl
[5.445s] -- Up-to-date symlink: /home/user/seek_destroy_ws/install/husarion_gz_worlds/share/husarion_gz_worlds/models/Laptop/model.config
[5.446s] -- Up-to-date symlink: /home/user/seek_destroy_ws/install/husarion_gz_worlds/share/husarion_gz_worlds/models/Laptop/model.sdf
[5.446s] -- Up-to-date symlink: /home/user/seek_destroy_ws/install/husarion_gz_worlds/share/husarion_gz_worlds/models/Rosbot/meshes/astra.dae
[5.446s] -- Up-to-date symlink: /home/user/seek_destroy_ws/install/husarion_gz_worlds/share/husarion_gz_worlds/models/Rosbot/meshes/box.dae
[5.446s] -- Up-to-date symlink: /home/user/seek_destroy_ws/install/husarion_gz_worlds/share/husarion_gz_worlds/models/Rosbot/meshes/rplidar.dae
[5.446s] -- Up-to-date symlink: /home/user/seek_destroy_ws/install/husarion_gz_worlds/share/husarion_gz_worlds/models/Rosbot/meshes/upper.dae
[5.446s] -- Up-to-date symlink: /home/user/seek_destroy_ws/install/husarion_gz_worlds/share/husarion_gz_worlds/models/Rosbot/meshes/wheel.dae
[5.447s] -- Up-to-date symlink: /home/user/seek_destroy_ws/install/husarion_gz_worlds/share/husarion_gz_worlds/models/Rosbot/model.config
[5.447s] -- Up-to-date symlink: /home/user/seek_destroy_ws/install/husarion_gz_worlds/share/husarion_gz_worlds/models/Rosbot/model.sdf
[5.447s] -- Up-to-date symlink: /home/user/seek_destroy_ws/install/husarion_gz_worlds/share/husarion_gz_worlds/models/Surfaces/meshes/black_concrete.png
[5.447s] -- Up-to-date symlink: /home/user/seek_destroy_ws/install/husarion_gz_worlds/share/husarion_gz_worlds/models/Surfaces/meshes/floor_1.mtl
[5.497s] -- Up-to-date symlink: /home/user/seek_destroy_ws/install/husarion_gz_worlds/share/husarion_gz_worlds/models/Surfaces/meshes/floor_1.obj
[5.498s] -- Up-to-date symlink: /home/user/seek_destroy_ws/install/husarion_gz_worlds/share/husarion_gz_worlds/models/Surfaces/meshes/floor_10.mtl
[5.498s] -- Up-to-date symlink: /home/user/seek_destroy_ws/install/husarion_gz_worlds/share/husarion_gz_worlds/models/Surfaces/meshes/floor_10.obj
[5.500s] -- Up-to-date symlink: /home/user/seek_destroy_ws/install/husarion_gz_worlds/share/husarion_gz_worlds/models/Surfaces/meshes/floor_11.mtl
[5.500s] -- Up-to-date symlink: /home/user/seek_destroy_ws/install/husarion_gz_worlds/share/husarion_gz_worlds/models/Surfaces/meshes/floor_11.obj
[5.501s] -- Up-to-date symlink: /home/user/seek_destroy_ws/install/husarion_gz_worlds/share/husarion_gz_worlds/models/Surfaces/meshes/floor_12.mtl
[5.501s] -- Up-to-date symlink: /home/user/seek_destroy_ws/install/husarion_gz_worlds/share/husarion_gz_worlds/models/Surfaces/meshes/floor_12.obj
[5.501s] -- Up-to-date symlink: /home/user/seek_destroy_ws/install/husarion_gz_worlds/share/husarion_gz_worlds/models/Surfaces/meshes/floor_13.mtl
[5.501s] -- Up-to-date symlink: /home/user/seek_destroy_ws/install/husarion_gz_worlds/share/husarion_gz_worlds/models/Surfaces/meshes/floor_13.obj
[5.501s] -- Up-to-date symlink: /home/user/seek_destroy_ws/install/husarion_gz_worlds/share/husarion_gz_worlds/models/Surfaces/meshes/floor_14.mtl
[5.501s] -- Up-to-date symlink: /home/user/seek_destroy_ws/install/husarion_gz_worlds/share/husarion_gz_worlds/models/Surfaces/meshes/floor_14.obj
[5.501s] -- Up-to-date symlink: /home/user/seek_destroy_ws/install/husarion_gz_worlds/share/husarion_gz_worlds/models/Surfaces/meshes/floor_2.mtl
[5.501s] -- Up-to-date symlink: /home/user/seek_destroy_ws/install/husarion_gz_worlds/share/husarion_gz_worlds/models/Surfaces/meshes/floor_2.obj
[5.502s] -- Up-to-date symlink: /home/user/seek_destroy_ws/install/husarion_gz_worlds/share/husarion_gz_worlds/models/Surfaces/meshes/floor_3.mtl
[5.502s] -- Up-to-date symlink: /home/user/seek_destroy_ws/install/husarion_gz_worlds/share/husarion_gz_worlds/models/Surfaces/meshes/floor_3.obj
[5.502s] -- Up-to-date symlink: /home/user/seek_destroy_ws/install/husarion_gz_worlds/share/husarion_gz_worlds/models/Surfaces/meshes/floor_4.mtl
[5.502s] -- Up-to-date symlink: /home/user/seek_destroy_ws/install/husarion_gz_worlds/share/husarion_gz_worlds/models/Surfaces/meshes/floor_4.obj
[5.502s] -- Up-to-date symlink: /home/user/seek_destroy_ws/install/husarion_gz_worlds/share/husarion_gz_worlds/models/Surfaces/meshes/floor_5.mtl
[5.502s] -- Up-to-date symlink: /home/user/seek_destroy_ws/install/husarion_gz_worlds/share/husarion_gz_worlds/models/Surfaces/meshes/floor_5.obj
[5.502s] -- Up-to-date symlink: /home/user/seek_destroy_ws/install/husarion_gz_worlds/share/husarion_gz_worlds/models/Surfaces/meshes/floor_6.mtl
[5.502s] -- Up-to-date symlink: /home/user/seek_destroy_ws/install/husarion_gz_worlds/share/husarion_gz_worlds/models/Surfaces/meshes/floor_6.obj
[5.504s] -- Up-to-date symlink: /home/user/seek_destroy_ws/install/husarion_gz_worlds/share/husarion_gz_worlds/models/Surfaces/meshes/floor_7.mtl
[5.504s] -- Up-to-date symlink: /home/user/seek_destroy_ws/install/husarion_gz_worlds/share/husarion_gz_worlds/models/Surfaces/meshes/floor_7.obj
[5.504s] -- Up-to-date symlink: /home/user/seek_destroy_ws/install/husarion_gz_worlds/share/husarion_gz_worlds/models/Surfaces/meshes/floor_8.mtl
[5.505s] -- Up-to-date symlink: /home/user/seek_destroy_ws/install/husarion_gz_worlds/share/husarion_gz_worlds/models/Surfaces/meshes/floor_8.obj
[5.596s] -- Up-to-date symlink: /home/user/seek_destroy_ws/install/husarion_gz_worlds/share/husarion_gz_worlds/models/Surfaces/meshes/floor_9.mtl
[5.601s] -- Up-to-date symlink: /home/user/seek_destroy_ws/install/husarion_gz_worlds/share/husarion_gz_worlds/models/Surfaces/meshes/floor_9.obj
[5.601s] -- Up-to-date symlink: /home/user/seek_destroy_ws/install/husarion_gz_worlds/share/husarion_gz_worlds/models/Surfaces/meshes/model.material
[5.601s] -- Up-to-date symlink: /home/user/seek_destroy_ws/install/husarion_gz_worlds/share/husarion_gz_worlds/models/Surfaces/meshes/wall_1.mtl
[5.601s] -- Up-to-date symlink: /home/user/seek_destroy_ws/install/husarion_gz_worlds/share/husarion_gz_worlds/models/Surfaces/meshes/wall_1.obj
[5.601s] -- Up-to-date symlink: /home/user/seek_destroy_ws/install/husarion_gz_worlds/share/husarion_gz_worlds/models/Surfaces/meshes/wall_2.mtl
[5.601s] -- Up-to-date symlink: /home/user/seek_destroy_ws/install/husarion_gz_worlds/share/husarion_gz_worlds/models/Surfaces/meshes/wall_2.obj
[5.601s] -- Up-to-date symlink: /home/user/seek_destroy_ws/install/husarion_gz_worlds/share/husarion_gz_worlds/models/Surfaces/meshes/white_carpet.png
[5.602s] -- Up-to-date symlink: /home/user/seek_destroy_ws/install/husarion_gz_worlds/share/husarion_gz_worlds/models/Surfaces/meshes/white_tiles.png
[5.602s] -- Up-to-date symlink: /home/user/seek_destroy_ws/install/husarion_gz_worlds/share/husarion_gz_worlds/models/Surfaces/meshes/white_wall.png
[5.602s] -- Up-to-date symlink: /home/user/seek_destroy_ws/install/husarion_gz_worlds/share/husarion_gz_worlds/models/Surfaces/meshes/wood1.png
[5.602s] -- Up-to-date symlink: /home/user/seek_destroy_ws/install/husarion_gz_worlds/share/husarion_gz_worlds/models/Surfaces/meshes/wood2.png
[5.602s] -- Up-to-date symlink: /home/user/seek_destroy_ws/install/husarion_gz_worlds/share/husarion_gz_worlds/models/Surfaces/model.config
[5.602s] -- Up-to-date symlink: /home/user/seek_destroy_ws/install/husarion_gz_worlds/share/husarion_gz_worlds/models/Surfaces/model.sdf
[5.603s] -- Up-to-date symlink: /home/user/seek_destroy_ws/install/husarion_gz_worlds/share/husarion_gz_worlds/models/Tv/meshes/tv.stl
[5.603s] -- Up-to-date symlink: /home/user/seek_destroy_ws/install/husarion_gz_worlds/share/husarion_gz_worlds/models/Tv/model.config
[5.603s] -- Up-to-date symlink: /home/user/seek_destroy_ws/install/husarion_gz_worlds/share/husarion_gz_worlds/models/Tv/model.sdf
[5.603s] -- Up-to-date symlink: /home/user/seek_destroy_ws/install/husarion_gz_worlds/share/husarion_gz_worlds/models/WaterDispenser/meshes/water_dispenser.dae
[5.603s] -- Up-to-date symlink: /home/user/seek_destroy_ws/install/husarion_gz_worlds/share/husarion_gz_worlds/models/WaterDispenser/model.config
[5.603s] -- Up-to-date symlink: /home/user/seek_destroy_ws/install/husarion_gz_worlds/share/husarion_gz_worlds/models/WaterDispenser/model.sdf
[5.603s] -- Up-to-date symlink: /home/user/seek_destroy_ws/install/husarion_gz_worlds/share/husarion_gz_worlds/worlds/empty_with_plugins.sdf
[5.603s] -- Up-to-date symlink: /home/user/seek_destroy_ws/install/husarion_gz_worlds/share/husarion_gz_worlds/worlds/husarion_office.sdf
[5.603s] -- Up-to-date symlink: /home/user/seek_destroy_ws/install/husarion_gz_worlds/share/husarion_gz_worlds/worlds/husarion_world.sdf
[5.604s] -- Up-to-date symlink: /home/user/seek_destroy_ws/install/husarion_gz_worlds/share/husarion_gz_worlds/worlds/sonoma_raceway.sdf
[5.604s] -- Up-to-date symlink: /home/user/seek_destroy_ws/install/husarion_gz_worlds/share/husarion_gz_worlds/maps/husarion_world.pgm
[5.604s] -- Up-to-date symlink: /home/user/seek_destroy_ws/install/husarion_gz_worlds/share/husarion_gz_worlds/maps/husarion_world.yaml
[5.604s] -- Up-to-date symlink: /home/user/seek_destroy_ws/install/husarion_gz_worlds/share/husarion_gz_worlds/environment/husarion_gz_worlds.sh
[5.604s] -- Up-to-date symlink: /home/user/seek_destroy_ws/install/husarion_gz_worlds/share/ament_index/resource_index/package_run_dependencies/husarion_gz_worlds
[5.604s] -- Up-to-date symlink: /home/user/seek_destroy_ws/install/husarion_gz_worlds/share/ament_index/resource_index/parent_prefix_path/husarion_gz_worlds
[5.604s] -- Up-to-date symlink: /home/user/seek_destroy_ws/install/husarion_gz_worlds/share/husarion_gz_worlds/environment/ament_prefix_path.sh
[5.604s] -- Up-to-date symlink: /home/user/seek_destroy_ws/install/husarion_gz_worlds/share/husarion_gz_worlds/environment/ament_prefix_path.dsv
[5.604s] -- Up-to-date symlink: /home/user/seek_destroy_ws/install/husarion_gz_worlds/share/husarion_gz_worlds/environment/path.sh
[5.604s] -- Up-to-date symlink: /home/user/seek_destroy_ws/install/husarion_gz_worlds/share/husarion_gz_worlds/environment/path.dsv
[5.605s] -- Up-to-date symlink: /home/user/seek_destroy_ws/install/husarion_gz_worlds/share/husarion_gz_worlds/local_setup.bash
[5.605s] -- Up-to-date symlink: /home/user/seek_destroy_ws/install/husarion_gz_worlds/share/husarion_gz_worlds/local_setup.sh
[5.605s] -- Up-to-date symlink: /home/user/seek_destroy_ws/install/husarion_gz_worlds/share/husarion_gz_worlds/local_setup.zsh
[5.605s] -- Up-to-date symlink: /home/user/seek_destroy_ws/install/husarion_gz_worlds/share/husarion_gz_worlds/local_setup.dsv
[5.605s] -- Symlinking: /home/user/seek_destroy_ws/install/husarion_gz_worlds/share/husarion_gz_worlds/package.dsv
[5.650s] -- Up-to-date symlink: /home/user/seek_destroy_ws/install/husarion_gz_worlds/share/ament_index/resource_index/packages/husarion_gz_worlds
[5.650s] -- Up-to-date symlink: /home/user/seek_destroy_ws/install/husarion_gz_worlds/share/husarion_gz_worlds/cmake/husarion_gz_worldsConfig.cmake
[5.651s] -- Up-to-date symlink: /home/user/seek_destroy_ws/install/husarion_gz_worlds/share/husarion_gz_worlds/cmake/husarion_gz_worldsConfig-version.cmake
[5.651s] -- Up-to-date symlink: /home/user/seek_destroy_ws/install/husarion_gz_worlds/share/husarion_gz_worlds/package.xml
[6.035s] Invoked command in '/home/user/seek_destroy_ws/build/husarion_gz_worlds' returned '0': CMAKE_PREFIX_PATH=${CMAKE_PREFIX_PATH}:/home/user/seek_destroy_ws/install/rosbot_controller:/home/user/seek_destroy_ws/install/rosbot_utils:/home/user/seek_destroy_ws/install/rosbot_gazebo:/home/user/seek_destroy_ws/install/rosbot_bringup:/opt/ros/humble _=/usr/bin/env /usr/bin/cmake --install /home/user/seek_destroy_ws/build/husarion_gz_worlds
