[ 33%] [32mBuilding CXX object CMakeFiles/rosbot_hardware_interfaces.dir/src/rosbot_system.cpp.o[0m
[ 66%] [32mBuilding CXX object CMakeFiles/rosbot_hardware_interfaces.dir/src/rosbot_imu_sensor.cpp.o[0m
[100%] [32m[1mLinking CXX shared library librosbot_hardware_interfaces.so[0m
[100%] Built target rosbot_hardware_interfaces
-- Install configuration: ""
-- Execute custom install script
-- Symlinking: /home/user/seek_destroy_ws/install/rosbot_hardware_interfaces/share/rosbot_hardware_interfaces//rosbot_hardware_interfaces.xml
-- Symlinking: /home/user/seek_destroy_ws/install/rosbot_hardware_interfaces/include/rosbot_hardware_interfaces/rosbot_imu_sensor.hpp
-- Symlinking: /home/user/seek_destroy_ws/install/rosbot_hardware_interfaces/include/rosbot_hardware_interfaces/rosbot_system.hpp
-- Symlinking: /home/user/seek_destroy_ws/install/rosbot_hardware_interfaces/include/rosbot_hardware_interfaces/visibility_control.hpp
-- Symlinking: /home/user/seek_destroy_ws/install/rosbot_hardware_interfaces/lib/librosbot_hardware_interfaces.so
-- Symlinking: /home/user/seek_destroy_ws/install/rosbot_hardware_interfaces/share/rosbot_hardware_interfaces/environment/library_path.sh
-- Symlinking: /home/user/seek_destroy_ws/install/rosbot_hardware_interfaces/share/rosbot_hardware_interfaces/environment/library_path.dsv
-- Symlinking: /home/user/seek_destroy_ws/install/rosbot_hardware_interfaces/share/ament_index/resource_index/package_run_dependencies/rosbot_hardware_interfaces
-- Symlinking: /home/user/seek_destroy_ws/install/rosbot_hardware_interfaces/share/ament_index/resource_index/parent_prefix_path/rosbot_hardware_interfaces
-- Symlinking: /home/user/seek_destroy_ws/install/rosbot_hardware_interfaces/share/rosbot_hardware_interfaces/environment/ament_prefix_path.sh
-- Symlinking: /home/user/seek_destroy_ws/install/rosbot_hardware_interfaces/share/rosbot_hardware_interfaces/environment/ament_prefix_path.dsv
-- Symlinking: /home/user/seek_destroy_ws/install/rosbot_hardware_interfaces/share/rosbot_hardware_interfaces/environment/path.sh
-- Symlinking: /home/user/seek_destroy_ws/install/rosbot_hardware_interfaces/share/rosbot_hardware_interfaces/environment/path.dsv
-- Symlinking: /home/user/seek_destroy_ws/install/rosbot_hardware_interfaces/share/rosbot_hardware_interfaces/local_setup.bash
-- Symlinking: /home/user/seek_destroy_ws/install/rosbot_hardware_interfaces/share/rosbot_hardware_interfaces/local_setup.sh
-- Symlinking: /home/user/seek_destroy_ws/install/rosbot_hardware_interfaces/share/rosbot_hardware_interfaces/local_setup.zsh
-- Symlinking: /home/user/seek_destroy_ws/install/rosbot_hardware_interfaces/share/rosbot_hardware_interfaces/local_setup.dsv
-- Symlinking: /home/user/seek_destroy_ws/install/rosbot_hardware_interfaces/share/rosbot_hardware_interfaces/package.dsv
-- Symlinking: /home/user/seek_destroy_ws/install/rosbot_hardware_interfaces/share/ament_index/resource_index/packages/rosbot_hardware_interfaces
-- Symlinking: /home/user/seek_destroy_ws/install/rosbot_hardware_interfaces/share/ament_index/resource_index/hardware_interface__pluginlib__plugin/rosbot_hardware_interfaces
-- Symlinking: /home/user/seek_destroy_ws/install/rosbot_hardware_interfaces/share/rosbot_hardware_interfaces/cmake/ament_cmake_export_include_directories-extras.cmake
-- Symlinking: /home/user/seek_destroy_ws/install/rosbot_hardware_interfaces/share/rosbot_hardware_interfaces/cmake/ament_cmake_export_libraries-extras.cmake
-- Symlinking: /home/user/seek_destroy_ws/install/rosbot_hardware_interfaces/share/rosbot_hardware_interfaces/cmake/ament_cmake_export_dependencies-extras.cmake
-- Symlinking: /home/user/seek_destroy_ws/install/rosbot_hardware_interfaces/share/rosbot_hardware_interfaces/cmake/rosbot_hardware_interfacesConfig.cmake
-- Symlinking: /home/user/seek_destroy_ws/install/rosbot_hardware_interfaces/share/rosbot_hardware_interfaces/cmake/rosbot_hardware_interfacesConfig-version.cmake
-- Symlinking: /home/user/seek_destroy_ws/install/rosbot_hardware_interfaces/share/rosbot_hardware_interfaces/package.xml
