[0.031s] Invoking command in '/home/user/seek_destroy_ws/build/rosbot_description': CMAKE_PREFIX_PATH=/home/user/seek_destroy_ws/install/husarion_components_description:/home/user/seek_destroy_ws/install/rosbot_localization:/home/user/seek_destroy_ws/install/rosbot_joy:/home/user/seek_destroy_ws/install/rosbot_hardware_interfaces:/home/user/seek_destroy_ws/install/rosbot_description:/home/user/seek_destroy_ws/install/rosbot:/home/user/seek_destroy_ws/install/multirobot_map_merge:/home/user/seek_destroy_ws/install/husarion_gz_worlds:/home/user/seek_destroy_ws/install/explore_lite:/home/user/seek_destroy_ws/install/explore_lite_msgs:/home/user/seek_destroy_ws/install/rosbot_controller:/home/user/seek_destroy_ws/install/rosbot_utils:/home/user/seek_destroy_ws/install/rosbot_gazebo:/home/user/seek_destroy_ws/install/rosbot_bringup:/home/user/seek_destroy_ws/install/autonomous_exploration:/opt/ros/humble _=/usr/bin/env /usr/bin/cmake /home/user/seek_destroy_ws/src/rosbot_ros/rosbot_description -DAMENT_CMAKE_SYMLINK_INSTALL=1 -DCMAKE_INSTALL_PREFIX=/home/user/seek_destroy_ws/install/rosbot_description
[0.328s] -- The C compiler identification is GNU 11.4.0
[0.510s] -- The CXX compiler identification is GNU 11.4.0
[0.522s] -- Detecting C compiler ABI info
[0.711s] -- Detecting C compiler ABI info - done
[0.720s] -- Check for working C compiler: /usr/bin/cc - skipped
[0.720s] -- Detecting C compile features
[0.720s] -- Detecting C compile features - done
[0.724s] -- Detecting CXX compiler ABI info
[0.891s] -- Detecting CXX compiler ABI info - done
[0.902s] -- Check for working CXX compiler: /usr/bin/c++ - skipped
[0.902s] -- Detecting CXX compile features
[0.903s] -- Detecting CXX compile features - done
[0.911s] -- Found ament_cmake: 1.3.12 (/opt/ros/humble/share/ament_cmake/cmake)
[4.085s] -- Found Python3: /usr/bin/python3 (found version "3.10.12") found components: Interpreter 
[4.582s] -- Override CMake install command with custom implementation using symlinks instead of copying resources
[5.105s] -- Found ament_cmake_pytest: 1.3.12 (/opt/ros/humble/share/ament_cmake_pytest/cmake)
[16.212s] -- Configuring done
[16.217s] -- Generating done
[16.219s] -- Build files have been written to: /home/user/seek_destroy_ws/build/rosbot_description
[16.282s] Invoked command in '/home/user/seek_destroy_ws/build/rosbot_description' returned '0': CMAKE_PREFIX_PATH=/home/user/seek_destroy_ws/install/husarion_components_description:/home/user/seek_destroy_ws/install/rosbot_localization:/home/user/seek_destroy_ws/install/rosbot_joy:/home/user/seek_destroy_ws/install/rosbot_hardware_interfaces:/home/user/seek_destroy_ws/install/rosbot_description:/home/user/seek_destroy_ws/install/rosbot:/home/user/seek_destroy_ws/install/multirobot_map_merge:/home/user/seek_destroy_ws/install/husarion_gz_worlds:/home/user/seek_destroy_ws/install/explore_lite:/home/user/seek_destroy_ws/install/explore_lite_msgs:/home/user/seek_destroy_ws/install/rosbot_controller:/home/user/seek_destroy_ws/install/rosbot_utils:/home/user/seek_destroy_ws/install/rosbot_gazebo:/home/user/seek_destroy_ws/install/rosbot_bringup:/home/user/seek_destroy_ws/install/autonomous_exploration:/opt/ros/humble _=/usr/bin/env /usr/bin/cmake /home/user/seek_destroy_ws/src/rosbot_ros/rosbot_description -DAMENT_CMAKE_SYMLINK_INSTALL=1 -DCMAKE_INSTALL_PREFIX=/home/user/seek_destroy_ws/install/rosbot_description
[16.289s] Invoking command in '/home/user/seek_destroy_ws/build/rosbot_description': CMAKE_PREFIX_PATH=/home/user/seek_destroy_ws/install/husarion_components_description:/home/user/seek_destroy_ws/install/rosbot_localization:/home/user/seek_destroy_ws/install/rosbot_joy:/home/user/seek_destroy_ws/install/rosbot_hardware_interfaces:/home/user/seek_destroy_ws/install/rosbot_description:/home/user/seek_destroy_ws/install/rosbot:/home/user/seek_destroy_ws/install/multirobot_map_merge:/home/user/seek_destroy_ws/install/husarion_gz_worlds:/home/user/seek_destroy_ws/install/explore_lite:/home/user/seek_destroy_ws/install/explore_lite_msgs:/home/user/seek_destroy_ws/install/rosbot_controller:/home/user/seek_destroy_ws/install/rosbot_utils:/home/user/seek_destroy_ws/install/rosbot_gazebo:/home/user/seek_destroy_ws/install/rosbot_bringup:/home/user/seek_destroy_ws/install/autonomous_exploration:/opt/ros/humble _=/usr/bin/env /usr/bin/cmake --build /home/user/seek_destroy_ws/build/rosbot_description -- -j8 -l8
[16.491s] Invoked command in '/home/user/seek_destroy_ws/build/rosbot_description' returned '0': CMAKE_PREFIX_PATH=/home/user/seek_destroy_ws/install/husarion_components_description:/home/user/seek_destroy_ws/install/rosbot_localization:/home/user/seek_destroy_ws/install/rosbot_joy:/home/user/seek_destroy_ws/install/rosbot_hardware_interfaces:/home/user/seek_destroy_ws/install/rosbot_description:/home/user/seek_destroy_ws/install/rosbot:/home/user/seek_destroy_ws/install/multirobot_map_merge:/home/user/seek_destroy_ws/install/husarion_gz_worlds:/home/user/seek_destroy_ws/install/explore_lite:/home/user/seek_destroy_ws/install/explore_lite_msgs:/home/user/seek_destroy_ws/install/rosbot_controller:/home/user/seek_destroy_ws/install/rosbot_utils:/home/user/seek_destroy_ws/install/rosbot_gazebo:/home/user/seek_destroy_ws/install/rosbot_bringup:/home/user/seek_destroy_ws/install/autonomous_exploration:/opt/ros/humble _=/usr/bin/env /usr/bin/cmake --build /home/user/seek_destroy_ws/build/rosbot_description -- -j8 -l8
[16.504s] Invoking command in '/home/user/seek_destroy_ws/build/rosbot_description': CMAKE_PREFIX_PATH=/home/user/seek_destroy_ws/install/husarion_components_description:/home/user/seek_destroy_ws/install/rosbot_localization:/home/user/seek_destroy_ws/install/rosbot_joy:/home/user/seek_destroy_ws/install/rosbot_hardware_interfaces:/home/user/seek_destroy_ws/install/rosbot_description:/home/user/seek_destroy_ws/install/rosbot:/home/user/seek_destroy_ws/install/multirobot_map_merge:/home/user/seek_destroy_ws/install/husarion_gz_worlds:/home/user/seek_destroy_ws/install/explore_lite:/home/user/seek_destroy_ws/install/explore_lite_msgs:/home/user/seek_destroy_ws/install/rosbot_controller:/home/user/seek_destroy_ws/install/rosbot_utils:/home/user/seek_destroy_ws/install/rosbot_gazebo:/home/user/seek_destroy_ws/install/rosbot_bringup:/home/user/seek_destroy_ws/install/autonomous_exploration:/opt/ros/humble _=/usr/bin/env /usr/bin/cmake --install /home/user/seek_destroy_ws/build/rosbot_description
[16.581s] -- Install configuration: ""
[16.581s] -- Execute custom install script
[16.582s] -- Symlinking: /home/user/seek_destroy_ws/install/rosbot_description/share/rosbot_description/config/rosbot/basic.yaml
[16.592s] -- Symlinking: /home/user/seek_destroy_ws/install/rosbot_description/share/rosbot_description/config/rosbot/custom.yaml
[16.603s] -- Symlinking: /home/user/seek_destroy_ws/install/rosbot_description/share/rosbot_description/config/rosbot_xl/autonomy.yaml
[16.615s] -- Symlinking: /home/user/seek_destroy_ws/install/rosbot_description/share/rosbot_description/config/rosbot_xl/basic.yaml
[16.693s] -- Symlinking: /home/user/seek_destroy_ws/install/rosbot_description/share/rosbot_description/config/rosbot_xl/custom.yaml
[16.703s] -- Symlinking: /home/user/seek_destroy_ws/install/rosbot_description/share/rosbot_description/config/rosbot_xl/manipulation.yaml
[16.783s] -- Symlinking: /home/user/seek_destroy_ws/install/rosbot_description/share/rosbot_description/config/rosbot_xl/manipulation_pro.yaml
[16.797s] -- Symlinking: /home/user/seek_destroy_ws/install/rosbot_description/share/rosbot_description/config/rosbot_xl/telepresence.yaml
[16.807s] -- Symlinking: /home/user/seek_destroy_ws/install/rosbot_description/share/rosbot_description/launch/load_urdf.launch.py
[16.817s] -- Symlinking: /home/user/seek_destroy_ws/install/rosbot_description/share/rosbot_description/launch/rviz.launch.py
[16.888s] -- Symlinking: /home/user/seek_destroy_ws/install/rosbot_description/share/rosbot_description/meshes/rosbot/body.stl
[16.907s] -- Symlinking: /home/user/seek_destroy_ws/install/rosbot_description/share/rosbot_description/meshes/rosbot/cover.stl
[16.981s] -- Symlinking: /home/user/seek_destroy_ws/install/rosbot_description/share/rosbot_description/meshes/rosbot/mecanum_a.dae
[17.001s] -- Symlinking: /home/user/seek_destroy_ws/install/rosbot_description/share/rosbot_description/meshes/rosbot/mecanum_b.dae
[17.083s] -- Symlinking: /home/user/seek_destroy_ws/install/rosbot_description/share/rosbot_description/meshes/rosbot/wheel_a.dae
[17.097s] -- Symlinking: /home/user/seek_destroy_ws/install/rosbot_description/share/rosbot_description/meshes/rosbot/wheel_b.dae
[17.183s] -- Symlinking: /home/user/seek_destroy_ws/install/rosbot_description/share/rosbot_description/meshes/rosbot_xl/body.dae
[17.193s] -- Symlinking: /home/user/seek_destroy_ws/install/rosbot_description/share/rosbot_description/meshes/rosbot_xl/body_colision.stl
[17.208s] -- Symlinking: /home/user/seek_destroy_ws/install/rosbot_description/share/rosbot_description/meshes/rosbot_xl/components/antenna.dae
[17.288s] -- Symlinking: /home/user/seek_destroy_ws/install/rosbot_description/share/rosbot_description/meshes/rosbot_xl/components/antenna_connector.dae
[17.381s] -- Symlinking: /home/user/seek_destroy_ws/install/rosbot_description/share/rosbot_description/meshes/rosbot_xl/components/camera_mount_bot.dae
[17.391s] -- Symlinking: /home/user/seek_destroy_ws/install/rosbot_description/share/rosbot_description/meshes/rosbot_xl/components/camera_mount_mid.dae
[17.403s] -- Symlinking: /home/user/seek_destroy_ws/install/rosbot_description/share/rosbot_description/meshes/rosbot_xl/components/camera_mount_top.dae
[17.419s] -- Symlinking: /home/user/seek_destroy_ws/install/rosbot_description/share/rosbot_description/meshes/rosbot_xl/mecanum_a.dae
[17.509s] -- Symlinking: /home/user/seek_destroy_ws/install/rosbot_description/share/rosbot_description/meshes/rosbot_xl/mecanum_b.dae
[17.595s] -- Symlinking: /home/user/seek_destroy_ws/install/rosbot_description/share/rosbot_description/meshes/rosbot_xl/wheel_a.dae
[17.609s] -- Symlinking: /home/user/seek_destroy_ws/install/rosbot_description/share/rosbot_description/meshes/rosbot_xl/wheel_b.dae
[17.690s] -- Symlinking: /home/user/seek_destroy_ws/install/rosbot_description/share/rosbot_description/rviz/rosbot.rviz
[17.790s] -- Symlinking: /home/user/seek_destroy_ws/install/rosbot_description/share/rosbot_description/urdf/common/gazebo.urdf.xacro
[17.890s] -- Symlinking: /home/user/seek_destroy_ws/install/rosbot_description/share/rosbot_description/urdf/common/ros2_control.urdf.xacro
[17.925s] -- Symlinking: /home/user/seek_destroy_ws/install/rosbot_description/share/rosbot_description/urdf/common/webots.urdf.xacro
[17.991s] -- Symlinking: /home/user/seek_destroy_ws/install/rosbot_description/share/rosbot_description/urdf/rosbot.urdf.xacro
[18.006s] -- Symlinking: /home/user/seek_destroy_ws/install/rosbot_description/share/rosbot_description/urdf/rosbot/body.urdf.xacro
[18.090s] -- Symlinking: /home/user/seek_destroy_ws/install/rosbot_description/share/rosbot_description/urdf/rosbot/components/vl53lox.urdf.xacro
[18.186s] -- Symlinking: /home/user/seek_destroy_ws/install/rosbot_description/share/rosbot_description/urdf/rosbot/rosbot_macro.urdf.xacro
[18.225s] -- Symlinking: /home/user/seek_destroy_ws/install/rosbot_description/share/rosbot_description/urdf/rosbot/wheel.urdf.xacro
[18.288s] -- Symlinking: /home/user/seek_destroy_ws/install/rosbot_description/share/rosbot_description/urdf/rosbot_xl.urdf.xacro
[18.309s] -- Symlinking: /home/user/seek_destroy_ws/install/rosbot_description/share/rosbot_description/urdf/rosbot_xl/body.urdf.xacro
[18.324s] -- Symlinking: /home/user/seek_destroy_ws/install/rosbot_description/share/rosbot_description/urdf/rosbot_xl/components/antenna.urdf.xacro
[18.422s] -- Symlinking: /home/user/seek_destroy_ws/install/rosbot_description/share/rosbot_description/urdf/rosbot_xl/components/camera_mount.urdf.xacro
[18.514s] -- Symlinking: /home/user/seek_destroy_ws/install/rosbot_description/share/rosbot_description/urdf/rosbot_xl/rosbot_xl_macro.urdf.xacro
[18.599s] -- Symlinking: /home/user/seek_destroy_ws/install/rosbot_description/share/rosbot_description/urdf/rosbot_xl/wheel.urdf.xacro
[18.615s] -- Symlinking: /home/user/seek_destroy_ws/install/rosbot_description/share/rosbot_description/environment/setup_envs.sh
[18.688s] -- Symlinking: /home/user/seek_destroy_ws/install/rosbot_description/share/ament_index/resource_index/package_run_dependencies/rosbot_description
[18.702s] -- Symlinking: /home/user/seek_destroy_ws/install/rosbot_description/share/ament_index/resource_index/parent_prefix_path/rosbot_description
[18.720s] -- Symlinking: /home/user/seek_destroy_ws/install/rosbot_description/share/rosbot_description/environment/ament_prefix_path.sh
[18.881s] -- Symlinking: /home/user/seek_destroy_ws/install/rosbot_description/share/rosbot_description/environment/ament_prefix_path.dsv
[18.894s] -- Symlinking: /home/user/seek_destroy_ws/install/rosbot_description/share/rosbot_description/environment/path.sh
[18.989s] -- Symlinking: /home/user/seek_destroy_ws/install/rosbot_description/share/rosbot_description/environment/path.dsv
[19.002s] -- Symlinking: /home/user/seek_destroy_ws/install/rosbot_description/share/rosbot_description/local_setup.bash
[19.019s] -- Symlinking: /home/user/seek_destroy_ws/install/rosbot_description/share/rosbot_description/local_setup.sh
[19.181s] -- Symlinking: /home/user/seek_destroy_ws/install/rosbot_description/share/rosbot_description/local_setup.zsh
[19.195s] -- Symlinking: /home/user/seek_destroy_ws/install/rosbot_description/share/rosbot_description/local_setup.dsv
[19.211s] -- Symlinking: /home/user/seek_destroy_ws/install/rosbot_description/share/rosbot_description/package.dsv
[19.289s] -- Symlinking: /home/user/seek_destroy_ws/install/rosbot_description/share/ament_index/resource_index/packages/rosbot_description
[19.304s] -- Symlinking: /home/user/seek_destroy_ws/install/rosbot_description/share/rosbot_description/cmake/rosbot_descriptionConfig.cmake
[19.395s] -- Symlinking: /home/user/seek_destroy_ws/install/rosbot_description/share/rosbot_description/cmake/rosbot_descriptionConfig-version.cmake
[19.408s] -- Symlinking: /home/user/seek_destroy_ws/install/rosbot_description/share/rosbot_description/package.xml
[19.503s] Invoked command in '/home/user/seek_destroy_ws/build/rosbot_description' returned '0': CMAKE_PREFIX_PATH=/home/user/seek_destroy_ws/install/husarion_components_description:/home/user/seek_destroy_ws/install/rosbot_localization:/home/user/seek_destroy_ws/install/rosbot_joy:/home/user/seek_destroy_ws/install/rosbot_hardware_interfaces:/home/user/seek_destroy_ws/install/rosbot_description:/home/user/seek_destroy_ws/install/rosbot:/home/user/seek_destroy_ws/install/multirobot_map_merge:/home/user/seek_destroy_ws/install/husarion_gz_worlds:/home/user/seek_destroy_ws/install/explore_lite:/home/user/seek_destroy_ws/install/explore_lite_msgs:/home/user/seek_destroy_ws/install/rosbot_controller:/home/user/seek_destroy_ws/install/rosbot_utils:/home/user/seek_destroy_ws/install/rosbot_gazebo:/home/user/seek_destroy_ws/install/rosbot_bringup:/home/user/seek_destroy_ws/install/autonomous_exploration:/opt/ros/humble _=/usr/bin/env /usr/bin/cmake --install /home/user/seek_destroy_ws/build/rosbot_description
