[0.111s] Invoking command in '/home/user/seek_destroy_ws/build/rosbot_joy': CMAKE_PREFIX_PATH=${CMAKE_PREFIX_PATH}:/home/user/seek_destroy_ws/install/rosbot_controller:/home/user/seek_destroy_ws/install/rosbot_utils:/home/user/seek_destroy_ws/install/rosbot_gazebo:/home/user/seek_destroy_ws/install/rosbot_bringup:/home/user/seek_destroy_ws/install/autonomous_exploration:/opt/ros/humble _=/usr/bin/env /usr/bin/cmake /home/user/seek_destroy_ws/src/rosbot_ros/rosbot_joy -DAMENT_CMAKE_SYMLINK_INSTALL=1 -DCMAKE_INSTALL_PREFIX=/home/user/seek_destroy_ws/install/rosbot_joy
[0.407s] -- The C compiler identification is GNU 11.4.0
[0.604s] -- The CXX compiler identification is GNU 11.4.0
[0.621s] -- Detecting C compiler ABI info
[1.229s] -- Detecting C compiler ABI info - done
[1.310s] -- Check for working C compiler: /usr/bin/cc - skipped
[1.317s] -- Detecting C compile features
[1.317s] -- Detecting C compile features - done
[1.329s] -- Detecting CXX compiler ABI info
[1.827s] -- Detecting CXX compiler ABI info - done
[1.905s] -- Check for working CXX compiler: /usr/bin/c++ - skipped
[1.905s] -- Detecting CXX compile features
[1.906s] -- Detecting CXX compile features - done
[1.913s] -- Found ament_cmake: 1.3.12 (/opt/ros/humble/share/ament_cmake/cmake)
[5.333s] -- Found Python3: /usr/bin/python3 (found version "3.10.12") found components: Interpreter 
[5.922s] -- Override CMake install command with custom implementation using symlinks instead of copying resources
[6.806s] -- Configuring done
[6.810s] -- Generating done
[6.812s] -- Build files have been written to: /home/user/seek_destroy_ws/build/rosbot_joy
[6.831s] Invoked command in '/home/user/seek_destroy_ws/build/rosbot_joy' returned '0': CMAKE_PREFIX_PATH=${CMAKE_PREFIX_PATH}:/home/user/seek_destroy_ws/install/rosbot_controller:/home/user/seek_destroy_ws/install/rosbot_utils:/home/user/seek_destroy_ws/install/rosbot_gazebo:/home/user/seek_destroy_ws/install/rosbot_bringup:/home/user/seek_destroy_ws/install/autonomous_exploration:/opt/ros/humble _=/usr/bin/env /usr/bin/cmake /home/user/seek_destroy_ws/src/rosbot_ros/rosbot_joy -DAMENT_CMAKE_SYMLINK_INSTALL=1 -DCMAKE_INSTALL_PREFIX=/home/user/seek_destroy_ws/install/rosbot_joy
[6.831s] Invoking command in '/home/user/seek_destroy_ws/build/rosbot_joy': CMAKE_PREFIX_PATH=${CMAKE_PREFIX_PATH}:/home/user/seek_destroy_ws/install/rosbot_controller:/home/user/seek_destroy_ws/install/rosbot_utils:/home/user/seek_destroy_ws/install/rosbot_gazebo:/home/user/seek_destroy_ws/install/rosbot_bringup:/home/user/seek_destroy_ws/install/autonomous_exploration:/opt/ros/humble _=/usr/bin/env /usr/bin/cmake --build /home/user/seek_destroy_ws/build/rosbot_joy -- -j8 -l8
[7.011s] Invoked command in '/home/user/seek_destroy_ws/build/rosbot_joy' returned '0': CMAKE_PREFIX_PATH=${CMAKE_PREFIX_PATH}:/home/user/seek_destroy_ws/install/rosbot_controller:/home/user/seek_destroy_ws/install/rosbot_utils:/home/user/seek_destroy_ws/install/rosbot_gazebo:/home/user/seek_destroy_ws/install/rosbot_bringup:/home/user/seek_destroy_ws/install/autonomous_exploration:/opt/ros/humble _=/usr/bin/env /usr/bin/cmake --build /home/user/seek_destroy_ws/build/rosbot_joy -- -j8 -l8
[7.015s] Invoking command in '/home/user/seek_destroy_ws/build/rosbot_joy': CMAKE_PREFIX_PATH=${CMAKE_PREFIX_PATH}:/home/user/seek_destroy_ws/install/rosbot_controller:/home/user/seek_destroy_ws/install/rosbot_utils:/home/user/seek_destroy_ws/install/rosbot_gazebo:/home/user/seek_destroy_ws/install/rosbot_bringup:/home/user/seek_destroy_ws/install/autonomous_exploration:/opt/ros/humble _=/usr/bin/env /usr/bin/cmake --install /home/user/seek_destroy_ws/build/rosbot_joy
[7.025s] -- Install configuration: ""
[7.025s] -- Execute custom install script
[7.026s] -- Symlinking: /home/user/seek_destroy_ws/install/rosbot_joy/share/rosbot_joy/config/joy.yaml
[7.103s] -- Symlinking: /home/user/seek_destroy_ws/install/rosbot_joy/share/rosbot_joy/launch/joy.launch.py
[7.113s] -- Symlinking: /home/user/seek_destroy_ws/install/rosbot_joy/share/ament_index/resource_index/package_run_dependencies/rosbot_joy
[7.195s] -- Symlinking: /home/user/seek_destroy_ws/install/rosbot_joy/share/ament_index/resource_index/parent_prefix_path/rosbot_joy
[7.209s] -- Symlinking: /home/user/seek_destroy_ws/install/rosbot_joy/share/rosbot_joy/environment/ament_prefix_path.sh
[7.222s] -- Symlinking: /home/user/seek_destroy_ws/install/rosbot_joy/share/rosbot_joy/environment/ament_prefix_path.dsv
[7.307s] -- Symlinking: /home/user/seek_destroy_ws/install/rosbot_joy/share/rosbot_joy/environment/path.sh
[7.395s] -- Symlinking: /home/user/seek_destroy_ws/install/rosbot_joy/share/rosbot_joy/environment/path.dsv
[7.418s] -- Symlinking: /home/user/seek_destroy_ws/install/rosbot_joy/share/rosbot_joy/local_setup.bash
[7.528s] -- Symlinking: /home/user/seek_destroy_ws/install/rosbot_joy/share/rosbot_joy/local_setup.sh
[7.596s] -- Symlinking: /home/user/seek_destroy_ws/install/rosbot_joy/share/rosbot_joy/local_setup.zsh
[7.697s] -- Symlinking: /home/user/seek_destroy_ws/install/rosbot_joy/share/rosbot_joy/local_setup.dsv
[7.715s] -- Symlinking: /home/user/seek_destroy_ws/install/rosbot_joy/share/rosbot_joy/package.dsv
[7.735s] -- Symlinking: /home/user/seek_destroy_ws/install/rosbot_joy/share/ament_index/resource_index/packages/rosbot_joy
[7.914s] -- Symlinking: /home/user/seek_destroy_ws/install/rosbot_joy/share/rosbot_joy/cmake/rosbot_joyConfig.cmake
[8.002s] -- Symlinking: /home/user/seek_destroy_ws/install/rosbot_joy/share/rosbot_joy/cmake/rosbot_joyConfig-version.cmake
[8.125s] -- Symlinking: /home/user/seek_destroy_ws/install/rosbot_joy/share/rosbot_joy/package.xml
[8.304s] Invoked command in '/home/user/seek_destroy_ws/build/rosbot_joy' returned '0': CMAKE_PREFIX_PATH=${CMAKE_PREFIX_PATH}:/home/user/seek_destroy_ws/install/rosbot_controller:/home/user/seek_destroy_ws/install/rosbot_utils:/home/user/seek_destroy_ws/install/rosbot_gazebo:/home/user/seek_destroy_ws/install/rosbot_bringup:/home/user/seek_destroy_ws/install/autonomous_exploration:/opt/ros/humble _=/usr/bin/env /usr/bin/cmake --install /home/user/seek_destroy_ws/build/rosbot_joy
