[4.301s] Invoking command in '/home/user/seek_destroy_ws/build/rosbot': CMAKE_PREFIX_PATH=${CMAKE_PREFIX_PATH}:/home/user/seek_destroy_ws/install/rosbot_controller:/home/user/seek_destroy_ws/install/rosbot_utils:/home/user/seek_destroy_ws/install/rosbot_gazebo:/home/user/seek_destroy_ws/install/rosbot_bringup:/opt/ros/humble _=/usr/bin/env /usr/bin/cmake /home/user/seek_destroy_ws/src/rosbot_ros/rosbot -DAMENT_CMAKE_SYMLINK_INSTALL=1 -DCMAKE_INSTALL_PREFIX=/home/user/seek_destroy_ws/install/rosbot
[11.391s] -- The C compiler identification is GNU 11.4.0
[11.391s] -- The CXX compiler identification is GNU 11.4.0
[11.391s] -- Detecting C compiler ABI info
[11.391s] -- Detecting C compiler ABI info - done
[11.391s] -- Check for working C compiler: /usr/bin/cc - skipped
[11.392s] -- Detecting C compile features
[11.392s] -- Detecting C compile features - done
[11.392s] -- Detecting CXX compiler ABI info
[11.392s] -- Detecting CXX compiler ABI info - done
[11.392s] -- Check for working CXX compiler: /usr/bin/c++ - skipped
[11.392s] -- Detecting CXX compile features
[11.392s] -- Detecting CXX compile features - done
[11.392s] -- Found ament_cmake: 1.3.14 (/opt/ros/humble/share/ament_cmake/cmake)
[21.609s] -- Found Python3: /usr/bin/python3 (found version "3.10.12") found components: Interpreter 
[22.805s] -- Override CMake install command with custom implementation using symlinks instead of copying resources
[25.894s] -- Configuring done
[25.896s] -- Generating done
[25.901s] -- Build files have been written to: /home/user/seek_destroy_ws/build/rosbot
[25.987s] Invoked command in '/home/user/seek_destroy_ws/build/rosbot' returned '0': CMAKE_PREFIX_PATH=${CMAKE_PREFIX_PATH}:/home/user/seek_destroy_ws/install/rosbot_controller:/home/user/seek_destroy_ws/install/rosbot_utils:/home/user/seek_destroy_ws/install/rosbot_gazebo:/home/user/seek_destroy_ws/install/rosbot_bringup:/opt/ros/humble _=/usr/bin/env /usr/bin/cmake /home/user/seek_destroy_ws/src/rosbot_ros/rosbot -DAMENT_CMAKE_SYMLINK_INSTALL=1 -DCMAKE_INSTALL_PREFIX=/home/user/seek_destroy_ws/install/rosbot
[25.988s] Invoking command in '/home/user/seek_destroy_ws/build/rosbot': CMAKE_PREFIX_PATH=${CMAKE_PREFIX_PATH}:/home/user/seek_destroy_ws/install/rosbot_controller:/home/user/seek_destroy_ws/install/rosbot_utils:/home/user/seek_destroy_ws/install/rosbot_gazebo:/home/user/seek_destroy_ws/install/rosbot_bringup:/opt/ros/humble _=/usr/bin/env /usr/bin/cmake --build /home/user/seek_destroy_ws/build/rosbot -- -j8 -l8
[27.297s] Invoked command in '/home/user/seek_destroy_ws/build/rosbot' returned '0': CMAKE_PREFIX_PATH=${CMAKE_PREFIX_PATH}:/home/user/seek_destroy_ws/install/rosbot_controller:/home/user/seek_destroy_ws/install/rosbot_utils:/home/user/seek_destroy_ws/install/rosbot_gazebo:/home/user/seek_destroy_ws/install/rosbot_bringup:/opt/ros/humble _=/usr/bin/env /usr/bin/cmake --build /home/user/seek_destroy_ws/build/rosbot -- -j8 -l8
[27.609s] Invoking command in '/home/user/seek_destroy_ws/build/rosbot': CMAKE_PREFIX_PATH=${CMAKE_PREFIX_PATH}:/home/user/seek_destroy_ws/install/rosbot_controller:/home/user/seek_destroy_ws/install/rosbot_utils:/home/user/seek_destroy_ws/install/rosbot_gazebo:/home/user/seek_destroy_ws/install/rosbot_bringup:/opt/ros/humble _=/usr/bin/env /usr/bin/cmake --install /home/user/seek_destroy_ws/build/rosbot
[27.891s] -- Install configuration: ""
[27.891s] -- Execute custom install script
[27.892s] -- Symlinking: /home/user/seek_destroy_ws/install/rosbot/share/ament_index/resource_index/package_run_dependencies/rosbot
[28.008s] -- Symlinking: /home/user/seek_destroy_ws/install/rosbot/share/ament_index/resource_index/parent_prefix_path/rosbot
[28.290s] -- Symlinking: /home/user/seek_destroy_ws/install/rosbot/share/rosbot/environment/ament_prefix_path.sh
[28.508s] -- Symlinking: /home/user/seek_destroy_ws/install/rosbot/share/rosbot/environment/ament_prefix_path.dsv
[28.687s] -- Symlinking: /home/user/seek_destroy_ws/install/rosbot/share/rosbot/environment/path.sh
[29.019s] -- Symlinking: /home/user/seek_destroy_ws/install/rosbot/share/rosbot/environment/path.dsv
[29.095s] -- Symlinking: /home/user/seek_destroy_ws/install/rosbot/share/rosbot/local_setup.bash
[29.296s] -- Symlinking: /home/user/seek_destroy_ws/install/rosbot/share/rosbot/local_setup.sh
[29.695s] -- Symlinking: /home/user/seek_destroy_ws/install/rosbot/share/rosbot/local_setup.zsh
[29.889s] -- Symlinking: /home/user/seek_destroy_ws/install/rosbot/share/rosbot/local_setup.dsv
[30.188s] -- Symlinking: /home/user/seek_destroy_ws/install/rosbot/share/rosbot/package.dsv
[30.195s] -- Symlinking: /home/user/seek_destroy_ws/install/rosbot/share/ament_index/resource_index/packages/rosbot
[30.389s] -- Symlinking: /home/user/seek_destroy_ws/install/rosbot/share/rosbot/cmake/rosbotConfig.cmake
[30.490s] -- Symlinking: /home/user/seek_destroy_ws/install/rosbot/share/rosbot/cmake/rosbotConfig-version.cmake
[30.600s] -- Symlinking: /home/user/seek_destroy_ws/install/rosbot/share/rosbot/package.xml
[30.807s] Invoked command in '/home/user/seek_destroy_ws/build/rosbot' returned '0': CMAKE_PREFIX_PATH=${CMAKE_PREFIX_PATH}:/home/user/seek_destroy_ws/install/rosbot_controller:/home/user/seek_destroy_ws/install/rosbot_utils:/home/user/seek_destroy_ws/install/rosbot_gazebo:/home/user/seek_destroy_ws/install/rosbot_bringup:/opt/ros/humble _=/usr/bin/env /usr/bin/cmake --install /home/user/seek_destroy_ws/build/rosbot
