[1.492s] DEBUG:colcon:Command line arguments: ['/usr/bin/colcon', 'build', '--packages-select', 'autonomous_exploration', '--symlink-install']
[1.492s] DEBUG:colcon:Parsed command line arguments: Namespace(log_base=None, log_level=None, verb_name='build', build_base='build', install_base='install', merge_install=False, symlink_install=True, test_result_base=None, continue_on_error=False, executor='parallel', parallel_workers=8, event_handlers=None, ignore_user_meta=False, metas=['./colcon.meta'], base_paths=['.'], packages_ignore=None, packages_ignore_regex=None, paths=None, packages_up_to=None, packages_up_to_regex=None, packages_above=None, packages_above_and_dependencies=None, packages_above_depth=None, packages_select_by_dep=None, packages_skip_by_dep=None, packages_skip_up_to=None, packages_select_build_failed=False, packages_skip_build_finished=False, packages_select_test_failures=False, packages_skip_test_passed=False, packages_select=['autonomous_exploration'], packages_skip=None, packages_select_regex=None, packages_skip_regex=None, packages_start=None, packages_end=None, cmake_args=None, cmake_target=None, cmake_target_skip_unavailable=False, cmake_clean_cache=False, cmake_clean_first=False, cmake_force_configure=False, ament_cmake_args=None, catkin_cmake_args=None, catkin_skip_building_tests=False, mixin_files=None, mixin=None, verb_parser=<colcon_mixin.mixin.mixin_argument.MixinArgumentDecorator object at 0x7f1230b785e0>, verb_extension=<colcon_core.verb.build.BuildVerb object at 0x7f1230b43b50>, main=<bound method BuildVerb.main of <colcon_core.verb.build.BuildVerb object at 0x7f1230b43b50>>, mixin_verb=('build',))
[4.384s] Level 1:colcon.colcon_core.package_discovery:discover_packages(colcon_meta) check parameters
[4.385s] Level 1:colcon.colcon_core.package_discovery:discover_packages(recursive) check parameters
[4.385s] Level 1:colcon.colcon_core.package_discovery:discover_packages(ignore) check parameters
[4.385s] Level 1:colcon.colcon_core.package_discovery:discover_packages(path) check parameters
[4.385s] Level 1:colcon.colcon_core.package_discovery:discover_packages(colcon_meta) discover
[4.386s] Level 1:colcon.colcon_core.package_discovery:discover_packages(recursive) discover
[4.386s] INFO:colcon.colcon_core.package_discovery:Crawling recursively for packages in '/home/user/seek_destroy_ws'
[4.386s] Level 1:colcon.colcon_core.package_identification:_identify(.) by extensions ['ignore', 'ignore_ament_install']
[4.387s] Level 1:colcon.colcon_core.package_identification:_identify(.) by extension 'ignore'
[4.388s] Level 1:colcon.colcon_core.package_identification:_identify(.) by extension 'ignore_ament_install'
[4.388s] Level 1:colcon.colcon_core.package_identification:_identify(.) by extensions ['colcon_pkg']
[4.388s] Level 1:colcon.colcon_core.package_identification:_identify(.) by extension 'colcon_pkg'
[4.388s] Level 1:colcon.colcon_core.package_identification:_identify(.) by extensions ['colcon_meta']
[4.388s] Level 1:colcon.colcon_core.package_identification:_identify(.) by extension 'colcon_meta'
[4.389s] Level 1:colcon.colcon_core.package_identification:_identify(.) by extensions ['ros']
[4.389s] Level 1:colcon.colcon_core.package_identification:_identify(.) by extension 'ros'
[4.483s] Level 1:colcon.colcon_core.package_identification:_identify(.) by extensions ['cmake', 'python']
[4.484s] Level 1:colcon.colcon_core.package_identification:_identify(.) by extension 'cmake'
[4.484s] Level 1:colcon.colcon_core.package_identification:_identify(.) by extension 'python'
[4.484s] Level 1:colcon.colcon_core.package_identification:_identify(.) by extensions ['python_setup_py']
[4.484s] Level 1:colcon.colcon_core.package_identification:_identify(.) by extension 'python_setup_py'
[4.485s] Level 1:colcon.colcon_core.package_identification:_identify(build) by extensions ['ignore', 'ignore_ament_install']
[4.485s] Level 1:colcon.colcon_core.package_identification:_identify(build) by extension 'ignore'
[4.485s] Level 1:colcon.colcon_core.package_identification:_identify(build) ignored
[4.486s] Level 1:colcon.colcon_core.package_identification:_identify(install) by extensions ['ignore', 'ignore_ament_install']
[4.486s] Level 1:colcon.colcon_core.package_identification:_identify(install) by extension 'ignore'
[4.487s] Level 1:colcon.colcon_core.package_identification:_identify(install) ignored
[4.487s] Level 1:colcon.colcon_core.package_identification:_identify(log) by extensions ['ignore', 'ignore_ament_install']
[4.487s] Level 1:colcon.colcon_core.package_identification:_identify(log) by extension 'ignore'
[4.487s] Level 1:colcon.colcon_core.package_identification:_identify(log) ignored
[4.487s] Level 1:colcon.colcon_core.package_identification:_identify(src) by extensions ['ignore', 'ignore_ament_install']
[4.487s] Level 1:colcon.colcon_core.package_identification:_identify(src) by extension 'ignore'
[4.487s] Level 1:colcon.colcon_core.package_identification:_identify(src) by extension 'ignore_ament_install'
[4.487s] Level 1:colcon.colcon_core.package_identification:_identify(src) by extensions ['colcon_pkg']
[4.487s] Level 1:colcon.colcon_core.package_identification:_identify(src) by extension 'colcon_pkg'
[4.488s] Level 1:colcon.colcon_core.package_identification:_identify(src) by extensions ['colcon_meta']
[4.488s] Level 1:colcon.colcon_core.package_identification:_identify(src) by extension 'colcon_meta'
[4.488s] Level 1:colcon.colcon_core.package_identification:_identify(src) by extensions ['ros']
[4.488s] Level 1:colcon.colcon_core.package_identification:_identify(src) by extension 'ros'
[4.488s] Level 1:colcon.colcon_core.package_identification:_identify(src) by extensions ['cmake', 'python']
[4.488s] Level 1:colcon.colcon_core.package_identification:_identify(src) by extension 'cmake'
[4.488s] Level 1:colcon.colcon_core.package_identification:_identify(src) by extension 'python'
[4.488s] Level 1:colcon.colcon_core.package_identification:_identify(src) by extensions ['python_setup_py']
[4.488s] Level 1:colcon.colcon_core.package_identification:_identify(src) by extension 'python_setup_py'
[4.488s] Level 1:colcon.colcon_core.package_identification:_identify(src/autonomous_exploration) by extensions ['ignore', 'ignore_ament_install']
[4.490s] Level 1:colcon.colcon_core.package_identification:_identify(src/autonomous_exploration) by extension 'ignore'
[4.490s] Level 1:colcon.colcon_core.package_identification:_identify(src/autonomous_exploration) by extension 'ignore_ament_install'
[4.490s] Level 1:colcon.colcon_core.package_identification:_identify(src/autonomous_exploration) by extensions ['colcon_pkg']
[4.490s] Level 1:colcon.colcon_core.package_identification:_identify(src/autonomous_exploration) by extension 'colcon_pkg'
[4.490s] Level 1:colcon.colcon_core.package_identification:_identify(src/autonomous_exploration) by extensions ['colcon_meta']
[4.490s] Level 1:colcon.colcon_core.package_identification:_identify(src/autonomous_exploration) by extension 'colcon_meta'
[4.490s] Level 1:colcon.colcon_core.package_identification:_identify(src/autonomous_exploration) by extensions ['ros']
[4.490s] Level 1:colcon.colcon_core.package_identification:_identify(src/autonomous_exploration) by extension 'ros'
[4.500s] DEBUG:colcon.colcon_core.package_identification:Package 'src/autonomous_exploration' with type 'ros.ament_python' and name 'autonomous_exploration'
[4.501s] Level 1:colcon.colcon_core.package_identification:_identify(src/husarion_components_description) by extensions ['ignore', 'ignore_ament_install']
[4.501s] Level 1:colcon.colcon_core.package_identification:_identify(src/husarion_components_description) by extension 'ignore'
[4.501s] Level 1:colcon.colcon_core.package_identification:_identify(src/husarion_components_description) by extension 'ignore_ament_install'
[4.501s] Level 1:colcon.colcon_core.package_identification:_identify(src/husarion_components_description) by extensions ['colcon_pkg']
[4.501s] Level 1:colcon.colcon_core.package_identification:_identify(src/husarion_components_description) by extension 'colcon_pkg'
[4.501s] Level 1:colcon.colcon_core.package_identification:_identify(src/husarion_components_description) by extensions ['colcon_meta']
[4.501s] Level 1:colcon.colcon_core.package_identification:_identify(src/husarion_components_description) by extension 'colcon_meta'
[4.501s] Level 1:colcon.colcon_core.package_identification:_identify(src/husarion_components_description) by extensions ['ros']
[4.501s] Level 1:colcon.colcon_core.package_identification:_identify(src/husarion_components_description) by extension 'ros'
[4.682s] DEBUG:colcon.colcon_core.package_identification:Package 'src/husarion_components_description' with type 'ros.ament_cmake' and name 'husarion_components_description'
[4.682s] Level 1:colcon.colcon_core.package_identification:_identify(src/husarion_gz_worlds) by extensions ['ignore', 'ignore_ament_install']
[4.682s] Level 1:colcon.colcon_core.package_identification:_identify(src/husarion_gz_worlds) by extension 'ignore'
[4.682s] Level 1:colcon.colcon_core.package_identification:_identify(src/husarion_gz_worlds) by extension 'ignore_ament_install'
[4.682s] Level 1:colcon.colcon_core.package_identification:_identify(src/husarion_gz_worlds) by extensions ['colcon_pkg']
[4.682s] Level 1:colcon.colcon_core.package_identification:_identify(src/husarion_gz_worlds) by extension 'colcon_pkg'
[4.683s] Level 1:colcon.colcon_core.package_identification:_identify(src/husarion_gz_worlds) by extensions ['colcon_meta']
[4.683s] Level 1:colcon.colcon_core.package_identification:_identify(src/husarion_gz_worlds) by extension 'colcon_meta'
[4.683s] Level 1:colcon.colcon_core.package_identification:_identify(src/husarion_gz_worlds) by extensions ['ros']
[4.683s] Level 1:colcon.colcon_core.package_identification:_identify(src/husarion_gz_worlds) by extension 'ros'
[4.684s] DEBUG:colcon.colcon_core.package_identification:Package 'src/husarion_gz_worlds' with type 'ros.ament_cmake' and name 'husarion_gz_worlds'
[4.685s] Level 1:colcon.colcon_core.package_identification:_identify(src/rosbot_ros) by extensions ['ignore', 'ignore_ament_install']
[4.685s] Level 1:colcon.colcon_core.package_identification:_identify(src/rosbot_ros) by extension 'ignore'
[4.685s] Level 1:colcon.colcon_core.package_identification:_identify(src/rosbot_ros) by extension 'ignore_ament_install'
[4.685s] Level 1:colcon.colcon_core.package_identification:_identify(src/rosbot_ros) by extensions ['colcon_pkg']
[4.685s] Level 1:colcon.colcon_core.package_identification:_identify(src/rosbot_ros) by extension 'colcon_pkg'
[4.685s] Level 1:colcon.colcon_core.package_identification:_identify(src/rosbot_ros) by extensions ['colcon_meta']
[4.685s] Level 1:colcon.colcon_core.package_identification:_identify(src/rosbot_ros) by extension 'colcon_meta'
[4.685s] Level 1:colcon.colcon_core.package_identification:_identify(src/rosbot_ros) by extensions ['ros']
[4.685s] Level 1:colcon.colcon_core.package_identification:_identify(src/rosbot_ros) by extension 'ros'
[4.685s] Level 1:colcon.colcon_core.package_identification:_identify(src/rosbot_ros) by extensions ['cmake', 'python']
[4.686s] Level 1:colcon.colcon_core.package_identification:_identify(src/rosbot_ros) by extension 'cmake'
[4.686s] Level 1:colcon.colcon_core.package_identification:_identify(src/rosbot_ros) by extension 'python'
[4.686s] Level 1:colcon.colcon_core.package_identification:_identify(src/rosbot_ros) by extensions ['python_setup_py']
[4.686s] Level 1:colcon.colcon_core.package_identification:_identify(src/rosbot_ros) by extension 'python_setup_py'
[4.686s] Level 1:colcon.colcon_core.package_identification:_identify(src/rosbot_ros/docker) by extensions ['ignore', 'ignore_ament_install']
[4.686s] Level 1:colcon.colcon_core.package_identification:_identify(src/rosbot_ros/docker) by extension 'ignore'
[4.686s] Level 1:colcon.colcon_core.package_identification:_identify(src/rosbot_ros/docker) by extension 'ignore_ament_install'
[4.686s] Level 1:colcon.colcon_core.package_identification:_identify(src/rosbot_ros/docker) by extensions ['colcon_pkg']
[4.686s] Level 1:colcon.colcon_core.package_identification:_identify(src/rosbot_ros/docker) by extension 'colcon_pkg'
[4.686s] Level 1:colcon.colcon_core.package_identification:_identify(src/rosbot_ros/docker) by extensions ['colcon_meta']
[4.686s] Level 1:colcon.colcon_core.package_identification:_identify(src/rosbot_ros/docker) by extension 'colcon_meta'
[4.687s] Level 1:colcon.colcon_core.package_identification:_identify(src/rosbot_ros/docker) by extensions ['ros']
[4.687s] Level 1:colcon.colcon_core.package_identification:_identify(src/rosbot_ros/docker) by extension 'ros'
[4.687s] Level 1:colcon.colcon_core.package_identification:_identify(src/rosbot_ros/docker) by extensions ['cmake', 'python']
[4.687s] Level 1:colcon.colcon_core.package_identification:_identify(src/rosbot_ros/docker) by extension 'cmake'
[4.687s] Level 1:colcon.colcon_core.package_identification:_identify(src/rosbot_ros/docker) by extension 'python'
[4.687s] Level 1:colcon.colcon_core.package_identification:_identify(src/rosbot_ros/docker) by extensions ['python_setup_py']
[4.687s] Level 1:colcon.colcon_core.package_identification:_identify(src/rosbot_ros/docker) by extension 'python_setup_py'
[4.687s] Level 1:colcon.colcon_core.package_identification:_identify(src/rosbot_ros/rosbot) by extensions ['ignore', 'ignore_ament_install']
[4.687s] Level 1:colcon.colcon_core.package_identification:_identify(src/rosbot_ros/rosbot) by extension 'ignore'
[4.687s] Level 1:colcon.colcon_core.package_identification:_identify(src/rosbot_ros/rosbot) by extension 'ignore_ament_install'
[4.687s] Level 1:colcon.colcon_core.package_identification:_identify(src/rosbot_ros/rosbot) by extensions ['colcon_pkg']
[4.687s] Level 1:colcon.colcon_core.package_identification:_identify(src/rosbot_ros/rosbot) by extension 'colcon_pkg'
[4.688s] Level 1:colcon.colcon_core.package_identification:_identify(src/rosbot_ros/rosbot) by extensions ['colcon_meta']
[4.693s] Level 1:colcon.colcon_core.package_identification:_identify(src/rosbot_ros/rosbot) by extension 'colcon_meta'
[4.708s] Level 1:colcon.colcon_core.package_identification:_identify(src/rosbot_ros/rosbot) by extensions ['ros']
[4.708s] Level 1:colcon.colcon_core.package_identification:_identify(src/rosbot_ros/rosbot) by extension 'ros'
[4.716s] DEBUG:colcon.colcon_core.package_identification:Package 'src/rosbot_ros/rosbot' with type 'ros.ament_cmake' and name 'rosbot'
[4.717s] Level 1:colcon.colcon_core.package_identification:_identify(src/rosbot_ros/rosbot_bringup) by extensions ['ignore', 'ignore_ament_install']
[4.717s] Level 1:colcon.colcon_core.package_identification:_identify(src/rosbot_ros/rosbot_bringup) by extension 'ignore'
[4.717s] Level 1:colcon.colcon_core.package_identification:_identify(src/rosbot_ros/rosbot_bringup) by extension 'ignore_ament_install'
[4.718s] Level 1:colcon.colcon_core.package_identification:_identify(src/rosbot_ros/rosbot_bringup) by extensions ['colcon_pkg']
[4.718s] Level 1:colcon.colcon_core.package_identification:_identify(src/rosbot_ros/rosbot_bringup) by extension 'colcon_pkg'
[4.718s] Level 1:colcon.colcon_core.package_identification:_identify(src/rosbot_ros/rosbot_bringup) by extensions ['colcon_meta']
[4.718s] Level 1:colcon.colcon_core.package_identification:_identify(src/rosbot_ros/rosbot_bringup) by extension 'colcon_meta'
[4.718s] Level 1:colcon.colcon_core.package_identification:_identify(src/rosbot_ros/rosbot_bringup) by extensions ['ros']
[4.718s] Level 1:colcon.colcon_core.package_identification:_identify(src/rosbot_ros/rosbot_bringup) by extension 'ros'
[4.779s] DEBUG:colcon.colcon_core.package_identification:Package 'src/rosbot_ros/rosbot_bringup' with type 'ros.ament_python' and name 'rosbot_bringup'
[4.780s] Level 1:colcon.colcon_core.package_identification:_identify(src/rosbot_ros/rosbot_controller) by extensions ['ignore', 'ignore_ament_install']
[4.780s] Level 1:colcon.colcon_core.package_identification:_identify(src/rosbot_ros/rosbot_controller) by extension 'ignore'
[4.780s] Level 1:colcon.colcon_core.package_identification:_identify(src/rosbot_ros/rosbot_controller) by extension 'ignore_ament_install'
[4.781s] Level 1:colcon.colcon_core.package_identification:_identify(src/rosbot_ros/rosbot_controller) by extensions ['colcon_pkg']
[4.781s] Level 1:colcon.colcon_core.package_identification:_identify(src/rosbot_ros/rosbot_controller) by extension 'colcon_pkg'
[4.781s] Level 1:colcon.colcon_core.package_identification:_identify(src/rosbot_ros/rosbot_controller) by extensions ['colcon_meta']
[4.781s] Level 1:colcon.colcon_core.package_identification:_identify(src/rosbot_ros/rosbot_controller) by extension 'colcon_meta'
[4.781s] Level 1:colcon.colcon_core.package_identification:_identify(src/rosbot_ros/rosbot_controller) by extensions ['ros']
[4.781s] Level 1:colcon.colcon_core.package_identification:_identify(src/rosbot_ros/rosbot_controller) by extension 'ros'
[4.783s] DEBUG:colcon.colcon_core.package_identification:Package 'src/rosbot_ros/rosbot_controller' with type 'ros.ament_python' and name 'rosbot_controller'
[4.784s] Level 1:colcon.colcon_core.package_identification:_identify(src/rosbot_ros/rosbot_description) by extensions ['ignore', 'ignore_ament_install']
[4.784s] Level 1:colcon.colcon_core.package_identification:_identify(src/rosbot_ros/rosbot_description) by extension 'ignore'
[4.784s] Level 1:colcon.colcon_core.package_identification:_identify(src/rosbot_ros/rosbot_description) by extension 'ignore_ament_install'
[4.784s] Level 1:colcon.colcon_core.package_identification:_identify(src/rosbot_ros/rosbot_description) by extensions ['colcon_pkg']
[4.784s] Level 1:colcon.colcon_core.package_identification:_identify(src/rosbot_ros/rosbot_description) by extension 'colcon_pkg'
[4.784s] Level 1:colcon.colcon_core.package_identification:_identify(src/rosbot_ros/rosbot_description) by extensions ['colcon_meta']
[4.784s] Level 1:colcon.colcon_core.package_identification:_identify(src/rosbot_ros/rosbot_description) by extension 'colcon_meta'
[4.784s] Level 1:colcon.colcon_core.package_identification:_identify(src/rosbot_ros/rosbot_description) by extensions ['ros']
[4.784s] Level 1:colcon.colcon_core.package_identification:_identify(src/rosbot_ros/rosbot_description) by extension 'ros'
[4.792s] DEBUG:colcon.colcon_core.package_identification:Package 'src/rosbot_ros/rosbot_description' with type 'ros.ament_cmake' and name 'rosbot_description'
[4.793s] Level 1:colcon.colcon_core.package_identification:_identify(src/rosbot_ros/rosbot_gazebo) by extensions ['ignore', 'ignore_ament_install']
[4.793s] Level 1:colcon.colcon_core.package_identification:_identify(src/rosbot_ros/rosbot_gazebo) by extension 'ignore'
[4.793s] Level 1:colcon.colcon_core.package_identification:_identify(src/rosbot_ros/rosbot_gazebo) by extension 'ignore_ament_install'
[4.793s] Level 1:colcon.colcon_core.package_identification:_identify(src/rosbot_ros/rosbot_gazebo) by extensions ['colcon_pkg']
[4.793s] Level 1:colcon.colcon_core.package_identification:_identify(src/rosbot_ros/rosbot_gazebo) by extension 'colcon_pkg'
[4.793s] Level 1:colcon.colcon_core.package_identification:_identify(src/rosbot_ros/rosbot_gazebo) by extensions ['colcon_meta']
[4.793s] Level 1:colcon.colcon_core.package_identification:_identify(src/rosbot_ros/rosbot_gazebo) by extension 'colcon_meta'
[4.793s] Level 1:colcon.colcon_core.package_identification:_identify(src/rosbot_ros/rosbot_gazebo) by extensions ['ros']
[4.794s] Level 1:colcon.colcon_core.package_identification:_identify(src/rosbot_ros/rosbot_gazebo) by extension 'ros'
[4.809s] DEBUG:colcon.colcon_core.package_identification:Package 'src/rosbot_ros/rosbot_gazebo' with type 'ros.ament_python' and name 'rosbot_gazebo'
[4.809s] Level 1:colcon.colcon_core.package_identification:_identify(src/rosbot_ros/rosbot_hardware_interfaces) by extensions ['ignore', 'ignore_ament_install']
[4.809s] Level 1:colcon.colcon_core.package_identification:_identify(src/rosbot_ros/rosbot_hardware_interfaces) by extension 'ignore'
[4.809s] Level 1:colcon.colcon_core.package_identification:_identify(src/rosbot_ros/rosbot_hardware_interfaces) by extension 'ignore_ament_install'
[4.809s] Level 1:colcon.colcon_core.package_identification:_identify(src/rosbot_ros/rosbot_hardware_interfaces) by extensions ['colcon_pkg']
[4.809s] Level 1:colcon.colcon_core.package_identification:_identify(src/rosbot_ros/rosbot_hardware_interfaces) by extension 'colcon_pkg'
[4.809s] Level 1:colcon.colcon_core.package_identification:_identify(src/rosbot_ros/rosbot_hardware_interfaces) by extensions ['colcon_meta']
[4.810s] Level 1:colcon.colcon_core.package_identification:_identify(src/rosbot_ros/rosbot_hardware_interfaces) by extension 'colcon_meta'
[4.810s] Level 1:colcon.colcon_core.package_identification:_identify(src/rosbot_ros/rosbot_hardware_interfaces) by extensions ['ros']
[4.810s] Level 1:colcon.colcon_core.package_identification:_identify(src/rosbot_ros/rosbot_hardware_interfaces) by extension 'ros'
[4.812s] DEBUG:colcon.colcon_core.package_identification:Package 'src/rosbot_ros/rosbot_hardware_interfaces' with type 'ros.ament_cmake' and name 'rosbot_hardware_interfaces'
[4.812s] Level 1:colcon.colcon_core.package_identification:_identify(src/rosbot_ros/rosbot_joy) by extensions ['ignore', 'ignore_ament_install']
[4.813s] Level 1:colcon.colcon_core.package_identification:_identify(src/rosbot_ros/rosbot_joy) by extension 'ignore'
[4.813s] Level 1:colcon.colcon_core.package_identification:_identify(src/rosbot_ros/rosbot_joy) by extension 'ignore_ament_install'
[4.813s] Level 1:colcon.colcon_core.package_identification:_identify(src/rosbot_ros/rosbot_joy) by extensions ['colcon_pkg']
[4.813s] Level 1:colcon.colcon_core.package_identification:_identify(src/rosbot_ros/rosbot_joy) by extension 'colcon_pkg'
[4.813s] Level 1:colcon.colcon_core.package_identification:_identify(src/rosbot_ros/rosbot_joy) by extensions ['colcon_meta']
[4.813s] Level 1:colcon.colcon_core.package_identification:_identify(src/rosbot_ros/rosbot_joy) by extension 'colcon_meta'
[4.813s] Level 1:colcon.colcon_core.package_identification:_identify(src/rosbot_ros/rosbot_joy) by extensions ['ros']
[4.813s] Level 1:colcon.colcon_core.package_identification:_identify(src/rosbot_ros/rosbot_joy) by extension 'ros'
[4.815s] DEBUG:colcon.colcon_core.package_identification:Package 'src/rosbot_ros/rosbot_joy' with type 'ros.ament_cmake' and name 'rosbot_joy'
[4.815s] Level 1:colcon.colcon_core.package_identification:_identify(src/rosbot_ros/rosbot_localization) by extensions ['ignore', 'ignore_ament_install']
[4.815s] Level 1:colcon.colcon_core.package_identification:_identify(src/rosbot_ros/rosbot_localization) by extension 'ignore'
[4.815s] Level 1:colcon.colcon_core.package_identification:_identify(src/rosbot_ros/rosbot_localization) by extension 'ignore_ament_install'
[4.815s] Level 1:colcon.colcon_core.package_identification:_identify(src/rosbot_ros/rosbot_localization) by extensions ['colcon_pkg']
[4.815s] Level 1:colcon.colcon_core.package_identification:_identify(src/rosbot_ros/rosbot_localization) by extension 'colcon_pkg'
[4.815s] Level 1:colcon.colcon_core.package_identification:_identify(src/rosbot_ros/rosbot_localization) by extensions ['colcon_meta']
[4.816s] Level 1:colcon.colcon_core.package_identification:_identify(src/rosbot_ros/rosbot_localization) by extension 'colcon_meta'
[4.816s] Level 1:colcon.colcon_core.package_identification:_identify(src/rosbot_ros/rosbot_localization) by extensions ['ros']
[4.817s] Level 1:colcon.colcon_core.package_identification:_identify(src/rosbot_ros/rosbot_localization) by extension 'ros'
[4.820s] DEBUG:colcon.colcon_core.package_identification:Package 'src/rosbot_ros/rosbot_localization' with type 'ros.ament_cmake' and name 'rosbot_localization'
[4.821s] Level 1:colcon.colcon_core.package_identification:_identify(src/rosbot_ros/rosbot_utils) by extensions ['ignore', 'ignore_ament_install']
[4.822s] Level 1:colcon.colcon_core.package_identification:_identify(src/rosbot_ros/rosbot_utils) by extension 'ignore'
[4.822s] Level 1:colcon.colcon_core.package_identification:_identify(src/rosbot_ros/rosbot_utils) by extension 'ignore_ament_install'
[4.822s] Level 1:colcon.colcon_core.package_identification:_identify(src/rosbot_ros/rosbot_utils) by extensions ['colcon_pkg']
[4.822s] Level 1:colcon.colcon_core.package_identification:_identify(src/rosbot_ros/rosbot_utils) by extension 'colcon_pkg'
[4.872s] Level 1:colcon.colcon_core.package_identification:_identify(src/rosbot_ros/rosbot_utils) by extensions ['colcon_meta']
[4.872s] Level 1:colcon.colcon_core.package_identification:_identify(src/rosbot_ros/rosbot_utils) by extension 'colcon_meta'
[4.872s] Level 1:colcon.colcon_core.package_identification:_identify(src/rosbot_ros/rosbot_utils) by extensions ['ros']
[4.872s] Level 1:colcon.colcon_core.package_identification:_identify(src/rosbot_ros/rosbot_utils) by extension 'ros'
[4.884s] DEBUG:colcon.colcon_core.package_identification:Package 'src/rosbot_ros/rosbot_utils' with type 'ros.ament_python' and name 'rosbot_utils'
[4.885s] Level 1:colcon.colcon_core.package_identification:_identify(src/seek_destroy) by extensions ['ignore', 'ignore_ament_install']
[4.912s] Level 1:colcon.colcon_core.package_identification:_identify(src/seek_destroy) by extension 'ignore'
[4.912s] Level 1:colcon.colcon_core.package_identification:_identify(src/seek_destroy) by extension 'ignore_ament_install'
[4.913s] Level 1:colcon.colcon_core.package_identification:_identify(src/seek_destroy) by extensions ['colcon_pkg']
[4.913s] Level 1:colcon.colcon_core.package_identification:_identify(src/seek_destroy) by extension 'colcon_pkg'
[4.913s] Level 1:colcon.colcon_core.package_identification:_identify(src/seek_destroy) by extensions ['colcon_meta']
[4.913s] Level 1:colcon.colcon_core.package_identification:_identify(src/seek_destroy) by extension 'colcon_meta'
[4.913s] Level 1:colcon.colcon_core.package_identification:_identify(src/seek_destroy) by extensions ['ros']
[4.913s] Level 1:colcon.colcon_core.package_identification:_identify(src/seek_destroy) by extension 'ros'
[4.914s] Level 1:colcon.colcon_core.package_identification:_identify(src/seek_destroy) by extensions ['cmake', 'python']
[4.914s] Level 1:colcon.colcon_core.package_identification:_identify(src/seek_destroy) by extension 'cmake'
[4.914s] Level 1:colcon.colcon_core.package_identification:_identify(src/seek_destroy) by extension 'python'
[4.914s] Level 1:colcon.colcon_core.package_identification:_identify(src/seek_destroy) by extensions ['python_setup_py']
[4.914s] Level 1:colcon.colcon_core.package_identification:_identify(src/seek_destroy) by extension 'python_setup_py'
[4.914s] Level 1:colcon.colcon_core.package_identification:_identify(src/seek_destroy/config) by extensions ['ignore', 'ignore_ament_install']
[4.915s] Level 1:colcon.colcon_core.package_identification:_identify(src/seek_destroy/config) by extension 'ignore'
[4.915s] Level 1:colcon.colcon_core.package_identification:_identify(src/seek_destroy/config) by extension 'ignore_ament_install'
[4.915s] Level 1:colcon.colcon_core.package_identification:_identify(src/seek_destroy/config) by extensions ['colcon_pkg']
[4.915s] Level 1:colcon.colcon_core.package_identification:_identify(src/seek_destroy/config) by extension 'colcon_pkg'
[4.915s] Level 1:colcon.colcon_core.package_identification:_identify(src/seek_destroy/config) by extensions ['colcon_meta']
[4.915s] Level 1:colcon.colcon_core.package_identification:_identify(src/seek_destroy/config) by extension 'colcon_meta'
[4.915s] Level 1:colcon.colcon_core.package_identification:_identify(src/seek_destroy/config) by extensions ['ros']
[4.915s] Level 1:colcon.colcon_core.package_identification:_identify(src/seek_destroy/config) by extension 'ros'
[4.915s] Level 1:colcon.colcon_core.package_identification:_identify(src/seek_destroy/config) by extensions ['cmake', 'python']
[4.915s] Level 1:colcon.colcon_core.package_identification:_identify(src/seek_destroy/config) by extension 'cmake'
[4.916s] Level 1:colcon.colcon_core.package_identification:_identify(src/seek_destroy/config) by extension 'python'
[4.916s] Level 1:colcon.colcon_core.package_identification:_identify(src/seek_destroy/config) by extensions ['python_setup_py']
[4.916s] Level 1:colcon.colcon_core.package_identification:_identify(src/seek_destroy/config) by extension 'python_setup_py'
[4.916s] Level 1:colcon.colcon_core.package_identification:_identify(src/seek_destroy/seek_destroy) by extensions ['ignore', 'ignore_ament_install']
[4.917s] Level 1:colcon.colcon_core.package_identification:_identify(src/seek_destroy/seek_destroy) by extension 'ignore'
[4.917s] Level 1:colcon.colcon_core.package_identification:_identify(src/seek_destroy/seek_destroy) by extension 'ignore_ament_install'
[4.917s] Level 1:colcon.colcon_core.package_identification:_identify(src/seek_destroy/seek_destroy) by extensions ['colcon_pkg']
[4.917s] Level 1:colcon.colcon_core.package_identification:_identify(src/seek_destroy/seek_destroy) by extension 'colcon_pkg'
[4.918s] Level 1:colcon.colcon_core.package_identification:_identify(src/seek_destroy/seek_destroy) by extensions ['colcon_meta']
[4.918s] Level 1:colcon.colcon_core.package_identification:_identify(src/seek_destroy/seek_destroy) by extension 'colcon_meta'
[4.918s] Level 1:colcon.colcon_core.package_identification:_identify(src/seek_destroy/seek_destroy) by extensions ['ros']
[4.918s] Level 1:colcon.colcon_core.package_identification:_identify(src/seek_destroy/seek_destroy) by extension 'ros'
[4.918s] Level 1:colcon.colcon_core.package_identification:_identify(src/seek_destroy/seek_destroy) by extensions ['cmake', 'python']
[4.918s] Level 1:colcon.colcon_core.package_identification:_identify(src/seek_destroy/seek_destroy) by extension 'cmake'
[4.918s] Level 1:colcon.colcon_core.package_identification:_identify(src/seek_destroy/seek_destroy) by extension 'python'
[4.918s] Level 1:colcon.colcon_core.package_identification:_identify(src/seek_destroy/seek_destroy) by extensions ['python_setup_py']
[4.918s] Level 1:colcon.colcon_core.package_identification:_identify(src/seek_destroy/seek_destroy) by extension 'python_setup_py'
[4.918s] Level 1:colcon.colcon_core.package_discovery:discover_packages(recursive) using defaults
[4.919s] Level 1:colcon.colcon_core.package_discovery:discover_packages(ignore) discover
[4.919s] Level 1:colcon.colcon_core.package_discovery:discover_packages(ignore) using defaults
[4.919s] Level 1:colcon.colcon_core.package_discovery:discover_packages(path) discover
[4.919s] Level 1:colcon.colcon_core.package_discovery:discover_packages(path) using defaults
[5.209s] INFO:colcon.colcon_core.package_selection:Skipping not selected package 'husarion_components_description' in 'src/husarion_components_description'
[5.209s] INFO:colcon.colcon_core.package_selection:Skipping not selected package 'husarion_gz_worlds' in 'src/husarion_gz_worlds'
[5.209s] INFO:colcon.colcon_core.package_selection:Skipping not selected package 'rosbot' in 'src/rosbot_ros/rosbot'
[5.209s] INFO:colcon.colcon_core.package_selection:Skipping not selected package 'rosbot_bringup' in 'src/rosbot_ros/rosbot_bringup'
[5.209s] INFO:colcon.colcon_core.package_selection:Skipping not selected package 'rosbot_gazebo' in 'src/rosbot_ros/rosbot_gazebo'
[5.209s] INFO:colcon.colcon_core.package_selection:Skipping not selected package 'rosbot_hardware_interfaces' in 'src/rosbot_ros/rosbot_hardware_interfaces'
[5.209s] INFO:colcon.colcon_core.package_selection:Skipping not selected package 'rosbot_joy' in 'src/rosbot_ros/rosbot_joy'
[5.209s] INFO:colcon.colcon_core.package_selection:Skipping not selected package 'rosbot_localization' in 'src/rosbot_ros/rosbot_localization'
[5.209s] INFO:colcon.colcon_core.package_selection:Skipping not selected package 'rosbot_utils' in 'src/rosbot_ros/rosbot_utils'
[5.209s] INFO:colcon.colcon_core.package_selection:Skipping not selected package 'rosbot_description' in 'src/rosbot_ros/rosbot_description'
[5.209s] INFO:colcon.colcon_core.package_selection:Skipping not selected package 'rosbot_controller' in 'src/rosbot_ros/rosbot_controller'
[5.211s] Level 5:colcon.colcon_core.verb:set package 'autonomous_exploration' build argument 'cmake_args' from command line to 'None'
[5.211s] Level 5:colcon.colcon_core.verb:set package 'autonomous_exploration' build argument 'cmake_target' from command line to 'None'
[5.211s] Level 5:colcon.colcon_core.verb:set package 'autonomous_exploration' build argument 'cmake_target_skip_unavailable' from command line to 'False'
[5.211s] Level 5:colcon.colcon_core.verb:set package 'autonomous_exploration' build argument 'cmake_clean_cache' from command line to 'False'
[5.211s] Level 5:colcon.colcon_core.verb:set package 'autonomous_exploration' build argument 'cmake_clean_first' from command line to 'False'
[5.211s] Level 5:colcon.colcon_core.verb:set package 'autonomous_exploration' build argument 'cmake_force_configure' from command line to 'False'
[5.211s] Level 5:colcon.colcon_core.verb:set package 'autonomous_exploration' build argument 'ament_cmake_args' from command line to 'None'
[5.211s] Level 5:colcon.colcon_core.verb:set package 'autonomous_exploration' build argument 'catkin_cmake_args' from command line to 'None'
[5.211s] Level 5:colcon.colcon_core.verb:set package 'autonomous_exploration' build argument 'catkin_skip_building_tests' from command line to 'False'
[5.211s] DEBUG:colcon.colcon_core.verb:Building package 'autonomous_exploration' with the following arguments: {'ament_cmake_args': None, 'build_base': '/home/user/seek_destroy_ws/build/autonomous_exploration', 'catkin_cmake_args': None, 'catkin_skip_building_tests': False, 'cmake_args': None, 'cmake_clean_cache': False, 'cmake_clean_first': False, 'cmake_force_configure': False, 'cmake_target': None, 'cmake_target_skip_unavailable': False, 'install_base': '/home/user/seek_destroy_ws/install/autonomous_exploration', 'merge_install': False, 'path': '/home/user/seek_destroy_ws/src/autonomous_exploration', 'symlink_install': True, 'test_result_base': None}
[5.212s] INFO:colcon.colcon_core.executor:Executing jobs using 'parallel' executor
[5.213s] DEBUG:colcon.colcon_parallel_executor.executor.parallel:run_until_complete
[5.214s] INFO:colcon.colcon_ros.task.ament_python.build:Building ROS package in '/home/user/seek_destroy_ws/src/autonomous_exploration' with build type 'ament_python'
[5.215s] Level 1:colcon.colcon_core.shell:create_environment_hook('autonomous_exploration', 'ament_prefix_path')
[5.282s] INFO:colcon.colcon_core.plugin_system:Skipping extension 'colcon_core.shell.bat': Not used on non-Windows systems
[5.283s] INFO:colcon.colcon_core.shell:Creating environment hook '/home/user/seek_destroy_ws/install/autonomous_exploration/share/autonomous_exploration/hook/ament_prefix_path.ps1'
[5.286s] INFO:colcon.colcon_core.shell:Creating environment descriptor '/home/user/seek_destroy_ws/install/autonomous_exploration/share/autonomous_exploration/hook/ament_prefix_path.dsv'
[5.288s] INFO:colcon.colcon_core.shell:Creating environment hook '/home/user/seek_destroy_ws/install/autonomous_exploration/share/autonomous_exploration/hook/ament_prefix_path.sh'
[5.302s] INFO:colcon.colcon_core.shell:Skip shell extension 'powershell' for command environment: Not usable outside of PowerShell
[5.302s] DEBUG:colcon.colcon_core.shell:Skip shell extension 'dsv' for command environment
[7.718s] INFO:colcon.colcon_core.task.python.build:Building Python package in '/home/user/seek_destroy_ws/src/autonomous_exploration'
[7.719s] INFO:colcon.colcon_core.shell:Skip shell extension 'powershell' for command environment: Not usable outside of PowerShell
[7.719s] DEBUG:colcon.colcon_core.shell:Skip shell extension 'dsv' for command environment
[11.521s] DEBUG:colcon.colcon_core.event_handler.log_command:Invoking command in '/home/user/seek_destroy_ws/build/autonomous_exploration': PYTHONPATH=/home/user/seek_destroy_ws/build/autonomous_exploration/prefix_override:/usr/lib/python3/dist-packages/colcon_core/task/python/colcon_distutils_commands:/home/user/seek_destroy_ws/install/autonomous_exploration/lib/python3.10/site-packages:${PYTHONPATH} _=/usr/bin/env /usr/bin/python3 -W ignore:setup.py install is deprecated -W ignore:easy_install command is deprecated setup.py develop --editable --build-directory /home/user/seek_destroy_ws/build/autonomous_exploration/build --no-deps symlink_data
[15.709s] Level 1:colcon.colcon_core.shell:create_environment_hook('autonomous_exploration', 'pythonpath_develop')
[15.709s] INFO:colcon.colcon_core.shell:Creating environment hook '/home/user/seek_destroy_ws/build/autonomous_exploration/share/autonomous_exploration/hook/pythonpath_develop.ps1'
[15.711s] DEBUG:colcon.colcon_core.event_handler.log_command:Invoked command in '/home/user/seek_destroy_ws/build/autonomous_exploration' returned '0': PYTHONPATH=/home/user/seek_destroy_ws/build/autonomous_exploration/prefix_override:/usr/lib/python3/dist-packages/colcon_core/task/python/colcon_distutils_commands:/home/user/seek_destroy_ws/install/autonomous_exploration/lib/python3.10/site-packages:${PYTHONPATH} _=/usr/bin/env /usr/bin/python3 -W ignore:setup.py install is deprecated -W ignore:easy_install command is deprecated setup.py develop --editable --build-directory /home/user/seek_destroy_ws/build/autonomous_exploration/build --no-deps symlink_data
[15.713s] INFO:colcon.colcon_core.shell:Creating environment descriptor '/home/user/seek_destroy_ws/build/autonomous_exploration/share/autonomous_exploration/hook/pythonpath_develop.dsv'
[15.714s] INFO:colcon.colcon_core.shell:Creating environment hook '/home/user/seek_destroy_ws/build/autonomous_exploration/share/autonomous_exploration/hook/pythonpath_develop.sh'
[15.816s] Level 1:colcon.colcon_core.environment:checking '/home/user/seek_destroy_ws/install/autonomous_exploration' for CMake module files
[15.817s] Level 1:colcon.colcon_core.environment:checking '/home/user/seek_destroy_ws/install/autonomous_exploration' for CMake config files
[15.818s] Level 1:colcon.colcon_core.environment:checking '/home/user/seek_destroy_ws/install/autonomous_exploration/lib'
[15.818s] Level 1:colcon.colcon_core.environment:checking '/home/user/seek_destroy_ws/install/autonomous_exploration/bin'
[15.818s] Level 1:colcon.colcon_core.environment:checking '/home/user/seek_destroy_ws/install/autonomous_exploration/lib/pkgconfig/autonomous_exploration.pc'
[15.819s] Level 1:colcon.colcon_core.environment:checking '/home/user/seek_destroy_ws/install/autonomous_exploration/lib/python3.10/site-packages'
[15.819s] Level 1:colcon.colcon_core.shell:create_environment_hook('autonomous_exploration', 'pythonpath')
[15.819s] INFO:colcon.colcon_core.shell:Creating environment hook '/home/user/seek_destroy_ws/install/autonomous_exploration/share/autonomous_exploration/hook/pythonpath.ps1'
[15.876s] INFO:colcon.colcon_core.shell:Creating environment descriptor '/home/user/seek_destroy_ws/install/autonomous_exploration/share/autonomous_exploration/hook/pythonpath.dsv'
[15.877s] INFO:colcon.colcon_core.shell:Creating environment hook '/home/user/seek_destroy_ws/install/autonomous_exploration/share/autonomous_exploration/hook/pythonpath.sh'
[15.879s] Level 1:colcon.colcon_core.environment:checking '/home/user/seek_destroy_ws/install/autonomous_exploration/bin'
[15.879s] Level 1:colcon.colcon_core.environment:create_environment_scripts_only(autonomous_exploration)
[15.879s] INFO:colcon.colcon_core.shell:Creating package script '/home/user/seek_destroy_ws/install/autonomous_exploration/share/autonomous_exploration/package.ps1'
[15.881s] INFO:colcon.colcon_core.shell:Creating package descriptor '/home/user/seek_destroy_ws/install/autonomous_exploration/share/autonomous_exploration/package.dsv'
[15.892s] INFO:colcon.colcon_core.shell:Creating package script '/home/user/seek_destroy_ws/install/autonomous_exploration/share/autonomous_exploration/package.sh'
[15.894s] INFO:colcon.colcon_core.shell:Creating package script '/home/user/seek_destroy_ws/install/autonomous_exploration/share/autonomous_exploration/package.bash'
[15.897s] INFO:colcon.colcon_core.shell:Creating package script '/home/user/seek_destroy_ws/install/autonomous_exploration/share/autonomous_exploration/package.zsh'
[15.900s] Level 1:colcon.colcon_core.environment:create_file_with_runtime_dependencies(/home/user/seek_destroy_ws/install/autonomous_exploration/share/colcon-core/packages/autonomous_exploration)
[15.903s] DEBUG:colcon.colcon_parallel_executor.executor.parallel:closing loop
[15.904s] DEBUG:colcon.colcon_parallel_executor.executor.parallel:loop closed
[15.904s] DEBUG:colcon.colcon_parallel_executor.executor.parallel:run_until_complete finished with '0'
[15.904s] DEBUG:colcon.colcon_core.event_reactor:joining thread
[16.023s] INFO:colcon.colcon_core.plugin_system:Skipping extension 'colcon_notification.desktop_notification.notify_send': Could not find 'notify-send'
[16.023s] INFO:colcon.colcon_core.plugin_system:Skipping extension 'colcon_notification.desktop_notification.terminal_notifier': Not used on non-Darwin systems
[16.023s] INFO:colcon.colcon_core.plugin_system:Skipping extension 'colcon_notification.desktop_notification.win32': Not used on non-Windows systems
[16.024s] INFO:colcon.colcon_notification.desktop_notification:Sending desktop notification using 'notify2'
[16.084s] DEBUG:colcon.colcon_notification.desktop_notification.notify2:Failed to initialize notify2: org.freedesktop.DBus.Error.Spawn.ExecFailed: /usr/bin/dbus-launch terminated abnormally without any error message
[16.085s] DEBUG:colcon.colcon_core.event_reactor:joined thread
[16.087s] INFO:colcon.colcon_core.shell:Creating prefix script '/home/user/seek_destroy_ws/install/local_setup.ps1'
[16.094s] INFO:colcon.colcon_core.shell:Creating prefix util module '/home/user/seek_destroy_ws/install/_local_setup_util_ps1.py'
[16.097s] INFO:colcon.colcon_core.shell:Creating prefix chain script '/home/user/seek_destroy_ws/install/setup.ps1'
[16.100s] INFO:colcon.colcon_core.shell:Creating prefix script '/home/user/seek_destroy_ws/install/local_setup.sh'
[16.103s] INFO:colcon.colcon_core.shell:Creating prefix util module '/home/user/seek_destroy_ws/install/_local_setup_util_sh.py'
[16.104s] INFO:colcon.colcon_core.shell:Creating prefix chain script '/home/user/seek_destroy_ws/install/setup.sh'
[16.107s] INFO:colcon.colcon_core.shell:Creating prefix script '/home/user/seek_destroy_ws/install/local_setup.bash'
[16.114s] INFO:colcon.colcon_core.shell:Creating prefix chain script '/home/user/seek_destroy_ws/install/setup.bash'
[16.172s] INFO:colcon.colcon_core.shell:Creating prefix script '/home/user/seek_destroy_ws/install/local_setup.zsh'
[16.175s] INFO:colcon.colcon_core.shell:Creating prefix chain script '/home/user/seek_destroy_ws/install/setup.zsh'
