[1.111s] Invoking command in '/home/user/seek_destroy_ws/build/husarion_gz_worlds': CMAKE_PREFIX_PATH=${CMAKE_PREFIX_PATH}:/home/user/seek_destroy_ws/install/rosbot_controller:/home/user/seek_destroy_ws/install/rosbot_utils:/home/user/seek_destroy_ws/install/rosbot_gazebo:/home/user/seek_destroy_ws/install/rosbot_bringup:/home/user/seek_destroy_ws/install/autonomous_exploration:/opt/ros/humble _=/usr/bin/env /usr/bin/cmake --build /home/user/seek_destroy_ws/build/husarion_gz_worlds -- -j8 -l8
[2.123s] Invoked command in '/home/user/seek_destroy_ws/build/husarion_gz_worlds' returned '0': CMAKE_PREFIX_PATH=${CMAKE_PREFIX_PATH}:/home/user/seek_destroy_ws/install/rosbot_controller:/home/user/seek_destroy_ws/install/rosbot_utils:/home/user/seek_destroy_ws/install/rosbot_gazebo:/home/user/seek_destroy_ws/install/rosbot_bringup:/home/user/seek_destroy_ws/install/autonomous_exploration:/opt/ros/humble _=/usr/bin/env /usr/bin/cmake --build /home/user/seek_destroy_ws/build/husarion_gz_worlds -- -j8 -l8
[2.142s] Invoking command in '/home/user/seek_destroy_ws/build/husarion_gz_worlds': CMAKE_PREFIX_PATH=${CMAKE_PREFIX_PATH}:/home/user/seek_destroy_ws/install/rosbot_controller:/home/user/seek_destroy_ws/install/rosbot_utils:/home/user/seek_destroy_ws/install/rosbot_gazebo:/home/user/seek_destroy_ws/install/rosbot_bringup:/home/user/seek_destroy_ws/install/autonomous_exploration:/opt/ros/humble _=/usr/bin/env /usr/bin/cmake --install /home/user/seek_destroy_ws/build/husarion_gz_worlds
[2.247s] -- Install configuration: ""
[2.247s] -- Execute custom install script
[2.248s] -- Up-to-date symlink: /home/user/seek_destroy_ws/install/husarion_gz_worlds/share/husarion_gz_worlds/config/teleop.config
[2.248s] -- Up-to-date symlink: /home/user/seek_destroy_ws/install/husarion_gz_worlds/share/husarion_gz_worlds/launch/gz_sim.launch.py
[2.248s] -- Up-to-date symlink: /home/user/seek_destroy_ws/install/husarion_gz_worlds/share/husarion_gz_worlds/models/ConferenceTable/meshes/conference_table.stl
[2.248s] -- Up-to-date symlink: /home/user/seek_destroy_ws/install/husarion_gz_worlds/share/husarion_gz_worlds/models/ConferenceTable/model.config
[2.248s] -- Up-to-date symlink: /home/user/seek_destroy_ws/install/husarion_gz_worlds/share/husarion_gz_worlds/models/ConferenceTable/model.sdf
[2.249s] -- Up-to-date symlink: /home/user/seek_destroy_ws/install/husarion_gz_worlds/share/husarion_gz_worlds/models/Door/meshes/door.stl
[2.249s] -- Up-to-date symlink: /home/user/seek_destroy_ws/install/husarion_gz_worlds/share/husarion_gz_worlds/models/Door/model.config
[2.249s] -- Up-to-date symlink: /home/user/seek_destroy_ws/install/husarion_gz_worlds/share/husarion_gz_worlds/models/Door/model.sdf
[2.249s] -- Up-to-date symlink: /home/user/seek_destroy_ws/install/husarion_gz_worlds/share/husarion_gz_worlds/models/HusarionLogo/meshes/husarion_logo.dae
[2.249s] -- Up-to-date symlink: /home/user/seek_destroy_ws/install/husarion_gz_worlds/share/husarion_gz_worlds/models/Kitchen/meshes/kitchen.stl
[2.250s] -- Up-to-date symlink: /home/user/seek_destroy_ws/install/husarion_gz_worlds/share/husarion_gz_worlds/models/Kitchen/model.config
[2.250s] -- Up-to-date symlink: /home/user/seek_destroy_ws/install/husarion_gz_worlds/share/husarion_gz_worlds/models/Kitchen/model.sdf
[2.250s] -- Up-to-date symlink: /home/user/seek_destroy_ws/install/husarion_gz_worlds/share/husarion_gz_worlds/models/Laptop/meshes/laptop.stl
[2.250s] -- Up-to-date symlink: /home/user/seek_destroy_ws/install/husarion_gz_worlds/share/husarion_gz_worlds/models/Laptop/model.config
[2.250s] -- Up-to-date symlink: /home/user/seek_destroy_ws/install/husarion_gz_worlds/share/husarion_gz_worlds/models/Laptop/model.sdf
[2.250s] -- Up-to-date symlink: /home/user/seek_destroy_ws/install/husarion_gz_worlds/share/husarion_gz_worlds/models/Rosbot/meshes/astra.dae
[2.251s] -- Up-to-date symlink: /home/user/seek_destroy_ws/install/husarion_gz_worlds/share/husarion_gz_worlds/models/Rosbot/meshes/box.dae
[2.251s] -- Up-to-date symlink: /home/user/seek_destroy_ws/install/husarion_gz_worlds/share/husarion_gz_worlds/models/Rosbot/meshes/rplidar.dae
[2.251s] -- Up-to-date symlink: /home/user/seek_destroy_ws/install/husarion_gz_worlds/share/husarion_gz_worlds/models/Rosbot/meshes/upper.dae
[2.251s] -- Up-to-date symlink: /home/user/seek_destroy_ws/install/husarion_gz_worlds/share/husarion_gz_worlds/models/Rosbot/meshes/wheel.dae
[2.251s] -- Up-to-date symlink: /home/user/seek_destroy_ws/install/husarion_gz_worlds/share/husarion_gz_worlds/models/Rosbot/model.config
[2.251s] -- Up-to-date symlink: /home/user/seek_destroy_ws/install/husarion_gz_worlds/share/husarion_gz_worlds/models/Rosbot/model.sdf
[2.251s] -- Up-to-date symlink: /home/user/seek_destroy_ws/install/husarion_gz_worlds/share/husarion_gz_worlds/models/Surfaces/meshes/black_concrete.png
[2.252s] -- Up-to-date symlink: /home/user/seek_destroy_ws/install/husarion_gz_worlds/share/husarion_gz_worlds/models/Surfaces/meshes/floor_1.mtl
[2.252s] -- Up-to-date symlink: /home/user/seek_destroy_ws/install/husarion_gz_worlds/share/husarion_gz_worlds/models/Surfaces/meshes/floor_1.obj
[2.252s] -- Up-to-date symlink: /home/user/seek_destroy_ws/install/husarion_gz_worlds/share/husarion_gz_worlds/models/Surfaces/meshes/floor_10.mtl
[2.252s] -- Up-to-date symlink: /home/user/seek_destroy_ws/install/husarion_gz_worlds/share/husarion_gz_worlds/models/Surfaces/meshes/floor_10.obj
[2.252s] -- Up-to-date symlink: /home/user/seek_destroy_ws/install/husarion_gz_worlds/share/husarion_gz_worlds/models/Surfaces/meshes/floor_11.mtl
[2.253s] -- Up-to-date symlink: /home/user/seek_destroy_ws/install/husarion_gz_worlds/share/husarion_gz_worlds/models/Surfaces/meshes/floor_11.obj
[2.253s] -- Up-to-date symlink: /home/user/seek_destroy_ws/install/husarion_gz_worlds/share/husarion_gz_worlds/models/Surfaces/meshes/floor_12.mtl
[2.253s] -- Up-to-date symlink: /home/user/seek_destroy_ws/install/husarion_gz_worlds/share/husarion_gz_worlds/models/Surfaces/meshes/floor_12.obj
[2.253s] -- Up-to-date symlink: /home/user/seek_destroy_ws/install/husarion_gz_worlds/share/husarion_gz_worlds/models/Surfaces/meshes/floor_13.mtl
[2.253s] -- Up-to-date symlink: /home/user/seek_destroy_ws/install/husarion_gz_worlds/share/husarion_gz_worlds/models/Surfaces/meshes/floor_13.obj
[2.253s] -- Up-to-date symlink: /home/user/seek_destroy_ws/install/husarion_gz_worlds/share/husarion_gz_worlds/models/Surfaces/meshes/floor_14.mtl
[2.253s] -- Up-to-date symlink: /home/user/seek_destroy_ws/install/husarion_gz_worlds/share/husarion_gz_worlds/models/Surfaces/meshes/floor_14.obj
[2.253s] -- Up-to-date symlink: /home/user/seek_destroy_ws/install/husarion_gz_worlds/share/husarion_gz_worlds/models/Surfaces/meshes/floor_2.mtl
[2.254s] -- Up-to-date symlink: /home/user/seek_destroy_ws/install/husarion_gz_worlds/share/husarion_gz_worlds/models/Surfaces/meshes/floor_2.obj
[2.254s] -- Up-to-date symlink: /home/user/seek_destroy_ws/install/husarion_gz_worlds/share/husarion_gz_worlds/models/Surfaces/meshes/floor_3.mtl
[2.254s] -- Up-to-date symlink: /home/user/seek_destroy_ws/install/husarion_gz_worlds/share/husarion_gz_worlds/models/Surfaces/meshes/floor_3.obj
[2.255s] -- Up-to-date symlink: /home/user/seek_destroy_ws/install/husarion_gz_worlds/share/husarion_gz_worlds/models/Surfaces/meshes/floor_4.mtl
[2.255s] -- Up-to-date symlink: /home/user/seek_destroy_ws/install/husarion_gz_worlds/share/husarion_gz_worlds/models/Surfaces/meshes/floor_4.obj
[2.255s] -- Up-to-date symlink: /home/user/seek_destroy_ws/install/husarion_gz_worlds/share/husarion_gz_worlds/models/Surfaces/meshes/floor_5.mtl
[2.255s] -- Up-to-date symlink: /home/user/seek_destroy_ws/install/husarion_gz_worlds/share/husarion_gz_worlds/models/Surfaces/meshes/floor_5.obj
[2.255s] -- Up-to-date symlink: /home/user/seek_destroy_ws/install/husarion_gz_worlds/share/husarion_gz_worlds/models/Surfaces/meshes/floor_6.mtl
[2.255s] -- Up-to-date symlink: /home/user/seek_destroy_ws/install/husarion_gz_worlds/share/husarion_gz_worlds/models/Surfaces/meshes/floor_6.obj
[2.255s] -- Up-to-date symlink: /home/user/seek_destroy_ws/install/husarion_gz_worlds/share/husarion_gz_worlds/models/Surfaces/meshes/floor_7.mtl
[2.255s] -- Up-to-date symlink: /home/user/seek_destroy_ws/install/husarion_gz_worlds/share/husarion_gz_worlds/models/Surfaces/meshes/floor_7.obj
[2.256s] -- Up-to-date symlink: /home/user/seek_destroy_ws/install/husarion_gz_worlds/share/husarion_gz_worlds/models/Surfaces/meshes/floor_8.mtl
[2.256s] -- Up-to-date symlink: /home/user/seek_destroy_ws/install/husarion_gz_worlds/share/husarion_gz_worlds/models/Surfaces/meshes/floor_8.obj
[2.256s] -- Up-to-date symlink: /home/user/seek_destroy_ws/install/husarion_gz_worlds/share/husarion_gz_worlds/models/Surfaces/meshes/floor_9.mtl
[2.256s] -- Up-to-date symlink: /home/user/seek_destroy_ws/install/husarion_gz_worlds/share/husarion_gz_worlds/models/Surfaces/meshes/floor_9.obj
[2.256s] -- Up-to-date symlink: /home/user/seek_destroy_ws/install/husarion_gz_worlds/share/husarion_gz_worlds/models/Surfaces/meshes/model.material
[2.256s] -- Up-to-date symlink: /home/user/seek_destroy_ws/install/husarion_gz_worlds/share/husarion_gz_worlds/models/Surfaces/meshes/wall_1.mtl
[2.256s] -- Up-to-date symlink: /home/user/seek_destroy_ws/install/husarion_gz_worlds/share/husarion_gz_worlds/models/Surfaces/meshes/wall_1.obj
[2.256s] -- Up-to-date symlink: /home/user/seek_destroy_ws/install/husarion_gz_worlds/share/husarion_gz_worlds/models/Surfaces/meshes/wall_2.mtl
[2.257s] -- Up-to-date symlink: /home/user/seek_destroy_ws/install/husarion_gz_worlds/share/husarion_gz_worlds/models/Surfaces/meshes/wall_2.obj
[2.257s] -- Up-to-date symlink: /home/user/seek_destroy_ws/install/husarion_gz_worlds/share/husarion_gz_worlds/models/Surfaces/meshes/white_carpet.png
[2.257s] -- Up-to-date symlink: /home/user/seek_destroy_ws/install/husarion_gz_worlds/share/husarion_gz_worlds/models/Surfaces/meshes/white_tiles.png
[2.257s] -- Up-to-date symlink: /home/user/seek_destroy_ws/install/husarion_gz_worlds/share/husarion_gz_worlds/models/Surfaces/meshes/white_wall.png
[2.257s] -- Up-to-date symlink: /home/user/seek_destroy_ws/install/husarion_gz_worlds/share/husarion_gz_worlds/models/Surfaces/meshes/wood1.png
[2.258s] -- Up-to-date symlink: /home/user/seek_destroy_ws/install/husarion_gz_worlds/share/husarion_gz_worlds/models/Surfaces/meshes/wood2.png
[2.260s] -- Up-to-date symlink: /home/user/seek_destroy_ws/install/husarion_gz_worlds/share/husarion_gz_worlds/models/Surfaces/model.config
[2.261s] -- Up-to-date symlink: /home/user/seek_destroy_ws/install/husarion_gz_worlds/share/husarion_gz_worlds/models/Surfaces/model.sdf
[2.261s] -- Up-to-date symlink: /home/user/seek_destroy_ws/install/husarion_gz_worlds/share/husarion_gz_worlds/models/Tv/meshes/tv.stl
[2.261s] -- Up-to-date symlink: /home/user/seek_destroy_ws/install/husarion_gz_worlds/share/husarion_gz_worlds/models/Tv/model.config
[2.261s] -- Up-to-date symlink: /home/user/seek_destroy_ws/install/husarion_gz_worlds/share/husarion_gz_worlds/models/Tv/model.sdf
[2.261s] -- Up-to-date symlink: /home/user/seek_destroy_ws/install/husarion_gz_worlds/share/husarion_gz_worlds/models/WaterDispenser/meshes/water_dispenser.dae
[2.262s] -- Up-to-date symlink: /home/user/seek_destroy_ws/install/husarion_gz_worlds/share/husarion_gz_worlds/models/WaterDispenser/model.config
[2.262s] -- Up-to-date symlink: /home/user/seek_destroy_ws/install/husarion_gz_worlds/share/husarion_gz_worlds/models/WaterDispenser/model.sdf
[2.262s] -- Up-to-date symlink: /home/user/seek_destroy_ws/install/husarion_gz_worlds/share/husarion_gz_worlds/worlds/empty_with_plugins.sdf
[2.262s] -- Up-to-date symlink: /home/user/seek_destroy_ws/install/husarion_gz_worlds/share/husarion_gz_worlds/worlds/husarion_office.sdf
[2.262s] -- Up-to-date symlink: /home/user/seek_destroy_ws/install/husarion_gz_worlds/share/husarion_gz_worlds/worlds/husarion_world.sdf
[2.263s] -- Up-to-date symlink: /home/user/seek_destroy_ws/install/husarion_gz_worlds/share/husarion_gz_worlds/worlds/sonoma_raceway.sdf
[2.263s] -- Up-to-date symlink: /home/user/seek_destroy_ws/install/husarion_gz_worlds/share/husarion_gz_worlds/maps/husarion_world.pgm
[2.263s] -- Up-to-date symlink: /home/user/seek_destroy_ws/install/husarion_gz_worlds/share/husarion_gz_worlds/maps/husarion_world.yaml
[2.263s] -- Up-to-date symlink: /home/user/seek_destroy_ws/install/husarion_gz_worlds/share/husarion_gz_worlds/environment/husarion_gz_worlds.sh
[2.264s] -- Up-to-date symlink: /home/user/seek_destroy_ws/install/husarion_gz_worlds/share/ament_index/resource_index/package_run_dependencies/husarion_gz_worlds
[2.264s] -- Up-to-date symlink: /home/user/seek_destroy_ws/install/husarion_gz_worlds/share/ament_index/resource_index/parent_prefix_path/husarion_gz_worlds
[2.265s] -- Up-to-date symlink: /home/user/seek_destroy_ws/install/husarion_gz_worlds/share/husarion_gz_worlds/environment/ament_prefix_path.sh
[2.265s] -- Up-to-date symlink: /home/user/seek_destroy_ws/install/husarion_gz_worlds/share/husarion_gz_worlds/environment/ament_prefix_path.dsv
[2.265s] -- Up-to-date symlink: /home/user/seek_destroy_ws/install/husarion_gz_worlds/share/husarion_gz_worlds/environment/path.sh
[2.265s] -- Up-to-date symlink: /home/user/seek_destroy_ws/install/husarion_gz_worlds/share/husarion_gz_worlds/environment/path.dsv
[2.265s] -- Up-to-date symlink: /home/user/seek_destroy_ws/install/husarion_gz_worlds/share/husarion_gz_worlds/local_setup.bash
[2.266s] -- Up-to-date symlink: /home/user/seek_destroy_ws/install/husarion_gz_worlds/share/husarion_gz_worlds/local_setup.sh
[2.266s] -- Up-to-date symlink: /home/user/seek_destroy_ws/install/husarion_gz_worlds/share/husarion_gz_worlds/local_setup.zsh
[2.266s] -- Up-to-date symlink: /home/user/seek_destroy_ws/install/husarion_gz_worlds/share/husarion_gz_worlds/local_setup.dsv
[2.266s] -- Symlinking: /home/user/seek_destroy_ws/install/husarion_gz_worlds/share/husarion_gz_worlds/package.dsv
[2.335s] -- Up-to-date symlink: /home/user/seek_destroy_ws/install/husarion_gz_worlds/share/ament_index/resource_index/packages/husarion_gz_worlds
[2.335s] -- Up-to-date symlink: /home/user/seek_destroy_ws/install/husarion_gz_worlds/share/husarion_gz_worlds/cmake/husarion_gz_worldsConfig.cmake
[2.335s] -- Up-to-date symlink: /home/user/seek_destroy_ws/install/husarion_gz_worlds/share/husarion_gz_worlds/cmake/husarion_gz_worldsConfig-version.cmake
[2.335s] -- Up-to-date symlink: /home/user/seek_destroy_ws/install/husarion_gz_worlds/share/husarion_gz_worlds/package.xml
[2.429s] Invoked command in '/home/user/seek_destroy_ws/build/husarion_gz_worlds' returned '0': CMAKE_PREFIX_PATH=${CMAKE_PREFIX_PATH}:/home/user/seek_destroy_ws/install/rosbot_controller:/home/user/seek_destroy_ws/install/rosbot_utils:/home/user/seek_destroy_ws/install/rosbot_gazebo:/home/user/seek_destroy_ws/install/rosbot_bringup:/home/user/seek_destroy_ws/install/autonomous_exploration:/opt/ros/humble _=/usr/bin/env /usr/bin/cmake --install /home/user/seek_destroy_ws/build/husarion_gz_worlds
