[35m[1mConsolidate compiler generated dependencies of target gtest_main[0m
[ 10%] [32mBuilding CXX object gtest/CMakeFiles/gtest.dir/src/gtest-all.cc.o[0m
[ 20%] [32mBuilding CXX object CMakeFiles/explore.dir/src/costmap_client.cpp.o[0m
[ 30%] [32mBuilding CXX object CMakeFiles/explore.dir/src/explore.cpp.o[0m
[ 50%] Built target gtest_main
[ 60%] [32mBuilding CXX object CMakeFiles/explore.dir/src/frontier_search.cpp.o[0m
[ 70%] [32m[1mLinking CXX static library libgtest.a[0m
[ 70%] Built target gtest
[ 80%] [32mBuilding CXX object CMakeFiles/test_explore.dir/test/test_explore.cpp.o[0m
[ 90%] [32m[1mLinking CXX executable test_explore[0m
[ 90%] Built target test_explore
[100%] [32m[1mLinking CXX executable explore[0m
[100%] Built target explore
-- Install configuration: ""
-- Execute custom install script
-- Symlinking: /home/user/seek_destroy_ws/install/explore_lite/include/explore//costmap_client.h
-- Symlinking: /home/user/seek_destroy_ws/install/explore_lite/include/explore//costmap_tools.h
-- Symlinking: /home/user/seek_destroy_ws/install/explore_lite/include/explore//explore.h
-- Symlinking: /home/user/seek_destroy_ws/install/explore_lite/include/explore//frontier_search.h
-- Symlinking: /home/user/seek_destroy_ws/install/explore_lite/share/explore_lite/config/params.yaml
-- Symlinking: /home/user/seek_destroy_ws/install/explore_lite/share/explore_lite/config/params_costmap.yaml
-- Symlinking: /home/user/seek_destroy_ws/install/explore_lite/share/explore_lite/launch/explore.launch.py
-- Symlinking: /home/user/seek_destroy_ws/install/explore_lite/lib/explore_lite/explore
-- Symlinking: /home/user/seek_destroy_ws/install/explore_lite/share/ament_index/resource_index/package_run_dependencies/explore_lite
-- Symlinking: /home/user/seek_destroy_ws/install/explore_lite/share/ament_index/resource_index/parent_prefix_path/explore_lite
-- Symlinking: /home/user/seek_destroy_ws/install/explore_lite/share/explore_lite/environment/ament_prefix_path.sh
-- Symlinking: /home/user/seek_destroy_ws/install/explore_lite/share/explore_lite/environment/ament_prefix_path.dsv
-- Symlinking: /home/user/seek_destroy_ws/install/explore_lite/share/explore_lite/environment/path.sh
-- Symlinking: /home/user/seek_destroy_ws/install/explore_lite/share/explore_lite/environment/path.dsv
-- Symlinking: /home/user/seek_destroy_ws/install/explore_lite/share/explore_lite/local_setup.bash
-- Symlinking: /home/user/seek_destroy_ws/install/explore_lite/share/explore_lite/local_setup.sh
-- Symlinking: /home/user/seek_destroy_ws/install/explore_lite/share/explore_lite/local_setup.zsh
-- Symlinking: /home/user/seek_destroy_ws/install/explore_lite/share/explore_lite/local_setup.dsv
-- Symlinking: /home/user/seek_destroy_ws/install/explore_lite/share/explore_lite/package.dsv
-- Symlinking: /home/user/seek_destroy_ws/install/explore_lite/share/ament_index/resource_index/packages/explore_lite
-- Symlinking: /home/user/seek_destroy_ws/install/explore_lite/share/explore_lite/cmake/ament_cmake_export_dependencies-extras.cmake
-- Symlinking: /home/user/seek_destroy_ws/install/explore_lite/share/explore_lite/cmake/ament_cmake_export_include_directories-extras.cmake
-- Symlinking: /home/user/seek_destroy_ws/install/explore_lite/share/explore_lite/cmake/explore_liteConfig.cmake
-- Symlinking: /home/user/seek_destroy_ws/install/explore_lite/share/explore_lite/cmake/explore_liteConfig-version.cmake
-- Symlinking: /home/user/seek_destroy_ws/install/explore_lite/share/explore_lite/package.xml
