running develop
running egg_info
creating rosbot_controller.egg-info
writing manifest file 'rosbot_controller.egg-info/SOURCES.txt'
writing manifest file 'rosbot_controller.egg-info/SOURCES.txt'
running build_ext
running symlink_data
creating /home/user/seek_destroy_ws/install/rosbot_controller/share/ament_index
creating /home/user/seek_destroy_ws/install/rosbot_controller/share/ament_index/resource_index
creating /home/user/seek_destroy_ws/install/rosbot_controller/share/ament_index/resource_index/packages
symbolically linking /home/user/seek_destroy_ws/build/rosbot_controller/resource/rosbot_controller -> /home/user/seek_destroy_ws/install/rosbot_controller/share/ament_index/resource_index/packages
symbolically linking /home/user/seek_destroy_ws/build/rosbot_controller/package.xml -> /home/user/seek_destroy_ws/install/rosbot_controller/share/rosbot_controller
creating /home/user/seek_destroy_ws/install/rosbot_controller/share/rosbot_controller/config
creating /home/user/seek_destroy_ws/install/rosbot_controller/share/rosbot_controller/config/rosbot
symbolically linking /home/user/seek_destroy_ws/build/rosbot_controller/config/rosbot/controllers.yaml -> /home/user/seek_destroy_ws/install/rosbot_controller/share/rosbot_controller/config/rosbot
creating /home/user/seek_destroy_ws/install/rosbot_controller/share/rosbot_controller/config/rosbot_xl
symbolically linking /home/user/seek_destroy_ws/build/rosbot_controller/config/rosbot_xl/controllers.yaml -> /home/user/seek_destroy_ws/install/rosbot_controller/share/rosbot_controller/config/rosbot_xl
creating /home/user/seek_destroy_ws/install/rosbot_controller/share/rosbot_controller/launch
symbolically linking /home/user/seek_destroy_ws/build/rosbot_controller/launch/controller.launch.py -> /home/user/seek_destroy_ws/install/rosbot_controller/share/rosbot_controller/launch
symbolically linking /home/user/seek_destroy_ws/build/rosbot_controller/launch/manipulator.launch.py -> /home/user/seek_destroy_ws/install/rosbot_controller/share/rosbot_controller/launch
