-- The C compiler identification is GNU 11.4.0
-- The CXX compiler identification is GNU 11.4.0
-- Detecting C compiler ABI info
-- Detecting C compiler ABI info - done
-- Check for working C compiler: /usr/bin/cc - skipped
-- Detecting C compile features
-- Detecting C compile features - done
-- Detecting CXX compiler ABI info
-- Detecting CXX compiler ABI info - done
-- Check for working CXX compiler: /usr/bin/c++ - skipped
-- Detecting CXX compile features
-- Detecting CXX compile features - done
-- Found ament_cmake: 1.3.14 (/opt/ros/humble/share/ament_cmake/cmake)
-- Found Python3: /usr/bin/python3 (found version "3.10.12") found components: Interpreter 
-- Override CMake install command with custom implementation using symlinks instead of copying resources
-- Found hardware_interface: 2.53.1 (/opt/ros/humble/share/hardware_interface/cmake)
-- Found rosidl_generator_c: 3.1.8 (/opt/ros/humble/share/rosidl_generator_c/cmake)
-- Found rosidl_adapter: 3.1.8 (/opt/ros/humble/share/rosidl_adapter/cmake)
-- Found rosidl_generator_cpp: 3.1.8 (/opt/ros/humble/share/rosidl_generator_cpp/cmake)
-- Using all available rosidl_typesupport_c: rosidl_typesupport_fastrtps_c;rosidl_typesupport_introspection_c
-- Using all available rosidl_typesupport_cpp: rosidl_typesupport_fastrtps_cpp;rosidl_typesupport_introspection_cpp
-- Found rmw_implementation_cmake: 6.1.2 (/opt/ros/humble/share/rmw_implementation_cmake/cmake)
-- Found rmw_fastrtps_cpp: 6.2.10 (/opt/ros/humble/share/rmw_fastrtps_cpp/cmake)
-- Found TinyXML2 via Config file: TinyXML2_DIR-NOTFOUND
-- Found OpenSSL: /usr/lib/x86_64-linux-gnu/libcrypto.so (found version "3.0.2")  
-- Found TinyXML2 via Config file: TinyXML2_DIR-NOTFOUND
-- Found FastRTPS: /opt/ros/humble/include  
-- Found TinyXML2 via Config file: TinyXML2_DIR-NOTFOUND
-- Found TinyXML2 via Config file: TinyXML2_DIR-NOTFOUND
-- Using RMW implementation 'rmw_fastrtps_cpp' as default
-- Looking for pthread.h
-- Looking for pthread.h - found
-- Performing Test CMAKE_HAVE_LIBC_PTHREAD
-- Performing Test CMAKE_HAVE_LIBC_PTHREAD - Success
-- Found Threads: TRUE  
-- Found realtime_tools: 2.15.0 (/opt/ros/humble/share/realtime_tools/cmake)
-- Configuring done
-- Generating done
-- Build files have been written to: /home/user/seek_destroy_ws/build/rosbot_hardware_interfaces
[ 33%] [32mBuilding CXX object CMakeFiles/rosbot_hardware_interfaces.dir/src/rosbot_system.cpp.o[0m
[ 66%] [32mBuilding CXX object CMakeFiles/rosbot_hardware_interfaces.dir/src/rosbot_imu_sensor.cpp.o[0m
[100%] [32m[1mLinking CXX shared library librosbot_hardware_interfaces.so[0m
[100%] Built target rosbot_hardware_interfaces
-- Install configuration: ""
-- Execute custom install script
-- Symlinking: /home/user/seek_destroy_ws/install/rosbot_hardware_interfaces/share/rosbot_hardware_interfaces//rosbot_hardware_interfaces.xml
-- Symlinking: /home/user/seek_destroy_ws/install/rosbot_hardware_interfaces/include/rosbot_hardware_interfaces/rosbot_imu_sensor.hpp
-- Symlinking: /home/user/seek_destroy_ws/install/rosbot_hardware_interfaces/include/rosbot_hardware_interfaces/rosbot_system.hpp
-- Symlinking: /home/user/seek_destroy_ws/install/rosbot_hardware_interfaces/include/rosbot_hardware_interfaces/visibility_control.hpp
-- Symlinking: /home/user/seek_destroy_ws/install/rosbot_hardware_interfaces/lib/librosbot_hardware_interfaces.so
-- Symlinking: /home/user/seek_destroy_ws/install/rosbot_hardware_interfaces/share/rosbot_hardware_interfaces/environment/library_path.sh
-- Symlinking: /home/user/seek_destroy_ws/install/rosbot_hardware_interfaces/share/rosbot_hardware_interfaces/environment/library_path.dsv
-- Symlinking: /home/user/seek_destroy_ws/install/rosbot_hardware_interfaces/share/ament_index/resource_index/package_run_dependencies/rosbot_hardware_interfaces
-- Symlinking: /home/user/seek_destroy_ws/install/rosbot_hardware_interfaces/share/ament_index/resource_index/parent_prefix_path/rosbot_hardware_interfaces
-- Symlinking: /home/user/seek_destroy_ws/install/rosbot_hardware_interfaces/share/rosbot_hardware_interfaces/environment/ament_prefix_path.sh
-- Symlinking: /home/user/seek_destroy_ws/install/rosbot_hardware_interfaces/share/rosbot_hardware_interfaces/environment/ament_prefix_path.dsv
-- Symlinking: /home/user/seek_destroy_ws/install/rosbot_hardware_interfaces/share/rosbot_hardware_interfaces/environment/path.sh
-- Symlinking: /home/user/seek_destroy_ws/install/rosbot_hardware_interfaces/share/rosbot_hardware_interfaces/environment/path.dsv
-- Symlinking: /home/user/seek_destroy_ws/install/rosbot_hardware_interfaces/share/rosbot_hardware_interfaces/local_setup.bash
-- Symlinking: /home/user/seek_destroy_ws/install/rosbot_hardware_interfaces/share/rosbot_hardware_interfaces/local_setup.sh
-- Symlinking: /home/user/seek_destroy_ws/install/rosbot_hardware_interfaces/share/rosbot_hardware_interfaces/local_setup.zsh
-- Symlinking: /home/user/seek_destroy_ws/install/rosbot_hardware_interfaces/share/rosbot_hardware_interfaces/local_setup.dsv
-- Symlinking: /home/user/seek_destroy_ws/install/rosbot_hardware_interfaces/share/rosbot_hardware_interfaces/package.dsv
-- Symlinking: /home/user/seek_destroy_ws/install/rosbot_hardware_interfaces/share/ament_index/resource_index/packages/rosbot_hardware_interfaces
-- Symlinking: /home/user/seek_destroy_ws/install/rosbot_hardware_interfaces/share/ament_index/resource_index/hardware_interface__pluginlib__plugin/rosbot_hardware_interfaces
-- Symlinking: /home/user/seek_destroy_ws/install/rosbot_hardware_interfaces/share/rosbot_hardware_interfaces/cmake/ament_cmake_export_include_directories-extras.cmake
-- Symlinking: /home/user/seek_destroy_ws/install/rosbot_hardware_interfaces/share/rosbot_hardware_interfaces/cmake/ament_cmake_export_libraries-extras.cmake
-- Symlinking: /home/user/seek_destroy_ws/install/rosbot_hardware_interfaces/share/rosbot_hardware_interfaces/cmake/ament_cmake_export_dependencies-extras.cmake
-- Symlinking: /home/user/seek_destroy_ws/install/rosbot_hardware_interfaces/share/rosbot_hardware_interfaces/cmake/rosbot_hardware_interfacesConfig.cmake
-- Symlinking: /home/user/seek_destroy_ws/install/rosbot_hardware_interfaces/share/rosbot_hardware_interfaces/cmake/rosbot_hardware_interfacesConfig-version.cmake
-- Symlinking: /home/user/seek_destroy_ws/install/rosbot_hardware_interfaces/share/rosbot_hardware_interfaces/package.xml
