[10.488s] Invoking command in '/home/user/seek_destroy_ws/build/rosbot_hardware_interfaces': CMAKE_PREFIX_PATH=${CMAKE_PREFIX_PATH}:/home/user/seek_destroy_ws/install/rosbot_controller:/home/user/seek_destroy_ws/install/rosbot_utils:/home/user/seek_destroy_ws/install/rosbot_gazebo:/home/user/seek_destroy_ws/install/rosbot_bringup:/opt/ros/humble _=/usr/bin/env /usr/bin/cmake /home/user/seek_destroy_ws/src/rosbot_ros/rosbot_hardware_interfaces -DAMENT_CMAKE_SYMLINK_INSTALL=1 -DCMAKE_INSTALL_PREFIX=/home/user/seek_destroy_ws/install/rosbot_hardware_interfaces
[11.603s] -- The C compiler identification is GNU 11.4.0
[13.581s] -- The CXX compiler identification is GNU 11.4.0
[13.690s] -- Detecting C compiler ABI info
[15.183s] -- Detecting C compiler ABI info - done
[15.198s] -- Check for working C compiler: /usr/bin/cc - skipped
[15.198s] -- Detecting C compile features
[15.198s] -- Detecting C compile features - done
[15.203s] -- Detecting CXX compiler ABI info
[17.291s] -- Detecting CXX compiler ABI info - done
[17.502s] -- Check for working CXX compiler: /usr/bin/c++ - skipped
[17.503s] -- Detecting CXX compile features
[17.681s] -- Detecting CXX compile features - done
[17.891s] -- Found ament_cmake: 1.3.14 (/opt/ros/humble/share/ament_cmake/cmake)
[28.982s] -- Found Python3: /usr/bin/python3 (found version "3.10.12") found components: Interpreter 
[29.582s] -- Override CMake install command with custom implementation using symlinks instead of copying resources
[31.585s] -- Found hardware_interface: 2.53.1 (/opt/ros/humble/share/hardware_interface/cmake)
[34.897s] -- Found rosidl_generator_c: 3.1.8 (/opt/ros/humble/share/rosidl_generator_c/cmake)
[35.401s] -- Found rosidl_adapter: 3.1.8 (/opt/ros/humble/share/rosidl_adapter/cmake)
[36.082s] -- Found rosidl_generator_cpp: 3.1.8 (/opt/ros/humble/share/rosidl_generator_cpp/cmake)
[36.894s] -- Using all available rosidl_typesupport_c: rosidl_typesupport_fastrtps_c;rosidl_typesupport_introspection_c
[37.694s] -- Using all available rosidl_typesupport_cpp: rosidl_typesupport_fastrtps_cpp;rosidl_typesupport_introspection_cpp
[47.293s] -- Found rmw_implementation_cmake: 6.1.2 (/opt/ros/humble/share/rmw_implementation_cmake/cmake)
[47.503s] -- Found rmw_fastrtps_cpp: 6.2.10 (/opt/ros/humble/share/rmw_fastrtps_cpp/cmake)
[48.588s] -- Found TinyXML2 via Config file: TinyXML2_DIR-NOTFOUND
[49.706s] -- Found OpenSSL: /usr/lib/x86_64-linux-gnu/libcrypto.so (found version "3.0.2")  
[49.790s] -- Found TinyXML2 via Config file: TinyXML2_DIR-NOTFOUND
[49.983s] -- Found FastRTPS: /opt/ros/humble/include  
[50.088s] -- Found TinyXML2 via Config file: TinyXML2_DIR-NOTFOUND
[50.206s] -- Found TinyXML2 via Config file: TinyXML2_DIR-NOTFOUND
[50.308s] -- Using RMW implementation 'rmw_fastrtps_cpp' as default
[50.783s] -- Looking for pthread.h
[51.594s] -- Looking for pthread.h - found
[51.594s] -- Performing Test CMAKE_HAVE_LIBC_PTHREAD
[53.084s] -- Performing Test CMAKE_HAVE_LIBC_PTHREAD - Success
[53.085s] -- Found Threads: TRUE  
[54.591s] -- Found realtime_tools: 2.15.0 (/opt/ros/humble/share/realtime_tools/cmake)
[55.809s] -- Configuring done
[55.917s] -- Generating done
[55.981s] -- Build files have been written to: /home/user/seek_destroy_ws/build/rosbot_hardware_interfaces
[55.998s] Invoked command in '/home/user/seek_destroy_ws/build/rosbot_hardware_interfaces' returned '0': CMAKE_PREFIX_PATH=${CMAKE_PREFIX_PATH}:/home/user/seek_destroy_ws/install/rosbot_controller:/home/user/seek_destroy_ws/install/rosbot_utils:/home/user/seek_destroy_ws/install/rosbot_gazebo:/home/user/seek_destroy_ws/install/rosbot_bringup:/opt/ros/humble _=/usr/bin/env /usr/bin/cmake /home/user/seek_destroy_ws/src/rosbot_ros/rosbot_hardware_interfaces -DAMENT_CMAKE_SYMLINK_INSTALL=1 -DCMAKE_INSTALL_PREFIX=/home/user/seek_destroy_ws/install/rosbot_hardware_interfaces
[56.083s] Invoking command in '/home/user/seek_destroy_ws/build/rosbot_hardware_interfaces': CMAKE_PREFIX_PATH=${CMAKE_PREFIX_PATH}:/home/user/seek_destroy_ws/install/rosbot_controller:/home/user/seek_destroy_ws/install/rosbot_utils:/home/user/seek_destroy_ws/install/rosbot_gazebo:/home/user/seek_destroy_ws/install/rosbot_bringup:/opt/ros/humble _=/usr/bin/env /usr/bin/cmake --build /home/user/seek_destroy_ws/build/rosbot_hardware_interfaces -- -j8 -l8
[57.093s] [ 33%] [32mBuilding CXX object CMakeFiles/rosbot_hardware_interfaces.dir/src/rosbot_system.cpp.o[0m
[149.994s] [ 66%] [32mBuilding CXX object CMakeFiles/rosbot_hardware_interfaces.dir/src/rosbot_imu_sensor.cpp.o[0m
[224.904s] [100%] [32m[1mLinking CXX shared library librosbot_hardware_interfaces.so[0m
[234.011s] [100%] Built target rosbot_hardware_interfaces
[234.204s] Invoked command in '/home/user/seek_destroy_ws/build/rosbot_hardware_interfaces' returned '0': CMAKE_PREFIX_PATH=${CMAKE_PREFIX_PATH}:/home/user/seek_destroy_ws/install/rosbot_controller:/home/user/seek_destroy_ws/install/rosbot_utils:/home/user/seek_destroy_ws/install/rosbot_gazebo:/home/user/seek_destroy_ws/install/rosbot_bringup:/opt/ros/humble _=/usr/bin/env /usr/bin/cmake --build /home/user/seek_destroy_ws/build/rosbot_hardware_interfaces -- -j8 -l8
[234.282s] Invoking command in '/home/user/seek_destroy_ws/build/rosbot_hardware_interfaces': CMAKE_PREFIX_PATH=${CMAKE_PREFIX_PATH}:/home/user/seek_destroy_ws/install/rosbot_controller:/home/user/seek_destroy_ws/install/rosbot_utils:/home/user/seek_destroy_ws/install/rosbot_gazebo:/home/user/seek_destroy_ws/install/rosbot_bringup:/opt/ros/humble _=/usr/bin/env /usr/bin/cmake --install /home/user/seek_destroy_ws/build/rosbot_hardware_interfaces
[234.389s] -- Install configuration: ""
[234.395s] -- Execute custom install script
[234.396s] -- Symlinking: /home/user/seek_destroy_ws/install/rosbot_hardware_interfaces/share/rosbot_hardware_interfaces//rosbot_hardware_interfaces.xml
[234.682s] -- Symlinking: /home/user/seek_destroy_ws/install/rosbot_hardware_interfaces/include/rosbot_hardware_interfaces/rosbot_imu_sensor.hpp
[234.984s] -- Symlinking: /home/user/seek_destroy_ws/install/rosbot_hardware_interfaces/include/rosbot_hardware_interfaces/rosbot_system.hpp
[235.001s] -- Symlinking: /home/user/seek_destroy_ws/install/rosbot_hardware_interfaces/include/rosbot_hardware_interfaces/visibility_control.hpp
[235.082s] -- Symlinking: /home/user/seek_destroy_ws/install/rosbot_hardware_interfaces/lib/librosbot_hardware_interfaces.so
[235.186s] -- Symlinking: /home/user/seek_destroy_ws/install/rosbot_hardware_interfaces/share/rosbot_hardware_interfaces/environment/library_path.sh
[235.384s] -- Symlinking: /home/user/seek_destroy_ws/install/rosbot_hardware_interfaces/share/rosbot_hardware_interfaces/environment/library_path.dsv
[235.582s] -- Symlinking: /home/user/seek_destroy_ws/install/rosbot_hardware_interfaces/share/ament_index/resource_index/package_run_dependencies/rosbot_hardware_interfaces
[235.709s] -- Symlinking: /home/user/seek_destroy_ws/install/rosbot_hardware_interfaces/share/ament_index/resource_index/parent_prefix_path/rosbot_hardware_interfaces
[235.881s] -- Symlinking: /home/user/seek_destroy_ws/install/rosbot_hardware_interfaces/share/rosbot_hardware_interfaces/environment/ament_prefix_path.sh
[235.982s] -- Symlinking: /home/user/seek_destroy_ws/install/rosbot_hardware_interfaces/share/rosbot_hardware_interfaces/environment/ament_prefix_path.dsv
[236.098s] -- Symlinking: /home/user/seek_destroy_ws/install/rosbot_hardware_interfaces/share/rosbot_hardware_interfaces/environment/path.sh
[236.298s] -- Symlinking: /home/user/seek_destroy_ws/install/rosbot_hardware_interfaces/share/rosbot_hardware_interfaces/environment/path.dsv
[236.389s] -- Symlinking: /home/user/seek_destroy_ws/install/rosbot_hardware_interfaces/share/rosbot_hardware_interfaces/local_setup.bash
[236.481s] -- Symlinking: /home/user/seek_destroy_ws/install/rosbot_hardware_interfaces/share/rosbot_hardware_interfaces/local_setup.sh
[236.590s] -- Symlinking: /home/user/seek_destroy_ws/install/rosbot_hardware_interfaces/share/rosbot_hardware_interfaces/local_setup.zsh
[236.688s] -- Symlinking: /home/user/seek_destroy_ws/install/rosbot_hardware_interfaces/share/rosbot_hardware_interfaces/local_setup.dsv
[236.704s] -- Symlinking: /home/user/seek_destroy_ws/install/rosbot_hardware_interfaces/share/rosbot_hardware_interfaces/package.dsv
[236.781s] -- Symlinking: /home/user/seek_destroy_ws/install/rosbot_hardware_interfaces/share/ament_index/resource_index/packages/rosbot_hardware_interfaces
[236.895s] -- Symlinking: /home/user/seek_destroy_ws/install/rosbot_hardware_interfaces/share/ament_index/resource_index/hardware_interface__pluginlib__plugin/rosbot_hardware_interfaces
[237.095s] -- Symlinking: /home/user/seek_destroy_ws/install/rosbot_hardware_interfaces/share/rosbot_hardware_interfaces/cmake/ament_cmake_export_include_directories-extras.cmake
[237.297s] -- Symlinking: /home/user/seek_destroy_ws/install/rosbot_hardware_interfaces/share/rosbot_hardware_interfaces/cmake/ament_cmake_export_libraries-extras.cmake
[237.407s] -- Symlinking: /home/user/seek_destroy_ws/install/rosbot_hardware_interfaces/share/rosbot_hardware_interfaces/cmake/ament_cmake_export_dependencies-extras.cmake
[237.490s] -- Symlinking: /home/user/seek_destroy_ws/install/rosbot_hardware_interfaces/share/rosbot_hardware_interfaces/cmake/rosbot_hardware_interfacesConfig.cmake
[237.504s] -- Symlinking: /home/user/seek_destroy_ws/install/rosbot_hardware_interfaces/share/rosbot_hardware_interfaces/cmake/rosbot_hardware_interfacesConfig-version.cmake
[237.598s] -- Symlinking: /home/user/seek_destroy_ws/install/rosbot_hardware_interfaces/share/rosbot_hardware_interfaces/package.xml
[237.900s] Invoked command in '/home/user/seek_destroy_ws/build/rosbot_hardware_interfaces' returned '0': CMAKE_PREFIX_PATH=${CMAKE_PREFIX_PATH}:/home/user/seek_destroy_ws/install/rosbot_controller:/home/user/seek_destroy_ws/install/rosbot_utils:/home/user/seek_destroy_ws/install/rosbot_gazebo:/home/user/seek_destroy_ws/install/rosbot_bringup:/opt/ros/humble _=/usr/bin/env /usr/bin/cmake --install /home/user/seek_destroy_ws/build/rosbot_hardware_interfaces
