-- The C compiler identification is GNU 11.4.0
-- The CXX compiler identification is GNU 11.4.0
-- Detecting C compiler ABI info
-- Detecting C compiler ABI info - done
-- Check for working C compiler: /usr/bin/cc - skipped
-- Detecting C compile features
-- Detecting C compile features - done
-- Detecting CXX compiler ABI info
-- Detecting CXX compiler ABI info - done
-- Check for working CXX compiler: /usr/bin/c++ - skipped
-- Detecting CXX compile features
-- Detecting CXX compile features - done
-- Found ament_cmake: 1.3.14 (/opt/ros/humble/share/ament_cmake/cmake)
-- Found Python3: /usr/bin/python3 (found version "3.10.12") found components: Interpreter 
-- Override CMake install command with custom implementation using symlinks instead of copying resources
-- Configuring done
-- Generating done
-- Build files have been written to: /home/user/seek_destroy_ws/build/rosbot_localization
-- Install configuration: ""
-- Execute custom install script
-- Symlinking: /home/user/seek_destroy_ws/install/rosbot_localization/share/rosbot_localization/config/ekf.yaml
-- Symlinking: /home/user/seek_destroy_ws/install/rosbot_localization/share/rosbot_localization/launch/ekf.launch.py
-- Symlinking: /home/user/seek_destroy_ws/install/rosbot_localization/share/ament_index/resource_index/package_run_dependencies/rosbot_localization
-- Symlinking: /home/user/seek_destroy_ws/install/rosbot_localization/share/ament_index/resource_index/parent_prefix_path/rosbot_localization
-- Symlinking: /home/user/seek_destroy_ws/install/rosbot_localization/share/rosbot_localization/environment/ament_prefix_path.sh
-- Symlinking: /home/user/seek_destroy_ws/install/rosbot_localization/share/rosbot_localization/environment/ament_prefix_path.dsv
-- Symlinking: /home/user/seek_destroy_ws/install/rosbot_localization/share/rosbot_localization/environment/path.sh
-- Symlinking: /home/user/seek_destroy_ws/install/rosbot_localization/share/rosbot_localization/environment/path.dsv
-- Symlinking: /home/user/seek_destroy_ws/install/rosbot_localization/share/rosbot_localization/local_setup.bash
-- Symlinking: /home/user/seek_destroy_ws/install/rosbot_localization/share/rosbot_localization/local_setup.sh
-- Symlinking: /home/user/seek_destroy_ws/install/rosbot_localization/share/rosbot_localization/local_setup.zsh
-- Symlinking: /home/user/seek_destroy_ws/install/rosbot_localization/share/rosbot_localization/local_setup.dsv
-- Symlinking: /home/user/seek_destroy_ws/install/rosbot_localization/share/rosbot_localization/package.dsv
-- Symlinking: /home/user/seek_destroy_ws/install/rosbot_localization/share/ament_index/resource_index/packages/rosbot_localization
-- Symlinking: /home/user/seek_destroy_ws/install/rosbot_localization/share/rosbot_localization/cmake/rosbot_localizationConfig.cmake
-- Symlinking: /home/user/seek_destroy_ws/install/rosbot_localization/share/rosbot_localization/cmake/rosbot_localizationConfig-version.cmake
-- Symlinking: /home/user/seek_destroy_ws/install/rosbot_localization/share/rosbot_localization/package.xml
