[0.060s] Invoking command in '/home/user/seek_destroy_ws/build/explore_lite_msgs': CMAKE_PREFIX_PATH=${CMAKE_PREFIX_PATH}:/home/user/seek_destroy_ws/install/rosbot_controller:/home/user/seek_destroy_ws/install/rosbot_utils:/home/user/seek_destroy_ws/install/rosbot_gazebo:/home/user/seek_destroy_ws/install/rosbot_bringup:/home/user/seek_destroy_ws/install/autonomous_exploration:/opt/ros/humble _=/usr/bin/env /usr/bin/cmake /home/user/seek_destroy_ws/src/m-explore-ros2/explore_lite_msgs -DAMENT_CMAKE_SYMLINK_INSTALL=1 -DCMAKE_INSTALL_PREFIX=/home/user/seek_destroy_ws/install/explore_lite_msgs
[0.914s] -- The C compiler identification is GNU 11.4.0
[0.915s] -- The CXX compiler identification is GNU 11.4.0
[0.915s] -- Detecting C compiler ABI info
[0.915s] -- Detecting C compiler ABI info - done
[0.915s] -- Check for working C compiler: /usr/bin/cc - skipped
[0.915s] -- Detecting C compile features
[0.916s] -- Detecting C compile features - done
[0.916s] -- Detecting CXX compiler ABI info
[1.008s] -- Detecting CXX compiler ABI info - done
[1.020s] -- Check for working CXX compiler: /usr/bin/c++ - skipped
[1.020s] -- Detecting CXX compile features
[1.079s] -- Detecting CXX compile features - done
[1.193s] -- Found ament_cmake: 1.3.12 (/opt/ros/humble/share/ament_cmake/cmake)
[5.180s] -- Found Python3: /usr/bin/python3 (found version "3.10.12") found components: Interpreter 
[5.798s] -- Override CMake install command with custom implementation using symlinks instead of copying resources
[6.588s] -- Found rosidl_default_generators: 1.2.0 (/opt/ros/humble/share/rosidl_default_generators/cmake)
[6.706s] -- Using all available rosidl_typesupport_c: rosidl_typesupport_fastrtps_c;rosidl_typesupport_introspection_c
[6.880s] -- Found rosidl_adapter: 3.1.7 (/opt/ros/humble/share/rosidl_adapter/cmake)
[7.818s] -- Using all available rosidl_typesupport_cpp: rosidl_typesupport_fastrtps_cpp;rosidl_typesupport_introspection_cpp
[8.908s] -- Found ament_cmake_ros: 0.10.0 (/opt/ros/humble/share/ament_cmake_ros/cmake)
[10.017s] -- Using all available rosidl_typesupport_c: rosidl_typesupport_fastrtps_c;rosidl_typesupport_introspection_c
[11.504s] -- Using all available rosidl_typesupport_cpp: rosidl_typesupport_fastrtps_cpp;rosidl_typesupport_introspection_cpp
[11.690s] -- Found PythonInterp: /usr/bin/python3 (found suitable version "3.10.12", minimum required is "3.6") 
[11.708s] -- Found python_cmake_module: 0.10.0 (/opt/ros/humble/share/python_cmake_module/cmake)
[11.992s] -- Found PythonLibs: /usr/lib/x86_64-linux-gnu/libpython3.10.so (found suitable version "3.10.12", minimum required is "3.5") 
[11.992s] -- Using PYTHON_EXECUTABLE: /usr/bin/python3
[11.993s] -- Using PYTHON_INCLUDE_DIRS: /usr/include/python3.10
[11.993s] -- Using PYTHON_LIBRARIES: /usr/lib/x86_64-linux-gnu/libpython3.10.so
[12.130s] -- Found PythonExtra: .so  
[12.905s] -- Using numpy include directory: /usr/local/lib/python3.10/dist-packages/numpy/_core/include
[13.084s] -- Configuring done
[13.210s] -- Generating done
[13.316s] -- Build files have been written to: /home/user/seek_destroy_ws/build/explore_lite_msgs
[13.396s] Invoked command in '/home/user/seek_destroy_ws/build/explore_lite_msgs' returned '0': CMAKE_PREFIX_PATH=${CMAKE_PREFIX_PATH}:/home/user/seek_destroy_ws/install/rosbot_controller:/home/user/seek_destroy_ws/install/rosbot_utils:/home/user/seek_destroy_ws/install/rosbot_gazebo:/home/user/seek_destroy_ws/install/rosbot_bringup:/home/user/seek_destroy_ws/install/autonomous_exploration:/opt/ros/humble _=/usr/bin/env /usr/bin/cmake /home/user/seek_destroy_ws/src/m-explore-ros2/explore_lite_msgs -DAMENT_CMAKE_SYMLINK_INSTALL=1 -DCMAKE_INSTALL_PREFIX=/home/user/seek_destroy_ws/install/explore_lite_msgs
[13.397s] Invoking command in '/home/user/seek_destroy_ws/build/explore_lite_msgs': CMAKE_PREFIX_PATH=${CMAKE_PREFIX_PATH}:/home/user/seek_destroy_ws/install/rosbot_controller:/home/user/seek_destroy_ws/install/rosbot_utils:/home/user/seek_destroy_ws/install/rosbot_gazebo:/home/user/seek_destroy_ws/install/rosbot_bringup:/home/user/seek_destroy_ws/install/autonomous_exploration:/opt/ros/humble _=/usr/bin/env /usr/bin/cmake --build /home/user/seek_destroy_ws/build/explore_lite_msgs -- -j8 -l8
[14.609s] [  3%] [34m[1mGenerating C code for ROS interfaces[0m
[14.609s] [  6%] [34m[1mGenerating C++ code for ROS interfaces[0m
[14.609s] [  6%] Built target ament_cmake_python_symlink_explore_lite_msgs
[15.800s] running egg_info
[15.815s] creating explore_lite_msgs.egg-info
[15.815s] writing manifest file 'explore_lite_msgs.egg-info/SOURCES.txt'
[15.816s] writing manifest file 'explore_lite_msgs.egg-info/SOURCES.txt'
[15.902s] [  9%] [32mBuilding C object CMakeFiles/explore_lite_msgs__rosidl_generator_c.dir/rosidl_generator_c/explore_lite_msgs/msg/detail/explore_status__functions.c.o[0m
[16.079s] [  9%] Built target explore_lite_msgs__cpp
[16.079s] [  9%] Built target ament_cmake_python_build_explore_lite_msgs_egg
[16.094s] [ 12%] [34m[1mGenerating C++ type support for eProsima Fast-RTPS[0m
[16.099s] [ 16%] [34m[1mGenerating C++ type support dispatch for ROS interfaces[0m
[16.108s] [ 19%] [34m[1mGenerating C++ introspection for ROS interfaces[0m
[16.403s] [ 22%] [32m[1mLinking C shared library libexplore_lite_msgs__rosidl_generator_c.so[0m
[16.792s] [ 22%] Built target explore_lite_msgs__rosidl_generator_c
[16.893s] [ 25%] [34m[1mGenerating C type support for eProsima Fast-RTPS[0m
[16.979s] [ 29%] [34m[1mGenerating C type support dispatch for ROS interfaces[0m
[16.979s] [ 32%] [34m[1mGenerating C introspection for ROS interfaces[0m
[18.095s] [ 35%] [32mBuilding CXX object CMakeFiles/explore_lite_msgs__rosidl_typesupport_fastrtps_cpp.dir/rosidl_typesupport_fastrtps_cpp/explore_lite_msgs/msg/detail/dds_fastrtps/explore_status__type_support.cpp.o[0m
[18.189s] [ 38%] [32mBuilding CXX object CMakeFiles/explore_lite_msgs__rosidl_typesupport_introspection_cpp.dir/rosidl_typesupport_introspection_cpp/explore_lite_msgs/msg/detail/explore_status__type_support.cpp.o[0m
[18.286s] [ 41%] [32mBuilding CXX object CMakeFiles/explore_lite_msgs__rosidl_typesupport_cpp.dir/rosidl_typesupport_cpp/explore_lite_msgs/msg/explore_status__type_support.cpp.o[0m
[18.803s] [ 45%] [32mBuilding CXX object CMakeFiles/explore_lite_msgs__rosidl_typesupport_c.dir/rosidl_typesupport_c/explore_lite_msgs/msg/explore_status__type_support.cpp.o[0m
[18.919s] [ 48%] [32mBuilding CXX object CMakeFiles/explore_lite_msgs__rosidl_typesupport_fastrtps_c.dir/rosidl_typesupport_fastrtps_c/explore_lite_msgs/msg/detail/explore_status__type_support_c.cpp.o[0m
[19.096s] [ 51%] [32m[1mLinking CXX shared library libexplore_lite_msgs__rosidl_typesupport_c.so[0m
[19.286s] [ 54%] [32mBuilding C object CMakeFiles/explore_lite_msgs__rosidl_typesupport_introspection_c.dir/rosidl_typesupport_introspection_c/explore_lite_msgs/msg/detail/explore_status__type_support.c.o[0m
[19.408s] [ 54%] Built target explore_lite_msgs__rosidl_typesupport_c
[19.502s] [ 58%] [32m[1mLinking C shared library libexplore_lite_msgs__rosidl_typesupport_introspection_c.so[0m
[19.704s] [ 58%] Built target explore_lite_msgs__rosidl_typesupport_introspection_c
[19.998s] [ 61%] [32m[1mLinking CXX shared library libexplore_lite_msgs__rosidl_typesupport_cpp.so[0m
[20.118s] [ 61%] Built target explore_lite_msgs__rosidl_typesupport_cpp
[20.216s] [ 64%] [32m[1mLinking CXX shared library libexplore_lite_msgs__rosidl_typesupport_introspection_cpp.so[0m
[20.318s] [ 67%] [32m[1mLinking CXX shared library libexplore_lite_msgs__rosidl_typesupport_fastrtps_cpp.so[0m
[20.490s] [ 67%] Built target explore_lite_msgs__rosidl_typesupport_introspection_cpp
[20.504s] [ 70%] [32m[1mLinking CXX shared library libexplore_lite_msgs__rosidl_typesupport_fastrtps_c.so[0m
[20.603s] [ 70%] Built target explore_lite_msgs__rosidl_typesupport_fastrtps_cpp
[20.727s] [ 70%] Built target explore_lite_msgs__rosidl_typesupport_fastrtps_c
[20.817s] [ 70%] Built target explore_lite_msgs
[20.897s] [ 74%] [34m[1mGenerating Python code for ROS interfaces[0m
[22.005s] [ 74%] Built target explore_lite_msgs__py
[22.089s] [ 77%] [32mBuilding C object CMakeFiles/explore_lite_msgs__rosidl_generator_py.dir/rosidl_generator_py/explore_lite_msgs/msg/_explore_status_s.c.o[0m
[22.983s] [ 80%] [32m[1mLinking C shared library rosidl_generator_py/explore_lite_msgs/libexplore_lite_msgs__rosidl_generator_py.so[0m
[23.301s] [ 80%] Built target explore_lite_msgs__rosidl_generator_py
[23.413s] [ 83%] [32mBuilding C object CMakeFiles/explore_lite_msgs__rosidl_typesupport_fastrtps_c__pyext.dir/rosidl_generator_py/explore_lite_msgs/_explore_lite_msgs_s.ep.rosidl_typesupport_fastrtps_c.c.o[0m
[23.499s] [ 87%] [32mBuilding C object CMakeFiles/explore_lite_msgs__rosidl_typesupport_introspection_c__pyext.dir/rosidl_generator_py/explore_lite_msgs/_explore_lite_msgs_s.ep.rosidl_typesupport_introspection_c.c.o[0m
[23.502s] [ 90%] [32mBuilding C object CMakeFiles/explore_lite_msgs__rosidl_typesupport_c__pyext.dir/rosidl_generator_py/explore_lite_msgs/_explore_lite_msgs_s.ep.rosidl_typesupport_c.c.o[0m
[24.197s] [ 93%] [32m[1mLinking C shared library rosidl_generator_py/explore_lite_msgs/explore_lite_msgs_s__rosidl_typesupport_introspection_c.cpython-310-x86_64-linux-gnu.so[0m
[24.200s] [ 96%] [32m[1mLinking C shared library rosidl_generator_py/explore_lite_msgs/explore_lite_msgs_s__rosidl_typesupport_fastrtps_c.cpython-310-x86_64-linux-gnu.so[0m
[24.391s] [100%] [32m[1mLinking C shared library rosidl_generator_py/explore_lite_msgs/explore_lite_msgs_s__rosidl_typesupport_c.cpython-310-x86_64-linux-gnu.so[0m
[24.579s] [100%] Built target explore_lite_msgs__rosidl_typesupport_fastrtps_c__pyext
[24.580s] [100%] Built target explore_lite_msgs__rosidl_typesupport_introspection_c__pyext
[24.597s] [100%] Built target explore_lite_msgs__rosidl_typesupport_c__pyext
[24.803s] Invoked command in '/home/user/seek_destroy_ws/build/explore_lite_msgs' returned '0': CMAKE_PREFIX_PATH=${CMAKE_PREFIX_PATH}:/home/user/seek_destroy_ws/install/rosbot_controller:/home/user/seek_destroy_ws/install/rosbot_utils:/home/user/seek_destroy_ws/install/rosbot_gazebo:/home/user/seek_destroy_ws/install/rosbot_bringup:/home/user/seek_destroy_ws/install/autonomous_exploration:/opt/ros/humble _=/usr/bin/env /usr/bin/cmake --build /home/user/seek_destroy_ws/build/explore_lite_msgs -- -j8 -l8
[24.879s] Invoking command in '/home/user/seek_destroy_ws/build/explore_lite_msgs': CMAKE_PREFIX_PATH=${CMAKE_PREFIX_PATH}:/home/user/seek_destroy_ws/install/rosbot_controller:/home/user/seek_destroy_ws/install/rosbot_utils:/home/user/seek_destroy_ws/install/rosbot_gazebo:/home/user/seek_destroy_ws/install/rosbot_bringup:/home/user/seek_destroy_ws/install/autonomous_exploration:/opt/ros/humble _=/usr/bin/env /usr/bin/cmake --install /home/user/seek_destroy_ws/build/explore_lite_msgs
[24.882s] -- Install configuration: ""
[24.883s] -- Execute custom install script
[24.883s] -- Symlinking: /home/user/seek_destroy_ws/install/explore_lite_msgs/share/ament_index/resource_index/rosidl_interfaces/explore_lite_msgs
[25.081s] -- Symlinking: /home/user/seek_destroy_ws/install/explore_lite_msgs/include/explore_lite_msgs/explore_lite_msgs/msg/detail/explore_status__functions.h
[25.103s] -- Symlinking: /home/user/seek_destroy_ws/install/explore_lite_msgs/include/explore_lite_msgs/explore_lite_msgs/msg/detail/explore_status__struct.h
[25.191s] -- Symlinking: /home/user/seek_destroy_ws/install/explore_lite_msgs/include/explore_lite_msgs/explore_lite_msgs/msg/detail/explore_status__type_support.h
[25.280s] -- Symlinking: /home/user/seek_destroy_ws/install/explore_lite_msgs/include/explore_lite_msgs/explore_lite_msgs/msg/explore_status.h
[25.314s] -- Symlinking: /home/user/seek_destroy_ws/install/explore_lite_msgs/include/explore_lite_msgs/explore_lite_msgs/msg/rosidl_generator_c__visibility_control.h
[25.405s] -- Symlinking: /home/user/seek_destroy_ws/install/explore_lite_msgs/share/explore_lite_msgs/environment/library_path.sh
[25.490s] -- Symlinking: /home/user/seek_destroy_ws/install/explore_lite_msgs/share/explore_lite_msgs/environment/library_path.dsv
[25.502s] -- Symlinking: /home/user/seek_destroy_ws/install/explore_lite_msgs/include/explore_lite_msgs/explore_lite_msgs/msg/detail/explore_status__rosidl_typesupport_fastrtps_c.h
[25.688s] -- Symlinking: /home/user/seek_destroy_ws/install/explore_lite_msgs/include/explore_lite_msgs/explore_lite_msgs/msg/rosidl_typesupport_fastrtps_c__visibility_control.h
[25.879s] -- Symlinking: /home/user/seek_destroy_ws/install/explore_lite_msgs/include/explore_lite_msgs/explore_lite_msgs/msg/detail/explore_status__rosidl_typesupport_introspection_c.h
[25.987s] -- Symlinking: /home/user/seek_destroy_ws/install/explore_lite_msgs/include/explore_lite_msgs/explore_lite_msgs/msg/rosidl_typesupport_introspection_c__visibility_control.h
[26.105s] -- Symlinking: /home/user/seek_destroy_ws/install/explore_lite_msgs/include/explore_lite_msgs/explore_lite_msgs/msg/detail/explore_status__builder.hpp
[26.281s] -- Symlinking: /home/user/seek_destroy_ws/install/explore_lite_msgs/include/explore_lite_msgs/explore_lite_msgs/msg/detail/explore_status__struct.hpp
[26.393s] -- Symlinking: /home/user/seek_destroy_ws/install/explore_lite_msgs/include/explore_lite_msgs/explore_lite_msgs/msg/detail/explore_status__traits.hpp
[26.506s] -- Symlinking: /home/user/seek_destroy_ws/install/explore_lite_msgs/include/explore_lite_msgs/explore_lite_msgs/msg/detail/explore_status__type_support.hpp
[26.683s] -- Symlinking: /home/user/seek_destroy_ws/install/explore_lite_msgs/include/explore_lite_msgs/explore_lite_msgs/msg/explore_status.hpp
[26.806s] -- Symlinking: /home/user/seek_destroy_ws/install/explore_lite_msgs/include/explore_lite_msgs/explore_lite_msgs/msg/rosidl_generator_cpp__visibility_control.hpp
[26.884s] -- Symlinking: /home/user/seek_destroy_ws/install/explore_lite_msgs/include/explore_lite_msgs/explore_lite_msgs/msg/detail/explore_status__rosidl_typesupport_fastrtps_cpp.hpp
[27.081s] -- Symlinking: /home/user/seek_destroy_ws/install/explore_lite_msgs/include/explore_lite_msgs/explore_lite_msgs/msg/rosidl_typesupport_fastrtps_cpp__visibility_control.h
[27.181s] -- Symlinking: /home/user/seek_destroy_ws/install/explore_lite_msgs/include/explore_lite_msgs/explore_lite_msgs/msg/detail/explore_status__rosidl_typesupport_introspection_cpp.hpp
[27.196s] -- Symlinking: /home/user/seek_destroy_ws/install/explore_lite_msgs/share/explore_lite_msgs/environment/pythonpath.sh
[27.280s] -- Symlinking: /home/user/seek_destroy_ws/install/explore_lite_msgs/share/explore_lite_msgs/environment/pythonpath.dsv
[27.379s] -- Symlinking: /home/user/seek_destroy_ws/install/explore_lite_msgs/local/lib/python3.10/dist-packages/explore_lite_msgs-1.0.0-py3.10.egg-info/PKG-INFO
[27.480s] -- Symlinking: /home/user/seek_destroy_ws/install/explore_lite_msgs/local/lib/python3.10/dist-packages/explore_lite_msgs-1.0.0-py3.10.egg-info/SOURCES.txt
[27.581s] -- Symlinking: /home/user/seek_destroy_ws/install/explore_lite_msgs/local/lib/python3.10/dist-packages/explore_lite_msgs-1.0.0-py3.10.egg-info/dependency_links.txt
[27.685s] -- Symlinking: /home/user/seek_destroy_ws/install/explore_lite_msgs/local/lib/python3.10/dist-packages/explore_lite_msgs-1.0.0-py3.10.egg-info/top_level.txt
[27.797s] -- Symlinking: /home/user/seek_destroy_ws/install/explore_lite_msgs/local/lib/python3.10/dist-packages/explore_lite_msgs/__init__.py
[27.979s] -- Symlinking: /home/user/seek_destroy_ws/install/explore_lite_msgs/local/lib/python3.10/dist-packages/explore_lite_msgs/_explore_lite_msgs_s.ep.rosidl_typesupport_c.c
[28.088s] -- Symlinking: /home/user/seek_destroy_ws/install/explore_lite_msgs/local/lib/python3.10/dist-packages/explore_lite_msgs/_explore_lite_msgs_s.ep.rosidl_typesupport_fastrtps_c.c
[28.201s] -- Symlinking: /home/user/seek_destroy_ws/install/explore_lite_msgs/local/lib/python3.10/dist-packages/explore_lite_msgs/_explore_lite_msgs_s.ep.rosidl_typesupport_introspection_c.c
[28.380s] -- Symlinking: /home/user/seek_destroy_ws/install/explore_lite_msgs/local/lib/python3.10/dist-packages/explore_lite_msgs/explore_lite_msgs_s__rosidl_typesupport_c.cpython-310-x86_64-linux-gnu.so
[28.496s] -- Symlinking: /home/user/seek_destroy_ws/install/explore_lite_msgs/local/lib/python3.10/dist-packages/explore_lite_msgs/explore_lite_msgs_s__rosidl_typesupport_fastrtps_c.cpython-310-x86_64-linux-gnu.so
[28.604s] -- Symlinking: /home/user/seek_destroy_ws/install/explore_lite_msgs/local/lib/python3.10/dist-packages/explore_lite_msgs/explore_lite_msgs_s__rosidl_typesupport_introspection_c.cpython-310-x86_64-linux-gnu.so
[28.781s] -- Symlinking: /home/user/seek_destroy_ws/install/explore_lite_msgs/local/lib/python3.10/dist-packages/explore_lite_msgs/libexplore_lite_msgs__rosidl_generator_py.so
[28.892s] -- Symlinking: /home/user/seek_destroy_ws/install/explore_lite_msgs/local/lib/python3.10/dist-packages/explore_lite_msgs/msg/__init__.py
[28.999s] -- Symlinking: /home/user/seek_destroy_ws/install/explore_lite_msgs/local/lib/python3.10/dist-packages/explore_lite_msgs/msg/_explore_status.py
[29.110s] -- Symlinking: /home/user/seek_destroy_ws/install/explore_lite_msgs/local/lib/python3.10/dist-packages/explore_lite_msgs/msg/_explore_status_s.c
[29.204s] -- Up-to-date symlink: /home/user/seek_destroy_ws/install/explore_lite_msgs/local/lib/python3.10/dist-packages/explore_lite_msgs/explore_lite_msgs_s__rosidl_typesupport_fastrtps_c.cpython-310-x86_64-linux-gnu.so
[29.204s] -- Up-to-date symlink: /home/user/seek_destroy_ws/install/explore_lite_msgs/local/lib/python3.10/dist-packages/explore_lite_msgs/explore_lite_msgs_s__rosidl_typesupport_introspection_c.cpython-310-x86_64-linux-gnu.so
[29.205s] -- Up-to-date symlink: /home/user/seek_destroy_ws/install/explore_lite_msgs/local/lib/python3.10/dist-packages/explore_lite_msgs/explore_lite_msgs_s__rosidl_typesupport_c.cpython-310-x86_64-linux-gnu.so
[29.205s] -- Symlinking: /home/user/seek_destroy_ws/install/explore_lite_msgs/share/explore_lite_msgs/msg/ExploreStatus.idl
[29.283s] -- Symlinking: /home/user/seek_destroy_ws/install/explore_lite_msgs/share/explore_lite_msgs/msg/ExploreStatus.msg
[29.393s] -- Symlinking: /home/user/seek_destroy_ws/install/explore_lite_msgs/share/ament_index/resource_index/package_run_dependencies/explore_lite_msgs
[29.480s] -- Symlinking: /home/user/seek_destroy_ws/install/explore_lite_msgs/share/ament_index/resource_index/parent_prefix_path/explore_lite_msgs
[29.506s] -- Symlinking: /home/user/seek_destroy_ws/install/explore_lite_msgs/share/explore_lite_msgs/environment/ament_prefix_path.sh
[29.688s] -- Symlinking: /home/user/seek_destroy_ws/install/explore_lite_msgs/share/explore_lite_msgs/environment/ament_prefix_path.dsv
[29.802s] -- Symlinking: /home/user/seek_destroy_ws/install/explore_lite_msgs/share/explore_lite_msgs/environment/path.sh
[29.892s] -- Symlinking: /home/user/seek_destroy_ws/install/explore_lite_msgs/share/explore_lite_msgs/environment/path.dsv
[29.995s] -- Symlinking: /home/user/seek_destroy_ws/install/explore_lite_msgs/share/explore_lite_msgs/local_setup.bash
[30.095s] -- Symlinking: /home/user/seek_destroy_ws/install/explore_lite_msgs/share/explore_lite_msgs/local_setup.sh
[30.179s] -- Symlinking: /home/user/seek_destroy_ws/install/explore_lite_msgs/share/explore_lite_msgs/local_setup.zsh
[30.282s] -- Symlinking: /home/user/seek_destroy_ws/install/explore_lite_msgs/share/explore_lite_msgs/local_setup.dsv
[30.382s] -- Symlinking: /home/user/seek_destroy_ws/install/explore_lite_msgs/share/explore_lite_msgs/package.dsv
[30.400s] -- Symlinking: /home/user/seek_destroy_ws/install/explore_lite_msgs/share/ament_index/resource_index/packages/explore_lite_msgs
[30.498s] -- Symlinking: /home/user/seek_destroy_ws/install/explore_lite_msgs/share/explore_lite_msgs/cmake/rosidl_cmake-extras.cmake
[30.612s] -- Symlinking: /home/user/seek_destroy_ws/install/explore_lite_msgs/share/explore_lite_msgs/cmake/ament_cmake_export_include_directories-extras.cmake
[30.679s] -- Symlinking: /home/user/seek_destroy_ws/install/explore_lite_msgs/share/explore_lite_msgs/cmake/ament_cmake_export_libraries-extras.cmake
[30.696s] -- Symlinking: /home/user/seek_destroy_ws/install/explore_lite_msgs/share/explore_lite_msgs/cmake/ament_cmake_export_targets-extras.cmake
[30.706s] -- Symlinking: /home/user/seek_destroy_ws/install/explore_lite_msgs/share/explore_lite_msgs/cmake/rosidl_cmake_export_typesupport_targets-extras.cmake
[30.785s] -- Symlinking: /home/user/seek_destroy_ws/install/explore_lite_msgs/share/explore_lite_msgs/cmake/ament_cmake_export_dependencies-extras.cmake
[30.879s] -- Symlinking: /home/user/seek_destroy_ws/install/explore_lite_msgs/share/explore_lite_msgs/cmake/rosidl_cmake_export_typesupport_libraries-extras.cmake
[30.893s] -- Symlinking: /home/user/seek_destroy_ws/install/explore_lite_msgs/share/explore_lite_msgs/cmake/explore_lite_msgsConfig.cmake
[30.909s] -- Symlinking: /home/user/seek_destroy_ws/install/explore_lite_msgs/share/explore_lite_msgs/cmake/explore_lite_msgsConfig-version.cmake
[30.992s] -- Symlinking: /home/user/seek_destroy_ws/install/explore_lite_msgs/share/explore_lite_msgs/package.xml
[31.007s] -- Installing: /home/user/seek_destroy_ws/install/explore_lite_msgs/lib/libexplore_lite_msgs__rosidl_generator_c.so
[31.007s] -- Set runtime path of "/home/user/seek_destroy_ws/install/explore_lite_msgs/lib/libexplore_lite_msgs__rosidl_generator_c.so" to ""
[31.008s] -- Installing: /home/user/seek_destroy_ws/install/explore_lite_msgs/lib/libexplore_lite_msgs__rosidl_typesupport_fastrtps_c.so
[31.008s] -- Set runtime path of "/home/user/seek_destroy_ws/install/explore_lite_msgs/lib/libexplore_lite_msgs__rosidl_typesupport_fastrtps_c.so" to ""
[31.008s] -- Installing: /home/user/seek_destroy_ws/install/explore_lite_msgs/lib/libexplore_lite_msgs__rosidl_typesupport_introspection_c.so
[31.008s] -- Set runtime path of "/home/user/seek_destroy_ws/install/explore_lite_msgs/lib/libexplore_lite_msgs__rosidl_typesupport_introspection_c.so" to ""
[31.008s] -- Installing: /home/user/seek_destroy_ws/install/explore_lite_msgs/lib/libexplore_lite_msgs__rosidl_typesupport_c.so
[31.009s] -- Set runtime path of "/home/user/seek_destroy_ws/install/explore_lite_msgs/lib/libexplore_lite_msgs__rosidl_typesupport_c.so" to ""
[31.009s] -- Installing: /home/user/seek_destroy_ws/install/explore_lite_msgs/lib/libexplore_lite_msgs__rosidl_typesupport_fastrtps_cpp.so
[31.009s] -- Set runtime path of "/home/user/seek_destroy_ws/install/explore_lite_msgs/lib/libexplore_lite_msgs__rosidl_typesupport_fastrtps_cpp.so" to ""
[31.009s] -- Installing: /home/user/seek_destroy_ws/install/explore_lite_msgs/lib/libexplore_lite_msgs__rosidl_typesupport_introspection_cpp.so
[31.010s] -- Set runtime path of "/home/user/seek_destroy_ws/install/explore_lite_msgs/lib/libexplore_lite_msgs__rosidl_typesupport_introspection_cpp.so" to ""
[31.010s] -- Installing: /home/user/seek_destroy_ws/install/explore_lite_msgs/lib/libexplore_lite_msgs__rosidl_typesupport_cpp.so
[31.010s] -- Set runtime path of "/home/user/seek_destroy_ws/install/explore_lite_msgs/lib/libexplore_lite_msgs__rosidl_typesupport_cpp.so" to ""
[31.316s] Listing '/home/user/seek_destroy_ws/install/explore_lite_msgs/local/lib/python3.10/dist-packages/explore_lite_msgs'...
[31.316s] Compiling '/home/user/seek_destroy_ws/install/explore_lite_msgs/local/lib/python3.10/dist-packages/explore_lite_msgs/__init__.py'...
[31.317s] Listing '/home/user/seek_destroy_ws/install/explore_lite_msgs/local/lib/python3.10/dist-packages/explore_lite_msgs/msg'...
[31.317s] Compiling '/home/user/seek_destroy_ws/install/explore_lite_msgs/local/lib/python3.10/dist-packages/explore_lite_msgs/msg/__init__.py'...
[31.317s] Compiling '/home/user/seek_destroy_ws/install/explore_lite_msgs/local/lib/python3.10/dist-packages/explore_lite_msgs/msg/_explore_status.py'...
[31.381s] -- Installing: /home/user/seek_destroy_ws/install/explore_lite_msgs/lib/libexplore_lite_msgs__rosidl_generator_py.so
[31.382s] -- Set runtime path of "/home/user/seek_destroy_ws/install/explore_lite_msgs/lib/libexplore_lite_msgs__rosidl_generator_py.so" to ""
[31.382s] -- Installing: /home/user/seek_destroy_ws/install/explore_lite_msgs/share/explore_lite_msgs/cmake/export_explore_lite_msgs__rosidl_generator_cExport.cmake
[31.383s] -- Installing: /home/user/seek_destroy_ws/install/explore_lite_msgs/share/explore_lite_msgs/cmake/export_explore_lite_msgs__rosidl_generator_cExport-noconfig.cmake
[31.383s] -- Installing: /home/user/seek_destroy_ws/install/explore_lite_msgs/share/explore_lite_msgs/cmake/export_explore_lite_msgs__rosidl_typesupport_fastrtps_cExport.cmake
[31.383s] -- Installing: /home/user/seek_destroy_ws/install/explore_lite_msgs/share/explore_lite_msgs/cmake/export_explore_lite_msgs__rosidl_typesupport_fastrtps_cExport-noconfig.cmake
[31.384s] -- Installing: /home/user/seek_destroy_ws/install/explore_lite_msgs/share/explore_lite_msgs/cmake/explore_lite_msgs__rosidl_typesupport_introspection_cExport.cmake
[31.384s] -- Installing: /home/user/seek_destroy_ws/install/explore_lite_msgs/share/explore_lite_msgs/cmake/explore_lite_msgs__rosidl_typesupport_introspection_cExport-noconfig.cmake
[31.384s] -- Installing: /home/user/seek_destroy_ws/install/explore_lite_msgs/share/explore_lite_msgs/cmake/explore_lite_msgs__rosidl_typesupport_cExport.cmake
[31.385s] -- Installing: /home/user/seek_destroy_ws/install/explore_lite_msgs/share/explore_lite_msgs/cmake/explore_lite_msgs__rosidl_typesupport_cExport-noconfig.cmake
[31.385s] -- Installing: /home/user/seek_destroy_ws/install/explore_lite_msgs/share/explore_lite_msgs/cmake/export_explore_lite_msgs__rosidl_generator_cppExport.cmake
[31.385s] -- Installing: /home/user/seek_destroy_ws/install/explore_lite_msgs/share/explore_lite_msgs/cmake/export_explore_lite_msgs__rosidl_typesupport_fastrtps_cppExport.cmake
[31.386s] -- Installing: /home/user/seek_destroy_ws/install/explore_lite_msgs/share/explore_lite_msgs/cmake/export_explore_lite_msgs__rosidl_typesupport_fastrtps_cppExport-noconfig.cmake
[31.386s] -- Installing: /home/user/seek_destroy_ws/install/explore_lite_msgs/share/explore_lite_msgs/cmake/explore_lite_msgs__rosidl_typesupport_introspection_cppExport.cmake
[31.387s] -- Installing: /home/user/seek_destroy_ws/install/explore_lite_msgs/share/explore_lite_msgs/cmake/explore_lite_msgs__rosidl_typesupport_introspection_cppExport-noconfig.cmake
[31.387s] -- Installing: /home/user/seek_destroy_ws/install/explore_lite_msgs/share/explore_lite_msgs/cmake/explore_lite_msgs__rosidl_typesupport_cppExport.cmake
[31.407s] -- Installing: /home/user/seek_destroy_ws/install/explore_lite_msgs/share/explore_lite_msgs/cmake/explore_lite_msgs__rosidl_typesupport_cppExport-noconfig.cmake
[31.407s] -- Installing: /home/user/seek_destroy_ws/install/explore_lite_msgs/share/explore_lite_msgs/cmake/export_explore_lite_msgs__rosidl_generator_pyExport.cmake
[31.407s] -- Installing: /home/user/seek_destroy_ws/install/explore_lite_msgs/share/explore_lite_msgs/cmake/export_explore_lite_msgs__rosidl_generator_pyExport-noconfig.cmake
[31.407s] Invoked command in '/home/user/seek_destroy_ws/build/explore_lite_msgs' returned '0': CMAKE_PREFIX_PATH=${CMAKE_PREFIX_PATH}:/home/user/seek_destroy_ws/install/rosbot_controller:/home/user/seek_destroy_ws/install/rosbot_utils:/home/user/seek_destroy_ws/install/rosbot_gazebo:/home/user/seek_destroy_ws/install/rosbot_bringup:/home/user/seek_destroy_ws/install/autonomous_exploration:/opt/ros/humble _=/usr/bin/env /usr/bin/cmake --install /home/user/seek_destroy_ws/build/explore_lite_msgs
