running develop
running egg_info
writing manifest file '../../build/autonomous_exploration/autonomous_exploration.egg-info/SOURCES.txt'
running build
running build_py
creating /home/user/seek_destroy_ws/build/autonomous_exploration/build
creating /home/user/seek_destroy_ws/build/autonomous_exploration/build/lib
creating /home/user/seek_destroy_ws/build/autonomous_exploration/build/lib/autonomous_exploration
copying autonomous_exploration/__init__.py -> /home/user/seek_destroy_ws/build/autonomous_exploration/build/lib/autonomous_exploration
copying autonomous_exploration/waypoint_explorer.py -> /home/user/seek_destroy_ws/build/autonomous_exploration/build/lib/autonomous_exploration
copying autonomous_exploration/auto_map_saver.py -> /home/user/seek_destroy_ws/build/autonomous_exploration/build/lib/autonomous_exploration
running install
running install_lib
creating /home/user/seek_destroy_ws/install/autonomous_exploration/lib/python3.10/site-packages/autonomous_exploration
byte-compiling /home/user/seek_destroy_ws/install/autonomous_exploration/lib/python3.10/site-packages/autonomous_exploration/__init__.py to __init__.cpython-310.pyc
byte-compiling /home/user/seek_destroy_ws/install/autonomous_exploration/lib/python3.10/site-packages/autonomous_exploration/waypoint_explorer.py to waypoint_explorer.cpython-310.pyc
byte-compiling /home/user/seek_destroy_ws/install/autonomous_exploration/lib/python3.10/site-packages/autonomous_exploration/auto_map_saver.py to auto_map_saver.cpython-310.pyc
running install_data
copying resource/autonomous_exploration -> /home/user/seek_destroy_ws/install/autonomous_exploration/share/ament_index/resource_index/packages
copying package.xml -> /home/user/seek_destroy_ws/install/autonomous_exploration/share/autonomous_exploration
copying launch/autonomous_exploration.launch.py -> /home/user/seek_destroy_ws/install/autonomous_exploration/share/autonomous_exploration/launch
running install_egg_info
Copying ../../build/autonomous_exploration/autonomous_exploration.egg-info to /home/user/seek_destroy_ws/install/autonomous_exploration/lib/python3.10/site-packages/autonomous_exploration-0.0.0-py3.10.egg-info
running install_scripts
writing list of installed files to '/home/user/seek_destroy_ws/build/autonomous_exploration/install.log'
