[1.013s] Invoking command in '/home/user/seek_destroy_ws/build/autonomous_exploration': PYTHONPATH=/home/user/seek_destroy_ws/build/autonomous_exploration/prefix_override:/usr/lib/python3/dist-packages/colcon_core/task/python/colcon_distutils_commands:/home/user/seek_destroy_ws/install/autonomous_exploration/lib/python3.10/site-packages:${PYTHONPATH} _=/usr/bin/env /usr/bin/python3 -W ignore:setup.py install is deprecated -W ignore:easy_install command is deprecated setup.py develop --uninstall --editable --build-directory /home/user/seek_destroy_ws/build/autonomous_exploration/build
[1.420s] running develop
[1.729s] Invoked command in '/home/user/seek_destroy_ws/build/autonomous_exploration' returned '0': PYTHONPATH=/home/user/seek_destroy_ws/build/autonomous_exploration/prefix_override:/usr/lib/python3/dist-packages/colcon_core/task/python/colcon_distutils_commands:/home/user/seek_destroy_ws/install/autonomous_exploration/lib/python3.10/site-packages:${PYTHONPATH} _=/usr/bin/env /usr/bin/python3 -W ignore:setup.py install is deprecated -W ignore:easy_install command is deprecated setup.py develop --uninstall --editable --build-directory /home/user/seek_destroy_ws/build/autonomous_exploration/build
[1.731s] Invoking command in '/home/user/seek_destroy_ws/src/autonomous_exploration': PYTHONPATH=/home/user/seek_destroy_ws/build/autonomous_exploration/prefix_override:/usr/lib/python3/dist-packages/colcon_core/task/python/colcon_distutils_commands:/home/user/seek_destroy_ws/install/autonomous_exploration/lib/python3.10/site-packages:${PYTHONPATH} _=/usr/bin/env /usr/bin/python3 -W ignore:setup.py install is deprecated -W ignore:easy_install command is deprecated setup.py egg_info --egg-base ../../build/autonomous_exploration build --build-base /home/user/seek_destroy_ws/build/autonomous_exploration/build install --record /home/user/seek_destroy_ws/build/autonomous_exploration/install.log --single-version-externally-managed install_data --force
[2.053s] running egg_info
[2.057s] writing manifest file '../../build/autonomous_exploration/autonomous_exploration.egg-info/SOURCES.txt'
[2.057s] running build
[2.058s] running build_py
[2.058s] creating /home/user/seek_destroy_ws/build/autonomous_exploration/build
[2.058s] creating /home/user/seek_destroy_ws/build/autonomous_exploration/build/lib
[2.058s] creating /home/user/seek_destroy_ws/build/autonomous_exploration/build/lib/autonomous_exploration
[2.058s] copying autonomous_exploration/__init__.py -> /home/user/seek_destroy_ws/build/autonomous_exploration/build/lib/autonomous_exploration
[2.058s] copying autonomous_exploration/waypoint_explorer.py -> /home/user/seek_destroy_ws/build/autonomous_exploration/build/lib/autonomous_exploration
[2.058s] copying autonomous_exploration/auto_map_saver.py -> /home/user/seek_destroy_ws/build/autonomous_exploration/build/lib/autonomous_exploration
[2.059s] running install
[2.059s] running install_lib
[2.060s] creating /home/user/seek_destroy_ws/install/autonomous_exploration/lib/python3.10/site-packages/autonomous_exploration
[2.062s] byte-compiling /home/user/seek_destroy_ws/install/autonomous_exploration/lib/python3.10/site-packages/autonomous_exploration/__init__.py to __init__.cpython-310.pyc
[2.062s] byte-compiling /home/user/seek_destroy_ws/install/autonomous_exploration/lib/python3.10/site-packages/autonomous_exploration/waypoint_explorer.py to waypoint_explorer.cpython-310.pyc
[2.063s] byte-compiling /home/user/seek_destroy_ws/install/autonomous_exploration/lib/python3.10/site-packages/autonomous_exploration/auto_map_saver.py to auto_map_saver.cpython-310.pyc
[2.064s] running install_data
[2.064s] copying resource/autonomous_exploration -> /home/user/seek_destroy_ws/install/autonomous_exploration/share/ament_index/resource_index/packages
[2.065s] copying package.xml -> /home/user/seek_destroy_ws/install/autonomous_exploration/share/autonomous_exploration
[2.066s] copying launch/autonomous_exploration.launch.py -> /home/user/seek_destroy_ws/install/autonomous_exploration/share/autonomous_exploration/launch
[2.067s] running install_egg_info
[2.069s] Copying ../../build/autonomous_exploration/autonomous_exploration.egg-info to /home/user/seek_destroy_ws/install/autonomous_exploration/lib/python3.10/site-packages/autonomous_exploration-0.0.0-py3.10.egg-info
[2.071s] running install_scripts
[2.091s] writing list of installed files to '/home/user/seek_destroy_ws/build/autonomous_exploration/install.log'
[2.119s] Invoked command in '/home/user/seek_destroy_ws/src/autonomous_exploration' returned '0': PYTHONPATH=/home/user/seek_destroy_ws/build/autonomous_exploration/prefix_override:/usr/lib/python3/dist-packages/colcon_core/task/python/colcon_distutils_commands:/home/user/seek_destroy_ws/install/autonomous_exploration/lib/python3.10/site-packages:${PYTHONPATH} _=/usr/bin/env /usr/bin/python3 -W ignore:setup.py install is deprecated -W ignore:easy_install command is deprecated setup.py egg_info --egg-base ../../build/autonomous_exploration build --build-base /home/user/seek_destroy_ws/build/autonomous_exploration/build install --record /home/user/seek_destroy_ws/build/autonomous_exploration/install.log --single-version-externally-managed install_data --force
