[0.085s] Invoking command in '/home/user/seek_destroy_ws/build/explore_lite_msgs': CMAKE_PREFIX_PATH=${CMAKE_PREFIX_PATH}:/home/user/seek_destroy_ws/install/rosbot_controller:/home/user/seek_destroy_ws/install/rosbot_utils:/home/user/seek_destroy_ws/install/rosbot_gazebo:/home/user/seek_destroy_ws/install/rosbot_bringup:/home/user/seek_destroy_ws/install/autonomous_exploration:/opt/ros/humble _=/usr/bin/env /usr/bin/cmake /home/user/seek_destroy_ws/src/m-explore-ros2/explore_lite_msgs -DAMENT_CMAKE_SYMLINK_INSTALL=1 -DCMAKE_INSTALL_PREFIX=/home/user/seek_destroy_ws/install/explore_lite_msgs
[1.185s] -- The C compiler identification is GNU 11.4.0
[1.185s] -- The CXX compiler identification is GNU 11.4.0
[1.185s] -- Detecting C compiler ABI info
[1.185s] -- Detecting C compiler ABI info - done
[1.185s] -- Check for working C compiler: /usr/bin/cc - skipped
[1.185s] -- Detecting C compile features
[1.185s] -- Detecting C compile features - done
[1.186s] -- Detecting CXX compiler ABI info
[1.186s] -- Detecting CXX compiler ABI info - done
[1.186s] -- Check for working CXX compiler: /usr/bin/c++ - skipped
[1.186s] -- Detecting CXX compile features
[1.186s] -- Detecting CXX compile features - done
[1.186s] -- Found ament_cmake: 1.3.12 (/opt/ros/humble/share/ament_cmake/cmake)
[3.088s] -- Found Python3: /usr/bin/python3 (found version "3.10.12") found components: Interpreter 
[3.562s] -- Override CMake install command with custom implementation using symlinks instead of copying resources
[4.098s] -- Found rosidl_default_generators: 1.2.0 (/opt/ros/humble/share/rosidl_default_generators/cmake)
[4.167s] -- Using all available rosidl_typesupport_c: rosidl_typesupport_fastrtps_c;rosidl_typesupport_introspection_c
[4.258s] -- Found rosidl_adapter: 3.1.7 (/opt/ros/humble/share/rosidl_adapter/cmake)
[4.613s] -- Using all available rosidl_typesupport_cpp: rosidl_typesupport_fastrtps_cpp;rosidl_typesupport_introspection_cpp
[6.717s] -- Found ament_cmake_ros: 0.10.0 (/opt/ros/humble/share/ament_cmake_ros/cmake)
[8.012s] -- Using all available rosidl_typesupport_c: rosidl_typesupport_fastrtps_c;rosidl_typesupport_introspection_c
[8.907s] -- Using all available rosidl_typesupport_cpp: rosidl_typesupport_fastrtps_cpp;rosidl_typesupport_introspection_cpp
[8.988s] -- Found PythonInterp: /usr/bin/python3 (found suitable version "3.10.12", minimum required is "3.6") 
[9.013s] -- Found python_cmake_module: 0.10.0 (/opt/ros/humble/share/python_cmake_module/cmake)
[9.100s] -- Found PythonLibs: /usr/lib/x86_64-linux-gnu/libpython3.10.so (found suitable version "3.10.12", minimum required is "3.5") 
[9.101s] -- Using PYTHON_EXECUTABLE: /usr/bin/python3
[9.101s] -- Using PYTHON_INCLUDE_DIRS: /usr/include/python3.10
[9.101s] -- Using PYTHON_LIBRARIES: /usr/lib/x86_64-linux-gnu/libpython3.10.so
[9.165s] -- Found PythonExtra: .so  
[9.543s] -- Using numpy include directory: /usr/local/lib/python3.10/dist-packages/numpy/_core/include
[9.591s] -- Configuring done
[9.667s] -- Generating done
[9.685s] -- Build files have been written to: /home/user/seek_destroy_ws/build/explore_lite_msgs
[9.701s] Invoked command in '/home/user/seek_destroy_ws/build/explore_lite_msgs' returned '0': CMAKE_PREFIX_PATH=${CMAKE_PREFIX_PATH}:/home/user/seek_destroy_ws/install/rosbot_controller:/home/user/seek_destroy_ws/install/rosbot_utils:/home/user/seek_destroy_ws/install/rosbot_gazebo:/home/user/seek_destroy_ws/install/rosbot_bringup:/home/user/seek_destroy_ws/install/autonomous_exploration:/opt/ros/humble _=/usr/bin/env /usr/bin/cmake /home/user/seek_destroy_ws/src/m-explore-ros2/explore_lite_msgs -DAMENT_CMAKE_SYMLINK_INSTALL=1 -DCMAKE_INSTALL_PREFIX=/home/user/seek_destroy_ws/install/explore_lite_msgs
[9.702s] Invoking command in '/home/user/seek_destroy_ws/build/explore_lite_msgs': CMAKE_PREFIX_PATH=${CMAKE_PREFIX_PATH}:/home/user/seek_destroy_ws/install/rosbot_controller:/home/user/seek_destroy_ws/install/rosbot_utils:/home/user/seek_destroy_ws/install/rosbot_gazebo:/home/user/seek_destroy_ws/install/rosbot_bringup:/home/user/seek_destroy_ws/install/autonomous_exploration:/opt/ros/humble _=/usr/bin/env /usr/bin/cmake --build /home/user/seek_destroy_ws/build/explore_lite_msgs -- -j8 -l8
[9.813s] [  3%] [34m[1mGenerating C code for ROS interfaces[0m
[10.487s] [  6%] [32mBuilding C object CMakeFiles/explore_lite_msgs__rosidl_generator_c.dir/rosidl_generator_c/explore_lite_msgs/msg/detail/explore_status__functions.c.o[0m
[10.693s] [  9%] [32m[1mLinking C shared library libexplore_lite_msgs__rosidl_generator_c.so[0m
[10.786s] [  9%] Built target explore_lite_msgs__rosidl_generator_c
[10.852s] [  9%] Built target ament_cmake_python_symlink_explore_lite_msgs
[10.880s] [ 12%] [34m[1mGenerating C type support for eProsima Fast-RTPS[0m
[11.497s] [ 16%] [32mBuilding CXX object CMakeFiles/explore_lite_msgs__rosidl_typesupport_fastrtps_c.dir/rosidl_typesupport_fastrtps_c/explore_lite_msgs/msg/detail/explore_status__type_support_c.cpp.o[0m
[12.132s] [ 19%] [32m[1mLinking CXX shared library libexplore_lite_msgs__rosidl_typesupport_fastrtps_c.so[0m
[12.263s] [ 19%] Built target explore_lite_msgs__rosidl_typesupport_fastrtps_c
[12.746s] running egg_info
[12.748s] creating explore_lite_msgs.egg-info
[12.748s] writing manifest file 'explore_lite_msgs.egg-info/SOURCES.txt'
[12.751s] writing manifest file 'explore_lite_msgs.egg-info/SOURCES.txt'
[12.801s] [ 19%] Built target ament_cmake_python_build_explore_lite_msgs_egg
[12.817s] [ 22%] [34m[1mGenerating C type support dispatch for ROS interfaces[0m
[13.298s] [ 25%] [32mBuilding CXX object CMakeFiles/explore_lite_msgs__rosidl_typesupport_c.dir/rosidl_typesupport_c/explore_lite_msgs/msg/explore_status__type_support.cpp.o[0m
[13.354s] [ 29%] [32m[1mLinking CXX shared library libexplore_lite_msgs__rosidl_typesupport_c.so[0m
[13.412s] [ 29%] Built target explore_lite_msgs__rosidl_typesupport_c
[13.424s] [ 32%] [34m[1mGenerating C introspection for ROS interfaces[0m
[13.869s] [ 35%] [32mBuilding C object CMakeFiles/explore_lite_msgs__rosidl_typesupport_introspection_c.dir/rosidl_typesupport_introspection_c/explore_lite_msgs/msg/detail/explore_status__type_support.c.o[0m
[13.927s] [ 38%] [32m[1mLinking C shared library libexplore_lite_msgs__rosidl_typesupport_introspection_c.so[0m
[13.981s] [ 38%] Built target explore_lite_msgs__rosidl_typesupport_introspection_c
[14.011s] [ 41%] [34m[1mGenerating C++ code for ROS interfaces[0m
[14.605s] [ 41%] Built target explore_lite_msgs__cpp
[14.623s] [ 45%] [34m[1mGenerating C++ type support for eProsima Fast-RTPS[0m
[15.102s] [ 48%] [32mBuilding CXX object CMakeFiles/explore_lite_msgs__rosidl_typesupport_fastrtps_cpp.dir/rosidl_typesupport_fastrtps_cpp/explore_lite_msgs/msg/detail/dds_fastrtps/explore_status__type_support.cpp.o[0m
[15.700s] [ 51%] [32m[1mLinking CXX shared library libexplore_lite_msgs__rosidl_typesupport_fastrtps_cpp.so[0m
[15.825s] [ 51%] Built target explore_lite_msgs__rosidl_typesupport_fastrtps_cpp
[15.841s] [ 54%] [34m[1mGenerating C++ type support dispatch for ROS interfaces[0m
[16.311s] [ 58%] [32mBuilding CXX object CMakeFiles/explore_lite_msgs__rosidl_typesupport_cpp.dir/rosidl_typesupport_cpp/explore_lite_msgs/msg/explore_status__type_support.cpp.o[0m
[16.661s] [ 61%] [32m[1mLinking CXX shared library libexplore_lite_msgs__rosidl_typesupport_cpp.so[0m
[16.724s] [ 61%] Built target explore_lite_msgs__rosidl_typesupport_cpp
[16.736s] [ 64%] [34m[1mGenerating C++ introspection for ROS interfaces[0m
[17.180s] [ 67%] [32mBuilding CXX object CMakeFiles/explore_lite_msgs__rosidl_typesupport_introspection_cpp.dir/rosidl_typesupport_introspection_cpp/explore_lite_msgs/msg/detail/explore_status__type_support.cpp.o[0m
[17.681s] [ 70%] [32m[1mLinking CXX shared library libexplore_lite_msgs__rosidl_typesupport_introspection_cpp.so[0m
[17.788s] [ 70%] Built target explore_lite_msgs__rosidl_typesupport_introspection_cpp
[17.823s] [ 70%] Built target explore_lite_msgs
[17.864s] [ 74%] [34m[1mGenerating Python code for ROS interfaces[0m
[18.557s] [ 74%] Built target explore_lite_msgs__py
[18.587s] [ 77%] [32mBuilding C object CMakeFiles/explore_lite_msgs__rosidl_generator_py.dir/rosidl_generator_py/explore_lite_msgs/msg/_explore_status_s.c.o[0m
[18.856s] [ 80%] [32m[1mLinking C shared library rosidl_generator_py/explore_lite_msgs/libexplore_lite_msgs__rosidl_generator_py.so[0m
[18.948s] [ 80%] Built target explore_lite_msgs__rosidl_generator_py
[19.013s] [ 83%] [32mBuilding C object CMakeFiles/explore_lite_msgs__rosidl_typesupport_fastrtps_c__pyext.dir/rosidl_generator_py/explore_lite_msgs/_explore_lite_msgs_s.ep.rosidl_typesupport_fastrtps_c.c.o[0m
[19.189s] [ 87%] [32m[1mLinking C shared library rosidl_generator_py/explore_lite_msgs/explore_lite_msgs_s__rosidl_typesupport_fastrtps_c.cpython-310-x86_64-linux-gnu.so[0m
[19.254s] [ 87%] Built target explore_lite_msgs__rosidl_typesupport_fastrtps_c__pyext
[19.288s] [ 90%] [32mBuilding C object CMakeFiles/explore_lite_msgs__rosidl_typesupport_c__pyext.dir/rosidl_generator_py/explore_lite_msgs/_explore_lite_msgs_s.ep.rosidl_typesupport_c.c.o[0m
[19.423s] [ 93%] [32m[1mLinking C shared library rosidl_generator_py/explore_lite_msgs/explore_lite_msgs_s__rosidl_typesupport_c.cpython-310-x86_64-linux-gnu.so[0m
[19.491s] [ 93%] Built target explore_lite_msgs__rosidl_typesupport_c__pyext
[19.531s] [ 96%] [32mBuilding C object CMakeFiles/explore_lite_msgs__rosidl_typesupport_introspection_c__pyext.dir/rosidl_generator_py/explore_lite_msgs/_explore_lite_msgs_s.ep.rosidl_typesupport_introspection_c.c.o[0m
[19.708s] [100%] [32m[1mLinking C shared library rosidl_generator_py/explore_lite_msgs/explore_lite_msgs_s__rosidl_typesupport_introspection_c.cpython-310-x86_64-linux-gnu.so[0m
[19.766s] [100%] Built target explore_lite_msgs__rosidl_typesupport_introspection_c__pyext
[19.786s] Invoked command in '/home/user/seek_destroy_ws/build/explore_lite_msgs' returned '0': CMAKE_PREFIX_PATH=${CMAKE_PREFIX_PATH}:/home/user/seek_destroy_ws/install/rosbot_controller:/home/user/seek_destroy_ws/install/rosbot_utils:/home/user/seek_destroy_ws/install/rosbot_gazebo:/home/user/seek_destroy_ws/install/rosbot_bringup:/home/user/seek_destroy_ws/install/autonomous_exploration:/opt/ros/humble _=/usr/bin/env /usr/bin/cmake --build /home/user/seek_destroy_ws/build/explore_lite_msgs -- -j8 -l8
[19.789s] Invoking command in '/home/user/seek_destroy_ws/build/explore_lite_msgs': CMAKE_PREFIX_PATH=${CMAKE_PREFIX_PATH}:/home/user/seek_destroy_ws/install/rosbot_controller:/home/user/seek_destroy_ws/install/rosbot_utils:/home/user/seek_destroy_ws/install/rosbot_gazebo:/home/user/seek_destroy_ws/install/rosbot_bringup:/home/user/seek_destroy_ws/install/autonomous_exploration:/opt/ros/humble _=/usr/bin/env /usr/bin/cmake --install /home/user/seek_destroy_ws/build/explore_lite_msgs
[19.807s] -- Install configuration: ""
[19.807s] -- Execute custom install script
[19.807s] -- Symlinking: /home/user/seek_destroy_ws/install/explore_lite_msgs/share/ament_index/resource_index/rosidl_interfaces/explore_lite_msgs
[19.829s] -- Symlinking: /home/user/seek_destroy_ws/install/explore_lite_msgs/include/explore_lite_msgs/explore_lite_msgs/msg/detail/explore_status__functions.h
[19.843s] -- Symlinking: /home/user/seek_destroy_ws/install/explore_lite_msgs/include/explore_lite_msgs/explore_lite_msgs/msg/detail/explore_status__struct.h
[19.855s] -- Symlinking: /home/user/seek_destroy_ws/install/explore_lite_msgs/include/explore_lite_msgs/explore_lite_msgs/msg/detail/explore_status__type_support.h
[19.869s] -- Symlinking: /home/user/seek_destroy_ws/install/explore_lite_msgs/include/explore_lite_msgs/explore_lite_msgs/msg/explore_status.h
[19.885s] -- Symlinking: /home/user/seek_destroy_ws/install/explore_lite_msgs/include/explore_lite_msgs/explore_lite_msgs/msg/rosidl_generator_c__visibility_control.h
[19.896s] -- Symlinking: /home/user/seek_destroy_ws/install/explore_lite_msgs/share/explore_lite_msgs/environment/library_path.sh
[19.915s] -- Symlinking: /home/user/seek_destroy_ws/install/explore_lite_msgs/share/explore_lite_msgs/environment/library_path.dsv
[19.929s] -- Symlinking: /home/user/seek_destroy_ws/install/explore_lite_msgs/include/explore_lite_msgs/explore_lite_msgs/msg/detail/explore_status__rosidl_typesupport_fastrtps_c.h
[19.939s] -- Symlinking: /home/user/seek_destroy_ws/install/explore_lite_msgs/include/explore_lite_msgs/explore_lite_msgs/msg/rosidl_typesupport_fastrtps_c__visibility_control.h
[19.949s] -- Symlinking: /home/user/seek_destroy_ws/install/explore_lite_msgs/include/explore_lite_msgs/explore_lite_msgs/msg/detail/explore_status__rosidl_typesupport_introspection_c.h
[19.965s] -- Symlinking: /home/user/seek_destroy_ws/install/explore_lite_msgs/include/explore_lite_msgs/explore_lite_msgs/msg/rosidl_typesupport_introspection_c__visibility_control.h
[19.978s] -- Symlinking: /home/user/seek_destroy_ws/install/explore_lite_msgs/include/explore_lite_msgs/explore_lite_msgs/msg/detail/explore_status__builder.hpp
[19.989s] -- Symlinking: /home/user/seek_destroy_ws/install/explore_lite_msgs/include/explore_lite_msgs/explore_lite_msgs/msg/detail/explore_status__struct.hpp
[20.002s] -- Symlinking: /home/user/seek_destroy_ws/install/explore_lite_msgs/include/explore_lite_msgs/explore_lite_msgs/msg/detail/explore_status__traits.hpp
[20.014s] -- Symlinking: /home/user/seek_destroy_ws/install/explore_lite_msgs/include/explore_lite_msgs/explore_lite_msgs/msg/detail/explore_status__type_support.hpp
[20.025s] -- Symlinking: /home/user/seek_destroy_ws/install/explore_lite_msgs/include/explore_lite_msgs/explore_lite_msgs/msg/explore_status.hpp
[20.040s] -- Symlinking: /home/user/seek_destroy_ws/install/explore_lite_msgs/include/explore_lite_msgs/explore_lite_msgs/msg/rosidl_generator_cpp__visibility_control.hpp
[20.051s] -- Symlinking: /home/user/seek_destroy_ws/install/explore_lite_msgs/include/explore_lite_msgs/explore_lite_msgs/msg/detail/explore_status__rosidl_typesupport_fastrtps_cpp.hpp
[20.064s] -- Symlinking: /home/user/seek_destroy_ws/install/explore_lite_msgs/include/explore_lite_msgs/explore_lite_msgs/msg/rosidl_typesupport_fastrtps_cpp__visibility_control.h
[20.074s] -- Symlinking: /home/user/seek_destroy_ws/install/explore_lite_msgs/include/explore_lite_msgs/explore_lite_msgs/msg/detail/explore_status__rosidl_typesupport_introspection_cpp.hpp
[20.091s] -- Symlinking: /home/user/seek_destroy_ws/install/explore_lite_msgs/share/explore_lite_msgs/environment/pythonpath.sh
[20.107s] -- Symlinking: /home/user/seek_destroy_ws/install/explore_lite_msgs/share/explore_lite_msgs/environment/pythonpath.dsv
[20.123s] -- Symlinking: /home/user/seek_destroy_ws/install/explore_lite_msgs/local/lib/python3.10/dist-packages/explore_lite_msgs-1.0.0-py3.10.egg-info/PKG-INFO
[20.133s] -- Symlinking: /home/user/seek_destroy_ws/install/explore_lite_msgs/local/lib/python3.10/dist-packages/explore_lite_msgs-1.0.0-py3.10.egg-info/SOURCES.txt
[20.142s] -- Symlinking: /home/user/seek_destroy_ws/install/explore_lite_msgs/local/lib/python3.10/dist-packages/explore_lite_msgs-1.0.0-py3.10.egg-info/dependency_links.txt
[20.153s] -- Symlinking: /home/user/seek_destroy_ws/install/explore_lite_msgs/local/lib/python3.10/dist-packages/explore_lite_msgs-1.0.0-py3.10.egg-info/top_level.txt
[20.177s] -- Symlinking: /home/user/seek_destroy_ws/install/explore_lite_msgs/local/lib/python3.10/dist-packages/explore_lite_msgs/__init__.py
[20.198s] -- Symlinking: /home/user/seek_destroy_ws/install/explore_lite_msgs/local/lib/python3.10/dist-packages/explore_lite_msgs/_explore_lite_msgs_s.ep.rosidl_typesupport_c.c
[20.222s] -- Symlinking: /home/user/seek_destroy_ws/install/explore_lite_msgs/local/lib/python3.10/dist-packages/explore_lite_msgs/_explore_lite_msgs_s.ep.rosidl_typesupport_fastrtps_c.c
[20.240s] -- Symlinking: /home/user/seek_destroy_ws/install/explore_lite_msgs/local/lib/python3.10/dist-packages/explore_lite_msgs/_explore_lite_msgs_s.ep.rosidl_typesupport_introspection_c.c
[20.252s] -- Symlinking: /home/user/seek_destroy_ws/install/explore_lite_msgs/local/lib/python3.10/dist-packages/explore_lite_msgs/explore_lite_msgs_s__rosidl_typesupport_c.cpython-310-x86_64-linux-gnu.so
[20.266s] -- Symlinking: /home/user/seek_destroy_ws/install/explore_lite_msgs/local/lib/python3.10/dist-packages/explore_lite_msgs/explore_lite_msgs_s__rosidl_typesupport_fastrtps_c.cpython-310-x86_64-linux-gnu.so
[20.277s] -- Symlinking: /home/user/seek_destroy_ws/install/explore_lite_msgs/local/lib/python3.10/dist-packages/explore_lite_msgs/explore_lite_msgs_s__rosidl_typesupport_introspection_c.cpython-310-x86_64-linux-gnu.so
[20.292s] -- Symlinking: /home/user/seek_destroy_ws/install/explore_lite_msgs/local/lib/python3.10/dist-packages/explore_lite_msgs/libexplore_lite_msgs__rosidl_generator_py.so
[20.306s] -- Symlinking: /home/user/seek_destroy_ws/install/explore_lite_msgs/local/lib/python3.10/dist-packages/explore_lite_msgs/msg/__init__.py
[20.321s] -- Symlinking: /home/user/seek_destroy_ws/install/explore_lite_msgs/local/lib/python3.10/dist-packages/explore_lite_msgs/msg/_explore_status.py
[20.340s] -- Symlinking: /home/user/seek_destroy_ws/install/explore_lite_msgs/local/lib/python3.10/dist-packages/explore_lite_msgs/msg/_explore_status_s.c
[20.358s] -- Up-to-date symlink: /home/user/seek_destroy_ws/install/explore_lite_msgs/local/lib/python3.10/dist-packages/explore_lite_msgs/explore_lite_msgs_s__rosidl_typesupport_fastrtps_c.cpython-310-x86_64-linux-gnu.so
[20.359s] -- Up-to-date symlink: /home/user/seek_destroy_ws/install/explore_lite_msgs/local/lib/python3.10/dist-packages/explore_lite_msgs/explore_lite_msgs_s__rosidl_typesupport_introspection_c.cpython-310-x86_64-linux-gnu.so
[20.359s] -- Up-to-date symlink: /home/user/seek_destroy_ws/install/explore_lite_msgs/local/lib/python3.10/dist-packages/explore_lite_msgs/explore_lite_msgs_s__rosidl_typesupport_c.cpython-310-x86_64-linux-gnu.so
[20.360s] -- Symlinking: /home/user/seek_destroy_ws/install/explore_lite_msgs/share/explore_lite_msgs/msg/ExploreStatus.idl
[20.380s] -- Symlinking: /home/user/seek_destroy_ws/install/explore_lite_msgs/share/explore_lite_msgs/msg/ExploreStatus.msg
[20.414s] -- Symlinking: /home/user/seek_destroy_ws/install/explore_lite_msgs/share/ament_index/resource_index/package_run_dependencies/explore_lite_msgs
[20.433s] -- Symlinking: /home/user/seek_destroy_ws/install/explore_lite_msgs/share/ament_index/resource_index/parent_prefix_path/explore_lite_msgs
[20.448s] -- Symlinking: /home/user/seek_destroy_ws/install/explore_lite_msgs/share/explore_lite_msgs/environment/ament_prefix_path.sh
[20.459s] -- Symlinking: /home/user/seek_destroy_ws/install/explore_lite_msgs/share/explore_lite_msgs/environment/ament_prefix_path.dsv
[20.475s] -- Symlinking: /home/user/seek_destroy_ws/install/explore_lite_msgs/share/explore_lite_msgs/environment/path.sh
[20.486s] -- Symlinking: /home/user/seek_destroy_ws/install/explore_lite_msgs/share/explore_lite_msgs/environment/path.dsv
[20.499s] -- Symlinking: /home/user/seek_destroy_ws/install/explore_lite_msgs/share/explore_lite_msgs/local_setup.bash
[20.510s] -- Symlinking: /home/user/seek_destroy_ws/install/explore_lite_msgs/share/explore_lite_msgs/local_setup.sh
[20.522s] -- Symlinking: /home/user/seek_destroy_ws/install/explore_lite_msgs/share/explore_lite_msgs/local_setup.zsh
[20.536s] -- Symlinking: /home/user/seek_destroy_ws/install/explore_lite_msgs/share/explore_lite_msgs/local_setup.dsv
[20.546s] -- Symlinking: /home/user/seek_destroy_ws/install/explore_lite_msgs/share/explore_lite_msgs/package.dsv
[20.556s] -- Symlinking: /home/user/seek_destroy_ws/install/explore_lite_msgs/share/ament_index/resource_index/packages/explore_lite_msgs
[20.573s] -- Symlinking: /home/user/seek_destroy_ws/install/explore_lite_msgs/share/explore_lite_msgs/cmake/rosidl_cmake-extras.cmake
[20.586s] -- Symlinking: /home/user/seek_destroy_ws/install/explore_lite_msgs/share/explore_lite_msgs/cmake/ament_cmake_export_include_directories-extras.cmake
[20.601s] -- Symlinking: /home/user/seek_destroy_ws/install/explore_lite_msgs/share/explore_lite_msgs/cmake/ament_cmake_export_libraries-extras.cmake
[20.614s] -- Symlinking: /home/user/seek_destroy_ws/install/explore_lite_msgs/share/explore_lite_msgs/cmake/ament_cmake_export_targets-extras.cmake
[20.628s] -- Symlinking: /home/user/seek_destroy_ws/install/explore_lite_msgs/share/explore_lite_msgs/cmake/rosidl_cmake_export_typesupport_targets-extras.cmake
[20.640s] -- Symlinking: /home/user/seek_destroy_ws/install/explore_lite_msgs/share/explore_lite_msgs/cmake/ament_cmake_export_dependencies-extras.cmake
[20.651s] -- Symlinking: /home/user/seek_destroy_ws/install/explore_lite_msgs/share/explore_lite_msgs/cmake/rosidl_cmake_export_typesupport_libraries-extras.cmake
[20.666s] -- Symlinking: /home/user/seek_destroy_ws/install/explore_lite_msgs/share/explore_lite_msgs/cmake/explore_lite_msgsConfig.cmake
[20.684s] -- Symlinking: /home/user/seek_destroy_ws/install/explore_lite_msgs/share/explore_lite_msgs/cmake/explore_lite_msgsConfig-version.cmake
[20.696s] -- Symlinking: /home/user/seek_destroy_ws/install/explore_lite_msgs/share/explore_lite_msgs/package.xml
[20.710s] -- Installing: /home/user/seek_destroy_ws/install/explore_lite_msgs/lib/libexplore_lite_msgs__rosidl_generator_c.so
[20.711s] -- Set runtime path of "/home/user/seek_destroy_ws/install/explore_lite_msgs/lib/libexplore_lite_msgs__rosidl_generator_c.so" to ""
[20.711s] -- Installing: /home/user/seek_destroy_ws/install/explore_lite_msgs/lib/libexplore_lite_msgs__rosidl_typesupport_fastrtps_c.so
[20.711s] -- Set runtime path of "/home/user/seek_destroy_ws/install/explore_lite_msgs/lib/libexplore_lite_msgs__rosidl_typesupport_fastrtps_c.so" to ""
[20.711s] -- Installing: /home/user/seek_destroy_ws/install/explore_lite_msgs/lib/libexplore_lite_msgs__rosidl_typesupport_introspection_c.so
[20.712s] -- Set runtime path of "/home/user/seek_destroy_ws/install/explore_lite_msgs/lib/libexplore_lite_msgs__rosidl_typesupport_introspection_c.so" to ""
[20.712s] -- Installing: /home/user/seek_destroy_ws/install/explore_lite_msgs/lib/libexplore_lite_msgs__rosidl_typesupport_c.so
[20.712s] -- Set runtime path of "/home/user/seek_destroy_ws/install/explore_lite_msgs/lib/libexplore_lite_msgs__rosidl_typesupport_c.so" to ""
[20.713s] -- Installing: /home/user/seek_destroy_ws/install/explore_lite_msgs/lib/libexplore_lite_msgs__rosidl_typesupport_fastrtps_cpp.so
[20.713s] -- Set runtime path of "/home/user/seek_destroy_ws/install/explore_lite_msgs/lib/libexplore_lite_msgs__rosidl_typesupport_fastrtps_cpp.so" to ""
[20.713s] -- Installing: /home/user/seek_destroy_ws/install/explore_lite_msgs/lib/libexplore_lite_msgs__rosidl_typesupport_introspection_cpp.so
[20.713s] -- Set runtime path of "/home/user/seek_destroy_ws/install/explore_lite_msgs/lib/libexplore_lite_msgs__rosidl_typesupport_introspection_cpp.so" to ""
[20.713s] -- Installing: /home/user/seek_destroy_ws/install/explore_lite_msgs/lib/libexplore_lite_msgs__rosidl_typesupport_cpp.so
[20.714s] -- Set runtime path of "/home/user/seek_destroy_ws/install/explore_lite_msgs/lib/libexplore_lite_msgs__rosidl_typesupport_cpp.so" to ""
[20.774s] Listing '/home/user/seek_destroy_ws/install/explore_lite_msgs/local/lib/python3.10/dist-packages/explore_lite_msgs'...
[20.775s] Compiling '/home/user/seek_destroy_ws/install/explore_lite_msgs/local/lib/python3.10/dist-packages/explore_lite_msgs/__init__.py'...
[20.775s] Listing '/home/user/seek_destroy_ws/install/explore_lite_msgs/local/lib/python3.10/dist-packages/explore_lite_msgs/msg'...
[20.775s] Compiling '/home/user/seek_destroy_ws/install/explore_lite_msgs/local/lib/python3.10/dist-packages/explore_lite_msgs/msg/__init__.py'...
[20.776s] Compiling '/home/user/seek_destroy_ws/install/explore_lite_msgs/local/lib/python3.10/dist-packages/explore_lite_msgs/msg/_explore_status.py'...
[20.781s] -- Installing: /home/user/seek_destroy_ws/install/explore_lite_msgs/lib/libexplore_lite_msgs__rosidl_generator_py.so
[20.782s] -- Set runtime path of "/home/user/seek_destroy_ws/install/explore_lite_msgs/lib/libexplore_lite_msgs__rosidl_generator_py.so" to ""
[20.782s] -- Installing: /home/user/seek_destroy_ws/install/explore_lite_msgs/share/explore_lite_msgs/cmake/export_explore_lite_msgs__rosidl_generator_cExport.cmake
[20.782s] -- Installing: /home/user/seek_destroy_ws/install/explore_lite_msgs/share/explore_lite_msgs/cmake/export_explore_lite_msgs__rosidl_generator_cExport-noconfig.cmake
[20.782s] -- Installing: /home/user/seek_destroy_ws/install/explore_lite_msgs/share/explore_lite_msgs/cmake/export_explore_lite_msgs__rosidl_typesupport_fastrtps_cExport.cmake
[20.783s] -- Installing: /home/user/seek_destroy_ws/install/explore_lite_msgs/share/explore_lite_msgs/cmake/export_explore_lite_msgs__rosidl_typesupport_fastrtps_cExport-noconfig.cmake
[20.783s] -- Installing: /home/user/seek_destroy_ws/install/explore_lite_msgs/share/explore_lite_msgs/cmake/explore_lite_msgs__rosidl_typesupport_introspection_cExport.cmake
[20.783s] -- Installing: /home/user/seek_destroy_ws/install/explore_lite_msgs/share/explore_lite_msgs/cmake/explore_lite_msgs__rosidl_typesupport_introspection_cExport-noconfig.cmake
[20.783s] -- Installing: /home/user/seek_destroy_ws/install/explore_lite_msgs/share/explore_lite_msgs/cmake/explore_lite_msgs__rosidl_typesupport_cExport.cmake
[20.783s] -- Installing: /home/user/seek_destroy_ws/install/explore_lite_msgs/share/explore_lite_msgs/cmake/explore_lite_msgs__rosidl_typesupport_cExport-noconfig.cmake
[20.784s] -- Installing: /home/user/seek_destroy_ws/install/explore_lite_msgs/share/explore_lite_msgs/cmake/export_explore_lite_msgs__rosidl_generator_cppExport.cmake
[20.784s] -- Installing: /home/user/seek_destroy_ws/install/explore_lite_msgs/share/explore_lite_msgs/cmake/export_explore_lite_msgs__rosidl_typesupport_fastrtps_cppExport.cmake
[20.784s] -- Installing: /home/user/seek_destroy_ws/install/explore_lite_msgs/share/explore_lite_msgs/cmake/export_explore_lite_msgs__rosidl_typesupport_fastrtps_cppExport-noconfig.cmake
[20.784s] -- Installing: /home/user/seek_destroy_ws/install/explore_lite_msgs/share/explore_lite_msgs/cmake/explore_lite_msgs__rosidl_typesupport_introspection_cppExport.cmake
[20.784s] -- Installing: /home/user/seek_destroy_ws/install/explore_lite_msgs/share/explore_lite_msgs/cmake/explore_lite_msgs__rosidl_typesupport_introspection_cppExport-noconfig.cmake
[20.785s] -- Installing: /home/user/seek_destroy_ws/install/explore_lite_msgs/share/explore_lite_msgs/cmake/explore_lite_msgs__rosidl_typesupport_cppExport.cmake
[20.785s] -- Installing: /home/user/seek_destroy_ws/install/explore_lite_msgs/share/explore_lite_msgs/cmake/explore_lite_msgs__rosidl_typesupport_cppExport-noconfig.cmake
[20.786s] -- Installing: /home/user/seek_destroy_ws/install/explore_lite_msgs/share/explore_lite_msgs/cmake/export_explore_lite_msgs__rosidl_generator_pyExport.cmake
[20.786s] -- Installing: /home/user/seek_destroy_ws/install/explore_lite_msgs/share/explore_lite_msgs/cmake/export_explore_lite_msgs__rosidl_generator_pyExport-noconfig.cmake
[20.801s] Invoked command in '/home/user/seek_destroy_ws/build/explore_lite_msgs' returned '0': CMAKE_PREFIX_PATH=${CMAKE_PREFIX_PATH}:/home/user/seek_destroy_ws/install/rosbot_controller:/home/user/seek_destroy_ws/install/rosbot_utils:/home/user/seek_destroy_ws/install/rosbot_gazebo:/home/user/seek_destroy_ws/install/rosbot_bringup:/home/user/seek_destroy_ws/install/autonomous_exploration:/opt/ros/humble _=/usr/bin/env /usr/bin/cmake --install /home/user/seek_destroy_ws/build/explore_lite_msgs
