[4.687s] Invoking command in '/home/user/seek_destroy_ws/build/rosbot_hardware_interfaces': CMAKE_PREFIX_PATH=${CMAKE_PREFIX_PATH}:/home/user/seek_destroy_ws/install/rosbot_controller:/home/user/seek_destroy_ws/install/rosbot_utils:/home/user/seek_destroy_ws/install/rosbot_gazebo:/home/user/seek_destroy_ws/install/rosbot_bringup:/opt/ros/humble _=/usr/bin/env /usr/bin/cmake --build /home/user/seek_destroy_ws/build/rosbot_hardware_interfaces -- -j8 -l8
[5.088s] -- Found ament_cmake: 1.3.12 (/opt/ros/humble/share/ament_cmake/cmake)
[6.294s] -- Override CMake install command with custom implementation using symlinks instead of copying resources
[6.320s] -- Found hardware_interface: 2.52.2 (/opt/ros/humble/share/hardware_interface/cmake)
[6.649s] -- Found rosidl_generator_c: 3.1.7 (/opt/ros/humble/share/rosidl_generator_c/cmake)
[6.879s] -- Found rosidl_adapter: 3.1.7 (/opt/ros/humble/share/rosidl_adapter/cmake)
[6.933s] -- Found rosidl_generator_cpp: 3.1.7 (/opt/ros/humble/share/rosidl_generator_cpp/cmake)
[7.072s] -- Using all available rosidl_typesupport_c: rosidl_typesupport_fastrtps_c;rosidl_typesupport_introspection_c
[7.189s] -- Using all available rosidl_typesupport_cpp: rosidl_typesupport_fastrtps_cpp;rosidl_typesupport_introspection_cpp
[9.402s] -- Found rmw_implementation_cmake: 6.1.2 (/opt/ros/humble/share/rmw_implementation_cmake/cmake)
[9.472s] -- Found rmw_fastrtps_cpp: 6.2.9 (/opt/ros/humble/share/rmw_fastrtps_cpp/cmake)
[9.821s] -- Found TinyXML2 via Config file: TinyXML2_DIR-NOTFOUND
[10.151s] -- Found TinyXML2 via Config file: TinyXML2_DIR-NOTFOUND
[10.281s] -- Found TinyXML2 via Config file: TinyXML2_DIR-NOTFOUND
[10.366s] -- Found TinyXML2 via Config file: TinyXML2_DIR-NOTFOUND
[10.403s] -- Using RMW implementation 'rmw_fastrtps_cpp' as default
[11.390s] -- Found realtime_tools: 2.14.1 (/opt/ros/humble/share/realtime_tools/cmake)
[12.224s] -- Configuring done
[12.347s] -- Generating done
[12.384s] -- Build files have been written to: /home/user/seek_destroy_ws/build/rosbot_hardware_interfaces
[12.498s] [35m[1mConsolidate compiler generated dependencies of target rosbot_hardware_interfaces[0m
[12.743s] [ 33%] [32mBuilding CXX object CMakeFiles/rosbot_hardware_interfaces.dir/src/rosbot_system.cpp.o[0m
[54.167s] [ 66%] [32mBuilding CXX object CMakeFiles/rosbot_hardware_interfaces.dir/src/rosbot_imu_sensor.cpp.o[0m
[89.110s] [100%] [32m[1mLinking CXX shared library librosbot_hardware_interfaces.so[0m
[93.521s] [100%] Built target rosbot_hardware_interfaces
[93.557s] Invoked command in '/home/user/seek_destroy_ws/build/rosbot_hardware_interfaces' returned '0': CMAKE_PREFIX_PATH=${CMAKE_PREFIX_PATH}:/home/user/seek_destroy_ws/install/rosbot_controller:/home/user/seek_destroy_ws/install/rosbot_utils:/home/user/seek_destroy_ws/install/rosbot_gazebo:/home/user/seek_destroy_ws/install/rosbot_bringup:/opt/ros/humble _=/usr/bin/env /usr/bin/cmake --build /home/user/seek_destroy_ws/build/rosbot_hardware_interfaces -- -j8 -l8
[93.558s] Invoking command in '/home/user/seek_destroy_ws/build/rosbot_hardware_interfaces': CMAKE_PREFIX_PATH=${CMAKE_PREFIX_PATH}:/home/user/seek_destroy_ws/install/rosbot_controller:/home/user/seek_destroy_ws/install/rosbot_utils:/home/user/seek_destroy_ws/install/rosbot_gazebo:/home/user/seek_destroy_ws/install/rosbot_bringup:/opt/ros/humble _=/usr/bin/env /usr/bin/cmake --install /home/user/seek_destroy_ws/build/rosbot_hardware_interfaces
[93.581s] -- Install configuration: ""
[93.583s] -- Execute custom install script
[93.583s] -- Up-to-date symlink: /home/user/seek_destroy_ws/install/rosbot_hardware_interfaces/share/rosbot_hardware_interfaces//rosbot_hardware_interfaces.xml
[93.584s] -- Up-to-date symlink: /home/user/seek_destroy_ws/install/rosbot_hardware_interfaces/include/rosbot_hardware_interfaces/rosbot_imu_sensor.hpp
[93.585s] -- Up-to-date symlink: /home/user/seek_destroy_ws/install/rosbot_hardware_interfaces/include/rosbot_hardware_interfaces/rosbot_system.hpp
[93.585s] -- Up-to-date symlink: /home/user/seek_destroy_ws/install/rosbot_hardware_interfaces/include/rosbot_hardware_interfaces/visibility_control.hpp
[93.585s] -- Up-to-date symlink: /home/user/seek_destroy_ws/install/rosbot_hardware_interfaces/lib/librosbot_hardware_interfaces.so
[93.586s] -- Up-to-date symlink: /home/user/seek_destroy_ws/install/rosbot_hardware_interfaces/share/rosbot_hardware_interfaces/environment/library_path.sh
[93.586s] -- Up-to-date symlink: /home/user/seek_destroy_ws/install/rosbot_hardware_interfaces/share/rosbot_hardware_interfaces/environment/library_path.dsv
[93.586s] -- Up-to-date symlink: /home/user/seek_destroy_ws/install/rosbot_hardware_interfaces/share/ament_index/resource_index/package_run_dependencies/rosbot_hardware_interfaces
[93.587s] -- Up-to-date symlink: /home/user/seek_destroy_ws/install/rosbot_hardware_interfaces/share/ament_index/resource_index/parent_prefix_path/rosbot_hardware_interfaces
[93.588s] -- Up-to-date symlink: /home/user/seek_destroy_ws/install/rosbot_hardware_interfaces/share/rosbot_hardware_interfaces/environment/ament_prefix_path.sh
[93.589s] -- Up-to-date symlink: /home/user/seek_destroy_ws/install/rosbot_hardware_interfaces/share/rosbot_hardware_interfaces/environment/ament_prefix_path.dsv
[93.594s] -- Up-to-date symlink: /home/user/seek_destroy_ws/install/rosbot_hardware_interfaces/share/rosbot_hardware_interfaces/environment/path.sh
[93.595s] -- Up-to-date symlink: /home/user/seek_destroy_ws/install/rosbot_hardware_interfaces/share/rosbot_hardware_interfaces/environment/path.dsv
[93.595s] -- Up-to-date symlink: /home/user/seek_destroy_ws/install/rosbot_hardware_interfaces/share/rosbot_hardware_interfaces/local_setup.bash
[93.596s] -- Up-to-date symlink: /home/user/seek_destroy_ws/install/rosbot_hardware_interfaces/share/rosbot_hardware_interfaces/local_setup.sh
[93.597s] -- Up-to-date symlink: /home/user/seek_destroy_ws/install/rosbot_hardware_interfaces/share/rosbot_hardware_interfaces/local_setup.zsh
[93.597s] -- Up-to-date symlink: /home/user/seek_destroy_ws/install/rosbot_hardware_interfaces/share/rosbot_hardware_interfaces/local_setup.dsv
[93.602s] -- Symlinking: /home/user/seek_destroy_ws/install/rosbot_hardware_interfaces/share/rosbot_hardware_interfaces/package.dsv
[93.666s] -- Up-to-date symlink: /home/user/seek_destroy_ws/install/rosbot_hardware_interfaces/share/ament_index/resource_index/packages/rosbot_hardware_interfaces
[93.666s] -- Up-to-date symlink: /home/user/seek_destroy_ws/install/rosbot_hardware_interfaces/share/ament_index/resource_index/hardware_interface__pluginlib__plugin/rosbot_hardware_interfaces
[93.666s] -- Up-to-date symlink: /home/user/seek_destroy_ws/install/rosbot_hardware_interfaces/share/rosbot_hardware_interfaces/cmake/ament_cmake_export_include_directories-extras.cmake
[93.667s] -- Up-to-date symlink: /home/user/seek_destroy_ws/install/rosbot_hardware_interfaces/share/rosbot_hardware_interfaces/cmake/ament_cmake_export_libraries-extras.cmake
[93.668s] -- Up-to-date symlink: /home/user/seek_destroy_ws/install/rosbot_hardware_interfaces/share/rosbot_hardware_interfaces/cmake/ament_cmake_export_dependencies-extras.cmake
[93.669s] -- Up-to-date symlink: /home/user/seek_destroy_ws/install/rosbot_hardware_interfaces/share/rosbot_hardware_interfaces/cmake/rosbot_hardware_interfacesConfig.cmake
[93.671s] -- Up-to-date symlink: /home/user/seek_destroy_ws/install/rosbot_hardware_interfaces/share/rosbot_hardware_interfaces/cmake/rosbot_hardware_interfacesConfig-version.cmake
[93.672s] -- Up-to-date symlink: /home/user/seek_destroy_ws/install/rosbot_hardware_interfaces/share/rosbot_hardware_interfaces/package.xml
[93.677s] Invoked command in '/home/user/seek_destroy_ws/build/rosbot_hardware_interfaces' returned '0': CMAKE_PREFIX_PATH=${CMAKE_PREFIX_PATH}:/home/user/seek_destroy_ws/install/rosbot_controller:/home/user/seek_destroy_ws/install/rosbot_utils:/home/user/seek_destroy_ws/install/rosbot_gazebo:/home/user/seek_destroy_ws/install/rosbot_bringup:/opt/ros/humble _=/usr/bin/env /usr/bin/cmake --install /home/user/seek_destroy_ws/build/rosbot_hardware_interfaces
