[18.901s] Invoking command in '/home/user/seek_destroy_ws/build/rosbot_gazebo': PYTHONPATH=/home/user/seek_destroy_ws/build/rosbot_gazebo/prefix_override:/usr/lib/python3/dist-packages/colcon_core/task/python/colcon_distutils_commands:/home/user/seek_destroy_ws/install/rosbot_gazebo/lib/python3.10/site-packages:${PYTHONPATH} _=/usr/bin/env /usr/bin/python3 -W ignore:setup.py install is deprecated -W ignore:easy_install command is deprecated setup.py develop --editable --build-directory /home/user/seek_destroy_ws/build/rosbot_gazebo/build --no-deps symlink_data
[26.517s] running develop
[26.517s] running egg_info
[26.518s] creating rosbot_gazebo.egg-info
[26.518s] writing manifest file 'rosbot_gazebo.egg-info/SOURCES.txt'
[26.518s] writing manifest file 'rosbot_gazebo.egg-info/SOURCES.txt'
[26.518s] running build_ext
[26.518s] running symlink_data
[26.518s] creating /home/user/seek_destroy_ws/install/rosbot_gazebo/share/ament_index
[26.518s] creating /home/user/seek_destroy_ws/install/rosbot_gazebo/share/ament_index/resource_index
[26.519s] creating /home/user/seek_destroy_ws/install/rosbot_gazebo/share/ament_index/resource_index/packages
[26.519s] symbolically linking /home/user/seek_destroy_ws/build/rosbot_gazebo/resource/rosbot_gazebo -> /home/user/seek_destroy_ws/install/rosbot_gazebo/share/ament_index/resource_index/packages
[26.519s] symbolically linking /home/user/seek_destroy_ws/build/rosbot_gazebo/package.xml -> /home/user/seek_destroy_ws/install/rosbot_gazebo/share/rosbot_gazebo
[26.519s] creating /home/user/seek_destroy_ws/install/rosbot_gazebo/share/rosbot_gazebo/launch
[26.520s] symbolically linking /home/user/seek_destroy_ws/build/rosbot_gazebo/launch/simulation.launch.py -> /home/user/seek_destroy_ws/install/rosbot_gazebo/share/rosbot_gazebo/launch
[26.521s] symbolically linking /home/user/seek_destroy_ws/build/rosbot_gazebo/launch/spawn_robot.launch.py -> /home/user/seek_destroy_ws/install/rosbot_gazebo/share/rosbot_gazebo/launch
[26.521s] creating /home/user/seek_destroy_ws/install/rosbot_gazebo/share/rosbot_gazebo/config
[26.521s] symbolically linking /home/user/seek_destroy_ws/build/rosbot_gazebo/config/rosbot_bridge.yaml -> /home/user/seek_destroy_ws/install/rosbot_gazebo/share/rosbot_gazebo/config
[26.521s] symbolically linking /home/user/seek_destroy_ws/build/rosbot_gazebo/config/gz_bridge.yaml -> /home/user/seek_destroy_ws/install/rosbot_gazebo/share/rosbot_gazebo/config
[26.524s] Invoked command in '/home/user/seek_destroy_ws/build/rosbot_gazebo' returned '0': PYTHONPATH=/home/user/seek_destroy_ws/build/rosbot_gazebo/prefix_override:/usr/lib/python3/dist-packages/colcon_core/task/python/colcon_distutils_commands:/home/user/seek_destroy_ws/install/rosbot_gazebo/lib/python3.10/site-packages:${PYTHONPATH} _=/usr/bin/env /usr/bin/python3 -W ignore:setup.py install is deprecated -W ignore:easy_install command is deprecated setup.py develop --editable --build-directory /home/user/seek_destroy_ws/build/rosbot_gazebo/build --no-deps symlink_data
