--2026-03-31 15:39:36--  https://raw.githubusercontent.com/hrnr/m-explore-extra/master/map_merge/hector_maps/map00.pgm
Resolving raw.githubusercontent.com (raw.githubusercontent.com)... 185.199.109.133, 185.199.110.133, 185.199.108.133, ...
Connecting to raw.githubusercontent.com (raw.githubusercontent.com)|185.199.109.133|:443... connected.
HTTP request sent, awaiting response... 200 OK
Length: 4194362 (4.0M) [application/octet-stream]
Saving to: '/home/user/seek_destroy_ws/build/multirobot_map_merge/map00.pgm'

     0K .......... .......... .......... .......... ..........  1% 7.79M 1s
    50K .......... .......... .......... .......... ..........  2% 13.3M 0s
   100K .......... .......... .......... .......... ..........  3% 26.9M 0s
   150K .......... .......... .......... .......... ..........  4% 34.7M 0s
   200K .......... .......... .......... .......... ..........  6% 34.3M 0s
   250K .......... .......... .......... .......... ..........  7% 51.4M 0s
   300K .......... .......... .......... .......... ..........  8%  220M 0s
   350K .......... .......... .......... .......... ..........  9%  786K 1s
   400K .......... .......... .......... .......... .......... 10%  140M 1s
   450K .......... .......... .......... .......... .......... 12%  239M 1s
   500K .......... .......... .......... .......... .......... 13%  145M 1s
   550K .......... .......... .......... .......... .......... 14%  241M 0s
   600K .......... .......... .......... .......... .......... 15%  151M 0s
   650K .......... .......... .......... .......... .......... 17%  218M 0s
   700K .......... .......... .......... .......... .......... 18%  134M 0s
   750K .......... .......... .......... .......... .......... 19%  220M 0s
   800K .......... .......... .......... .......... .......... 20%  203M 0s
   850K .......... .......... .......... .......... .......... 21%  220M 0s
   900K .......... .......... .......... .......... .......... 23%  250M 0s
   950K .......... .......... .......... .......... .......... 24% 30.9M 0s
  1000K .......... .......... .......... .......... .......... 25%  176M 0s
  1050K .......... .......... .......... .......... .......... 26% 69.0M 0s
  1100K .......... .......... .......... .......... .......... 28% 39.9M 0s
  1150K .......... .......... .......... .......... .......... 29% 46.2M 0s
  1200K .......... .......... .......... .......... .......... 30% 36.5M 0s
  1250K .......... .......... .......... .......... .......... 31% 32.6M 0s
  1300K .......... .......... .......... .......... .......... 32% 45.6M 0s
  1350K .......... .......... .......... .......... .......... 34% 48.8M 0s
  1400K .......... .......... .......... .......... .......... 35% 4.94M 0s
  1450K .......... .......... .......... .......... .......... 36% 38.8M 0s
  1500K .......... .......... .......... .......... .......... 37% 54.1M 0s
  1550K .......... .......... .......... .......... .......... 39% 24.2M 0s
  1600K .......... .......... .......... .......... .......... 40% 16.8M 0s
  1650K .......... .......... .......... .......... .......... 41% 19.8M 0s
  1700K .......... .......... .......... .......... .......... 42% 22.1M 0s
  1750K .......... .......... .......... .......... .......... 43% 25.3M 0s
  1800K .......... .......... .......... .......... .......... 45% 23.5M 0s
  1850K .......... .......... .......... .......... .......... 46% 17.1M 0s
  1900K .......... .......... .......... .......... .......... 47% 26.3M 0s
  1950K .......... .......... .......... .......... .......... 48%  828K 0s
  2000K .......... .......... .......... .......... .......... 50%  192M 0s
  2050K .......... .......... .......... .......... .......... 51%  251M 0s
  2100K .......... .......... .......... .......... .......... 52%  253M 0s
  2150K .......... .......... .......... .......... .......... 53%  239M 0s
  2200K .......... .......... .......... .......... .......... 54%  219M 0s
  2250K .......... .......... .......... .......... .......... 56%  247M 0s
  2300K .......... .......... .......... .......... .......... 57%  219M 0s
  2350K .......... .......... .......... .......... .......... 58%  190M 0s
  2400K .......... .......... .......... .......... .......... 59%  198M 0s
  2450K .......... .......... .......... .......... .......... 61%  238M 0s
  2500K .......... .......... .......... .......... .......... 62%  211M 0s
  2550K .......... .......... .......... .......... .......... 63%  239M 0s
  2600K .......... .......... .......... .......... .......... 64%  223M 0s
  2650K .......... .......... .......... .......... .......... 65%  248M 0s
  2700K .......... .......... .......... .......... .......... 67%  248M 0s
  2750K .......... .......... .......... .......... .......... 68%  241M 0s
  2800K .......... .......... .......... .......... .......... 69% 10.8M 0s
  2850K .......... .......... .......... .......... .......... 70% 22.9M 0s
  2900K .......... .......... .......... .......... .......... 72% 39.6M 0s
  2950K .......... .......... .......... .......... .......... 73% 17.4M 0s
  3000K .......... .......... .......... .......... .......... 74%  252M 0s
  3050K .......... .......... .......... .......... .......... 75%  292M 0s
  3100K .......... .......... .......... .......... .......... 76%  307M 0s
  3150K .......... .......... .......... .......... .......... 78%  344M 0s
  3200K .......... .......... .......... .......... .......... 79%  188M 0s
  3250K .......... .......... .......... .......... .......... 80%  210M 0s
  3300K .......... .......... .......... .......... .......... 81%  197M 0s
  3350K .......... .......... .......... .......... .......... 83%  165M 0s
  3400K .......... .......... .......... .......... .......... 84%  183M 0s
  3450K .......... .......... .......... .......... .......... 85%  186M 0s
  3500K .......... .......... .......... .......... .......... 86%  186M 0s
  3550K .......... .......... .......... .......... .......... 87%  174M 0s
  3600K .......... .......... .......... .......... .......... 89% 4.26M 0s
  3650K .......... .......... .......... .......... .......... 90%  178M 0s
  3700K .......... .......... .......... .......... .......... 91%  166M 0s
  3750K .......... .......... .......... .......... .......... 92% 70.8M 0s
  3800K .......... .......... .......... .......... .......... 93% 74.0M 0s
  3850K .......... .......... .......... .......... .......... 95%  163M 0s
  3900K .......... .......... .......... .......... .......... 96%  193M 0s
  3950K .......... .......... .......... .......... .......... 97%  198M 0s
  4000K .......... .......... .......... .......... .......... 98%  166M 0s
  4050K .......... .......... .......... .......... ......    100%  192M=0.2s

2026-03-31 15:39:37 (18.7 MB/s) - '/home/user/seek_destroy_ws/build/multirobot_map_merge/map00.pgm' saved [4194362/4194362]

--2026-03-31 15:39:37--  https://raw.githubusercontent.com/hrnr/m-explore-extra/master/map_merge/hector_maps/map05.pgm
Resolving raw.githubusercontent.com (raw.githubusercontent.com)... 185.199.111.133, 185.199.108.133, 185.199.110.133, ...
Connecting to raw.githubusercontent.com (raw.githubusercontent.com)|185.199.111.133|:443... connected.
HTTP request sent, awaiting response... 200 OK
Length: 4194362 (4.0M) [application/octet-stream]
Saving to: '/home/user/seek_destroy_ws/build/multirobot_map_merge/map05.pgm'

     0K .......... .......... .......... .......... ..........  1%  102M 0s
    50K .......... .......... .......... .......... ..........  2% 70.9M 0s
   100K .......... .......... .......... .......... ..........  3%  206M 0s
   150K .......... .......... .......... .......... ..........  4%  178M 0s
   200K .......... .......... .......... .......... ..........  6%  234M 0s
   250K .......... .......... .......... .......... ..........  7% 88.3M 0s
   300K .......... .......... .......... .......... ..........  8%  187M 0s
   350K .......... .......... .......... .......... ..........  9%  170M 0s
   400K .......... .......... .......... .......... .......... 10%  142M 0s
   450K .......... .......... .......... .......... .......... 12%  158M 0s
   500K .......... .......... .......... .......... .......... 13%  162M 0s
   550K .......... .......... .......... .......... .......... 14%  146M 0s
   600K .......... .......... .......... .......... .......... 15%  116M 0s
   650K .......... .......... .......... .......... .......... 17%  111M 0s
   700K .......... .......... .......... .......... .......... 18%  133M 0s
   750K .......... .......... .......... .......... .......... 19%  128M 0s
   800K .......... .......... .......... .......... .......... 20%  147M 0s
   850K .......... .......... .......... .......... .......... 21%  134M 0s
   900K .......... .......... .......... .......... .......... 23%  162M 0s
   950K .......... .......... .......... .......... .......... 24%  143M 0s
  1000K .......... .......... .......... .......... .......... 25%  186M 0s
  1050K .......... .......... .......... .......... .......... 26% 70.7M 0s
  1100K .......... .......... .......... .......... .......... 28% 43.3M 0s
  1150K .......... .......... .......... .......... .......... 29% 41.4M 0s
  1200K .......... .......... .......... .......... .......... 30% 77.5M 0s
  1250K .......... .......... .......... .......... .......... 31%  153M 0s
  1300K .......... .......... .......... .......... .......... 32%  139M 0s
  1350K .......... .......... .......... .......... .......... 34%  167M 0s
  1400K .......... .......... .......... .......... .......... 35%  164M 0s
  1450K .......... .......... .......... .......... .......... 36%  134M 0s
  1500K .......... .......... .......... .......... .......... 37%  164M 0s
  1550K .......... .......... .......... .......... .......... 39%  183M 0s
  1600K .......... .......... .......... .......... .......... 40%  159M 0s
  1650K .......... .......... .......... .......... .......... 41%  164M 0s
  1700K .......... .......... .......... .......... .......... 42%  201M 0s
  1750K .......... .......... .......... .......... .......... 43%  153M 0s
  1800K .......... .......... .......... .......... .......... 45%  196M 0s
  1850K .......... .......... .......... .......... .......... 46%  170M 0s
  1900K .......... .......... .......... .......... .......... 47%  186M 0s
  1950K .......... .......... .......... .......... .......... 48%  142M 0s
  2000K .......... .......... .......... .......... .......... 50% 12.2M 0s
  2050K .......... .......... .......... .......... .......... 51%  142M 0s
  2100K .......... .......... .......... .......... .......... 52%  159M 0s
  2150K .......... .......... .......... .......... .......... 53%  158M 0s
  2200K .......... .......... .......... .......... .......... 54%  208M 0s
  2250K .......... .......... .......... .......... .......... 56%  141M 0s
  2300K .......... .......... .......... .......... .......... 57%  208M 0s
  2350K .......... .......... .......... .......... .......... 58%  162M 0s
  2400K .......... .......... .......... .......... .......... 59%  209M 0s
  2450K .......... .......... .......... .......... .......... 61%  171M 0s
  2500K .......... .......... .......... .......... .......... 62%  186M 0s
  2550K .......... .......... .......... .......... .......... 63%  224M 0s
  2600K .......... .......... .......... .......... .......... 64%  223M 0s
  2650K .......... .......... .......... .......... .......... 65%  150M 0s
  2700K .......... .......... .......... .......... .......... 67%  173M 0s
  2750K .......... .......... .......... .......... .......... 68%  217M 0s
  2800K .......... .......... .......... .......... .......... 69%  165M 0s
  2850K .......... .......... .......... .......... .......... 70% 58.7M 0s
  2900K .......... .......... .......... .......... .......... 72% 49.8M 0s
  2950K .......... .......... .......... .......... .......... 73%  167M 0s
  3000K .......... .......... .......... .......... .......... 74%  194M 0s
  3050K .......... .......... .......... .......... .......... 75%  114M 0s
  3100K .......... .......... .......... .......... .......... 76%  194M 0s
  3150K .......... .......... .......... .......... .......... 78%  175M 0s
  3200K .......... .......... .......... .......... .......... 79%  165M 0s
  3250K .......... .......... .......... .......... .......... 80%  153M 0s
  3300K .......... .......... .......... .......... .......... 81%  186M 0s
  3350K .......... .......... .......... .......... .......... 83%  193M 0s
  3400K .......... .......... .......... .......... .......... 84%  140M 0s
  3450K .......... .......... .......... .......... .......... 85%  129M 0s
  3500K .......... .......... .......... .......... .......... 86% 81.2M 0s
  3550K .......... .......... .......... .......... .......... 87% 63.2M 0s
  3600K .......... .......... .......... .......... .......... 89% 32.5M 0s
  3650K .......... .......... .......... .......... .......... 90%  109M 0s
  3700K .......... .......... .......... .......... .......... 91% 34.9M 0s
  3750K .......... .......... .......... .......... .......... 92% 57.6M 0s
  3800K .......... .......... .......... .......... .......... 93% 50.4M 0s
  3850K .......... .......... .......... .......... .......... 95%  146M 0s
  3900K .......... .......... .......... .......... .......... 96%  244M 0s
  3950K .......... .......... .......... .......... .......... 97%  258M 0s
  4000K .......... .......... .......... .......... .......... 98%  246M 0s
  4050K .......... .......... .......... .......... ......    100%  235M=0.04s

2026-03-31 15:39:38 (108 MB/s) - '/home/user/seek_destroy_ws/build/multirobot_map_merge/map05.pgm' saved [4194362/4194362]

--2026-03-31 15:39:38--  https://raw.githubusercontent.com/hrnr/m-explore-extra/master/map_merge/gmapping_maps/2011-08-09-12-22-52.pgm
Resolving raw.githubusercontent.com (raw.githubusercontent.com)... 185.199.111.133, 185.199.108.133, 185.199.110.133, ...
Connecting to raw.githubusercontent.com (raw.githubusercontent.com)|185.199.111.133|:443... connected.
HTTP request sent, awaiting response... 200 OK
Length: 16000058 (15M) [application/octet-stream]
Saving to: '/home/user/seek_destroy_ws/build/multirobot_map_merge/2011-08-09-12-22-52.pgm'

     0K .......... .......... .......... .......... ..........  0% 57.8M 0s
    50K .......... .......... .......... .......... ..........  0% 3.28M 2s
   100K .......... .......... .......... .......... ..........  0% 2.96M 3s
   150K .......... .......... .......... .......... ..........  1% 1.16M 6s
   200K .......... .......... .......... .......... ..........  1%  174M 5s
   250K .......... .......... .......... .......... ..........  1%  216M 4s
   300K .......... .......... .......... .......... ..........  2%  222M 3s
   350K .......... .......... .......... .......... ..........  2% 8.40M 3s
   400K .......... .......... .......... .......... ..........  2% 5.06M 3s
   450K .......... .......... .......... .......... ..........  3% 10.0M 3s
   500K .......... .......... .......... .......... ..........  3%  167M 3s
   550K .......... .......... .......... .......... ..........  3% 9.75M 3s
   600K .......... .......... .......... .......... ..........  4% 17.4M 2s
   650K .......... .......... .......... .......... ..........  4% 13.7M 2s
   700K .......... .......... .......... .......... ..........  4% 15.8M 2s
   750K .......... .......... .......... .......... ..........  5% 28.9M 2s
   800K .......... .......... .......... .......... ..........  5% 16.1M 2s
   850K .......... .......... .......... .......... ..........  5%  183M 2s
   900K .......... .......... .......... .......... ..........  6% 52.0M 2s
   950K .......... .......... .......... .......... ..........  6% 19.0M 2s
  1000K .......... .......... .......... .......... ..........  6%  114M 2s
  1050K .......... .......... .......... .......... ..........  7% 34.6M 2s
  1100K .......... .......... .......... .......... ..........  7% 31.5M 2s
  1150K .......... .......... .......... .......... ..........  7% 61.6M 1s
  1200K .......... .......... .......... .......... ..........  7% 47.8M 1s
  1250K .......... .......... .......... .......... ..........  8% 52.9M 1s
  1300K .......... .......... .......... .......... ..........  8% 54.3M 1s
  1350K .......... .......... .......... .......... ..........  8% 36.1M 1s
  1400K .......... .......... .......... .......... ..........  9%  190M 1s
  1450K .......... .......... .......... .......... ..........  9%  211M 1s
  1500K .......... .......... .......... .......... ..........  9% 35.3M 1s
  1550K .......... .......... .......... .......... .......... 10% 1.06M 2s
  1600K .......... .......... .......... .......... .......... 10% 46.1M 1s
  1650K .......... .......... .......... .......... .......... 10% 63.0M 1s
  1700K .......... .......... .......... .......... .......... 11%  105M 1s
  1750K .......... .......... .......... .......... .......... 11% 53.7M 1s
  1800K .......... .......... .......... .......... .......... 11% 57.5M 1s
  1850K .......... .......... .......... .......... .......... 12% 19.6M 1s
  1900K .......... .......... .......... .......... .......... 12% 16.9M 1s
  1950K .......... .......... .......... .......... .......... 12% 22.8M 1s
  2000K .......... .......... .......... .......... .......... 13% 34.9M 1s
  2050K .......... .......... .......... .......... .......... 13% 69.4M 1s
  2100K .......... .......... .......... .......... .......... 13% 62.3M 1s
  2150K .......... .......... .......... .......... .......... 14%  131M 1s
  2200K .......... .......... .......... .......... .......... 14% 43.7M 1s
  2250K .......... .......... .......... .......... .......... 14% 25.6M 1s
  2300K .......... .......... .......... .......... .......... 15% 47.8M 1s
  2350K .......... .......... .......... .......... .......... 15%  137M 1s
  2400K .......... .......... .......... .......... .......... 15% 60.6M 1s
  2450K .......... .......... .......... .......... .......... 15% 72.3M 1s
  2500K .......... .......... .......... .......... .......... 16% 81.8M 1s
  2550K .......... .......... .......... .......... .......... 16%  125M 1s
  2600K .......... .......... .......... .......... .......... 16% 75.0M 1s
  2650K .......... .......... .......... .......... .......... 17% 84.4M 1s
  2700K .......... .......... .......... .......... .......... 17% 73.3M 1s
  2750K .......... .......... .......... .......... .......... 17% 43.9M 1s
  2800K .......... .......... .......... .......... .......... 18% 59.4M 1s
  2850K .......... .......... .......... .......... .......... 18% 41.3M 1s
  2900K .......... .......... .......... .......... .......... 18% 41.3M 1s
  2950K .......... .......... .......... .......... .......... 19% 56.8M 1s
  3000K .......... .......... .......... .......... .......... 19% 62.6M 1s
  3050K .......... .......... .......... .......... .......... 19% 66.0M 1s
  3100K .......... .......... .......... .......... .......... 20% 62.0M 1s
  3150K .......... .......... .......... .......... .......... 20% 72.8M 1s
  3200K .......... .......... .......... .......... .......... 20% 86.4M 1s
  3250K .......... .......... .......... .......... .......... 21%  208M 1s
  3300K .......... .......... .......... .......... .......... 21%  183M 1s
  3350K .......... .......... .......... .......... .......... 21% 76.1M 1s
  3400K .......... .......... .......... .......... .......... 22%  169M 1s
  3450K .......... .......... .......... .......... .......... 22% 83.3M 1s
  3500K .......... .......... .......... .......... .......... 22%  191M 1s
  3550K .......... .......... .......... .......... .......... 23%  185M 1s
  3600K .......... .......... .......... .......... .......... 23% 50.1M 1s
  3650K .......... .......... .......... .......... .......... 23% 23.4M 1s
  3700K .......... .......... .......... .......... .......... 23% 97.5M 1s
  3750K .......... .......... .......... .......... .......... 24% 27.2M 1s
  3800K .......... .......... .......... .......... .......... 24% 37.4M 1s
  3850K .......... .......... .......... .......... .......... 24% 37.4M 1s
  3900K .......... .......... .......... .......... .......... 25% 49.7M 1s
  3950K .......... .......... .......... .......... .......... 25%  170M 1s
  4000K .......... .......... .......... .......... .......... 25% 79.3M 1s
  4050K .......... .......... .......... .......... .......... 26% 87.4M 1s
  4100K .......... .......... .......... .......... .......... 26% 91.7M 1s
  4150K .......... .......... .......... .......... .......... 26%  153M 1s
  4200K .......... .......... .......... .......... .......... 27% 76.8M 1s
  4250K .......... .......... .......... .......... .......... 27%  165M 1s
  4300K .......... .......... .......... .......... .......... 27%  949K 1s
  4350K .......... .......... .......... .......... .......... 28%  146M 1s
  4400K .......... .......... .......... .......... .......... 28% 55.0M 1s
  4450K .......... .......... .......... .......... .......... 28%  170M 1s
  4500K .......... .......... .......... .......... .......... 29%  168M 1s
  4550K .......... .......... .......... .......... .......... 29%  108M 1s
  4600K .......... .......... .......... .......... .......... 29%  158M 1s
  4650K .......... .......... .......... .......... .......... 30%  108M 1s
  4700K .......... .......... .......... .......... .......... 30%  225M 1s
  4750K .......... .......... .......... .......... .......... 30% 69.2M 1s
  4800K .......... .......... .......... .......... .......... 31%  230M 1s
  4850K .......... .......... .......... .......... .......... 31%  123M 1s
  4900K .......... .......... .......... .......... .......... 31%  134M 1s
  4950K .......... .......... .......... .......... .......... 31%  175M 1s
  5000K .......... .......... .......... .......... .......... 32% 82.9M 1s
  5050K .......... .......... .......... .......... .......... 32%  195M 1s
  5100K .......... .......... .......... .......... .......... 32% 97.1M 1s
  5150K .......... .......... .......... .......... .......... 33%  133M 1s
  5200K .......... .......... .......... .......... .......... 33%  196M 1s
  5250K .......... .......... .......... .......... .......... 33% 81.5M 1s
  5300K .......... .......... .......... .......... .......... 34%  220M 1s
  5350K .......... .......... .......... .......... .......... 34%  174M 1s
  5400K .......... .......... .......... .......... .......... 34%  109M 1s
  5450K .......... .......... .......... .......... .......... 35%  188M 1s
  5500K .......... .......... .......... .......... .......... 35%  214M 1s
  5550K .......... .......... .......... .......... .......... 35% 81.8M 1s
  5600K .......... .......... .......... .......... .......... 36%  202M 1s
  5650K .......... .......... .......... .......... .......... 36%  243M 0s
  5700K .......... .......... .......... .......... .......... 36%  231M 0s
  5750K .......... .......... .......... .......... .......... 37% 86.8M 0s
  5800K .......... .......... .......... .......... .......... 37%  207M 0s
  5850K .......... .......... .......... .......... .......... 37% 85.7M 0s
  5900K .......... .......... .......... .......... .......... 38% 95.4M 0s
  5950K .......... .......... .......... .......... .......... 38% 72.6M 0s
  6000K .......... .......... .......... .......... .......... 38%  122M 0s
  6050K .......... .......... .......... .......... .......... 39% 87.6M 0s
  6100K .......... .......... .......... .......... .......... 39% 63.0M 0s
  6150K .......... .......... .......... .......... .......... 39% 75.5M 0s
  6200K .......... .......... .......... .......... .......... 39%  110M 0s
  6250K .......... .......... .......... .......... .......... 40%  132M 0s
  6300K .......... .......... .......... .......... .......... 40%  198M 0s
  6350K .......... .......... .......... .......... .......... 40% 52.6M 0s
  6400K .......... .......... .......... .......... .......... 41%  104M 0s
  6450K .......... .......... .......... .......... .......... 41%  192M 0s
  6500K .......... .......... .......... .......... .......... 41% 92.0M 0s
  6550K .......... .......... .......... .......... .......... 42%  137M 0s
  6600K .......... .......... .......... .......... .......... 42%  203M 0s
  6650K .......... .......... .......... .......... .......... 42% 72.7M 0s
  6700K .......... .......... .......... .......... .......... 43%  193M 0s
  6750K .......... .......... .......... .......... .......... 43% 95.5M 0s
  6800K .......... .......... .......... .......... .......... 43%  112M 0s
  6850K .......... .......... .......... .......... .......... 44%  130M 0s
  6900K .......... .......... .......... .......... .......... 44%  226M 0s
  6950K .......... .......... .......... .......... .......... 44%  117M 0s
  7000K .......... .......... .......... .......... .......... 45%  244M 0s
  7050K .......... .......... .......... .......... .......... 45% 79.7M 0s
  7100K .......... .......... .......... .......... .......... 45% 99.9M 0s
  7150K .......... .......... .......... .......... .......... 46% 96.0M 0s
  7200K .......... .......... .......... .......... .......... 46%  112M 0s
  7250K .......... .......... .......... .......... .......... 46%  166M 0s
  7300K .......... .......... .......... .......... .......... 47%  104M 0s
  7350K .......... .......... .......... .......... .......... 47%  170M 0s
  7400K .......... .......... .......... .......... .......... 47%  123M 0s
  7450K .......... .......... .......... .......... .......... 47%  130M 0s
  7500K .......... .......... .......... .......... .......... 48%  125M 0s
  7550K .......... .......... .......... .......... .......... 48%  196M 0s
  7600K .......... .......... .......... .......... .......... 48%  252M 0s
  7650K .......... .......... .......... .......... .......... 49% 93.1M 0s
  7700K .......... .......... .......... .......... .......... 49%  147M 0s
  7750K .......... .......... .......... .......... .......... 49% 64.8M 0s
  7800K .......... .......... .......... .......... .......... 50%  141M 0s
  7850K .......... .......... .......... .......... .......... 50% 81.3M 0s
  7900K .......... .......... .......... .......... .......... 50%  166M 0s
  7950K .......... .......... .......... .......... .......... 51% 87.2M 0s
  8000K .......... .......... .......... .......... .......... 51%  139M 0s
  8050K .......... .......... .......... .......... .......... 51%  116M 0s
  8100K .......... .......... .......... .......... .......... 52%  238M 0s
  8150K .......... .......... .......... .......... .......... 52% 60.4M 0s
  8200K .......... .......... .......... .......... .......... 52% 33.5M 0s
  8250K .......... .......... .......... .......... .......... 53% 50.2M 0s
  8300K .......... .......... .......... .......... .......... 53% 72.6M 0s
  8350K .......... .......... .......... .......... .......... 53%  158M 0s
  8400K .......... .......... .......... .......... .......... 54%  154M 0s
  8450K .......... .......... .......... .......... .......... 54%  101M 0s
  8500K .......... .......... .......... .......... .......... 54%  200M 0s
  8550K .......... .......... .......... .......... .......... 55% 69.6M 0s
  8600K .......... .......... .......... .......... .......... 55%  197M 0s
  8650K .......... .......... .......... .......... .......... 55%  105M 0s
  8700K .......... .......... .......... .......... .......... 55% 55.5M 0s
  8750K .......... .......... .......... .......... .......... 56%  149M 0s
  8800K .......... .......... .......... .......... .......... 56% 95.4M 0s
  8850K .......... .......... .......... .......... .......... 56% 77.5M 0s
  8900K .......... .......... .......... .......... .......... 57% 56.2M 0s
  8950K .......... .......... .......... .......... .......... 57% 80.1M 0s
  9000K .......... .......... .......... .......... .......... 57% 42.1M 0s
  9050K .......... .......... .......... .......... .......... 58%  105M 0s
  9100K .......... .......... .......... .......... .......... 58% 79.4M 0s
  9150K .......... .......... .......... .......... .......... 58%  176M 0s
  9200K .......... .......... .......... .......... .......... 59%  148M 0s
  9250K .......... .......... .......... .......... .......... 59%  118M 0s
  9300K .......... .......... .......... .......... .......... 59%  163M 0s
  9350K .......... .......... .......... .......... .......... 60% 62.4M 0s
  9400K .......... .......... .......... .......... .......... 60%  222M 0s
  9450K .......... .......... .......... .......... .......... 60%  147M 0s
  9500K .......... .......... .......... .......... .......... 61%  111M 0s
  9550K .......... .......... .......... .......... .......... 61%  224M 0s
  9600K .......... .......... .......... .......... .......... 61%  135M 0s
  9650K .......... .......... .......... .......... .......... 62%  130M 0s
  9700K .......... .......... .......... .......... .......... 62%  246M 0s
  9750K .......... .......... .......... .......... .......... 62% 83.3M 0s
  9800K .......... .......... .......... .......... .......... 63%  221M 0s
  9850K .......... .......... .......... .......... .......... 63%  143M 0s
  9900K .......... .......... .......... .......... .......... 63%  126M 0s
  9950K .......... .......... .......... .......... .......... 63%  217M 0s
 10000K .......... .......... .......... .......... .......... 64%  148M 0s
 10050K .......... .......... .......... .......... .......... 64%  125M 0s
 10100K .......... .......... .......... .......... .......... 64%  262M 0s
 10150K .......... .......... .......... .......... .......... 65% 1002K 0s
 10200K .......... .......... .......... .......... .......... 65%  118M 0s
 10250K .......... .......... .......... .......... .......... 65%  181M 0s
 10300K .......... .......... .......... .......... .......... 66%  144M 0s
 10350K .......... .......... .......... .......... .......... 66% 82.0M 0s
 10400K .......... .......... .......... .......... .......... 66%  192M 0s
 10450K .......... .......... .......... .......... .......... 67% 95.0M 0s
 10500K .......... .......... .......... .......... .......... 67%  127M 0s
 10550K .......... .......... .......... .......... .......... 67% 41.5M 0s
 10600K .......... .......... .......... .......... .......... 68% 44.0M 0s
 10650K .......... .......... .......... .......... .......... 68%  123M 0s
 10700K .......... .......... .......... .......... .......... 68%  143M 0s
 10750K .......... .......... .......... .......... .......... 69% 90.6M 0s
 10800K .......... .......... .......... .......... .......... 69%  216M 0s
 10850K .......... .......... .......... .......... .......... 69% 65.5M 0s
 10900K .......... .......... .......... .......... .......... 70% 84.2M 0s
 10950K .......... .......... .......... .......... .......... 70% 30.8M 0s
 11000K .......... .......... .......... .......... .......... 70% 31.9M 0s
 11050K .......... .......... .......... .......... .......... 71% 43.2M 0s
 11100K .......... .......... .......... .......... .......... 71% 17.0M 0s
 11150K .......... .......... .......... .......... .......... 71%  151M 0s
 11200K .......... .......... .......... .......... .......... 71%  170M 0s
 11250K .......... .......... .......... .......... .......... 72%  197M 0s
 11300K .......... .......... .......... .......... .......... 72%  182M 0s
 11350K .......... .......... .......... .......... .......... 72%  121M 0s
 11400K .......... .......... .......... .......... .......... 73%  208M 0s
 11450K .......... .......... .......... .......... .......... 73%  181M 0s
 11500K .......... .......... .......... .......... .......... 73%  183M 0s
 11550K .......... .......... .......... .......... .......... 74%  151M 0s
 11600K .......... .......... .......... .......... .......... 74%  202M 0s
 11650K .......... .......... .......... .......... .......... 74%  191M 0s
 11700K .......... .......... .......... .......... .......... 75%  174M 0s
 11750K .......... .......... .......... .......... .......... 75% 85.3M 0s
 11800K .......... .......... .......... .......... .......... 75% 38.8M 0s
 11850K .......... .......... .......... .......... .......... 76% 59.0M 0s
 11900K .......... .......... .......... .......... .......... 76%  192M 0s
 11950K .......... .......... .......... .......... .......... 76%  143M 0s
 12000K .......... .......... .......... .......... .......... 77%  159M 0s
 12050K .......... .......... .......... .......... .......... 77%  191M 0s
 12100K .......... .......... .......... .......... .......... 77%  197M 0s
 12150K .......... .......... .......... .......... .......... 78%  126M 0s
 12200K .......... .......... .......... .......... .......... 78%  184M 0s
 12250K .......... .......... .......... .......... .......... 78%  106M 0s
 12300K .......... .......... .......... .......... .......... 79%  128M 0s
 12350K .......... .......... .......... .......... .......... 79%  170M 0s
 12400K .......... .......... .......... .......... .......... 79%  172M 0s
 12450K .......... .......... .......... .......... .......... 79%  167M 0s
 12500K .......... .......... .......... .......... .......... 80% 19.4M 0s
 12550K .......... .......... .......... .......... .......... 80% 56.2M 0s
 12600K .......... .......... .......... .......... .......... 80% 42.4M 0s
 12650K .......... .......... .......... .......... .......... 81%  134M 0s
 12700K .......... .......... .......... .......... .......... 81%  117M 0s
 12750K .......... .......... .......... .......... .......... 81% 57.7M 0s
 12800K .......... .......... .......... .......... .......... 82% 12.2M 0s
 12850K .......... .......... .......... .......... .......... 82%  104M 0s
 12900K .......... .......... .......... .......... .......... 82%  104M 0s
 12950K .......... .......... .......... .......... .......... 83%  110M 0s
 13000K .......... .......... .......... .......... .......... 83%  160M 0s
 13050K .......... .......... .......... .......... .......... 83%  109M 0s
 13100K .......... .......... .......... .......... .......... 84%  164M 0s
 13150K .......... .......... .......... .......... .......... 84% 89.7M 0s
 13200K .......... .......... .......... .......... .......... 84%  179M 0s
 13250K .......... .......... .......... .......... .......... 85%  210M 0s
 13300K .......... .......... .......... .......... .......... 85%  194M 0s
 13350K .......... .......... .......... .......... .......... 85%  117M 0s
 13400K .......... .......... .......... .......... .......... 86% 52.8M 0s
 13450K .......... .......... .......... .......... .......... 86%  169M 0s
 13500K .......... .......... .......... .......... .......... 86%  164M 0s
 13550K .......... .......... .......... .......... .......... 87% 53.4M 0s
 13600K .......... .......... .......... .......... .......... 87%  187M 0s
 13650K .......... .......... .......... .......... .......... 87%  171M 0s
 13700K .......... .......... .......... .......... .......... 87%  116M 0s
 13750K .......... .......... .......... .......... .......... 88% 99.5M 0s
 13800K .......... .......... .......... .......... .......... 88%  172M 0s
 13850K .......... .......... .......... .......... .......... 88%  244M 0s
 13900K .......... .......... .......... .......... .......... 89%  205M 0s
 13950K .......... .......... .......... .......... .......... 89%  150M 0s
 14000K .......... .......... .......... .......... .......... 89%  183M 0s
 14050K .......... .......... .......... .......... .......... 90%  217M 0s
 14100K .......... .......... .......... .......... .......... 90%  168M 0s
 14150K .......... .......... .......... .......... .......... 90%  166M 0s
 14200K .......... .......... .......... .......... .......... 91%  242M 0s
 14250K .......... .......... .......... .......... .......... 91%  218M 0s
 14300K .......... .......... .......... .......... .......... 91%  204M 0s
 14350K .......... .......... .......... .......... .......... 92%  238M 0s
 14400K .......... .......... .......... .......... .......... 92%  223M 0s
 14450K .......... .......... .......... .......... .......... 92%  271M 0s
 14500K .......... .......... .......... .......... .......... 93%  143M 0s
 14550K .......... .......... .......... .......... .......... 93%  190M 0s
 14600K .......... .......... .......... .......... .......... 93%  218M 0s
 14650K .......... .......... .......... .......... .......... 94%  177M 0s
 14700K .......... .......... .......... .......... .......... 94%  203M 0s
 14750K .......... .......... .......... .......... .......... 94%  185M 0s
 14800K .......... .......... .......... .......... .......... 95%  193M 0s
 14850K .......... .......... .......... .......... .......... 95%  204M 0s
 14900K .......... .......... .......... .......... .......... 95%  209M 0s
 14950K .......... .......... .......... .......... .......... 95%  201M 0s
 15000K .......... .......... .......... .......... .......... 96%  169M 0s
 15050K .......... .......... .......... .......... .......... 96%  218M 0s
 15100K .......... .......... .......... .......... .......... 96%  223M 0s
 15150K .......... .......... .......... .......... .......... 97%  195M 0s
 15200K .......... .......... .......... .......... .......... 97%  178M 0s
 15250K .......... .......... .......... .......... .......... 97%  203M 0s
 15300K .......... .......... .......... .......... .......... 98%  118M 0s
 15350K .......... .......... .......... .......... .......... 98%  214M 0s
 15400K .......... .......... .......... .......... .......... 98%  271M 0s
 15450K .......... .......... .......... .......... .......... 99%  194M 0s
 15500K .......... .......... .......... .......... .......... 99%  176M 0s
 15550K .......... .......... .......... .......... .......... 99%  164M 0s
 15600K .......... .......... .....                           100%  168M=0.4s

2026-03-31 15:39:39 (35.7 MB/s) - '/home/user/seek_destroy_ws/build/multirobot_map_merge/2011-08-09-12-22-52.pgm' saved [16000058/16000058]

--2026-03-31 15:39:39--  https://raw.githubusercontent.com/hrnr/m-explore-extra/master/map_merge/gmapping_maps/2012-01-28-11-12-01.pgm
Resolving raw.githubusercontent.com (raw.githubusercontent.com)... 185.199.111.133, 185.199.108.133, 185.199.110.133, ...
Connecting to raw.githubusercontent.com (raw.githubusercontent.com)|185.199.111.133|:443... connected.
HTTP request sent, awaiting response... 200 OK
Length: 16000058 (15M) [application/octet-stream]
Saving to: '/home/user/seek_destroy_ws/build/multirobot_map_merge/2012-01-28-11-12-01.pgm'

     0K .......... .......... .......... .......... ..........  0% 50.3M 0s
    50K .......... .......... .......... .......... ..........  0% 30.3M 0s
   100K .......... .......... .......... .......... ..........  0%  111M 0s
   150K .......... .......... .......... .......... ..........  1%  241M 0s
   200K .......... .......... .......... .......... ..........  1%  175M 0s
   250K .......... .......... .......... .......... ..........  1% 96.6M 0s
   300K .......... .......... .......... .......... ..........  2%  261M 0s
   350K .......... .......... .......... .......... ..........  2%  184M 0s
   400K .......... .......... .......... .......... ..........  2% 19.5M 0s
   450K .......... .......... .......... .......... ..........  3%  130M 0s
   500K .......... .......... .......... .......... ..........  3%  168M 0s
   550K .......... .......... .......... .......... ..........  3% 84.6M 0s
   600K .......... .......... .......... .......... ..........  4%  145M 0s
   650K .......... .......... .......... .......... ..........  4%  233M 0s
   700K .......... .......... .......... .......... ..........  4% 86.8M 0s
   750K .......... .......... .......... .......... ..........  5%  142M 0s
   800K .......... .......... .......... .......... ..........  5%  154M 0s
   850K .......... .......... .......... .......... ..........  5% 41.0M 0s
   900K .......... .......... .......... .......... ..........  6% 81.4M 0s
   950K .......... .......... .......... .......... ..........  6%  109M 0s
  1000K .......... .......... .......... .......... ..........  6%  104M 0s
  1050K .......... .......... .......... .......... ..........  7%  114M 0s
  1100K .......... .......... .......... .......... ..........  7% 67.8M 0s
  1150K .......... .......... .......... .......... ..........  7% 61.2M 0s
  1200K .......... .......... .......... .......... ..........  7%  165M 0s
  1250K .......... .......... .......... .......... ..........  8%  124M 0s
  1300K .......... .......... .......... .......... ..........  8%  160M 0s
  1350K .......... .......... .......... .......... ..........  8%  111M 0s
  1400K .......... .......... .......... .......... ..........  9% 86.0M 0s
  1450K .......... .......... .......... .......... ..........  9%  111M 0s
  1500K .......... .......... .......... .......... ..........  9%  205M 0s
  1550K .......... .......... .......... .......... .......... 10%  112M 0s
  1600K .......... .......... .......... .......... .......... 10% 97.5M 0s
  1650K .......... .......... .......... .......... .......... 10%  173M 0s
  1700K .......... .......... .......... .......... .......... 11% 51.3M 0s
  1750K .......... .......... .......... .......... .......... 11%  102M 0s
  1800K .......... .......... .......... .......... .......... 11%  127M 0s
  1850K .......... .......... .......... .......... .......... 12%  116M 0s
  1900K .......... .......... .......... .......... .......... 12%  198M 0s
  1950K .......... .......... .......... .......... .......... 12%  119M 0s
  2000K .......... .......... .......... .......... .......... 13%  103M 0s
  2050K .......... .......... .......... .......... .......... 13%  198M 0s
  2100K .......... .......... .......... .......... .......... 13% 92.4M 0s
  2150K .......... .......... .......... .......... .......... 14%  114M 0s
  2200K .......... .......... .......... .......... .......... 14% 97.3M 0s
  2250K .......... .......... .......... .......... .......... 14%  206M 0s
  2300K .......... .......... .......... .......... .......... 15%  111M 0s
  2350K .......... .......... .......... .......... .......... 15%  104M 0s
  2400K .......... .......... .......... .......... .......... 15%  103M 0s
  2450K .......... .......... .......... .......... .......... 15%  112M 0s
  2500K .......... .......... .......... .......... .......... 16%  219M 0s
  2550K .......... .......... .......... .......... .......... 16%  126M 0s
  2600K .......... .......... .......... .......... .......... 16% 96.4M 0s
  2650K .......... .......... .......... .......... .......... 17%  157M 0s
  2700K .......... .......... .......... .......... .......... 17%  157M 0s
  2750K .......... .......... .......... .......... .......... 17%  109M 0s
  2800K .......... .......... .......... .......... .......... 18%  230M 0s
  2850K .......... .......... .......... .......... .......... 18%  132M 0s
  2900K .......... .......... .......... .......... .......... 18%  112M 0s
  2950K .......... .......... .......... .......... .......... 19%  123M 0s
  3000K .......... .......... .......... .......... .......... 19%  209M 0s
  3050K .......... .......... .......... .......... .......... 19%  181M 0s
  3100K .......... .......... .......... .......... .......... 20% 66.5M 0s
  3150K .......... .......... .......... .......... .......... 20% 99.7M 0s
  3200K .......... .......... .......... .......... .......... 20%  107M 0s
  3250K .......... .......... .......... .......... .......... 21%  110M 0s
  3300K .......... .......... .......... .......... .......... 21%  116M 0s
  3350K .......... .......... .......... .......... .......... 21% 85.5M 0s
  3400K .......... .......... .......... .......... .......... 22%  190M 0s
  3450K .......... .......... .......... .......... .......... 22%  236M 0s
  3500K .......... .......... .......... .......... .......... 22%  109M 0s
  3550K .......... .......... .......... .......... .......... 23%  112M 0s
  3600K .......... .......... .......... .......... .......... 23%  118M 0s
  3650K .......... .......... .......... .......... .......... 23%  105M 0s
  3700K .......... .......... .......... .......... .......... 23%  158M 0s
  3750K .......... .......... .......... .......... .......... 24%  111M 0s
  3800K .......... .......... .......... .......... .......... 24%  123M 0s
  3850K .......... .......... .......... .......... .......... 24% 87.3M 0s
  3900K .......... .......... .......... .......... .......... 25%  209M 0s
  3950K .......... .......... .......... .......... .......... 25%  177M 0s
  4000K .......... .......... .......... .......... .......... 25%  124M 0s
  4050K .......... .......... .......... .......... .......... 26% 88.9M 0s
  4100K .......... .......... .......... .......... .......... 26%  103M 0s
  4150K .......... .......... .......... .......... .......... 26%  113M 0s
  4200K .......... .......... .......... .......... .......... 27%  147M 0s
  4250K .......... .......... .......... .......... .......... 27%  224M 0s
  4300K .......... .......... .......... .......... .......... 27% 71.5M 0s
  4350K .......... .......... .......... .......... .......... 28%  129M 0s
  4400K .......... .......... .......... .......... .......... 28%  110M 0s
  4450K .......... .......... .......... .......... .......... 28% 95.2M 0s
  4500K .......... .......... .......... .......... .......... 29%  103M 0s
  4550K .......... .......... .......... .......... .......... 29%  137M 0s
  4600K .......... .......... .......... .......... .......... 29%  105M 0s
  4650K .......... .......... .......... .......... .......... 30% 93.3M 0s
  4700K .......... .......... .......... .......... .......... 30%  234M 0s
  4750K .......... .......... .......... .......... .......... 30% 87.6M 0s
  4800K .......... .......... .......... .......... .......... 31%  126M 0s
  4850K .......... .......... .......... .......... .......... 31%  102M 0s
  4900K .......... .......... .......... .......... .......... 31%  164M 0s
  4950K .......... .......... .......... .......... .......... 31%  166M 0s
  5000K .......... .......... .......... .......... .......... 32%  167M 0s
  5050K .......... .......... .......... .......... .......... 32% 89.5M 0s
  5100K .......... .......... .......... .......... .......... 32%  196M 0s
  5150K .......... .......... .......... .......... .......... 33%  237M 0s
  5200K .......... .......... .......... .......... .......... 33%  106M 0s
  5250K .......... .......... .......... .......... .......... 33%  219M 0s
  5300K .......... .......... .......... .......... .......... 34%  215M 0s
  5350K .......... .......... .......... .......... .......... 34% 63.3M 0s
  5400K .......... .......... .......... .......... .......... 34%  236M 0s
  5450K .......... .......... .......... .......... .......... 35% 97.9M 0s
  5500K .......... .......... .......... .......... .......... 35%  247M 0s
  5550K .......... .......... .......... .......... .......... 35%  216M 0s
  5600K .......... .......... .......... .......... .......... 36%  244M 0s
  5650K .......... .......... .......... .......... .......... 36% 64.2M 0s
  5700K .......... .......... .......... .......... .......... 36%  219M 0s
  5750K .......... .......... .......... .......... .......... 37%  118M 0s
  5800K .......... .......... .......... .......... .......... 37%  126M 0s
  5850K .......... .......... .......... .......... .......... 37%  269M 0s
  5900K .......... .......... .......... .......... .......... 38%  137M 0s
  5950K .......... .......... .......... .......... .......... 38%  124M 0s
  6000K .......... .......... .......... .......... .......... 38%  287M 0s
  6050K .......... .......... .......... .......... .......... 39%  152M 0s
  6100K .......... .......... .......... .......... .......... 39%  147M 0s
  6150K .......... .......... .......... .......... .......... 39%  242M 0s
  6200K .......... .......... .......... .......... .......... 39%  280M 0s
  6250K .......... .......... .......... .......... .......... 40%  134M 0s
  6300K .......... .......... .......... .......... .......... 40% 1.01M 0s
  6350K .......... .......... .......... .......... .......... 40%  181M 0s
  6400K .......... .......... .......... .......... .......... 41%  172M 0s
  6450K .......... .......... .......... .......... .......... 41%  244M 0s
  6500K .......... .......... .......... .......... .......... 41% 94.2M 0s
  6550K .......... .......... .......... .......... .......... 42% 98.4M 0s
  6600K .......... .......... .......... .......... .......... 42% 90.2M 0s
  6650K .......... .......... .......... .......... .......... 42%  112M 0s
  6700K .......... .......... .......... .......... .......... 43% 24.6M 0s
  6750K .......... .......... .......... .......... .......... 43% 38.0M 0s
  6800K .......... .......... .......... .......... .......... 43%  119M 0s
  6850K .......... .......... .......... .......... .......... 44%  138M 0s
  6900K .......... .......... .......... .......... .......... 44%  128M 0s
  6950K .......... .......... .......... .......... .......... 44% 62.2M 0s
  7000K .......... .......... .......... .......... .......... 45%  141M 0s
  7050K .......... .......... .......... .......... .......... 45%  120M 0s
  7100K .......... .......... .......... .......... .......... 45%  224M 0s
  7150K .......... .......... .......... .......... .......... 46%  138M 0s
  7200K .......... .......... .......... .......... .......... 46%  127M 0s
  7250K .......... .......... .......... .......... .......... 46%  104M 0s
  7300K .......... .......... .......... .......... .......... 47%  178M 0s
  7350K .......... .......... .......... .......... .......... 47%  115M 0s
  7400K .......... .......... .......... .......... .......... 47%  139M 0s
  7450K .......... .......... .......... .......... .......... 47%  139M 0s
  7500K .......... .......... .......... .......... .......... 48%  144M 0s
  7550K .......... .......... .......... .......... .......... 48%  167M 0s
  7600K .......... .......... .......... .......... .......... 48%  101M 0s
  7650K .......... .......... .......... .......... .......... 49%  185M 0s
  7700K .......... .......... .......... .......... .......... 49%  235M 0s
  7750K .......... .......... .......... .......... .......... 49%  106M 0s
  7800K .......... .......... .......... .......... .......... 50%  191M 0s
  7850K .......... .......... .......... .......... .......... 50%  252M 0s
  7900K .......... .......... .......... .......... .......... 50%  227M 0s
  7950K .......... .......... .......... .......... .......... 51%  105M 0s
  8000K .......... .......... .......... .......... .......... 51%  172M 0s
  8050K .......... .......... .......... .......... .......... 51%  267M 0s
  8100K .......... .......... .......... .......... .......... 52%  236M 0s
  8150K .......... .......... .......... .......... .......... 52%  235M 0s
  8200K .......... .......... .......... .......... .......... 52% 87.3M 0s
  8250K .......... .......... .......... .......... .......... 53%  196M 0s
  8300K .......... .......... .......... .......... .......... 53% 70.1M 0s
  8350K .......... .......... .......... .......... .......... 53%  130M 0s
  8400K .......... .......... .......... .......... .......... 54%  115M 0s
  8450K .......... .......... .......... .......... .......... 54%  189M 0s
  8500K .......... .......... .......... .......... .......... 54%  154M 0s
  8550K .......... .......... .......... .......... .......... 55%  250M 0s
  8600K .......... .......... .......... .......... .......... 55%  273M 0s
  8650K .......... .......... .......... .......... .......... 55%  140M 0s
  8700K .......... .......... .......... .......... .......... 55%  121M 0s
  8750K .......... .......... .......... .......... .......... 56%  194M 0s
  8800K .......... .......... .......... .......... .......... 56%  131M 0s
  8850K .......... .......... .......... .......... .......... 56%  124M 0s
  8900K .......... .......... .......... .......... .......... 57%  216M 0s
  8950K .......... .......... .......... .......... .......... 57%  124M 0s
  9000K .......... .......... .......... .......... .......... 57%  129M 0s
  9050K .......... .......... .......... .......... .......... 58%  140M 0s
  9100K .......... .......... .......... .......... .......... 58%  251M 0s
  9150K .......... .......... .......... .......... .......... 58%  109M 0s
  9200K .......... .......... .......... .......... .......... 59%  254M 0s
  9250K .......... .......... .......... .......... .......... 59%  234M 0s
  9300K .......... .......... .......... .......... .......... 59%  256M 0s
  9350K .......... .......... .......... .......... .......... 60%  106M 0s
  9400K .......... .......... .......... .......... .......... 60%  194M 0s
  9450K .......... .......... .......... .......... .......... 60%  207M 0s
  9500K .......... .......... .......... .......... .......... 61%  202M 0s
  9550K .......... .......... .......... .......... .......... 61% 84.1M 0s
  9600K .......... .......... .......... .......... .......... 61%  256M 0s
  9650K .......... .......... .......... .......... .......... 62%  249M 0s
  9700K .......... .......... .......... .......... .......... 62%  258M 0s
  9750K .......... .......... .......... .......... .......... 62%  100M 0s
  9800K .......... .......... .......... .......... .......... 63%  245M 0s
  9850K .......... .......... .......... .......... .......... 63%  216M 0s
  9900K .......... .......... .......... .......... .......... 63%  185M 0s
  9950K .......... .......... .......... .......... .......... 63% 68.8M 0s
 10000K .......... .......... .......... .......... .......... 64%  190M 0s
 10050K .......... .......... .......... .......... .......... 64% 53.2M 0s
 10100K .......... .......... .......... .......... .......... 64% 67.8M 0s
 10150K .......... .......... .......... .......... .......... 65% 42.0M 0s
 10200K .......... .......... .......... .......... .......... 65% 80.6M 0s
 10250K .......... .......... .......... .......... .......... 65% 22.3M 0s
 10300K .......... .......... .......... .......... .......... 66%  134M 0s
 10350K .......... .......... .......... .......... .......... 66% 78.3M 0s
 10400K .......... .......... .......... .......... .......... 66%  157M 0s
 10450K .......... .......... .......... .......... .......... 67% 65.2M 0s
 10500K .......... .......... .......... .......... .......... 67%  162M 0s
 10550K .......... .......... .......... .......... .......... 67% 82.3M 0s
 10600K .......... .......... .......... .......... .......... 68%  170M 0s
 10650K .......... .......... .......... .......... .......... 68% 95.4M 0s
 10700K .......... .......... .......... .......... .......... 68%  106M 0s
 10750K .......... .......... .......... .......... .......... 69%  205M 0s
 10800K .......... .......... .......... .......... .......... 69% 85.6M 0s
 10850K .......... .......... .......... .......... .......... 69%  224M 0s
 10900K .......... .......... .......... .......... .......... 70%  253M 0s
 10950K .......... .......... .......... .......... .......... 70%  100M 0s
 11000K .......... .......... .......... .......... .......... 70%  816K 0s
 11050K .......... .......... .......... .......... .......... 71% 96.0M 0s
 11100K .......... .......... .......... .......... .......... 71% 65.9M 0s
 11150K .......... .......... .......... .......... .......... 71% 66.9M 0s
 11200K .......... .......... .......... .......... .......... 71% 84.9M 0s
 11250K .......... .......... .......... .......... .......... 72%  120M 0s
 11300K .......... .......... .......... .......... .......... 72%  134M 0s
 11350K .......... .......... .......... .......... .......... 72% 60.8M 0s
 11400K .......... .......... .......... .......... .......... 73% 81.9M 0s
 11450K .......... .......... .......... .......... .......... 73%  153M 0s
 11500K .......... .......... .......... .......... .......... 73%  121M 0s
 11550K .......... .......... .......... .......... .......... 74% 99.1M 0s
 11600K .......... .......... .......... .......... .......... 74% 91.8M 0s
 11650K .......... .......... .......... .......... .......... 74% 75.4M 0s
 11700K .......... .......... .......... .......... .......... 75% 64.7M 0s
 11750K .......... .......... .......... .......... .......... 75%  113M 0s
 11800K .......... .......... .......... .......... .......... 75% 73.8M 0s
 11850K .......... .......... .......... .......... .......... 76% 86.1M 0s
 11900K .......... .......... .......... .......... .......... 76%  104M 0s
 11950K .......... .......... .......... .......... .......... 76%  140M 0s
 12000K .......... .......... .......... .......... .......... 77% 76.0M 0s
 12050K .......... .......... .......... .......... .......... 77%  157M 0s
 12100K .......... .......... .......... .......... .......... 77%  122M 0s
 12150K .......... .......... .......... .......... .......... 78%  107M 0s
 12200K .......... .......... .......... .......... .......... 78% 99.2M 0s
 12250K .......... .......... .......... .......... .......... 78%  215M 0s
 12300K .......... .......... .......... .......... .......... 79%  266M 0s
 12350K .......... .......... .......... .......... .......... 79% 97.7M 0s
 12400K .......... .......... .......... .......... .......... 79%  239M 0s
 12450K .......... .......... .......... .......... .......... 79%  248M 0s
 12500K .......... .......... .......... .......... .......... 80%  105M 0s
 12550K .......... .......... .......... .......... .......... 80%  197M 0s
 12600K .......... .......... .......... .......... .......... 80%  252M 0s
 12650K .......... .......... .......... .......... .......... 81%  252M 0s
 12700K .......... .......... .......... .......... .......... 81%  259M 0s
 12750K .......... .......... .......... .......... .......... 81% 82.7M 0s
 12800K .......... .......... .......... .......... .......... 82%  233M 0s
 12850K .......... .......... .......... .......... .......... 82%  244M 0s
 12900K .......... .......... .......... .......... .......... 82%  227M 0s
 12950K .......... .......... .......... .......... .......... 83% 88.2M 0s
 13000K .......... .......... .......... .......... .......... 83%  243M 0s
 13050K .......... .......... .......... .......... .......... 83%  254M 0s
 13100K .......... .......... .......... .......... .......... 84%  261M 0s
 13150K .......... .......... .......... .......... .......... 84% 98.0M 0s
 13200K .......... .......... .......... .......... .......... 84%  256M 0s
 13250K .......... .......... .......... .......... .......... 85%  259M 0s
 13300K .......... .......... .......... .......... .......... 85%  249M 0s
 13350K .......... .......... .......... .......... .......... 85% 95.7M 0s
 13400K .......... .......... .......... .......... .......... 86%  181M 0s
 13450K .......... .......... .......... .......... .......... 86%  106M 0s
 13500K .......... .......... .......... .......... .......... 86%  115M 0s
 13550K .......... .......... .......... .......... .......... 87%  204M 0s
 13600K .......... .......... .......... .......... .......... 87%  122M 0s
 13650K .......... .......... .......... .......... .......... 87%  124M 0s
 13700K .......... .......... .......... .......... .......... 87%  244M 0s
 13750K .......... .......... .......... .......... .......... 88%  113M 0s
 13800K .......... .......... .......... .......... .......... 88%  107M 0s
 13850K .......... .......... .......... .......... .......... 88%  100M 0s
 13900K .......... .......... .......... .......... .......... 89%  115M 0s
 13950K .......... .......... .......... .......... .......... 89% 97.9M 0s
 14000K .......... .......... .......... .......... .......... 89%  138M 0s
 14050K .......... .......... .......... .......... .......... 90%  164M 0s
 14100K .......... .......... .......... .......... .......... 90%  262M 0s
 14150K .......... .......... .......... .......... .......... 90%  140M 0s
 14200K .......... .......... .......... .......... .......... 91%  315M 0s
 14250K .......... .......... .......... .......... .......... 91%  152M 0s
 14300K .......... .......... .......... .......... .......... 91%  124M 0s
 14350K .......... .......... .......... .......... .......... 92% 97.4M 0s
 14400K .......... .......... .......... .......... .......... 92%  106M 0s
 14450K .......... .......... .......... .......... .......... 92%  180M 0s
 14500K .......... .......... .......... .......... .......... 93%  131M 0s
 14550K .......... .......... .......... .......... .......... 93% 97.4M 0s
 14600K .......... .......... .......... .......... .......... 93%  267M 0s
 14650K .......... .......... .......... .......... .......... 94%  259M 0s
 14700K .......... .......... .......... .......... .......... 94%  195M 0s
 14750K .......... .......... .......... .......... .......... 94%  210M 0s
 14800K .......... .......... .......... .......... .......... 95%  263M 0s
 14850K .......... .......... .......... .......... .......... 95%  247M 0s
 14900K .......... .......... .......... .......... .......... 95%  258M 0s
 14950K .......... .......... .......... .......... .......... 95%  234M 0s
 15000K .......... .......... .......... .......... .......... 96%  275M 0s
 15050K .......... .......... .......... .......... .......... 96%  270M 0s
 15100K .......... .......... .......... .......... .......... 96%  269M 0s
 15150K .......... .......... .......... .......... .......... 97%  189M 0s
 15200K .......... .......... .......... .......... .......... 97%  224M 0s
 15250K .......... .......... .......... .......... .......... 97%  164M 0s
 15300K .......... .......... .......... .......... .......... 98%  189M 0s
 15350K .......... .......... .......... .......... .......... 98% 40.5M 0s
 15400K .......... .......... .......... .......... .......... 98%  141M 0s
 15450K .......... .......... .......... .......... .......... 99%  119M 0s
 15500K .......... .......... .......... .......... .......... 99%  213M 0s
 15550K .......... .......... .......... .......... .......... 99%  189M 0s
 15600K .......... .......... .....                           100%  219M=0.2s

2026-03-31 15:39:40 (64.4 MB/s) - '/home/user/seek_destroy_ws/build/multirobot_map_merge/2012-01-28-11-12-01.pgm' saved [16000058/16000058]

gmake[2]: *** [CMakeFiles/map_merge.dir/build.make:76: CMakeFiles/map_merge.dir/src/map_merge.cpp.o] Interrupt
gmake[1]: *** [CMakeFiles/Makefile2:185: CMakeFiles/map_merge.dir/all] Interrupt
gmake[2]: *** [CMakeFiles/test_merging_pipeline.dir/build.make:76: CMakeFiles/test_merging_pipeline.dir/test/test_merging_pipeline.cpp.o] Interrupt
gmake[1]: *** [CMakeFiles/Makefile2:213: CMakeFiles/test_merging_pipeline.dir/all] Interrupt
gmake: *** [Makefile:146: all] Interrupt
