[0.872s] Invoking command in '/home/user/seek_destroy_ws/build/multirobot_map_merge': CMAKE_PREFIX_PATH=${CMAKE_PREFIX_PATH}:/home/user/seek_destroy_ws/install/rosbot_controller:/home/user/seek_destroy_ws/install/rosbot_utils:/home/user/seek_destroy_ws/install/rosbot_gazebo:/home/user/seek_destroy_ws/install/rosbot_bringup:/home/user/seek_destroy_ws/install/autonomous_exploration:/opt/ros/humble _=/usr/bin/env /usr/bin/cmake /home/user/seek_destroy_ws/src/m-explore-ros2/map_merge -DAMENT_CMAKE_SYMLINK_INSTALL=1 -DCMAKE_INSTALL_PREFIX=/home/user/seek_destroy_ws/install/multirobot_map_merge
[1.077s] -- The C compiler identification is GNU 11.4.0
[1.270s] -- The CXX compiler identification is GNU 11.4.0
[1.281s] -- Detecting C compiler ABI info
[1.559s] -- Detecting C compiler ABI info - done
[1.575s] -- Check for working C compiler: /usr/bin/cc - skipped
[1.576s] -- Detecting C compile features
[1.576s] -- Detecting C compile features - done
[1.581s] -- Detecting CXX compiler ABI info
[1.885s] -- Detecting CXX compiler ABI info - done
[1.967s] -- Check for working CXX compiler: /usr/bin/c++ - skipped
[1.967s] -- Detecting CXX compile features
[1.968s] -- Detecting CXX compile features - done
[1.983s] -- Found ament_cmake: 1.3.12 (/opt/ros/humble/share/ament_cmake/cmake)
[7.058s] -- Found Python3: /usr/bin/python3 (found version "3.10.12") found components: Interpreter 
[7.356s] -- Override CMake install command with custom implementation using symlinks instead of copying resources
[7.789s] -- Found rclcpp: 16.0.16 (/opt/ros/humble/share/rclcpp/cmake)
[8.205s] -- Found rosidl_generator_c: 3.1.7 (/opt/ros/humble/share/rosidl_generator_c/cmake)
[8.259s] -- Found rosidl_adapter: 3.1.7 (/opt/ros/humble/share/rosidl_adapter/cmake)
[8.281s] -- Found rosidl_generator_cpp: 3.1.7 (/opt/ros/humble/share/rosidl_generator_cpp/cmake)
[8.361s] -- Using all available rosidl_typesupport_c: rosidl_typesupport_fastrtps_c;rosidl_typesupport_introspection_c
[8.401s] -- Using all available rosidl_typesupport_cpp: rosidl_typesupport_fastrtps_cpp;rosidl_typesupport_introspection_cpp
[8.763s] -- Found rmw_implementation_cmake: 6.1.2 (/opt/ros/humble/share/rmw_implementation_cmake/cmake)
[8.795s] -- Found rmw_fastrtps_cpp: 6.2.9 (/opt/ros/humble/share/rmw_fastrtps_cpp/cmake)
[9.669s] -- Found OpenSSL: /usr/lib/x86_64-linux-gnu/libcrypto.so (found version "3.0.2")  
[9.955s] -- Found FastRTPS: /opt/ros/humble/include  
[10.290s] -- Using RMW implementation 'rmw_fastrtps_cpp' as default
[10.562s] -- Looking for pthread.h
[11.074s] -- Looking for pthread.h - found
[11.075s] -- Performing Test CMAKE_HAVE_LIBC_PTHREAD
[11.582s] -- Performing Test CMAKE_HAVE_LIBC_PTHREAD - Success
[11.585s] -- Found Threads: TRUE  
[12.400s] -- Found geometry_msgs: 4.9.0 (/opt/ros/humble/share/geometry_msgs/cmake)
[12.757s] -- Found image_geometry: 3.2.1 (/opt/ros/humble/share/image_geometry/cmake)
[13.179s] -- Found map_msgs: 2.1.0 (/opt/ros/humble/share/map_msgs/cmake)
[13.780s] -- Found tf2_geometry_msgs: 0.25.17 (/opt/ros/humble/share/tf2_geometry_msgs/cmake)
[14.161s] -- Found eigen3_cmake_module: 0.1.1 (/opt/ros/humble/share/eigen3_cmake_module/cmake)
[14.172s] -- Found Eigen3: TRUE (found version "3.4.0") 
[14.173s] -- Ensuring Eigen3 include directory is part of orocos-kdl CMake target
[16.483s] -- Found Boost: /usr/lib/x86_64-linux-gnu/cmake/Boost-1.74.0/BoostConfig.cmake (found version "1.74.0") found components: thread 
[16.551s] -- Found OpenCV: /usr (found version "4.5.4") 
[16.670s] -- Found ament_lint_auto: 0.12.14 (/opt/ros/humble/share/ament_lint_auto/cmake)
[17.678s] -- Found ament_cmake_gtest: 1.3.12 (/opt/ros/humble/share/ament_cmake_gtest/cmake)
[17.853s] --2026-03-31 15:39:36--  https://raw.githubusercontent.com/hrnr/m-explore-extra/master/map_merge/hector_maps/map00.pgm
[17.861s] Resolving raw.githubusercontent.com (raw.githubusercontent.com)... 185.199.109.133, 185.199.110.133, 185.199.108.133, ...
[17.862s] Connecting to raw.githubusercontent.com (raw.githubusercontent.com)|185.199.109.133|:443... connected.
[18.473s] HTTP request sent, awaiting response... 200 OK
[18.473s] Length: 4194362 (4.0M) [application/octet-stream]
[18.474s] Saving to: '/home/user/seek_destroy_ws/build/multirobot_map_merge/map00.pgm'
[18.474s] 
[18.479s]      0K .......... .......... .......... .......... ..........  1% 7.79M 1s
[18.483s]     50K .......... .......... .......... .......... ..........  2% 13.3M 0s
[18.485s]    100K .......... .......... .......... .......... ..........  3% 26.9M 0s
[18.486s]    150K .......... .......... .......... .......... ..........  4% 34.7M 0s
[18.488s]    200K .......... .......... .......... .......... ..........  6% 34.3M 0s
[18.551s]    250K .......... .......... .......... .......... ..........  7% 51.4M 0s
[18.551s]    300K .......... .......... .......... .......... ..........  8%  220M 0s
[18.552s]    350K .......... .......... .......... .......... ..........  9%  786K 1s
[18.552s]    400K .......... .......... .......... .......... .......... 10%  140M 1s
[18.553s]    450K .......... .......... .......... .......... .......... 12%  239M 1s
[18.553s]    500K .......... .......... .......... .......... .......... 13%  145M 1s
[18.553s]    550K .......... .......... .......... .......... .......... 14%  241M 0s
[18.553s]    600K .......... .......... .......... .......... .......... 15%  151M 0s
[18.554s]    650K .......... .......... .......... .......... .......... 17%  218M 0s
[18.554s]    700K .......... .......... .......... .......... .......... 18%  134M 0s
[18.555s]    750K .......... .......... .......... .......... .......... 19%  220M 0s
[18.555s]    800K .......... .......... .......... .......... .......... 20%  203M 0s
[18.556s]    850K .......... .......... .......... .......... .......... 21%  220M 0s
[18.556s]    900K .......... .......... .......... .......... .......... 23%  250M 0s
[18.558s]    950K .......... .......... .......... .......... .......... 24% 30.9M 0s
[18.562s]   1000K .......... .......... .......... .......... .......... 25%  176M 0s
[18.563s]   1050K .......... .......... .......... .......... .......... 26% 69.0M 0s
[18.563s]   1100K .......... .......... .......... .......... .......... 28% 39.9M 0s
[18.564s]   1150K .......... .......... .......... .......... .......... 29% 46.2M 0s
[18.564s]   1200K .......... .......... .......... .......... .......... 30% 36.5M 0s
[18.565s]   1250K .......... .......... .......... .......... .......... 31% 32.6M 0s
[18.565s]   1300K .......... .......... .......... .......... .......... 32% 45.6M 0s
[18.566s]   1350K .......... .......... .......... .......... .......... 34% 48.8M 0s
[18.575s]   1400K .......... .......... .......... .......... .......... 35% 4.94M 0s
[18.576s]   1450K .......... .......... .......... .......... .......... 36% 38.8M 0s
[18.577s]   1500K .......... .......... .......... .......... .......... 37% 54.1M 0s
[18.582s]   1550K .......... .......... .......... .......... .......... 39% 24.2M 0s
[18.582s]   1600K .......... .......... .......... .......... .......... 40% 16.8M 0s
[18.584s]   1650K .......... .......... .......... .......... .......... 41% 19.8M 0s
[18.586s]   1700K .......... .......... .......... .......... .......... 42% 22.1M 0s
[18.588s]   1750K .......... .......... .......... .......... .......... 43% 25.3M 0s
[18.590s]   1800K .......... .......... .......... .......... .......... 45% 23.5M 0s
[18.593s]   1850K .......... .......... .......... .......... .......... 46% 17.1M 0s
[18.596s]   1900K .......... .......... .......... .......... .......... 47% 26.3M 0s
[18.656s]   1950K .......... .......... .......... .......... .......... 48%  828K 0s
[18.656s]   2000K .......... .......... .......... .......... .......... 50%  192M 0s
[18.657s]   2050K .......... .......... .......... .......... .......... 51%  251M 0s
[18.657s]   2100K .......... .......... .......... .......... .......... 52%  253M 0s
[18.657s]   2150K .......... .......... .......... .......... .......... 53%  239M 0s
[18.657s]   2200K .......... .......... .......... .......... .......... 54%  219M 0s
[18.657s]   2250K .......... .......... .......... .......... .......... 56%  247M 0s
[18.657s]   2300K .......... .......... .......... .......... .......... 57%  219M 0s
[18.658s]   2350K .......... .......... .......... .......... .......... 58%  190M 0s
[18.658s]   2400K .......... .......... .......... .......... .......... 59%  198M 0s
[18.658s]   2450K .......... .......... .......... .......... .......... 61%  238M 0s
[18.658s]   2500K .......... .......... .......... .......... .......... 62%  211M 0s
[18.658s]   2550K .......... .......... .......... .......... .......... 63%  239M 0s
[18.658s]   2600K .......... .......... .......... .......... .......... 64%  223M 0s
[18.659s]   2650K .......... .......... .......... .......... .......... 65%  248M 0s
[18.659s]   2700K .......... .......... .......... .......... .......... 67%  248M 0s
[18.659s]   2750K .......... .......... .......... .......... .......... 68%  241M 0s
[18.664s]   2800K .......... .......... .......... .......... .......... 69% 10.8M 0s
[18.666s]   2850K .......... .......... .......... .......... .......... 70% 22.9M 0s
[18.669s]   2900K .......... .......... .......... .......... .......... 72% 39.6M 0s
[18.670s]   2950K .......... .......... .......... .......... .......... 73% 17.4M 0s
[18.670s]   3000K .......... .......... .......... .......... .......... 74%  252M 0s
[18.670s]   3050K .......... .......... .......... .......... .......... 75%  292M 0s
[18.671s]   3100K .......... .......... .......... .......... .......... 76%  307M 0s
[18.671s]   3150K .......... .......... .......... .......... .......... 78%  344M 0s
[18.671s]   3200K .......... .......... .......... .......... .......... 79%  188M 0s
[18.671s]   3250K .......... .......... .......... .......... .......... 80%  210M 0s
[18.671s]   3300K .......... .......... .......... .......... .......... 81%  197M 0s
[18.671s]   3350K .......... .......... .......... .......... .......... 83%  165M 0s
[18.672s]   3400K .......... .......... .......... .......... .......... 84%  183M 0s
[18.672s]   3450K .......... .......... .......... .......... .......... 85%  186M 0s
[18.672s]   3500K .......... .......... .......... .......... .......... 86%  186M 0s
[18.673s]   3550K .......... .......... .......... .......... .......... 87%  174M 0s
[18.684s]   3600K .......... .......... .......... .......... .......... 89% 4.26M 0s
[18.684s]   3650K .......... .......... .......... .......... .......... 90%  178M 0s
[18.684s]   3700K .......... .......... .......... .......... .......... 91%  166M 0s
[18.685s]   3750K .......... .......... .......... .......... .......... 92% 70.8M 0s
[18.686s]   3800K .......... .......... .......... .......... .......... 93% 74.0M 0s
[18.686s]   3850K .......... .......... .......... .......... .......... 95%  163M 0s
[18.686s]   3900K .......... .......... .......... .......... .......... 96%  193M 0s
[18.687s]   3950K .......... .......... .......... .......... .......... 97%  198M 0s
[18.687s]   4000K .......... .......... .......... .......... .......... 98%  166M 0s
[18.687s]   4050K .......... .......... .......... .......... ......    100%  192M=0.2s
[18.687s] 
[18.687s] 2026-03-31 15:39:37 (18.7 MB/s) - '/home/user/seek_destroy_ws/build/multirobot_map_merge/map00.pgm' saved [4194362/4194362]
[18.687s] 
[18.751s] Checking MD5 sum of /home/user/seek_destroy_ws/build/multirobot_map_merge/map00.pgm
[18.772s] /home/user/seek_destroy_ws/build/multirobot_map_merge/map00.pgm: OK
[18.852s] --2026-03-31 15:39:37--  https://raw.githubusercontent.com/hrnr/m-explore-extra/master/map_merge/hector_maps/map05.pgm
[18.852s] Resolving raw.githubusercontent.com (raw.githubusercontent.com)... 185.199.111.133, 185.199.108.133, 185.199.110.133, ...
[18.852s] Connecting to raw.githubusercontent.com (raw.githubusercontent.com)|185.199.111.133|:443... connected.
[19.651s] HTTP request sent, awaiting response... 200 OK
[19.652s] Length: 4194362 (4.0M) [application/octet-stream]
[19.653s] Saving to: '/home/user/seek_destroy_ws/build/multirobot_map_merge/map05.pgm'
[19.653s] 
[19.653s]      0K .......... .......... .......... .......... ..........  1%  102M 0s
[19.653s]     50K .......... .......... .......... .......... ..........  2% 70.9M 0s
[19.653s]    100K .......... .......... .......... .......... ..........  3%  206M 0s
[19.659s]    150K .......... .......... .......... .......... ..........  4%  178M 0s
[19.659s]    200K .......... .......... .......... .......... ..........  6%  234M 0s
[19.659s]    250K .......... .......... .......... .......... ..........  7% 88.3M 0s
[19.664s]    300K .......... .......... .......... .......... ..........  8%  187M 0s
[19.664s]    350K .......... .......... .......... .......... ..........  9%  170M 0s
[19.664s]    400K .......... .......... .......... .......... .......... 10%  142M 0s
[19.664s]    450K .......... .......... .......... .......... .......... 12%  158M 0s
[19.664s]    500K .......... .......... .......... .......... .......... 13%  162M 0s
[19.664s]    550K .......... .......... .......... .......... .......... 14%  146M 0s
[19.664s]    600K .......... .......... .......... .......... .......... 15%  116M 0s
[19.664s]    650K .......... .......... .......... .......... .......... 17%  111M 0s
[19.664s]    700K .......... .......... .......... .......... .......... 18%  133M 0s
[19.664s]    750K .......... .......... .......... .......... .......... 19%  128M 0s
[19.665s]    800K .......... .......... .......... .......... .......... 20%  147M 0s
[19.665s]    850K .......... .......... .......... .......... .......... 21%  134M 0s
[19.665s]    900K .......... .......... .......... .......... .......... 23%  162M 0s
[19.665s]    950K .......... .......... .......... .......... .......... 24%  143M 0s
[19.665s]   1000K .......... .......... .......... .......... .......... 25%  186M 0s
[19.665s]   1050K .......... .......... .......... .......... .......... 26% 70.7M 0s
[19.665s]   1100K .......... .......... .......... .......... .......... 28% 43.3M 0s
[19.665s]   1150K .......... .......... .......... .......... .......... 29% 41.4M 0s
[19.666s]   1200K .......... .......... .......... .......... .......... 30% 77.5M 0s
[19.666s]   1250K .......... .......... .......... .......... .......... 31%  153M 0s
[19.666s]   1300K .......... .......... .......... .......... .......... 32%  139M 0s
[19.666s]   1350K .......... .......... .......... .......... .......... 34%  167M 0s
[19.666s]   1400K .......... .......... .......... .......... .......... 35%  164M 0s
[19.666s]   1450K .......... .......... .......... .......... .......... 36%  134M 0s
[19.666s]   1500K .......... .......... .......... .......... .......... 37%  164M 0s
[19.667s]   1550K .......... .......... .......... .......... .......... 39%  183M 0s
[19.667s]   1600K .......... .......... .......... .......... .......... 40%  159M 0s
[19.670s]   1650K .......... .......... .......... .......... .......... 41%  164M 0s
[19.670s]   1700K .......... .......... .......... .......... .......... 42%  201M 0s
[19.670s]   1750K .......... .......... .......... .......... .......... 43%  153M 0s
[19.670s]   1800K .......... .......... .......... .......... .......... 45%  196M 0s
[19.670s]   1850K .......... .......... .......... .......... .......... 46%  170M 0s
[19.670s]   1900K .......... .......... .......... .......... .......... 47%  186M 0s
[19.670s]   1950K .......... .......... .......... .......... .......... 48%  142M 0s
[19.671s]   2000K .......... .......... .......... .......... .......... 50% 12.2M 0s
[19.671s]   2050K .......... .......... .......... .......... .......... 51%  142M 0s
[19.672s]   2100K .......... .......... .......... .......... .......... 52%  159M 0s
[19.672s]   2150K .......... .......... .......... .......... .......... 53%  158M 0s
[19.672s]   2200K .......... .......... .......... .......... .......... 54%  208M 0s
[19.672s]   2250K .......... .......... .......... .......... .......... 56%  141M 0s
[19.673s]   2300K .......... .......... .......... .......... .......... 57%  208M 0s
[19.673s]   2350K .......... .......... .......... .......... .......... 58%  162M 0s
[19.673s]   2400K .......... .......... .......... .......... .......... 59%  209M 0s
[19.673s]   2450K .......... .......... .......... .......... .......... 61%  171M 0s
[19.674s]   2500K .......... .......... .......... .......... .......... 62%  186M 0s
[19.674s]   2550K .......... .......... .......... .......... .......... 63%  224M 0s
[19.674s]   2600K .......... .......... .......... .......... .......... 64%  223M 0s
[19.675s]   2650K .......... .......... .......... .......... .......... 65%  150M 0s
[19.675s]   2700K .......... .......... .......... .......... .......... 67%  173M 0s
[19.675s]   2750K .......... .......... .......... .......... .......... 68%  217M 0s
[19.676s]   2800K .......... .......... .......... .......... .......... 69%  165M 0s
[19.677s]   2850K .......... .......... .......... .......... .......... 70% 58.7M 0s
[19.677s]   2900K .......... .......... .......... .......... .......... 72% 49.8M 0s
[19.678s]   2950K .......... .......... .......... .......... .......... 73%  167M 0s
[19.678s]   3000K .......... .......... .......... .......... .......... 74%  194M 0s
[19.679s]   3050K .......... .......... .......... .......... .......... 75%  114M 0s
[19.680s]   3100K .......... .......... .......... .......... .......... 76%  194M 0s
[19.680s]   3150K .......... .......... .......... .......... .......... 78%  175M 0s
[19.681s]   3200K .......... .......... .......... .......... .......... 79%  165M 0s
[19.681s]   3250K .......... .......... .......... .......... .......... 80%  153M 0s
[19.682s]   3300K .......... .......... .......... .......... .......... 81%  186M 0s
[19.682s]   3350K .......... .......... .......... .......... .......... 83%  193M 0s
[19.682s]   3400K .......... .......... .......... .......... .......... 84%  140M 0s
[19.682s]   3450K .......... .......... .......... .......... .......... 85%  129M 0s
[19.682s]   3500K .......... .......... .......... .......... .......... 86% 81.2M 0s
[19.682s]   3550K .......... .......... .......... .......... .......... 87% 63.2M 0s
[19.683s]   3600K .......... .......... .......... .......... .......... 89% 32.5M 0s
[19.684s]   3650K .......... .......... .......... .......... .......... 90%  109M 0s
[19.689s]   3700K .......... .......... .......... .......... .......... 91% 34.9M 0s
[19.689s]   3750K .......... .......... .......... .......... .......... 92% 57.6M 0s
[19.755s]   3800K .......... .......... .......... .......... .......... 93% 50.4M 0s
[19.755s]   3850K .......... .......... .......... .......... .......... 95%  146M 0s
[19.755s]   3900K .......... .......... .......... .......... .......... 96%  244M 0s
[19.755s]   3950K .......... .......... .......... .......... .......... 97%  258M 0s
[19.755s]   4000K .......... .......... .......... .......... .......... 98%  246M 0s
[19.756s]   4050K .......... .......... .......... .......... ......    100%  235M=0.04s
[19.756s] 
[19.756s] 2026-03-31 15:39:38 (108 MB/s) - '/home/user/seek_destroy_ws/build/multirobot_map_merge/map05.pgm' saved [4194362/4194362]
[19.756s] 
[19.756s] Checking MD5 sum of /home/user/seek_destroy_ws/build/multirobot_map_merge/map05.pgm
[19.765s] /home/user/seek_destroy_ws/build/multirobot_map_merge/map05.pgm: OK
[19.786s] --2026-03-31 15:39:38--  https://raw.githubusercontent.com/hrnr/m-explore-extra/master/map_merge/gmapping_maps/2011-08-09-12-22-52.pgm
[19.793s] Resolving raw.githubusercontent.com (raw.githubusercontent.com)... 185.199.111.133, 185.199.108.133, 185.199.110.133, ...
[19.855s] Connecting to raw.githubusercontent.com (raw.githubusercontent.com)|185.199.111.133|:443... connected.
[20.290s] HTTP request sent, awaiting response... 200 OK
[20.290s] Length: 16000058 (15M) [application/octet-stream]
[20.290s] Saving to: '/home/user/seek_destroy_ws/build/multirobot_map_merge/2011-08-09-12-22-52.pgm'
[20.290s] 
[20.291s]      0K .......... .......... .......... .......... ..........  0% 57.8M 0s
[20.294s]     50K .......... .......... .......... .......... ..........  0% 3.28M 2s
[20.310s]    100K .......... .......... .......... .......... ..........  0% 2.96M 3s
[20.352s]    150K .......... .......... .......... .......... ..........  1% 1.16M 6s
[20.352s]    200K .......... .......... .......... .......... ..........  1%  174M 5s
[20.352s]    250K .......... .......... .......... .......... ..........  1%  216M 4s
[20.353s]    300K .......... .......... .......... .......... ..........  2%  222M 3s
[20.358s]    350K .......... .......... .......... .......... ..........  2% 8.40M 3s
[20.368s]    400K .......... .......... .......... .......... ..........  2% 5.06M 3s
[20.373s]    450K .......... .......... .......... .......... ..........  3% 10.0M 3s
[20.373s]    500K .......... .......... .......... .......... ..........  3%  167M 3s
[20.378s]    550K .......... .......... .......... .......... ..........  3% 9.75M 3s
[20.382s]    600K .......... .......... .......... .......... ..........  4% 17.4M 2s
[20.384s]    650K .......... .......... .......... .......... ..........  4% 13.7M 2s
[20.387s]    700K .......... .......... .......... .......... ..........  4% 15.8M 2s
[20.391s]    750K .......... .......... .......... .......... ..........  5% 28.9M 2s
[20.392s]    800K .......... .......... .......... .......... ..........  5% 16.1M 2s
[20.393s]    850K .......... .......... .......... .......... ..........  5%  183M 2s
[20.393s]    900K .......... .......... .......... .......... ..........  6% 52.0M 2s
[20.396s]    950K .......... .......... .......... .......... ..........  6% 19.0M 2s
[20.396s]   1000K .......... .......... .......... .......... ..........  6%  114M 2s
[20.399s]   1050K .......... .......... .......... .......... ..........  7% 34.6M 2s
[20.400s]   1100K .......... .......... .......... .......... ..........  7% 31.5M 2s
[20.400s]   1150K .......... .......... .......... .......... ..........  7% 61.6M 1s
[20.401s]   1200K .......... .......... .......... .......... ..........  7% 47.8M 1s
[20.402s]   1250K .......... .......... .......... .......... ..........  8% 52.9M 1s
[20.403s]   1300K .......... .......... .......... .......... ..........  8% 54.3M 1s
[20.405s]   1350K .......... .......... .......... .......... ..........  8% 36.1M 1s
[20.406s]   1400K .......... .......... .......... .......... ..........  9%  190M 1s
[20.406s]   1450K .......... .......... .......... .......... ..........  9%  211M 1s
[20.452s]   1500K .......... .......... .......... .......... ..........  9% 35.3M 1s
[20.452s]   1550K .......... .......... .......... .......... .......... 10% 1.06M 2s
[20.453s]   1600K .......... .......... .......... .......... .......... 10% 46.1M 1s
[20.454s]   1650K .......... .......... .......... .......... .......... 10% 63.0M 1s
[20.454s]   1700K .......... .......... .......... .......... .......... 11%  105M 1s
[20.455s]   1750K .......... .......... .......... .......... .......... 11% 53.7M 1s
[20.456s]   1800K .......... .......... .......... .......... .......... 11% 57.5M 1s
[20.458s]   1850K .......... .......... .......... .......... .......... 12% 19.6M 1s
[20.461s]   1900K .......... .......... .......... .......... .......... 12% 16.9M 1s
[20.464s]   1950K .......... .......... .......... .......... .......... 12% 22.8M 1s
[20.465s]   2000K .......... .......... .......... .......... .......... 13% 34.9M 1s
[20.466s]   2050K .......... .......... .......... .......... .......... 13% 69.4M 1s
[20.466s]   2100K .......... .......... .......... .......... .......... 13% 62.3M 1s
[20.467s]   2150K .......... .......... .......... .......... .......... 14%  131M 1s
[20.468s]   2200K .......... .......... .......... .......... .......... 14% 43.7M 1s
[20.470s]   2250K .......... .......... .......... .......... .......... 14% 25.6M 1s
[20.475s]   2300K .......... .......... .......... .......... .......... 15% 47.8M 1s
[20.475s]   2350K .......... .......... .......... .......... .......... 15%  137M 1s
[20.475s]   2400K .......... .......... .......... .......... .......... 15% 60.6M 1s
[20.475s]   2450K .......... .......... .......... .......... .......... 15% 72.3M 1s
[20.475s]   2500K .......... .......... .......... .......... .......... 16% 81.8M 1s
[20.476s]   2550K .......... .......... .......... .......... .......... 16%  125M 1s
[20.476s]   2600K .......... .......... .......... .......... .......... 16% 75.0M 1s
[20.476s]   2650K .......... .......... .......... .......... .......... 17% 84.4M 1s
[20.477s]   2700K .......... .......... .......... .......... .......... 17% 73.3M 1s
[20.477s]   2750K .......... .......... .......... .......... .......... 17% 43.9M 1s
[20.477s]   2800K .......... .......... .......... .......... .......... 18% 59.4M 1s
[20.479s]   2850K .......... .......... .......... .......... .......... 18% 41.3M 1s
[20.480s]   2900K .......... .......... .......... .......... .......... 18% 41.3M 1s
[20.481s]   2950K .......... .......... .......... .......... .......... 19% 56.8M 1s
[20.481s]   3000K .......... .......... .......... .......... .......... 19% 62.6M 1s
[20.482s]   3050K .......... .......... .......... .......... .......... 19% 66.0M 1s
[20.483s]   3100K .......... .......... .......... .......... .......... 20% 62.0M 1s
[20.483s]   3150K .......... .......... .......... .......... .......... 20% 72.8M 1s
[20.484s]   3200K .......... .......... .......... .......... .......... 20% 86.4M 1s
[20.488s]   3250K .......... .......... .......... .......... .......... 21%  208M 1s
[20.488s]   3300K .......... .......... .......... .......... .......... 21%  183M 1s
[20.488s]   3350K .......... .......... .......... .......... .......... 21% 76.1M 1s
[20.488s]   3400K .......... .......... .......... .......... .......... 22%  169M 1s
[20.489s]   3450K .......... .......... .......... .......... .......... 22% 83.3M 1s
[20.489s]   3500K .......... .......... .......... .......... .......... 22%  191M 1s
[20.489s]   3550K .......... .......... .......... .......... .......... 23%  185M 1s
[20.489s]   3600K .......... .......... .......... .......... .......... 23% 50.1M 1s
[20.490s]   3650K .......... .......... .......... .......... .......... 23% 23.4M 1s
[20.491s]   3700K .......... .......... .......... .......... .......... 23% 97.5M 1s
[20.492s]   3750K .......... .......... .......... .......... .......... 24% 27.2M 1s
[20.494s]   3800K .......... .......... .......... .......... .......... 24% 37.4M 1s
[20.495s]   3850K .......... .......... .......... .......... .......... 24% 37.4M 1s
[20.496s]   3900K .......... .......... .......... .......... .......... 25% 49.7M 1s
[20.496s]   3950K .......... .......... .......... .......... .......... 25%  170M 1s
[20.496s]   4000K .......... .......... .......... .......... .......... 25% 79.3M 1s
[20.497s]   4050K .......... .......... .......... .......... .......... 26% 87.4M 1s
[20.559s]   4100K .......... .......... .......... .......... .......... 26% 91.7M 1s
[20.559s]   4150K .......... .......... .......... .......... .......... 26%  153M 1s
[20.560s]   4200K .......... .......... .......... .......... .......... 27% 76.8M 1s
[20.560s]   4250K .......... .......... .......... .......... .......... 27%  165M 1s
[20.560s]   4300K .......... .......... .......... .......... .......... 27%  949K 1s
[20.560s]   4350K .......... .......... .......... .......... .......... 28%  146M 1s
[20.560s]   4400K .......... .......... .......... .......... .......... 28% 55.0M 1s
[20.560s]   4450K .......... .......... .......... .......... .......... 28%  170M 1s
[20.560s]   4500K .......... .......... .......... .......... .......... 29%  168M 1s
[20.560s]   4550K .......... .......... .......... .......... .......... 29%  108M 1s
[20.560s]   4600K .......... .......... .......... .......... .......... 29%  158M 1s
[20.560s]   4650K .......... .......... .......... .......... .......... 30%  108M 1s
[20.561s]   4700K .......... .......... .......... .......... .......... 30%  225M 1s
[20.561s]   4750K .......... .......... .......... .......... .......... 30% 69.2M 1s
[20.561s]   4800K .......... .......... .......... .......... .......... 31%  230M 1s
[20.561s]   4850K .......... .......... .......... .......... .......... 31%  123M 1s
[20.561s]   4900K .......... .......... .......... .......... .......... 31%  134M 1s
[20.561s]   4950K .......... .......... .......... .......... .......... 31%  175M 1s
[20.561s]   5000K .......... .......... .......... .......... .......... 32% 82.9M 1s
[20.561s]   5050K .......... .......... .......... .......... .......... 32%  195M 1s
[20.561s]   5100K .......... .......... .......... .......... .......... 32% 97.1M 1s
[20.561s]   5150K .......... .......... .......... .......... .......... 33%  133M 1s
[20.562s]   5200K .......... .......... .......... .......... .......... 33%  196M 1s
[20.562s]   5250K .......... .......... .......... .......... .......... 33% 81.5M 1s
[20.562s]   5300K .......... .......... .......... .......... .......... 34%  220M 1s
[20.563s]   5350K .......... .......... .......... .......... .......... 34%  174M 1s
[20.563s]   5400K .......... .......... .......... .......... .......... 34%  109M 1s
[20.563s]   5450K .......... .......... .......... .......... .......... 35%  188M 1s
[20.563s]   5500K .......... .......... .......... .......... .......... 35%  214M 1s
[20.563s]   5550K .......... .......... .......... .......... .......... 35% 81.8M 1s
[20.563s]   5600K .......... .......... .......... .......... .......... 36%  202M 1s
[20.563s]   5650K .......... .......... .......... .......... .......... 36%  243M 0s
[20.564s]   5700K .......... .......... .......... .......... .......... 36%  231M 0s
[20.564s]   5750K .......... .......... .......... .......... .......... 37% 86.8M 0s
[20.564s]   5800K .......... .......... .......... .......... .......... 37%  207M 0s
[20.564s]   5850K .......... .......... .......... .......... .......... 37% 85.7M 0s
[20.564s]   5900K .......... .......... .......... .......... .......... 38% 95.4M 0s
[20.565s]   5950K .......... .......... .......... .......... .......... 38% 72.6M 0s
[20.565s]   6000K .......... .......... .......... .......... .......... 38%  122M 0s
[20.566s]   6050K .......... .......... .......... .......... .......... 39% 87.6M 0s
[20.566s]   6100K .......... .......... .......... .......... .......... 39% 63.0M 0s
[20.567s]   6150K .......... .......... .......... .......... .......... 39% 75.5M 0s
[20.567s]   6200K .......... .......... .......... .......... .......... 39%  110M 0s
[20.568s]   6250K .......... .......... .......... .......... .......... 40%  132M 0s
[20.568s]   6300K .......... .......... .......... .......... .......... 40%  198M 0s
[20.569s]   6350K .......... .......... .......... .......... .......... 40% 52.6M 0s
[20.569s]   6400K .......... .......... .......... .......... .......... 41%  104M 0s
[20.570s]   6450K .......... .......... .......... .......... .......... 41%  192M 0s
[20.570s]   6500K .......... .......... .......... .......... .......... 41% 92.0M 0s
[20.570s]   6550K .......... .......... .......... .......... .......... 42%  137M 0s
[20.571s]   6600K .......... .......... .......... .......... .......... 42%  203M 0s
[20.572s]   6650K .......... .......... .......... .......... .......... 42% 72.7M 0s
[20.572s]   6700K .......... .......... .......... .......... .......... 43%  193M 0s
[20.579s]   6750K .......... .......... .......... .......... .......... 43% 95.5M 0s
[20.579s]   6800K .......... .......... .......... .......... .......... 43%  112M 0s
[20.580s]   6850K .......... .......... .......... .......... .......... 44%  130M 0s
[20.580s]   6900K .......... .......... .......... .......... .......... 44%  226M 0s
[20.580s]   6950K .......... .......... .......... .......... .......... 44%  117M 0s
[20.580s]   7000K .......... .......... .......... .......... .......... 45%  244M 0s
[20.580s]   7050K .......... .......... .......... .......... .......... 45% 79.7M 0s
[20.580s]   7100K .......... .......... .......... .......... .......... 45% 99.9M 0s
[20.580s]   7150K .......... .......... .......... .......... .......... 46% 96.0M 0s
[20.581s]   7200K .......... .......... .......... .......... .......... 46%  112M 0s
[20.581s]   7250K .......... .......... .......... .......... .......... 46%  166M 0s
[20.581s]   7300K .......... .......... .......... .......... .......... 47%  104M 0s
[20.581s]   7350K .......... .......... .......... .......... .......... 47%  170M 0s
[20.581s]   7400K .......... .......... .......... .......... .......... 47%  123M 0s
[20.581s]   7450K .......... .......... .......... .......... .......... 47%  130M 0s
[20.581s]   7500K .......... .......... .......... .......... .......... 48%  125M 0s
[20.581s]   7550K .......... .......... .......... .......... .......... 48%  196M 0s
[20.582s]   7600K .......... .......... .......... .......... .......... 48%  252M 0s
[20.582s]   7650K .......... .......... .......... .......... .......... 49% 93.1M 0s
[20.583s]   7700K .......... .......... .......... .......... .......... 49%  147M 0s
[20.583s]   7750K .......... .......... .......... .......... .......... 49% 64.8M 0s
[20.584s]   7800K .......... .......... .......... .......... .......... 50%  141M 0s
[20.584s]   7850K .......... .......... .......... .......... .......... 50% 81.3M 0s
[20.584s]   7900K .......... .......... .......... .......... .......... 50%  166M 0s
[20.584s]   7950K .......... .......... .......... .......... .......... 51% 87.2M 0s
[20.584s]   8000K .......... .......... .......... .......... .......... 51%  139M 0s
[20.585s]   8050K .......... .......... .......... .......... .......... 51%  116M 0s
[20.585s]   8100K .......... .......... .......... .......... .......... 52%  238M 0s
[20.586s]   8150K .......... .......... .......... .......... .......... 52% 60.4M 0s
[20.586s]   8200K .......... .......... .......... .......... .......... 52% 33.5M 0s
[20.586s]   8250K .......... .......... .......... .......... .......... 53% 50.2M 0s
[20.590s]   8300K .......... .......... .......... .......... .......... 53% 72.6M 0s
[20.590s]   8350K .......... .......... .......... .......... .......... 53%  158M 0s
[20.590s]   8400K .......... .......... .......... .......... .......... 54%  154M 0s
[20.590s]   8450K .......... .......... .......... .......... .......... 54%  101M 0s
[20.591s]   8500K .......... .......... .......... .......... .......... 54%  200M 0s
[20.591s]   8550K .......... .......... .......... .......... .......... 55% 69.6M 0s
[20.591s]   8600K .......... .......... .......... .......... .......... 55%  197M 0s
[20.592s]   8650K .......... .......... .......... .......... .......... 55%  105M 0s
[20.594s]   8700K .......... .......... .......... .......... .......... 55% 55.5M 0s
[20.594s]   8750K .......... .......... .......... .......... .......... 56%  149M 0s
[20.594s]   8800K .......... .......... .......... .......... .......... 56% 95.4M 0s
[20.594s]   8850K .......... .......... .......... .......... .......... 56% 77.5M 0s
[20.595s]   8900K .......... .......... .......... .......... .......... 57% 56.2M 0s
[20.595s]   8950K .......... .......... .......... .......... .......... 57% 80.1M 0s
[20.599s]   9000K .......... .......... .......... .......... .......... 57% 42.1M 0s
[20.599s]   9050K .......... .......... .......... .......... .......... 58%  105M 0s
[20.599s]   9100K .......... .......... .......... .......... .......... 58% 79.4M 0s
[20.656s]   9150K .......... .......... .......... .......... .......... 58%  176M 0s
[20.656s]   9200K .......... .......... .......... .......... .......... 59%  148M 0s
[20.656s]   9250K .......... .......... .......... .......... .......... 59%  118M 0s
[20.657s]   9300K .......... .......... .......... .......... .......... 59%  163M 0s
[20.657s]   9350K .......... .......... .......... .......... .......... 60% 62.4M 0s
[20.657s]   9400K .......... .......... .......... .......... .......... 60%  222M 0s
[20.657s]   9450K .......... .......... .......... .......... .......... 60%  147M 0s
[20.657s]   9500K .......... .......... .......... .......... .......... 61%  111M 0s
[20.658s]   9550K .......... .......... .......... .......... .......... 61%  224M 0s
[20.658s]   9600K .......... .......... .......... .......... .......... 61%  135M 0s
[20.658s]   9650K .......... .......... .......... .......... .......... 62%  130M 0s
[20.658s]   9700K .......... .......... .......... .......... .......... 62%  246M 0s
[20.658s]   9750K .......... .......... .......... .......... .......... 62% 83.3M 0s
[20.658s]   9800K .......... .......... .......... .......... .......... 63%  221M 0s
[20.658s]   9850K .......... .......... .......... .......... .......... 63%  143M 0s
[20.658s]   9900K .......... .......... .......... .......... .......... 63%  126M 0s
[20.659s]   9950K .......... .......... .......... .......... .......... 63%  217M 0s
[20.659s]  10000K .......... .......... .......... .......... .......... 64%  148M 0s
[20.659s]  10050K .......... .......... .......... .......... .......... 64%  125M 0s
[20.659s]  10100K .......... .......... .......... .......... .......... 64%  262M 0s
[20.659s]  10150K .......... .......... .......... .......... .......... 65% 1002K 0s
[20.659s]  10200K .......... .......... .......... .......... .......... 65%  118M 0s
[20.659s]  10250K .......... .......... .......... .......... .......... 65%  181M 0s
[20.659s]  10300K .......... .......... .......... .......... .......... 66%  144M 0s
[20.659s]  10350K .......... .......... .......... .......... .......... 66% 82.0M 0s
[20.660s]  10400K .......... .......... .......... .......... .......... 66%  192M 0s
[20.660s]  10450K .......... .......... .......... .......... .......... 67% 95.0M 0s
[20.660s]  10500K .......... .......... .......... .......... .......... 67%  127M 0s
[20.660s]  10550K .......... .......... .......... .......... .......... 67% 41.5M 0s
[20.660s]  10600K .......... .......... .......... .......... .......... 68% 44.0M 0s
[20.660s]  10650K .......... .......... .......... .......... .......... 68%  123M 0s
[20.660s]  10700K .......... .......... .......... .......... .......... 68%  143M 0s
[20.661s]  10750K .......... .......... .......... .......... .......... 69% 90.6M 0s
[20.661s]  10800K .......... .......... .......... .......... .......... 69%  216M 0s
[20.661s]  10850K .......... .......... .......... .......... .......... 69% 65.5M 0s
[20.661s]  10900K .......... .......... .......... .......... .......... 70% 84.2M 0s
[20.662s]  10950K .......... .......... .......... .......... .......... 70% 30.8M 0s
[20.663s]  11000K .......... .......... .......... .......... .......... 70% 31.9M 0s
[20.665s]  11050K .......... .......... .......... .......... .......... 71% 43.2M 0s
[20.668s]  11100K .......... .......... .......... .......... .......... 71% 17.0M 0s
[20.669s]  11150K .......... .......... .......... .......... .......... 71%  151M 0s
[20.671s]  11200K .......... .......... .......... .......... .......... 71%  170M 0s
[20.672s]  11250K .......... .......... .......... .......... .......... 72%  197M 0s
[20.672s]  11300K .......... .......... .......... .......... .......... 72%  182M 0s
[20.672s]  11350K .......... .......... .......... .......... .......... 72%  121M 0s
[20.672s]  11400K .......... .......... .......... .......... .......... 73%  208M 0s
[20.673s]  11450K .......... .......... .......... .......... .......... 73%  181M 0s
[20.673s]  11500K .......... .......... .......... .......... .......... 73%  183M 0s
[20.673s]  11550K .......... .......... .......... .......... .......... 74%  151M 0s
[20.674s]  11600K .......... .......... .......... .......... .......... 74%  202M 0s
[20.675s]  11650K .......... .......... .......... .......... .......... 74%  191M 0s
[20.676s]  11700K .......... .......... .......... .......... .......... 75%  174M 0s
[20.677s]  11750K .......... .......... .......... .......... .......... 75% 85.3M 0s
[20.677s]  11800K .......... .......... .......... .......... .......... 75% 38.8M 0s
[20.677s]  11850K .......... .......... .......... .......... .......... 76% 59.0M 0s
[20.677s]  11900K .......... .......... .......... .......... .......... 76%  192M 0s
[20.677s]  11950K .......... .......... .......... .......... .......... 76%  143M 0s
[20.677s]  12000K .......... .......... .......... .......... .......... 77%  159M 0s
[20.678s]  12050K .......... .......... .......... .......... .......... 77%  191M 0s
[20.678s]  12100K .......... .......... .......... .......... .......... 77%  197M 0s
[20.678s]  12150K .......... .......... .......... .......... .......... 78%  126M 0s
[20.678s]  12200K .......... .......... .......... .......... .......... 78%  184M 0s
[20.678s]  12250K .......... .......... .......... .......... .......... 78%  106M 0s
[20.678s]  12300K .......... .......... .......... .......... .......... 79%  128M 0s
[20.678s]  12350K .......... .......... .......... .......... .......... 79%  170M 0s
[20.678s]  12400K .......... .......... .......... .......... .......... 79%  172M 0s
[20.681s]  12450K .......... .......... .......... .......... .......... 79%  167M 0s
[20.681s]  12500K .......... .......... .......... .......... .......... 80% 19.4M 0s
[20.682s]  12550K .......... .......... .......... .......... .......... 80% 56.2M 0s
[20.682s]  12600K .......... .......... .......... .......... .......... 80% 42.4M 0s
[20.683s]  12650K .......... .......... .......... .......... .......... 81%  134M 0s
[20.683s]  12700K .......... .......... .......... .......... .......... 81%  117M 0s
[20.684s]  12750K .......... .......... .......... .......... .......... 81% 57.7M 0s
[20.690s]  12800K .......... .......... .......... .......... .......... 82% 12.2M 0s
[20.690s]  12850K .......... .......... .......... .......... .......... 82%  104M 0s
[20.690s]  12900K .......... .......... .......... .......... .......... 82%  104M 0s
[20.691s]  12950K .......... .......... .......... .......... .......... 83%  110M 0s
[20.691s]  13000K .......... .......... .......... .......... .......... 83%  160M 0s
[20.691s]  13050K .......... .......... .......... .......... .......... 83%  109M 0s
[20.691s]  13100K .......... .......... .......... .......... .......... 84%  164M 0s
[20.691s]  13150K .......... .......... .......... .......... .......... 84% 89.7M 0s
[20.691s]  13200K .......... .......... .......... .......... .......... 84%  179M 0s
[20.692s]  13250K .......... .......... .......... .......... .......... 85%  210M 0s
[20.692s]  13300K .......... .......... .......... .......... .......... 85%  194M 0s
[20.692s]  13350K .......... .......... .......... .......... .......... 85%  117M 0s
[20.693s]  13400K .......... .......... .......... .......... .......... 86% 52.8M 0s
[20.693s]  13450K .......... .......... .......... .......... .......... 86%  169M 0s
[20.694s]  13500K .......... .......... .......... .......... .......... 86%  164M 0s
[20.694s]  13550K .......... .......... .......... .......... .......... 87% 53.4M 0s
[20.694s]  13600K .......... .......... .......... .......... .......... 87%  187M 0s
[20.695s]  13650K .......... .......... .......... .......... .......... 87%  171M 0s
[20.696s]  13700K .......... .......... .......... .......... .......... 87%  116M 0s
[20.696s]  13750K .......... .......... .......... .......... .......... 88% 99.5M 0s
[20.696s]  13800K .......... .......... .......... .......... .......... 88%  172M 0s
[20.696s]  13850K .......... .......... .......... .......... .......... 88%  244M 0s
[20.696s]  13900K .......... .......... .......... .......... .......... 89%  205M 0s
[20.696s]  13950K .......... .......... .......... .......... .......... 89%  150M 0s
[20.697s]  14000K .......... .......... .......... .......... .......... 89%  183M 0s
[20.697s]  14050K .......... .......... .......... .......... .......... 90%  217M 0s
[20.703s]  14100K .......... .......... .......... .......... .......... 90%  168M 0s
[20.703s]  14150K .......... .......... .......... .......... .......... 90%  166M 0s
[20.703s]  14200K .......... .......... .......... .......... .......... 91%  242M 0s
[20.703s]  14250K .......... .......... .......... .......... .......... 91%  218M 0s
[20.703s]  14300K .......... .......... .......... .......... .......... 91%  204M 0s
[20.703s]  14350K .......... .......... .......... .......... .......... 92%  238M 0s
[20.704s]  14400K .......... .......... .......... .......... .......... 92%  223M 0s
[20.704s]  14450K .......... .......... .......... .......... .......... 92%  271M 0s
[20.704s]  14500K .......... .......... .......... .......... .......... 93%  143M 0s
[20.704s]  14550K .......... .......... .......... .......... .......... 93%  190M 0s
[20.704s]  14600K .......... .......... .......... .......... .......... 93%  218M 0s
[20.704s]  14650K .......... .......... .......... .......... .......... 94%  177M 0s
[20.704s]  14700K .......... .......... .......... .......... .......... 94%  203M 0s
[20.705s]  14750K .......... .......... .......... .......... .......... 94%  185M 0s
[20.705s]  14800K .......... .......... .......... .......... .......... 95%  193M 0s
[20.705s]  14850K .......... .......... .......... .......... .......... 95%  204M 0s
[20.705s]  14900K .......... .......... .......... .......... .......... 95%  209M 0s
[20.705s]  14950K .......... .......... .......... .......... .......... 95%  201M 0s
[20.705s]  15000K .......... .......... .......... .......... .......... 96%  169M 0s
[20.705s]  15050K .......... .......... .......... .......... .......... 96%  218M 0s
[20.705s]  15100K .......... .......... .......... .......... .......... 96%  223M 0s
[20.705s]  15150K .......... .......... .......... .......... .......... 97%  195M 0s
[20.705s]  15200K .......... .......... .......... .......... .......... 97%  178M 0s
[20.706s]  15250K .......... .......... .......... .......... .......... 97%  203M 0s
[20.706s]  15300K .......... .......... .......... .......... .......... 98%  118M 0s
[20.706s]  15350K .......... .......... .......... .......... .......... 98%  214M 0s
[20.706s]  15400K .......... .......... .......... .......... .......... 98%  271M 0s
[20.706s]  15450K .......... .......... .......... .......... .......... 99%  194M 0s
[20.751s] Checking MD5 sum of /home/user/seek_destroy_ws/build/multirobot_map_merge/2011-08-09-12-22-52.pgm
[20.752s]  15500K .......... .......... .......... .......... .......... 99%  176M 0s
[20.752s]  15550K .......... .......... .......... .......... .......... 99%  164M 0s
[20.752s]  15600K .......... .......... .....                           100%  168M=0.4s
[20.752s] 
[20.752s] 2026-03-31 15:39:39 (35.7 MB/s) - '/home/user/seek_destroy_ws/build/multirobot_map_merge/2011-08-09-12-22-52.pgm' saved [16000058/16000058]
[20.752s] 
[20.783s] /home/user/seek_destroy_ws/build/multirobot_map_merge/2011-08-09-12-22-52.pgm: OK
[20.789s] --2026-03-31 15:39:39--  https://raw.githubusercontent.com/hrnr/m-explore-extra/master/map_merge/gmapping_maps/2012-01-28-11-12-01.pgm
[20.794s] Resolving raw.githubusercontent.com (raw.githubusercontent.com)... 185.199.111.133, 185.199.108.133, 185.199.110.133, ...
[20.795s] Connecting to raw.githubusercontent.com (raw.githubusercontent.com)|185.199.111.133|:443... connected.
[21.351s] HTTP request sent, awaiting response... 200 OK
[21.351s] Length: 16000058 (15M) [application/octet-stream]
[21.351s] Saving to: '/home/user/seek_destroy_ws/build/multirobot_map_merge/2012-01-28-11-12-01.pgm'
[21.352s] 
[21.353s]      0K .......... .......... .......... .......... ..........  0% 50.3M 0s
[21.353s]     50K .......... .......... .......... .......... ..........  0% 30.3M 0s
[21.354s]    100K .......... .......... .......... .......... ..........  0%  111M 0s
[21.354s]    150K .......... .......... .......... .......... ..........  1%  241M 0s
[21.354s]    200K .......... .......... .......... .......... ..........  1%  175M 0s
[21.354s]    250K .......... .......... .......... .......... ..........  1% 96.6M 0s
[21.354s]    300K .......... .......... .......... .......... ..........  2%  261M 0s
[21.355s]    350K .......... .......... .......... .......... ..........  2%  184M 0s
[21.356s]    400K .......... .......... .......... .......... ..........  2% 19.5M 0s
[21.356s]    450K .......... .......... .......... .......... ..........  3%  130M 0s
[21.356s]    500K .......... .......... .......... .......... ..........  3%  168M 0s
[21.357s]    550K .......... .......... .......... .......... ..........  3% 84.6M 0s
[21.357s]    600K .......... .......... .......... .......... ..........  4%  145M 0s
[21.357s]    650K .......... .......... .......... .......... ..........  4%  233M 0s
[21.358s]    700K .......... .......... .......... .......... ..........  4% 86.8M 0s
[21.358s]    750K .......... .......... .......... .......... ..........  5%  142M 0s
[21.358s]    800K .......... .......... .......... .......... ..........  5%  154M 0s
[21.360s]    850K .......... .......... .......... .......... ..........  5% 41.0M 0s
[21.360s]    900K .......... .......... .......... .......... ..........  6% 81.4M 0s
[21.361s]    950K .......... .......... .......... .......... ..........  6%  109M 0s
[21.361s]   1000K .......... .......... .......... .......... ..........  6%  104M 0s
[21.362s]   1050K .......... .......... .......... .......... ..........  7%  114M 0s
[21.362s]   1100K .......... .......... .......... .......... ..........  7% 67.8M 0s
[21.363s]   1150K .......... .......... .......... .......... ..........  7% 61.2M 0s
[21.364s]   1200K .......... .......... .......... .......... ..........  7%  165M 0s
[21.364s]   1250K .......... .......... .......... .......... ..........  8%  124M 0s
[21.364s]   1300K .......... .......... .......... .......... ..........  8%  160M 0s
[21.365s]   1350K .......... .......... .......... .......... ..........  8%  111M 0s
[21.365s]   1400K .......... .......... .......... .......... ..........  9% 86.0M 0s
[21.366s]   1450K .......... .......... .......... .......... ..........  9%  111M 0s
[21.366s]   1500K .......... .......... .......... .......... ..........  9%  205M 0s
[21.366s]   1550K .......... .......... .......... .......... .......... 10%  112M 0s
[21.367s]   1600K .......... .......... .......... .......... .......... 10% 97.5M 0s
[21.367s]   1650K .......... .......... .......... .......... .......... 10%  173M 0s
[21.368s]   1700K .......... .......... .......... .......... .......... 11% 51.3M 0s
[21.369s]   1750K .......... .......... .......... .......... .......... 11%  102M 0s
[21.369s]   1800K .......... .......... .......... .......... .......... 11%  127M 0s
[21.369s]   1850K .......... .......... .......... .......... .......... 12%  116M 0s
[21.370s]   1900K .......... .......... .......... .......... .......... 12%  198M 0s
[21.370s]   1950K .......... .......... .......... .......... .......... 12%  119M 0s
[21.370s]   2000K .......... .......... .......... .......... .......... 13%  103M 0s
[21.371s]   2050K .......... .......... .......... .......... .......... 13%  198M 0s
[21.371s]   2100K .......... .......... .......... .......... .......... 13% 92.4M 0s
[21.372s]   2150K .......... .......... .......... .......... .......... 14%  114M 0s
[21.372s]   2200K .......... .......... .......... .......... .......... 14% 97.3M 0s
[21.372s]   2250K .......... .......... .......... .......... .......... 14%  206M 0s
[21.373s]   2300K .......... .......... .......... .......... .......... 15%  111M 0s
[21.373s]   2350K .......... .......... .......... .......... .......... 15%  104M 0s
[21.374s]   2400K .......... .......... .......... .......... .......... 15%  103M 0s
[21.374s]   2450K .......... .......... .......... .......... .......... 15%  112M 0s
[21.375s]   2500K .......... .......... .......... .......... .......... 16%  219M 0s
[21.375s]   2550K .......... .......... .......... .......... .......... 16%  126M 0s
[21.375s]   2600K .......... .......... .......... .......... .......... 16% 96.4M 0s
[21.376s]   2650K .......... .......... .......... .......... .......... 17%  157M 0s
[21.376s]   2700K .......... .......... .......... .......... .......... 17%  157M 0s
[21.379s]   2750K .......... .......... .......... .......... .......... 17%  109M 0s
[21.379s]   2800K .......... .......... .......... .......... .......... 18%  230M 0s
[21.379s]   2850K .......... .......... .......... .......... .......... 18%  132M 0s
[21.379s]   2900K .......... .......... .......... .......... .......... 18%  112M 0s
[21.379s]   2950K .......... .......... .......... .......... .......... 19%  123M 0s
[21.380s]   3000K .......... .......... .......... .......... .......... 19%  209M 0s
[21.380s]   3050K .......... .......... .......... .......... .......... 19%  181M 0s
[21.380s]   3100K .......... .......... .......... .......... .......... 20% 66.5M 0s
[21.380s]   3150K .......... .......... .......... .......... .......... 20% 99.7M 0s
[21.380s]   3200K .......... .......... .......... .......... .......... 20%  107M 0s
[21.380s]   3250K .......... .......... .......... .......... .......... 21%  110M 0s
[21.381s]   3300K .......... .......... .......... .......... .......... 21%  116M 0s
[21.381s]   3350K .......... .......... .......... .......... .......... 21% 85.5M 0s
[21.382s]   3400K .......... .......... .......... .......... .......... 22%  190M 0s
[21.382s]   3450K .......... .......... .......... .......... .......... 22%  236M 0s
[21.382s]   3500K .......... .......... .......... .......... .......... 22%  109M 0s
[21.383s]   3550K .......... .......... .......... .......... .......... 23%  112M 0s
[21.383s]   3600K .......... .......... .......... .......... .......... 23%  118M 0s
[21.384s]   3650K .......... .......... .......... .......... .......... 23%  105M 0s
[21.384s]   3700K .......... .......... .......... .......... .......... 23%  158M 0s
[21.384s]   3750K .......... .......... .......... .......... .......... 24%  111M 0s
[21.387s]   3800K .......... .......... .......... .......... .......... 24%  123M 0s
[21.387s]   3850K .......... .......... .......... .......... .......... 24% 87.3M 0s
[21.387s]   3900K .......... .......... .......... .......... .......... 25%  209M 0s
[21.388s]   3950K .......... .......... .......... .......... .......... 25%  177M 0s
[21.388s]   4000K .......... .......... .......... .......... .......... 25%  124M 0s
[21.388s]   4050K .......... .......... .......... .......... .......... 26% 88.9M 0s
[21.388s]   4100K .......... .......... .......... .......... .......... 26%  103M 0s
[21.388s]   4150K .......... .......... .......... .......... .......... 26%  113M 0s
[21.389s]   4200K .......... .......... .......... .......... .......... 27%  147M 0s
[21.389s]   4250K .......... .......... .......... .......... .......... 27%  224M 0s
[21.395s]   4300K .......... .......... .......... .......... .......... 27% 71.5M 0s
[21.396s]   4350K .......... .......... .......... .......... .......... 28%  129M 0s
[21.396s]   4400K .......... .......... .......... .......... .......... 28%  110M 0s
[21.396s]   4450K .......... .......... .......... .......... .......... 28% 95.2M 0s
[21.396s]   4500K .......... .......... .......... .......... .......... 29%  103M 0s
[21.396s]   4550K .......... .......... .......... .......... .......... 29%  137M 0s
[21.397s]   4600K .......... .......... .......... .......... .......... 29%  105M 0s
[21.397s]   4650K .......... .......... .......... .......... .......... 30% 93.3M 0s
[21.397s]   4700K .......... .......... .......... .......... .......... 30%  234M 0s
[21.397s]   4750K .......... .......... .......... .......... .......... 30% 87.6M 0s
[21.397s]   4800K .......... .......... .......... .......... .......... 31%  126M 0s
[21.397s]   4850K .......... .......... .......... .......... .......... 31%  102M 0s
[21.397s]   4900K .......... .......... .......... .......... .......... 31%  164M 0s
[21.398s]   4950K .......... .......... .......... .......... .......... 31%  166M 0s
[21.398s]   5000K .......... .......... .......... .......... .......... 32%  167M 0s
[21.398s]   5050K .......... .......... .......... .......... .......... 32% 89.5M 0s
[21.398s]   5100K .......... .......... .......... .......... .......... 32%  196M 0s
[21.398s]   5150K .......... .......... .......... .......... .......... 33%  237M 0s
[21.398s]   5200K .......... .......... .......... .......... .......... 33%  106M 0s
[21.398s]   5250K .......... .......... .......... .......... .......... 33%  219M 0s
[21.398s]   5300K .......... .......... .......... .......... .......... 34%  215M 0s
[21.399s]   5350K .......... .......... .......... .......... .......... 34% 63.3M 0s
[21.399s]   5400K .......... .......... .......... .......... .......... 34%  236M 0s
[21.451s]   5450K .......... .......... .......... .......... .......... 35% 97.9M 0s
[21.451s]   5500K .......... .......... .......... .......... .......... 35%  247M 0s
[21.452s]   5550K .......... .......... .......... .......... .......... 35%  216M 0s
[21.452s]   5600K .......... .......... .......... .......... .......... 36%  244M 0s
[21.452s]   5650K .......... .......... .......... .......... .......... 36% 64.2M 0s
[21.452s]   5700K .......... .......... .......... .......... .......... 36%  219M 0s
[21.453s]   5750K .......... .......... .......... .......... .......... 37%  118M 0s
[21.453s]   5800K .......... .......... .......... .......... .......... 37%  126M 0s
[21.453s]   5850K .......... .......... .......... .......... .......... 37%  269M 0s
[21.453s]   5900K .......... .......... .......... .......... .......... 38%  137M 0s
[21.453s]   5950K .......... .......... .......... .......... .......... 38%  124M 0s
[21.453s]   6000K .......... .......... .......... .......... .......... 38%  287M 0s
[21.453s]   6050K .......... .......... .......... .......... .......... 39%  152M 0s
[21.453s]   6100K .......... .......... .......... .......... .......... 39%  147M 0s
[21.454s]   6150K .......... .......... .......... .......... .......... 39%  242M 0s
[21.454s]   6200K .......... .......... .......... .......... .......... 39%  280M 0s
[21.454s]   6250K .......... .......... .......... .......... .......... 40%  134M 0s
[21.454s]   6300K .......... .......... .......... .......... .......... 40% 1.01M 0s
[21.454s]   6350K .......... .......... .......... .......... .......... 40%  181M 0s
[21.454s]   6400K .......... .......... .......... .......... .......... 41%  172M 0s
[21.454s]   6450K .......... .......... .......... .......... .......... 41%  244M 0s
[21.455s]   6500K .......... .......... .......... .......... .......... 41% 94.2M 0s
[21.456s]   6550K .......... .......... .......... .......... .......... 42% 98.4M 0s
[21.456s]   6600K .......... .......... .......... .......... .......... 42% 90.2M 0s
[21.456s]   6650K .......... .......... .......... .......... .......... 42%  112M 0s
[21.457s]   6700K .......... .......... .......... .......... .......... 43% 24.6M 0s
[21.457s]   6750K .......... .......... .......... .......... .......... 43% 38.0M 0s
[21.458s]   6800K .......... .......... .......... .......... .......... 43%  119M 0s
[21.458s]   6850K .......... .......... .......... .......... .......... 44%  138M 0s
[21.459s]   6900K .......... .......... .......... .......... .......... 44%  128M 0s
[21.459s]   6950K .......... .......... .......... .......... .......... 44% 62.2M 0s
[21.460s]   7000K .......... .......... .......... .......... .......... 45%  141M 0s
[21.460s]   7050K .......... .......... .......... .......... .......... 45%  120M 0s
[21.460s]   7100K .......... .......... .......... .......... .......... 45%  224M 0s
[21.461s]   7150K .......... .......... .......... .......... .......... 46%  138M 0s
[21.461s]   7200K .......... .......... .......... .......... .......... 46%  127M 0s
[21.461s]   7250K .......... .......... .......... .......... .......... 46%  104M 0s
[21.463s]   7300K .......... .......... .......... .......... .......... 47%  178M 0s
[21.463s]   7350K .......... .......... .......... .......... .......... 47%  115M 0s
[21.463s]   7400K .......... .......... .......... .......... .......... 47%  139M 0s
[21.463s]   7450K .......... .......... .......... .......... .......... 47%  139M 0s
[21.467s]   7500K .......... .......... .......... .......... .......... 48%  144M 0s
[21.467s]   7550K .......... .......... .......... .......... .......... 48%  167M 0s
[21.467s]   7600K .......... .......... .......... .......... .......... 48%  101M 0s
[21.467s]   7650K .......... .......... .......... .......... .......... 49%  185M 0s
[21.468s]   7700K .......... .......... .......... .......... .......... 49%  235M 0s
[21.468s]   7750K .......... .......... .......... .......... .......... 49%  106M 0s
[21.468s]   7800K .......... .......... .......... .......... .......... 50%  191M 0s
[21.468s]   7850K .......... .......... .......... .......... .......... 50%  252M 0s
[21.468s]   7900K .......... .......... .......... .......... .......... 50%  227M 0s
[21.468s]   7950K .......... .......... .......... .......... .......... 51%  105M 0s
[21.468s]   8000K .......... .......... .......... .......... .......... 51%  172M 0s
[21.469s]   8050K .......... .......... .......... .......... .......... 51%  267M 0s
[21.469s]   8100K .......... .......... .......... .......... .......... 52%  236M 0s
[21.469s]   8150K .......... .......... .......... .......... .......... 52%  235M 0s
[21.482s]   8200K .......... .......... .......... .......... .......... 52% 87.3M 0s
[21.483s]   8250K .......... .......... .......... .......... .......... 53%  196M 0s
[21.483s]   8300K .......... .......... .......... .......... .......... 53% 70.1M 0s
[21.483s]   8350K .......... .......... .......... .......... .......... 53%  130M 0s
[21.483s]   8400K .......... .......... .......... .......... .......... 54%  115M 0s
[21.483s]   8450K .......... .......... .......... .......... .......... 54%  189M 0s
[21.483s]   8500K .......... .......... .......... .......... .......... 54%  154M 0s
[21.483s]   8550K .......... .......... .......... .......... .......... 55%  250M 0s
[21.483s]   8600K .......... .......... .......... .......... .......... 55%  273M 0s
[21.483s]   8650K .......... .......... .......... .......... .......... 55%  140M 0s
[21.483s]   8700K .......... .......... .......... .......... .......... 55%  121M 0s
[21.484s]   8750K .......... .......... .......... .......... .......... 56%  194M 0s
[21.484s]   8800K .......... .......... .......... .......... .......... 56%  131M 0s
[21.484s]   8850K .......... .......... .......... .......... .......... 56%  124M 0s
[21.484s]   8900K .......... .......... .......... .......... .......... 57%  216M 0s
[21.491s]   8950K .......... .......... .......... .......... .......... 57%  124M 0s
[21.491s]   9000K .......... .......... .......... .......... .......... 57%  129M 0s
[21.491s]   9050K .......... .......... .......... .......... .......... 58%  140M 0s
[21.491s]   9100K .......... .......... .......... .......... .......... 58%  251M 0s
[21.492s]   9150K .......... .......... .......... .......... .......... 58%  109M 0s
[21.492s]   9200K .......... .......... .......... .......... .......... 59%  254M 0s
[21.492s]   9250K .......... .......... .......... .......... .......... 59%  234M 0s
[21.492s]   9300K .......... .......... .......... .......... .......... 59%  256M 0s
[21.492s]   9350K .......... .......... .......... .......... .......... 60%  106M 0s
[21.492s]   9400K .......... .......... .......... .......... .......... 60%  194M 0s
[21.492s]   9450K .......... .......... .......... .......... .......... 60%  207M 0s
[21.492s]   9500K .......... .......... .......... .......... .......... 61%  202M 0s
[21.492s]   9550K .......... .......... .......... .......... .......... 61% 84.1M 0s
[21.492s]   9600K .......... .......... .......... .......... .......... 61%  256M 0s
[21.492s]   9650K .......... .......... .......... .......... .......... 62%  249M 0s
[21.493s]   9700K .......... .......... .......... .......... .......... 62%  258M 0s
[21.493s]   9750K .......... .......... .......... .......... .......... 62%  100M 0s
[21.493s]   9800K .......... .......... .......... .......... .......... 63%  245M 0s
[21.493s]   9850K .......... .......... .......... .......... .......... 63%  216M 0s
[21.493s]   9900K .......... .......... .......... .......... .......... 63%  185M 0s
[21.493s]   9950K .......... .......... .......... .......... .......... 63% 68.8M 0s
[21.493s]  10000K .......... .......... .......... .......... .......... 64%  190M 0s
[21.493s]  10050K .......... .......... .......... .......... .......... 64% 53.2M 0s
[21.493s]  10100K .......... .......... .......... .......... .......... 64% 67.8M 0s
[21.494s]  10150K .......... .......... .......... .......... .......... 65% 42.0M 0s
[21.494s]  10200K .......... .......... .......... .......... .......... 65% 80.6M 0s
[21.494s]  10250K .......... .......... .......... .......... .......... 65% 22.3M 0s
[21.494s]  10300K .......... .......... .......... .......... .......... 66%  134M 0s
[21.494s]  10350K .......... .......... .......... .......... .......... 66% 78.3M 0s
[21.494s]  10400K .......... .......... .......... .......... .......... 66%  157M 0s
[21.494s]  10450K .......... .......... .......... .......... .......... 67% 65.2M 0s
[21.494s]  10500K .......... .......... .......... .......... .......... 67%  162M 0s
[21.494s]  10550K .......... .......... .......... .......... .......... 67% 82.3M 0s
[21.494s]  10600K .......... .......... .......... .......... .......... 68%  170M 0s
[21.494s]  10650K .......... .......... .......... .......... .......... 68% 95.4M 0s
[21.494s]  10700K .......... .......... .......... .......... .......... 68%  106M 0s
[21.494s]  10750K .......... .......... .......... .......... .......... 69%  205M 0s
[21.495s]  10800K .......... .......... .......... .......... .......... 69% 85.6M 0s
[21.495s]  10850K .......... .......... .......... .......... .......... 69%  224M 0s
[21.495s]  10900K .......... .......... .......... .......... .......... 70%  253M 0s
[21.552s]  10950K .......... .......... .......... .......... .......... 70%  100M 0s
[21.554s]  11000K .......... .......... .......... .......... .......... 70%  816K 0s
[21.554s]  11050K .......... .......... .......... .......... .......... 71% 96.0M 0s
[21.555s]  11100K .......... .......... .......... .......... .......... 71% 65.9M 0s
[21.555s]  11150K .......... .......... .......... .......... .......... 71% 66.9M 0s
[21.555s]  11200K .......... .......... .......... .......... .......... 71% 84.9M 0s
[21.555s]  11250K .......... .......... .......... .......... .......... 72%  120M 0s
[21.556s]  11300K .......... .......... .......... .......... .......... 72%  134M 0s
[21.556s]  11350K .......... .......... .......... .......... .......... 72% 60.8M 0s
[21.557s]  11400K .......... .......... .......... .......... .......... 73% 81.9M 0s
[21.557s]  11450K .......... .......... .......... .......... .......... 73%  153M 0s
[21.557s]  11500K .......... .......... .......... .......... .......... 73%  121M 0s
[21.558s]  11550K .......... .......... .......... .......... .......... 74% 99.1M 0s
[21.558s]  11600K .......... .......... .......... .......... .......... 74% 91.8M 0s
[21.559s]  11650K .......... .......... .......... .......... .......... 74% 75.4M 0s
[21.560s]  11700K .......... .......... .......... .......... .......... 75% 64.7M 0s
[21.560s]  11750K .......... .......... .......... .......... .......... 75%  113M 0s
[21.561s]  11800K .......... .......... .......... .......... .......... 75% 73.8M 0s
[21.562s]  11850K .......... .......... .......... .......... .......... 76% 86.1M 0s
[21.562s]  11900K .......... .......... .......... .......... .......... 76%  104M 0s
[21.563s]  11950K .......... .......... .......... .......... .......... 76%  140M 0s
[21.563s]  12000K .......... .......... .......... .......... .......... 77% 76.0M 0s
[21.563s]  12050K .......... .......... .......... .......... .......... 77%  157M 0s
[21.563s]  12100K .......... .......... .......... .......... .......... 77%  122M 0s
[21.564s]  12150K .......... .......... .......... .......... .......... 78%  107M 0s
[21.564s]  12200K .......... .......... .......... .......... .......... 78% 99.2M 0s
[21.567s]  12250K .......... .......... .......... .......... .......... 78%  215M 0s
[21.567s]  12300K .......... .......... .......... .......... .......... 79%  266M 0s
[21.567s]  12350K .......... .......... .......... .......... .......... 79% 97.7M 0s
[21.567s]  12400K .......... .......... .......... .......... .......... 79%  239M 0s
[21.568s]  12450K .......... .......... .......... .......... .......... 79%  248M 0s
[21.568s]  12500K .......... .......... .......... .......... .......... 80%  105M 0s
[21.568s]  12550K .......... .......... .......... .......... .......... 80%  197M 0s
[21.568s]  12600K .......... .......... .......... .......... .......... 80%  252M 0s
[21.568s]  12650K .......... .......... .......... .......... .......... 81%  252M 0s
[21.569s]  12700K .......... .......... .......... .......... .......... 81%  259M 0s
[21.571s]  12750K .......... .......... .......... .......... .......... 81% 82.7M 0s
[21.572s]  12800K .......... .......... .......... .......... .......... 82%  233M 0s
[21.572s]  12850K .......... .......... .......... .......... .......... 82%  244M 0s
[21.572s]  12900K .......... .......... .......... .......... .......... 82%  227M 0s
[21.572s]  12950K .......... .......... .......... .......... .......... 83% 88.2M 0s
[21.572s]  13000K .......... .......... .......... .......... .......... 83%  243M 0s
[21.572s]  13050K .......... .......... .......... .......... .......... 83%  254M 0s
[21.572s]  13100K .......... .......... .......... .......... .......... 84%  261M 0s
[21.572s]  13150K .......... .......... .......... .......... .......... 84% 98.0M 0s
[21.572s]  13200K .......... .......... .......... .......... .......... 84%  256M 0s
[21.572s]  13250K .......... .......... .......... .......... .......... 85%  259M 0s
[21.572s]  13300K .......... .......... .......... .......... .......... 85%  249M 0s
[21.572s]  13350K .......... .......... .......... .......... .......... 85% 95.7M 0s
[21.572s]  13400K .......... .......... .......... .......... .......... 86%  181M 0s
[21.585s]  13450K .......... .......... .......... .......... .......... 86%  106M 0s
[21.586s]  13500K .......... .......... .......... .......... .......... 86%  115M 0s
[21.586s]  13550K .......... .......... .......... .......... .......... 87%  204M 0s
[21.586s]  13600K .......... .......... .......... .......... .......... 87%  122M 0s
[21.586s]  13650K .......... .......... .......... .......... .......... 87%  124M 0s
[21.586s]  13700K .......... .......... .......... .......... .......... 87%  244M 0s
[21.586s]  13750K .......... .......... .......... .......... .......... 88%  113M 0s
[21.587s]  13800K .......... .......... .......... .......... .......... 88%  107M 0s
[21.587s]  13850K .......... .......... .......... .......... .......... 88%  100M 0s
[21.587s]  13900K .......... .......... .......... .......... .......... 89%  115M 0s
[21.587s]  13950K .......... .......... .......... .......... .......... 89% 97.9M 0s
[21.587s]  14000K .......... .......... .......... .......... .......... 89%  138M 0s
[21.587s]  14050K .......... .......... .......... .......... .......... 90%  164M 0s
[21.588s]  14100K .......... .......... .......... .......... .......... 90%  262M 0s
[21.588s]  14150K .......... .......... .......... .......... .......... 90%  140M 0s
[21.588s]  14200K .......... .......... .......... .......... .......... 91%  315M 0s
[21.588s]  14250K .......... .......... .......... .......... .......... 91%  152M 0s
[21.588s]  14300K .......... .......... .......... .......... .......... 91%  124M 0s
[21.588s]  14350K .......... .......... .......... .......... .......... 92% 97.4M 0s
[21.588s]  14400K .......... .......... .......... .......... .......... 92%  106M 0s
[21.588s]  14450K .......... .......... .......... .......... .......... 92%  180M 0s
[21.589s]  14500K .......... .......... .......... .......... .......... 93%  131M 0s
[21.589s]  14550K .......... .......... .......... .......... .......... 93% 97.4M 0s
[21.589s]  14600K .......... .......... .......... .......... .......... 93%  267M 0s
[21.589s]  14650K .......... .......... .......... .......... .......... 94%  259M 0s
[21.589s]  14700K .......... .......... .......... .......... .......... 94%  195M 0s
[21.589s]  14750K .......... .......... .......... .......... .......... 94%  210M 0s
[21.589s]  14800K .......... .......... .......... .......... .......... 95%  263M 0s
[21.589s]  14850K .......... .......... .......... .......... .......... 95%  247M 0s
[21.589s]  14900K .......... .......... .......... .......... .......... 95%  258M 0s
[21.590s]  14950K .......... .......... .......... .......... .......... 95%  234M 0s
[21.590s]  15000K .......... .......... .......... .......... .......... 96%  275M 0s
[21.590s]  15050K .......... .......... .......... .......... .......... 96%  270M 0s
[21.590s]  15100K .......... .......... .......... .......... .......... 96%  269M 0s
[21.590s]  15150K .......... .......... .......... .......... .......... 97%  189M 0s
[21.590s]  15200K .......... .......... .......... .......... .......... 97%  224M 0s
[21.590s]  15250K .......... .......... .......... .......... .......... 97%  164M 0s
[21.590s]  15300K .......... .......... .......... .......... .......... 98%  189M 0s
[21.590s]  15350K .......... .......... .......... .......... .......... 98% 40.5M 0s
[21.590s]  15400K .......... .......... .......... .......... .......... 98%  141M 0s
[21.591s]  15450K .......... .......... .......... .......... .......... 99%  119M 0s
[21.591s]  15500K .......... .......... .......... .......... .......... 99%  213M 0s
[21.591s]  15550K .......... .......... .......... .......... .......... 99%  189M 0s
[21.591s]  15600K .......... .......... .....                           100%  219M=0.2s
[21.591s] 
[21.591s] 2026-03-31 15:39:40 (64.4 MB/s) - '/home/user/seek_destroy_ws/build/multirobot_map_merge/2012-01-28-11-12-01.pgm' saved [16000058/16000058]
[21.591s] 
[21.591s] Checking MD5 sum of /home/user/seek_destroy_ws/build/multirobot_map_merge/2012-01-28-11-12-01.pgm
[21.685s] /home/user/seek_destroy_ws/build/multirobot_map_merge/2012-01-28-11-12-01.pgm: OK
[21.756s] -- Found gtest sources under '/opt/ros/humble/src/gtest_vendor': C++ tests using 'Google Test' will be built
[21.778s] -- Added test 'cppcheck' to perform static code analysis on C / C++ code
[21.779s] -- Configured cppcheck include dirs: /home/user/seek_destroy_ws/src/m-explore-ros2/map_merge/include;$<BUILD_INTERFACE:/home/user/seek_destroy_ws/src/m-explore-ros2/map_merge/include>
[21.779s] -- Configured cppcheck exclude dirs and/or files: 
[21.782s] -- Added test 'flake8' to check Python code syntax and style conventions
[21.784s] -- Added test 'lint_cmake' to check CMake code style
[21.786s] -- Added test 'pep257' to check Python code against some of the docstring style conventions in PEP 257
[21.858s] -- Added test 'uncrustify' to check C / C++ code style
[21.859s] -- Configured uncrustify additional arguments: 
[21.859s] -- Added test 'xmllint' to check XML markup files
[21.859s] -- Configuring done
[22.189s] -- Generating done
[22.256s] -- Build files have been written to: /home/user/seek_destroy_ws/build/multirobot_map_merge
[22.277s] Invoked command in '/home/user/seek_destroy_ws/build/multirobot_map_merge' returned '0': CMAKE_PREFIX_PATH=${CMAKE_PREFIX_PATH}:/home/user/seek_destroy_ws/install/rosbot_controller:/home/user/seek_destroy_ws/install/rosbot_utils:/home/user/seek_destroy_ws/install/rosbot_gazebo:/home/user/seek_destroy_ws/install/rosbot_bringup:/home/user/seek_destroy_ws/install/autonomous_exploration:/opt/ros/humble _=/usr/bin/env /usr/bin/cmake /home/user/seek_destroy_ws/src/m-explore-ros2/map_merge -DAMENT_CMAKE_SYMLINK_INSTALL=1 -DCMAKE_INSTALL_PREFIX=/home/user/seek_destroy_ws/install/multirobot_map_merge
[22.280s] Invoking command in '/home/user/seek_destroy_ws/build/multirobot_map_merge': CMAKE_PREFIX_PATH=${CMAKE_PREFIX_PATH}:/home/user/seek_destroy_ws/install/rosbot_controller:/home/user/seek_destroy_ws/install/rosbot_utils:/home/user/seek_destroy_ws/install/rosbot_gazebo:/home/user/seek_destroy_ws/install/rosbot_bringup:/home/user/seek_destroy_ws/install/autonomous_exploration:/opt/ros/humble _=/usr/bin/env /usr/bin/cmake --build /home/user/seek_destroy_ws/build/multirobot_map_merge -- -j8 -l8
[22.463s] [  8%] [32mBuilding CXX object CMakeFiles/combine_grids.dir/src/combine_grids/grid_compositor.cpp.o[0m
[22.470s] [ 16%] [32mBuilding CXX object CMakeFiles/combine_grids.dir/src/combine_grids/merging_pipeline.cpp.o[0m
[22.472s] [ 25%] [32mBuilding CXX object CMakeFiles/combine_grids.dir/src/combine_grids/grid_warper.cpp.o[0m
[22.475s] [ 33%] [32mBuilding CXX object gtest/CMakeFiles/gtest_main.dir/src/gtest_main.cc.o[0m
[22.480s] [ 41%] [32mBuilding CXX object gtest/CMakeFiles/gtest.dir/src/gtest-all.cc.o[0m
[28.472s] [ 50%] [32m[1mLinking CXX static library libgtest_main.a[0m
[30.560s] [ 50%] Built target gtest_main
[39.863s] [ 58%] [32m[1mLinking CXX static library libgtest.a[0m
[40.384s] [ 58%] Built target gtest
[41.252s] [ 66%] [32m[1mLinking CXX static library libcombine_grids.a[0m
[41.487s] [ 66%] Built target combine_grids
[41.689s] [ 83%] [32mBuilding CXX object CMakeFiles/map_merge.dir/src/map_merge.cpp.o[0m
[41.689s] [ 83%] [32mBuilding CXX object CMakeFiles/test_merging_pipeline.dir/test/test_merging_pipeline.cpp.o[0m
[1089.157s] gmake[2]: *** [CMakeFiles/map_merge.dir/build.make:76: CMakeFiles/map_merge.dir/src/map_merge.cpp.o] Interrupt
[1089.165s] gmake[1]: *** [CMakeFiles/Makefile2:185: CMakeFiles/map_merge.dir/all] Interrupt
[1089.167s] gmake[2]: *** [CMakeFiles/test_merging_pipeline.dir/build.make:76: CMakeFiles/test_merging_pipeline.dir/test/test_merging_pipeline.cpp.o] Interrupt
[1089.167s] gmake[1]: *** [CMakeFiles/Makefile2:213: CMakeFiles/test_merging_pipeline.dir/all] Interrupt
[1089.167s] gmake: *** [Makefile:146: all] Interrupt
[1089.168s] Invoked command in '/home/user/seek_destroy_ws/build/multirobot_map_merge' returned '-2': CMAKE_PREFIX_PATH=${CMAKE_PREFIX_PATH}:/home/user/seek_destroy_ws/install/rosbot_controller:/home/user/seek_destroy_ws/install/rosbot_utils:/home/user/seek_destroy_ws/install/rosbot_gazebo:/home/user/seek_destroy_ws/install/rosbot_bringup:/home/user/seek_destroy_ws/install/autonomous_exploration:/opt/ros/humble _=/usr/bin/env /usr/bin/cmake --build /home/user/seek_destroy_ws/build/multirobot_map_merge -- -j8 -l8
