[10.984s] Invoking command in '/home/user/seek_destroy_ws/build/rosbot_joy': CMAKE_PREFIX_PATH=${CMAKE_PREFIX_PATH}:/home/user/seek_destroy_ws/install/rosbot_controller:/home/user/seek_destroy_ws/install/rosbot_utils:/home/user/seek_destroy_ws/install/rosbot_gazebo:/home/user/seek_destroy_ws/install/rosbot_bringup:/opt/ros/humble _=/usr/bin/env /usr/bin/cmake /home/user/seek_destroy_ws/src/rosbot_ros/rosbot_joy -DAMENT_CMAKE_SYMLINK_INSTALL=1 -DCMAKE_INSTALL_PREFIX=/home/user/seek_destroy_ws/install/rosbot_joy
[12.397s] -- The C compiler identification is GNU 11.4.0
[13.479s] -- The CXX compiler identification is GNU 11.4.0
[13.572s] -- Detecting C compiler ABI info
[15.398s] -- Detecting C compiler ABI info - done
[15.477s] -- Check for working C compiler: /usr/bin/cc - skipped
[15.478s] -- Detecting C compile features
[15.479s] -- Detecting C compile features - done
[15.485s] -- Detecting CXX compiler ABI info
[18.801s] -- Detecting CXX compiler ABI info - done
[19.279s] -- Check for working CXX compiler: /usr/bin/c++ - skipped
[19.280s] -- Detecting CXX compile features
[19.281s] -- Detecting CXX compile features - done
[19.486s] -- Found ament_cmake: 1.3.14 (/opt/ros/humble/share/ament_cmake/cmake)
[30.891s] -- Found Python3: /usr/bin/python3 (found version "3.10.12") found components: Interpreter 
[31.878s] -- Override CMake install command with custom implementation using symlinks instead of copying resources
[33.974s] -- Configuring done
[33.979s] -- Generating done
[33.981s] -- Build files have been written to: /home/user/seek_destroy_ws/build/rosbot_joy
[34.082s] Invoked command in '/home/user/seek_destroy_ws/build/rosbot_joy' returned '0': CMAKE_PREFIX_PATH=${CMAKE_PREFIX_PATH}:/home/user/seek_destroy_ws/install/rosbot_controller:/home/user/seek_destroy_ws/install/rosbot_utils:/home/user/seek_destroy_ws/install/rosbot_gazebo:/home/user/seek_destroy_ws/install/rosbot_bringup:/opt/ros/humble _=/usr/bin/env /usr/bin/cmake /home/user/seek_destroy_ws/src/rosbot_ros/rosbot_joy -DAMENT_CMAKE_SYMLINK_INSTALL=1 -DCMAKE_INSTALL_PREFIX=/home/user/seek_destroy_ws/install/rosbot_joy
[34.084s] Invoking command in '/home/user/seek_destroy_ws/build/rosbot_joy': CMAKE_PREFIX_PATH=${CMAKE_PREFIX_PATH}:/home/user/seek_destroy_ws/install/rosbot_controller:/home/user/seek_destroy_ws/install/rosbot_utils:/home/user/seek_destroy_ws/install/rosbot_gazebo:/home/user/seek_destroy_ws/install/rosbot_bringup:/opt/ros/humble _=/usr/bin/env /usr/bin/cmake --build /home/user/seek_destroy_ws/build/rosbot_joy -- -j8 -l8
[34.689s] Invoked command in '/home/user/seek_destroy_ws/build/rosbot_joy' returned '0': CMAKE_PREFIX_PATH=${CMAKE_PREFIX_PATH}:/home/user/seek_destroy_ws/install/rosbot_controller:/home/user/seek_destroy_ws/install/rosbot_utils:/home/user/seek_destroy_ws/install/rosbot_gazebo:/home/user/seek_destroy_ws/install/rosbot_bringup:/opt/ros/humble _=/usr/bin/env /usr/bin/cmake --build /home/user/seek_destroy_ws/build/rosbot_joy -- -j8 -l8
[34.691s] Invoking command in '/home/user/seek_destroy_ws/build/rosbot_joy': CMAKE_PREFIX_PATH=${CMAKE_PREFIX_PATH}:/home/user/seek_destroy_ws/install/rosbot_controller:/home/user/seek_destroy_ws/install/rosbot_utils:/home/user/seek_destroy_ws/install/rosbot_gazebo:/home/user/seek_destroy_ws/install/rosbot_bringup:/opt/ros/humble _=/usr/bin/env /usr/bin/cmake --install /home/user/seek_destroy_ws/build/rosbot_joy
[34.792s] -- Install configuration: ""
[34.794s] -- Execute custom install script
[34.873s] -- Symlinking: /home/user/seek_destroy_ws/install/rosbot_joy/share/rosbot_joy/config/joy.yaml
[35.186s] -- Symlinking: /home/user/seek_destroy_ws/install/rosbot_joy/share/rosbot_joy/launch/joy.launch.py
[35.201s] -- Symlinking: /home/user/seek_destroy_ws/install/rosbot_joy/share/ament_index/resource_index/package_run_dependencies/rosbot_joy
[35.279s] -- Symlinking: /home/user/seek_destroy_ws/install/rosbot_joy/share/ament_index/resource_index/parent_prefix_path/rosbot_joy
[35.374s] -- Symlinking: /home/user/seek_destroy_ws/install/rosbot_joy/share/rosbot_joy/environment/ament_prefix_path.sh
[35.482s] -- Symlinking: /home/user/seek_destroy_ws/install/rosbot_joy/share/rosbot_joy/environment/ament_prefix_path.dsv
[35.573s] -- Symlinking: /home/user/seek_destroy_ws/install/rosbot_joy/share/rosbot_joy/environment/path.sh
[35.581s] -- Symlinking: /home/user/seek_destroy_ws/install/rosbot_joy/share/rosbot_joy/environment/path.dsv
[35.593s] -- Symlinking: /home/user/seek_destroy_ws/install/rosbot_joy/share/rosbot_joy/local_setup.bash
[35.973s] -- Symlinking: /home/user/seek_destroy_ws/install/rosbot_joy/share/rosbot_joy/local_setup.sh
[36.073s] -- Symlinking: /home/user/seek_destroy_ws/install/rosbot_joy/share/rosbot_joy/local_setup.zsh
[36.183s] -- Symlinking: /home/user/seek_destroy_ws/install/rosbot_joy/share/rosbot_joy/local_setup.dsv
[36.389s] -- Symlinking: /home/user/seek_destroy_ws/install/rosbot_joy/share/rosbot_joy/package.dsv
[36.575s] -- Symlinking: /home/user/seek_destroy_ws/install/rosbot_joy/share/ament_index/resource_index/packages/rosbot_joy
[36.773s] -- Symlinking: /home/user/seek_destroy_ws/install/rosbot_joy/share/rosbot_joy/cmake/rosbot_joyConfig.cmake
[36.877s] -- Symlinking: /home/user/seek_destroy_ws/install/rosbot_joy/share/rosbot_joy/cmake/rosbot_joyConfig-version.cmake
[37.277s] -- Symlinking: /home/user/seek_destroy_ws/install/rosbot_joy/share/rosbot_joy/package.xml
[37.394s] Invoked command in '/home/user/seek_destroy_ws/build/rosbot_joy' returned '0': CMAKE_PREFIX_PATH=${CMAKE_PREFIX_PATH}:/home/user/seek_destroy_ws/install/rosbot_controller:/home/user/seek_destroy_ws/install/rosbot_utils:/home/user/seek_destroy_ws/install/rosbot_gazebo:/home/user/seek_destroy_ws/install/rosbot_bringup:/opt/ros/humble _=/usr/bin/env /usr/bin/cmake --install /home/user/seek_destroy_ws/build/rosbot_joy
