[0.083s] Invoking command in '/home/user/seek_destroy_ws/build/rosbot_hardware_interfaces': CMAKE_PREFIX_PATH=${CMAKE_PREFIX_PATH}:/home/user/seek_destroy_ws/install/rosbot_controller:/home/user/seek_destroy_ws/install/rosbot_utils:/home/user/seek_destroy_ws/install/rosbot_gazebo:/home/user/seek_destroy_ws/install/rosbot_bringup:/home/user/seek_destroy_ws/install/autonomous_exploration:/opt/ros/humble _=/usr/bin/env /usr/bin/cmake /home/user/seek_destroy_ws/src/rosbot_ros/rosbot_hardware_interfaces -DAMENT_CMAKE_SYMLINK_INSTALL=1 -DCMAKE_INSTALL_PREFIX=/home/user/seek_destroy_ws/install/rosbot_hardware_interfaces
[0.461s] -- The C compiler identification is GNU 11.4.0
[0.772s] -- The CXX compiler identification is GNU 11.4.0
[0.848s] -- Detecting C compiler ABI info
[1.456s] -- Detecting C compiler ABI info - done
[1.468s] -- Check for working C compiler: /usr/bin/cc - skipped
[1.469s] -- Detecting C compile features
[1.470s] -- Detecting C compile features - done
[1.478s] -- Detecting CXX compiler ABI info
[1.975s] -- Detecting CXX compiler ABI info - done
[2.048s] -- Check for working CXX compiler: /usr/bin/c++ - skipped
[2.048s] -- Detecting CXX compile features
[2.049s] -- Detecting CXX compile features - done
[2.062s] -- Found ament_cmake: 1.3.12 (/opt/ros/humble/share/ament_cmake/cmake)
[6.458s] -- Found Python3: /usr/bin/python3 (found version "3.10.12") found components: Interpreter 
[6.881s] -- Override CMake install command with custom implementation using symlinks instead of copying resources
[7.247s] -- Found hardware_interface: 2.52.2 (/opt/ros/humble/share/hardware_interface/cmake)
[7.660s] -- Found rosidl_generator_c: 3.1.7 (/opt/ros/humble/share/rosidl_generator_c/cmake)
[7.766s] -- Found rosidl_adapter: 3.1.7 (/opt/ros/humble/share/rosidl_adapter/cmake)
[7.853s] -- Found rosidl_generator_cpp: 3.1.7 (/opt/ros/humble/share/rosidl_generator_cpp/cmake)
[7.969s] -- Using all available rosidl_typesupport_c: rosidl_typesupport_fastrtps_c;rosidl_typesupport_introspection_c
[8.167s] -- Using all available rosidl_typesupport_cpp: rosidl_typesupport_fastrtps_cpp;rosidl_typesupport_introspection_cpp
[10.271s] -- Found rmw_implementation_cmake: 6.1.2 (/opt/ros/humble/share/rmw_implementation_cmake/cmake)
[10.285s] -- Found rmw_fastrtps_cpp: 6.2.9 (/opt/ros/humble/share/rmw_fastrtps_cpp/cmake)
[10.474s] -- Found TinyXML2 via Config file: TinyXML2_DIR-NOTFOUND
[10.955s] -- Found OpenSSL: /usr/lib/x86_64-linux-gnu/libcrypto.so (found version "3.0.2")  
[10.961s] -- Found TinyXML2 via Config file: TinyXML2_DIR-NOTFOUND
[11.078s] -- Found FastRTPS: /opt/ros/humble/include  
[11.085s] -- Found TinyXML2 via Config file: TinyXML2_DIR-NOTFOUND
[11.155s] -- Found TinyXML2 via Config file: TinyXML2_DIR-NOTFOUND
[11.186s] -- Using RMW implementation 'rmw_fastrtps_cpp' as default
[11.274s] -- Looking for pthread.h
[11.568s] -- Looking for pthread.h - found
[11.568s] -- Performing Test CMAKE_HAVE_LIBC_PTHREAD
[11.870s] -- Performing Test CMAKE_HAVE_LIBC_PTHREAD - Success
[11.873s] -- Found Threads: TRUE  
[12.027s] -- Found realtime_tools: 2.14.1 (/opt/ros/humble/share/realtime_tools/cmake)
[12.259s] -- Configuring done
[12.276s] -- Generating done
[12.281s] -- Build files have been written to: /home/user/seek_destroy_ws/build/rosbot_hardware_interfaces
[12.296s] Invoked command in '/home/user/seek_destroy_ws/build/rosbot_hardware_interfaces' returned '0': CMAKE_PREFIX_PATH=${CMAKE_PREFIX_PATH}:/home/user/seek_destroy_ws/install/rosbot_controller:/home/user/seek_destroy_ws/install/rosbot_utils:/home/user/seek_destroy_ws/install/rosbot_gazebo:/home/user/seek_destroy_ws/install/rosbot_bringup:/home/user/seek_destroy_ws/install/autonomous_exploration:/opt/ros/humble _=/usr/bin/env /usr/bin/cmake /home/user/seek_destroy_ws/src/rosbot_ros/rosbot_hardware_interfaces -DAMENT_CMAKE_SYMLINK_INSTALL=1 -DCMAKE_INSTALL_PREFIX=/home/user/seek_destroy_ws/install/rosbot_hardware_interfaces
[12.298s] Invoking command in '/home/user/seek_destroy_ws/build/rosbot_hardware_interfaces': CMAKE_PREFIX_PATH=${CMAKE_PREFIX_PATH}:/home/user/seek_destroy_ws/install/rosbot_controller:/home/user/seek_destroy_ws/install/rosbot_utils:/home/user/seek_destroy_ws/install/rosbot_gazebo:/home/user/seek_destroy_ws/install/rosbot_bringup:/home/user/seek_destroy_ws/install/autonomous_exploration:/opt/ros/humble _=/usr/bin/env /usr/bin/cmake --build /home/user/seek_destroy_ws/build/rosbot_hardware_interfaces -- -j8 -l8
[12.400s] [ 66%] [32mBuilding CXX object CMakeFiles/rosbot_hardware_interfaces.dir/src/rosbot_imu_sensor.cpp.o[0m
[12.400s] [ 66%] [32mBuilding CXX object CMakeFiles/rosbot_hardware_interfaces.dir/src/rosbot_system.cpp.o[0m
[638.765s] [01m[Kc++:[m[K [01;31m[Kfatal error: [m[KKilled signal terminated program cc1plus
[638.767s] compilation terminated.
[638.768s] gmake[2]: *** [CMakeFiles/rosbot_hardware_interfaces.dir/build.make:76: CMakeFiles/rosbot_hardware_interfaces.dir/src/rosbot_system.cpp.o] Error 1
[638.768s] gmake[2]: *** Waiting for unfinished jobs....
[1080.258s] gmake[2]: *** [CMakeFiles/rosbot_hardware_interfaces.dir/build.make:90: CMakeFiles/rosbot_hardware_interfaces.dir/src/rosbot_imu_sensor.cpp.o] Interrupt
[1080.259s] gmake[1]: *** [CMakeFiles/Makefile2:137: CMakeFiles/rosbot_hardware_interfaces.dir/all] Interrupt
[1080.259s] gmake: *** [Makefile:146: all] Interrupt
