[4.411s] Invoking command in '/home/user/seek_destroy_ws/build/rosbot_utils': PYTHONPATH=/home/user/seek_destroy_ws/build/rosbot_utils/prefix_override:/usr/lib/python3/dist-packages/colcon_core/task/python/colcon_distutils_commands:/home/user/seek_destroy_ws/install/rosbot_utils/lib/python3.10/site-packages:${PYTHONPATH} _=/usr/bin/env /usr/bin/python3 -W ignore:setup.py install is deprecated -W ignore:easy_install command is deprecated setup.py develop --editable --build-directory /home/user/seek_destroy_ws/build/rosbot_utils/build --no-deps symlink_data
[6.681s] running develop
[7.593s] running egg_info
[7.594s] creating rosbot_utils.egg-info
[7.595s] writing manifest file 'rosbot_utils.egg-info/SOURCES.txt'
[7.599s] writing manifest file 'rosbot_utils.egg-info/SOURCES.txt'
[7.602s] running build_ext
[7.603s] running symlink_data
[7.604s] creating /home/user/seek_destroy_ws/install/rosbot_utils/share/ament_index
[7.604s] creating /home/user/seek_destroy_ws/install/rosbot_utils/share/ament_index/resource_index
[7.604s] creating /home/user/seek_destroy_ws/install/rosbot_utils/share/ament_index/resource_index/packages
[7.605s] symbolically linking /home/user/seek_destroy_ws/build/rosbot_utils/resource/rosbot_utils -> /home/user/seek_destroy_ws/install/rosbot_utils/share/ament_index/resource_index/packages
[7.605s] symbolically linking /home/user/seek_destroy_ws/build/rosbot_utils/package.xml -> /home/user/seek_destroy_ws/install/rosbot_utils/share/rosbot_utils
[7.606s] creating /home/user/seek_destroy_ws/install/rosbot_utils/share/rosbot_utils/config
[7.606s] creating /home/user/seek_destroy_ws/install/rosbot_utils/share/rosbot_utils/config/rosbot
[7.606s] symbolically linking /home/user/seek_destroy_ws/build/rosbot_utils/config/rosbot/laser_filter.yaml -> /home/user/seek_destroy_ws/install/rosbot_utils/share/rosbot_utils/config/rosbot
[7.607s] creating /home/user/seek_destroy_ws/install/rosbot_utils/share/rosbot_utils/config/rosbot_xl
[7.608s] symbolically linking /home/user/seek_destroy_ws/build/rosbot_utils/config/rosbot_xl/laser_filter.yaml -> /home/user/seek_destroy_ws/install/rosbot_utils/share/rosbot_utils/config/rosbot_xl
[7.608s] creating /home/user/seek_destroy_ws/install/rosbot_utils/share/rosbot_utils/firmware
[7.608s] creating /home/user/seek_destroy_ws/install/rosbot_utils/share/rosbot_utils/firmware/rosbot
[7.608s] symbolically linking /home/user/seek_destroy_ws/build/rosbot_utils/firmware/rosbot/v0.11.0.bin -> /home/user/seek_destroy_ws/install/rosbot_utils/share/rosbot_utils/firmware/rosbot
[7.609s] creating /home/user/seek_destroy_ws/install/rosbot_utils/share/rosbot_utils/firmware/rosbot_xl
[7.609s] symbolically linking /home/user/seek_destroy_ws/build/rosbot_utils/firmware/rosbot_xl/v1.4.0.bin -> /home/user/seek_destroy_ws/install/rosbot_utils/share/rosbot_utils/firmware/rosbot_xl
[7.609s] creating /home/user/seek_destroy_ws/install/rosbot_utils/share/rosbot_utils/launch
[7.609s] symbolically linking /home/user/seek_destroy_ws/build/rosbot_utils/launch/laser_filter.launch.py -> /home/user/seek_destroy_ws/install/rosbot_utils/share/rosbot_utils/launch
[7.714s] Invoked command in '/home/user/seek_destroy_ws/build/rosbot_utils' returned '0': PYTHONPATH=/home/user/seek_destroy_ws/build/rosbot_utils/prefix_override:/usr/lib/python3/dist-packages/colcon_core/task/python/colcon_distutils_commands:/home/user/seek_destroy_ws/install/rosbot_utils/lib/python3.10/site-packages:${PYTHONPATH} _=/usr/bin/env /usr/bin/python3 -W ignore:setup.py install is deprecated -W ignore:easy_install command is deprecated setup.py develop --editable --build-directory /home/user/seek_destroy_ws/build/rosbot_utils/build --no-deps symlink_data
